[2023-07-11T23:35:33.372+0000] {processor.py:157} INFO - Started process (PID=66) to work on /home/airflow/.local/lib/python3.7/site-packages/airflow/example_dags/example_branch_operator.py
[2023-07-11T23:35:33.373+0000] {processor.py:826} INFO - Processing file /home/airflow/.local/lib/python3.7/site-packages/airflow/example_dags/example_branch_operator.py for tasks to queue
[2023-07-11T23:35:33.373+0000] {logging_mixin.py:150} INFO - [2023-07-11T23:35:33.373+0000] {dagbag.py:541} INFO - Filling up the DagBag from /home/airflow/.local/lib/python3.7/site-packages/airflow/example_dags/example_branch_operator.py
[2023-07-11T23:35:33.382+0000] {processor.py:836} INFO - DAG(s) dict_keys(['example_branch_operator']) retrieved from /home/airflow/.local/lib/python3.7/site-packages/airflow/example_dags/example_branch_operator.py
[2023-07-11T23:35:33.393+0000] {logging_mixin.py:150} INFO - [2023-07-11T23:35:33.392+0000] {dag.py:2742} INFO - Sync 1 DAGs
[2023-07-11T23:35:33.424+0000] {logging_mixin.py:150} INFO - [2023-07-11T23:35:33.424+0000] {dag.py:3508} INFO - Setting next_dagrun for example_branch_operator to 2023-07-10T00:00:00+00:00, run_after=2023-07-11T00:00:00+00:00
[2023-07-11T23:35:33.440+0000] {processor.py:179} INFO - Processing /home/airflow/.local/lib/python3.7/site-packages/airflow/example_dags/example_branch_operator.py took 0.070 seconds
[2023-07-11T23:36:04.535+0000] {processor.py:157} INFO - Started process (PID=136) to work on /home/airflow/.local/lib/python3.7/site-packages/airflow/example_dags/example_branch_operator.py
[2023-07-11T23:36:04.535+0000] {processor.py:826} INFO - Processing file /home/airflow/.local/lib/python3.7/site-packages/airflow/example_dags/example_branch_operator.py for tasks to queue
[2023-07-11T23:36:04.536+0000] {logging_mixin.py:150} INFO - [2023-07-11T23:36:04.535+0000] {dagbag.py:541} INFO - Filling up the DagBag from /home/airflow/.local/lib/python3.7/site-packages/airflow/example_dags/example_branch_operator.py
[2023-07-11T23:36:04.541+0000] {processor.py:836} INFO - DAG(s) dict_keys(['example_branch_operator']) retrieved from /home/airflow/.local/lib/python3.7/site-packages/airflow/example_dags/example_branch_operator.py
[2023-07-11T23:36:04.559+0000] {logging_mixin.py:150} INFO - [2023-07-11T23:36:04.559+0000] {dag.py:2742} INFO - Sync 1 DAGs
[2023-07-11T23:36:04.578+0000] {logging_mixin.py:150} INFO - [2023-07-11T23:36:04.578+0000] {dag.py:3508} INFO - Setting next_dagrun for example_branch_operator to 2023-07-10T00:00:00+00:00, run_after=2023-07-11T00:00:00+00:00
[2023-07-11T23:36:04.590+0000] {processor.py:179} INFO - Processing /home/airflow/.local/lib/python3.7/site-packages/airflow/example_dags/example_branch_operator.py took 0.058 seconds
[2023-07-11T23:36:35.650+0000] {processor.py:157} INFO - Started process (PID=206) to work on /home/airflow/.local/lib/python3.7/site-packages/airflow/example_dags/example_branch_operator.py
[2023-07-11T23:36:35.651+0000] {processor.py:826} INFO - Processing file /home/airflow/.local/lib/python3.7/site-packages/airflow/example_dags/example_branch_operator.py for tasks to queue
[2023-07-11T23:36:35.651+0000] {logging_mixin.py:150} INFO - [2023-07-11T23:36:35.651+0000] {dagbag.py:541} INFO - Filling up the DagBag from /home/airflow/.local/lib/python3.7/site-packages/airflow/example_dags/example_branch_operator.py
[2023-07-11T23:36:35.657+0000] {processor.py:836} INFO - DAG(s) dict_keys(['example_branch_operator']) retrieved from /home/airflow/.local/lib/python3.7/site-packages/airflow/example_dags/example_branch_operator.py
[2023-07-11T23:36:35.676+0000] {logging_mixin.py:150} INFO - [2023-07-11T23:36:35.676+0000] {dag.py:2742} INFO - Sync 1 DAGs
[2023-07-11T23:36:35.696+0000] {logging_mixin.py:150} INFO - [2023-07-11T23:36:35.696+0000] {dag.py:3508} INFO - Setting next_dagrun for example_branch_operator to 2023-07-10T00:00:00+00:00, run_after=2023-07-11T00:00:00+00:00
[2023-07-11T23:36:35.714+0000] {processor.py:179} INFO - Processing /home/airflow/.local/lib/python3.7/site-packages/airflow/example_dags/example_branch_operator.py took 0.066 seconds
[2023-07-11T23:37:06.818+0000] {processor.py:157} INFO - Started process (PID=276) to work on /home/airflow/.local/lib/python3.7/site-packages/airflow/example_dags/example_branch_operator.py
[2023-07-11T23:37:06.819+0000] {processor.py:826} INFO - Processing file /home/airflow/.local/lib/python3.7/site-packages/airflow/example_dags/example_branch_operator.py for tasks to queue
[2023-07-11T23:37:06.819+0000] {logging_mixin.py:150} INFO - [2023-07-11T23:37:06.819+0000] {dagbag.py:541} INFO - Filling up the DagBag from /home/airflow/.local/lib/python3.7/site-packages/airflow/example_dags/example_branch_operator.py
[2023-07-11T23:37:06.825+0000] {processor.py:836} INFO - DAG(s) dict_keys(['example_branch_operator']) retrieved from /home/airflow/.local/lib/python3.7/site-packages/airflow/example_dags/example_branch_operator.py
[2023-07-11T23:37:06.842+0000] {logging_mixin.py:150} INFO - [2023-07-11T23:37:06.841+0000] {dag.py:2742} INFO - Sync 1 DAGs
[2023-07-11T23:37:06.861+0000] {logging_mixin.py:150} INFO - [2023-07-11T23:37:06.861+0000] {dag.py:3508} INFO - Setting next_dagrun for example_branch_operator to 2023-07-10T00:00:00+00:00, run_after=2023-07-11T00:00:00+00:00
[2023-07-11T23:37:06.873+0000] {processor.py:179} INFO - Processing /home/airflow/.local/lib/python3.7/site-packages/airflow/example_dags/example_branch_operator.py took 0.057 seconds
[2023-07-11T23:37:38.016+0000] {processor.py:157} INFO - Started process (PID=346) to work on /home/airflow/.local/lib/python3.7/site-packages/airflow/example_dags/example_branch_operator.py
[2023-07-11T23:37:38.017+0000] {processor.py:826} INFO - Processing file /home/airflow/.local/lib/python3.7/site-packages/airflow/example_dags/example_branch_operator.py for tasks to queue
[2023-07-11T23:37:38.017+0000] {logging_mixin.py:150} INFO - [2023-07-11T23:37:38.017+0000] {dagbag.py:541} INFO - Filling up the DagBag from /home/airflow/.local/lib/python3.7/site-packages/airflow/example_dags/example_branch_operator.py
[2023-07-11T23:37:38.024+0000] {processor.py:836} INFO - DAG(s) dict_keys(['example_branch_operator']) retrieved from /home/airflow/.local/lib/python3.7/site-packages/airflow/example_dags/example_branch_operator.py
[2023-07-11T23:37:38.045+0000] {logging_mixin.py:150} INFO - [2023-07-11T23:37:38.045+0000] {dag.py:2742} INFO - Sync 1 DAGs
[2023-07-11T23:37:38.068+0000] {logging_mixin.py:150} INFO - [2023-07-11T23:37:38.068+0000] {dag.py:3508} INFO - Setting next_dagrun for example_branch_operator to 2023-07-10T00:00:00+00:00, run_after=2023-07-11T00:00:00+00:00
[2023-07-11T23:37:38.085+0000] {processor.py:179} INFO - Processing /home/airflow/.local/lib/python3.7/site-packages/airflow/example_dags/example_branch_operator.py took 0.071 seconds
[2023-07-11T23:38:09.150+0000] {processor.py:157} INFO - Started process (PID=416) to work on /home/airflow/.local/lib/python3.7/site-packages/airflow/example_dags/example_branch_operator.py
[2023-07-11T23:38:09.151+0000] {processor.py:826} INFO - Processing file /home/airflow/.local/lib/python3.7/site-packages/airflow/example_dags/example_branch_operator.py for tasks to queue
[2023-07-11T23:38:09.151+0000] {logging_mixin.py:150} INFO - [2023-07-11T23:38:09.151+0000] {dagbag.py:541} INFO - Filling up the DagBag from /home/airflow/.local/lib/python3.7/site-packages/airflow/example_dags/example_branch_operator.py
[2023-07-11T23:38:09.157+0000] {processor.py:836} INFO - DAG(s) dict_keys(['example_branch_operator']) retrieved from /home/airflow/.local/lib/python3.7/site-packages/airflow/example_dags/example_branch_operator.py
[2023-07-11T23:38:09.176+0000] {logging_mixin.py:150} INFO - [2023-07-11T23:38:09.176+0000] {dag.py:2742} INFO - Sync 1 DAGs
[2023-07-11T23:38:09.197+0000] {logging_mixin.py:150} INFO - [2023-07-11T23:38:09.196+0000] {dag.py:3508} INFO - Setting next_dagrun for example_branch_operator to 2023-07-10T00:00:00+00:00, run_after=2023-07-11T00:00:00+00:00
[2023-07-11T23:38:09.210+0000] {processor.py:179} INFO - Processing /home/airflow/.local/lib/python3.7/site-packages/airflow/example_dags/example_branch_operator.py took 0.062 seconds
[2023-07-11T23:38:39.629+0000] {processor.py:157} INFO - Started process (PID=486) to work on /home/airflow/.local/lib/python3.7/site-packages/airflow/example_dags/example_branch_operator.py
[2023-07-11T23:38:39.629+0000] {processor.py:826} INFO - Processing file /home/airflow/.local/lib/python3.7/site-packages/airflow/example_dags/example_branch_operator.py for tasks to queue
[2023-07-11T23:38:39.630+0000] {logging_mixin.py:150} INFO - [2023-07-11T23:38:39.629+0000] {dagbag.py:541} INFO - Filling up the DagBag from /home/airflow/.local/lib/python3.7/site-packages/airflow/example_dags/example_branch_operator.py
[2023-07-11T23:38:39.635+0000] {processor.py:836} INFO - DAG(s) dict_keys(['example_branch_operator']) retrieved from /home/airflow/.local/lib/python3.7/site-packages/airflow/example_dags/example_branch_operator.py
[2023-07-11T23:38:39.652+0000] {logging_mixin.py:150} INFO - [2023-07-11T23:38:39.652+0000] {dag.py:2742} INFO - Sync 1 DAGs
[2023-07-11T23:38:39.671+0000] {logging_mixin.py:150} INFO - [2023-07-11T23:38:39.671+0000] {dag.py:3508} INFO - Setting next_dagrun for example_branch_operator to 2023-07-10T00:00:00+00:00, run_after=2023-07-11T00:00:00+00:00
[2023-07-11T23:38:39.684+0000] {processor.py:179} INFO - Processing /home/airflow/.local/lib/python3.7/site-packages/airflow/example_dags/example_branch_operator.py took 0.057 seconds
[2023-07-11T23:39:10.005+0000] {processor.py:157} INFO - Started process (PID=556) to work on /home/airflow/.local/lib/python3.7/site-packages/airflow/example_dags/example_branch_operator.py
[2023-07-11T23:39:10.006+0000] {processor.py:826} INFO - Processing file /home/airflow/.local/lib/python3.7/site-packages/airflow/example_dags/example_branch_operator.py for tasks to queue
[2023-07-11T23:39:10.006+0000] {logging_mixin.py:150} INFO - [2023-07-11T23:39:10.006+0000] {dagbag.py:541} INFO - Filling up the DagBag from /home/airflow/.local/lib/python3.7/site-packages/airflow/example_dags/example_branch_operator.py
[2023-07-11T23:39:10.013+0000] {processor.py:836} INFO - DAG(s) dict_keys(['example_branch_operator']) retrieved from /home/airflow/.local/lib/python3.7/site-packages/airflow/example_dags/example_branch_operator.py
[2023-07-11T23:39:10.036+0000] {logging_mixin.py:150} INFO - [2023-07-11T23:39:10.035+0000] {dag.py:2742} INFO - Sync 1 DAGs
[2023-07-11T23:39:10.055+0000] {logging_mixin.py:150} INFO - [2023-07-11T23:39:10.055+0000] {dag.py:3508} INFO - Setting next_dagrun for example_branch_operator to 2023-07-10T00:00:00+00:00, run_after=2023-07-11T00:00:00+00:00
[2023-07-11T23:39:10.068+0000] {processor.py:179} INFO - Processing /home/airflow/.local/lib/python3.7/site-packages/airflow/example_dags/example_branch_operator.py took 0.066 seconds
[2023-07-11T23:39:41.017+0000] {processor.py:157} INFO - Started process (PID=626) to work on /home/airflow/.local/lib/python3.7/site-packages/airflow/example_dags/example_branch_operator.py
[2023-07-11T23:39:41.017+0000] {processor.py:826} INFO - Processing file /home/airflow/.local/lib/python3.7/site-packages/airflow/example_dags/example_branch_operator.py for tasks to queue
[2023-07-11T23:39:41.018+0000] {logging_mixin.py:150} INFO - [2023-07-11T23:39:41.017+0000] {dagbag.py:541} INFO - Filling up the DagBag from /home/airflow/.local/lib/python3.7/site-packages/airflow/example_dags/example_branch_operator.py
[2023-07-11T23:39:41.024+0000] {processor.py:836} INFO - DAG(s) dict_keys(['example_branch_operator']) retrieved from /home/airflow/.local/lib/python3.7/site-packages/airflow/example_dags/example_branch_operator.py
[2023-07-11T23:39:41.041+0000] {logging_mixin.py:150} INFO - [2023-07-11T23:39:41.041+0000] {dag.py:2742} INFO - Sync 1 DAGs
[2023-07-11T23:39:41.061+0000] {logging_mixin.py:150} INFO - [2023-07-11T23:39:41.061+0000] {dag.py:3508} INFO - Setting next_dagrun for example_branch_operator to 2023-07-10T00:00:00+00:00, run_after=2023-07-11T00:00:00+00:00
[2023-07-11T23:39:41.075+0000] {processor.py:179} INFO - Processing /home/airflow/.local/lib/python3.7/site-packages/airflow/example_dags/example_branch_operator.py took 0.060 seconds
[2023-07-11T23:40:11.328+0000] {processor.py:157} INFO - Started process (PID=696) to work on /home/airflow/.local/lib/python3.7/site-packages/airflow/example_dags/example_branch_operator.py
[2023-07-11T23:40:11.329+0000] {processor.py:826} INFO - Processing file /home/airflow/.local/lib/python3.7/site-packages/airflow/example_dags/example_branch_operator.py for tasks to queue
[2023-07-11T23:40:11.330+0000] {logging_mixin.py:150} INFO - [2023-07-11T23:40:11.330+0000] {dagbag.py:541} INFO - Filling up the DagBag from /home/airflow/.local/lib/python3.7/site-packages/airflow/example_dags/example_branch_operator.py
[2023-07-11T23:40:11.337+0000] {processor.py:836} INFO - DAG(s) dict_keys(['example_branch_operator']) retrieved from /home/airflow/.local/lib/python3.7/site-packages/airflow/example_dags/example_branch_operator.py
[2023-07-11T23:40:11.357+0000] {logging_mixin.py:150} INFO - [2023-07-11T23:40:11.357+0000] {dag.py:2742} INFO - Sync 1 DAGs
[2023-07-11T23:40:11.379+0000] {logging_mixin.py:150} INFO - [2023-07-11T23:40:11.378+0000] {dag.py:3508} INFO - Setting next_dagrun for example_branch_operator to 2023-07-10T00:00:00+00:00, run_after=2023-07-11T00:00:00+00:00
[2023-07-11T23:40:11.394+0000] {processor.py:179} INFO - Processing /home/airflow/.local/lib/python3.7/site-packages/airflow/example_dags/example_branch_operator.py took 0.068 seconds
[2023-07-11T23:40:41.917+0000] {processor.py:157} INFO - Started process (PID=766) to work on /home/airflow/.local/lib/python3.7/site-packages/airflow/example_dags/example_branch_operator.py
[2023-07-11T23:40:41.917+0000] {processor.py:826} INFO - Processing file /home/airflow/.local/lib/python3.7/site-packages/airflow/example_dags/example_branch_operator.py for tasks to queue
[2023-07-11T23:40:41.918+0000] {logging_mixin.py:150} INFO - [2023-07-11T23:40:41.917+0000] {dagbag.py:541} INFO - Filling up the DagBag from /home/airflow/.local/lib/python3.7/site-packages/airflow/example_dags/example_branch_operator.py
[2023-07-11T23:40:41.923+0000] {processor.py:836} INFO - DAG(s) dict_keys(['example_branch_operator']) retrieved from /home/airflow/.local/lib/python3.7/site-packages/airflow/example_dags/example_branch_operator.py
[2023-07-11T23:40:41.942+0000] {logging_mixin.py:150} INFO - [2023-07-11T23:40:41.941+0000] {dag.py:2742} INFO - Sync 1 DAGs
[2023-07-11T23:40:41.962+0000] {logging_mixin.py:150} INFO - [2023-07-11T23:40:41.962+0000] {dag.py:3508} INFO - Setting next_dagrun for example_branch_operator to 2023-07-10T00:00:00+00:00, run_after=2023-07-11T00:00:00+00:00
[2023-07-11T23:40:41.977+0000] {processor.py:179} INFO - Processing /home/airflow/.local/lib/python3.7/site-packages/airflow/example_dags/example_branch_operator.py took 0.062 seconds
[2023-07-11T23:41:12.250+0000] {processor.py:157} INFO - Started process (PID=836) to work on /home/airflow/.local/lib/python3.7/site-packages/airflow/example_dags/example_branch_operator.py
[2023-07-11T23:41:12.250+0000] {processor.py:826} INFO - Processing file /home/airflow/.local/lib/python3.7/site-packages/airflow/example_dags/example_branch_operator.py for tasks to queue
[2023-07-11T23:41:12.251+0000] {logging_mixin.py:150} INFO - [2023-07-11T23:41:12.250+0000] {dagbag.py:541} INFO - Filling up the DagBag from /home/airflow/.local/lib/python3.7/site-packages/airflow/example_dags/example_branch_operator.py
[2023-07-11T23:41:12.256+0000] {processor.py:836} INFO - DAG(s) dict_keys(['example_branch_operator']) retrieved from /home/airflow/.local/lib/python3.7/site-packages/airflow/example_dags/example_branch_operator.py
[2023-07-11T23:41:12.274+0000] {logging_mixin.py:150} INFO - [2023-07-11T23:41:12.273+0000] {dag.py:2742} INFO - Sync 1 DAGs
[2023-07-11T23:41:12.293+0000] {logging_mixin.py:150} INFO - [2023-07-11T23:41:12.293+0000] {dag.py:3508} INFO - Setting next_dagrun for example_branch_operator to 2023-07-10T00:00:00+00:00, run_after=2023-07-11T00:00:00+00:00
[2023-07-11T23:41:12.308+0000] {processor.py:179} INFO - Processing /home/airflow/.local/lib/python3.7/site-packages/airflow/example_dags/example_branch_operator.py took 0.060 seconds
[2023-07-11T23:41:43.411+0000] {processor.py:157} INFO - Started process (PID=906) to work on /home/airflow/.local/lib/python3.7/site-packages/airflow/example_dags/example_branch_operator.py
[2023-07-11T23:41:43.412+0000] {processor.py:826} INFO - Processing file /home/airflow/.local/lib/python3.7/site-packages/airflow/example_dags/example_branch_operator.py for tasks to queue
[2023-07-11T23:41:43.412+0000] {logging_mixin.py:150} INFO - [2023-07-11T23:41:43.412+0000] {dagbag.py:541} INFO - Filling up the DagBag from /home/airflow/.local/lib/python3.7/site-packages/airflow/example_dags/example_branch_operator.py
[2023-07-11T23:41:43.418+0000] {processor.py:836} INFO - DAG(s) dict_keys(['example_branch_operator']) retrieved from /home/airflow/.local/lib/python3.7/site-packages/airflow/example_dags/example_branch_operator.py
[2023-07-11T23:41:43.436+0000] {logging_mixin.py:150} INFO - [2023-07-11T23:41:43.436+0000] {dag.py:2742} INFO - Sync 1 DAGs
[2023-07-11T23:41:43.455+0000] {logging_mixin.py:150} INFO - [2023-07-11T23:41:43.455+0000] {dag.py:3508} INFO - Setting next_dagrun for example_branch_operator to 2023-07-10T00:00:00+00:00, run_after=2023-07-11T00:00:00+00:00
[2023-07-11T23:41:43.470+0000] {processor.py:179} INFO - Processing /home/airflow/.local/lib/python3.7/site-packages/airflow/example_dags/example_branch_operator.py took 0.060 seconds
[2023-07-11T23:42:14.741+0000] {processor.py:157} INFO - Started process (PID=976) to work on /home/airflow/.local/lib/python3.7/site-packages/airflow/example_dags/example_branch_operator.py
[2023-07-11T23:42:14.742+0000] {processor.py:826} INFO - Processing file /home/airflow/.local/lib/python3.7/site-packages/airflow/example_dags/example_branch_operator.py for tasks to queue
[2023-07-11T23:42:14.742+0000] {logging_mixin.py:150} INFO - [2023-07-11T23:42:14.742+0000] {dagbag.py:541} INFO - Filling up the DagBag from /home/airflow/.local/lib/python3.7/site-packages/airflow/example_dags/example_branch_operator.py
[2023-07-11T23:42:14.749+0000] {processor.py:836} INFO - DAG(s) dict_keys(['example_branch_operator']) retrieved from /home/airflow/.local/lib/python3.7/site-packages/airflow/example_dags/example_branch_operator.py
[2023-07-11T23:42:14.766+0000] {logging_mixin.py:150} INFO - [2023-07-11T23:42:14.766+0000] {dag.py:2742} INFO - Sync 1 DAGs
[2023-07-11T23:42:14.785+0000] {logging_mixin.py:150} INFO - [2023-07-11T23:42:14.785+0000] {dag.py:3508} INFO - Setting next_dagrun for example_branch_operator to 2023-07-10T00:00:00+00:00, run_after=2023-07-11T00:00:00+00:00
[2023-07-11T23:42:14.798+0000] {processor.py:179} INFO - Processing /home/airflow/.local/lib/python3.7/site-packages/airflow/example_dags/example_branch_operator.py took 0.060 seconds
[2023-07-11T23:42:44.941+0000] {processor.py:157} INFO - Started process (PID=1046) to work on /home/airflow/.local/lib/python3.7/site-packages/airflow/example_dags/example_branch_operator.py
[2023-07-11T23:42:44.942+0000] {processor.py:826} INFO - Processing file /home/airflow/.local/lib/python3.7/site-packages/airflow/example_dags/example_branch_operator.py for tasks to queue
[2023-07-11T23:42:44.942+0000] {logging_mixin.py:150} INFO - [2023-07-11T23:42:44.942+0000] {dagbag.py:541} INFO - Filling up the DagBag from /home/airflow/.local/lib/python3.7/site-packages/airflow/example_dags/example_branch_operator.py
[2023-07-11T23:42:44.948+0000] {processor.py:836} INFO - DAG(s) dict_keys(['example_branch_operator']) retrieved from /home/airflow/.local/lib/python3.7/site-packages/airflow/example_dags/example_branch_operator.py
[2023-07-11T23:42:44.965+0000] {logging_mixin.py:150} INFO - [2023-07-11T23:42:44.965+0000] {dag.py:2742} INFO - Sync 1 DAGs
[2023-07-11T23:42:44.985+0000] {logging_mixin.py:150} INFO - [2023-07-11T23:42:44.985+0000] {dag.py:3508} INFO - Setting next_dagrun for example_branch_operator to 2023-07-10T00:00:00+00:00, run_after=2023-07-11T00:00:00+00:00
[2023-07-11T23:42:44.997+0000] {processor.py:179} INFO - Processing /home/airflow/.local/lib/python3.7/site-packages/airflow/example_dags/example_branch_operator.py took 0.058 seconds
[2023-07-11T23:43:15.854+0000] {processor.py:157} INFO - Started process (PID=1116) to work on /home/airflow/.local/lib/python3.7/site-packages/airflow/example_dags/example_branch_operator.py
[2023-07-11T23:43:15.855+0000] {processor.py:826} INFO - Processing file /home/airflow/.local/lib/python3.7/site-packages/airflow/example_dags/example_branch_operator.py for tasks to queue
[2023-07-11T23:43:15.855+0000] {logging_mixin.py:150} INFO - [2023-07-11T23:43:15.855+0000] {dagbag.py:541} INFO - Filling up the DagBag from /home/airflow/.local/lib/python3.7/site-packages/airflow/example_dags/example_branch_operator.py
[2023-07-11T23:43:15.861+0000] {processor.py:836} INFO - DAG(s) dict_keys(['example_branch_operator']) retrieved from /home/airflow/.local/lib/python3.7/site-packages/airflow/example_dags/example_branch_operator.py
[2023-07-11T23:43:15.877+0000] {logging_mixin.py:150} INFO - [2023-07-11T23:43:15.877+0000] {dag.py:2742} INFO - Sync 1 DAGs
[2023-07-11T23:43:15.895+0000] {logging_mixin.py:150} INFO - [2023-07-11T23:43:15.895+0000] {dag.py:3508} INFO - Setting next_dagrun for example_branch_operator to 2023-07-10T00:00:00+00:00, run_after=2023-07-11T00:00:00+00:00
[2023-07-11T23:43:15.907+0000] {processor.py:179} INFO - Processing /home/airflow/.local/lib/python3.7/site-packages/airflow/example_dags/example_branch_operator.py took 0.054 seconds
[2023-07-11T23:43:46.690+0000] {processor.py:157} INFO - Started process (PID=1186) to work on /home/airflow/.local/lib/python3.7/site-packages/airflow/example_dags/example_branch_operator.py
[2023-07-11T23:43:46.690+0000] {processor.py:826} INFO - Processing file /home/airflow/.local/lib/python3.7/site-packages/airflow/example_dags/example_branch_operator.py for tasks to queue
[2023-07-11T23:43:46.691+0000] {logging_mixin.py:150} INFO - [2023-07-11T23:43:46.690+0000] {dagbag.py:541} INFO - Filling up the DagBag from /home/airflow/.local/lib/python3.7/site-packages/airflow/example_dags/example_branch_operator.py
[2023-07-11T23:43:46.696+0000] {processor.py:836} INFO - DAG(s) dict_keys(['example_branch_operator']) retrieved from /home/airflow/.local/lib/python3.7/site-packages/airflow/example_dags/example_branch_operator.py
[2023-07-11T23:43:46.712+0000] {logging_mixin.py:150} INFO - [2023-07-11T23:43:46.712+0000] {dag.py:2742} INFO - Sync 1 DAGs
[2023-07-11T23:43:46.731+0000] {logging_mixin.py:150} INFO - [2023-07-11T23:43:46.730+0000] {dag.py:3508} INFO - Setting next_dagrun for example_branch_operator to 2023-07-10T00:00:00+00:00, run_after=2023-07-11T00:00:00+00:00
[2023-07-11T23:43:46.743+0000] {processor.py:179} INFO - Processing /home/airflow/.local/lib/python3.7/site-packages/airflow/example_dags/example_branch_operator.py took 0.055 seconds
[2023-07-11T23:44:16.988+0000] {processor.py:157} INFO - Started process (PID=1256) to work on /home/airflow/.local/lib/python3.7/site-packages/airflow/example_dags/example_branch_operator.py
[2023-07-11T23:44:16.989+0000] {processor.py:826} INFO - Processing file /home/airflow/.local/lib/python3.7/site-packages/airflow/example_dags/example_branch_operator.py for tasks to queue
[2023-07-11T23:44:16.990+0000] {logging_mixin.py:150} INFO - [2023-07-11T23:44:16.990+0000] {dagbag.py:541} INFO - Filling up the DagBag from /home/airflow/.local/lib/python3.7/site-packages/airflow/example_dags/example_branch_operator.py
[2023-07-11T23:44:16.995+0000] {processor.py:836} INFO - DAG(s) dict_keys(['example_branch_operator']) retrieved from /home/airflow/.local/lib/python3.7/site-packages/airflow/example_dags/example_branch_operator.py
[2023-07-11T23:44:17.011+0000] {logging_mixin.py:150} INFO - [2023-07-11T23:44:17.011+0000] {dag.py:2742} INFO - Sync 1 DAGs
[2023-07-11T23:44:17.030+0000] {logging_mixin.py:150} INFO - [2023-07-11T23:44:17.030+0000] {dag.py:3508} INFO - Setting next_dagrun for example_branch_operator to 2023-07-10T00:00:00+00:00, run_after=2023-07-11T00:00:00+00:00
[2023-07-11T23:44:17.043+0000] {processor.py:179} INFO - Processing /home/airflow/.local/lib/python3.7/site-packages/airflow/example_dags/example_branch_operator.py took 0.057 seconds
[2023-07-11T23:44:47.443+0000] {processor.py:157} INFO - Started process (PID=1326) to work on /home/airflow/.local/lib/python3.7/site-packages/airflow/example_dags/example_branch_operator.py
[2023-07-11T23:44:47.444+0000] {processor.py:826} INFO - Processing file /home/airflow/.local/lib/python3.7/site-packages/airflow/example_dags/example_branch_operator.py for tasks to queue
[2023-07-11T23:44:47.444+0000] {logging_mixin.py:150} INFO - [2023-07-11T23:44:47.444+0000] {dagbag.py:541} INFO - Filling up the DagBag from /home/airflow/.local/lib/python3.7/site-packages/airflow/example_dags/example_branch_operator.py
[2023-07-11T23:44:47.450+0000] {processor.py:836} INFO - DAG(s) dict_keys(['example_branch_operator']) retrieved from /home/airflow/.local/lib/python3.7/site-packages/airflow/example_dags/example_branch_operator.py
[2023-07-11T23:44:47.466+0000] {logging_mixin.py:150} INFO - [2023-07-11T23:44:47.466+0000] {dag.py:2742} INFO - Sync 1 DAGs
[2023-07-11T23:44:47.483+0000] {logging_mixin.py:150} INFO - [2023-07-11T23:44:47.483+0000] {dag.py:3508} INFO - Setting next_dagrun for example_branch_operator to 2023-07-10T00:00:00+00:00, run_after=2023-07-11T00:00:00+00:00
[2023-07-11T23:44:47.495+0000] {processor.py:179} INFO - Processing /home/airflow/.local/lib/python3.7/site-packages/airflow/example_dags/example_branch_operator.py took 0.054 seconds
[2023-07-11T23:45:17.896+0000] {processor.py:157} INFO - Started process (PID=1396) to work on /home/airflow/.local/lib/python3.7/site-packages/airflow/example_dags/example_branch_operator.py
[2023-07-11T23:45:17.896+0000] {processor.py:826} INFO - Processing file /home/airflow/.local/lib/python3.7/site-packages/airflow/example_dags/example_branch_operator.py for tasks to queue
[2023-07-11T23:45:17.897+0000] {logging_mixin.py:150} INFO - [2023-07-11T23:45:17.897+0000] {dagbag.py:541} INFO - Filling up the DagBag from /home/airflow/.local/lib/python3.7/site-packages/airflow/example_dags/example_branch_operator.py
[2023-07-11T23:45:17.902+0000] {processor.py:836} INFO - DAG(s) dict_keys(['example_branch_operator']) retrieved from /home/airflow/.local/lib/python3.7/site-packages/airflow/example_dags/example_branch_operator.py
[2023-07-11T23:45:17.919+0000] {logging_mixin.py:150} INFO - [2023-07-11T23:45:17.919+0000] {dag.py:2742} INFO - Sync 1 DAGs
[2023-07-11T23:45:17.940+0000] {logging_mixin.py:150} INFO - [2023-07-11T23:45:17.939+0000] {dag.py:3508} INFO - Setting next_dagrun for example_branch_operator to 2023-07-10T00:00:00+00:00, run_after=2023-07-11T00:00:00+00:00
[2023-07-11T23:45:17.953+0000] {processor.py:179} INFO - Processing /home/airflow/.local/lib/python3.7/site-packages/airflow/example_dags/example_branch_operator.py took 0.059 seconds
[2023-07-11T23:45:48.717+0000] {processor.py:157} INFO - Started process (PID=1466) to work on /home/airflow/.local/lib/python3.7/site-packages/airflow/example_dags/example_branch_operator.py
[2023-07-11T23:45:48.717+0000] {processor.py:826} INFO - Processing file /home/airflow/.local/lib/python3.7/site-packages/airflow/example_dags/example_branch_operator.py for tasks to queue
[2023-07-11T23:45:48.717+0000] {logging_mixin.py:150} INFO - [2023-07-11T23:45:48.717+0000] {dagbag.py:541} INFO - Filling up the DagBag from /home/airflow/.local/lib/python3.7/site-packages/airflow/example_dags/example_branch_operator.py
[2023-07-11T23:45:48.723+0000] {processor.py:836} INFO - DAG(s) dict_keys(['example_branch_operator']) retrieved from /home/airflow/.local/lib/python3.7/site-packages/airflow/example_dags/example_branch_operator.py
[2023-07-11T23:45:48.740+0000] {logging_mixin.py:150} INFO - [2023-07-11T23:45:48.740+0000] {dag.py:2742} INFO - Sync 1 DAGs
[2023-07-11T23:45:48.759+0000] {logging_mixin.py:150} INFO - [2023-07-11T23:45:48.759+0000] {dag.py:3508} INFO - Setting next_dagrun for example_branch_operator to 2023-07-10T00:00:00+00:00, run_after=2023-07-11T00:00:00+00:00
[2023-07-11T23:45:48.772+0000] {processor.py:179} INFO - Processing /home/airflow/.local/lib/python3.7/site-packages/airflow/example_dags/example_branch_operator.py took 0.057 seconds
[2023-07-11T23:46:19.073+0000] {processor.py:157} INFO - Started process (PID=1536) to work on /home/airflow/.local/lib/python3.7/site-packages/airflow/example_dags/example_branch_operator.py
[2023-07-11T23:46:19.073+0000] {processor.py:826} INFO - Processing file /home/airflow/.local/lib/python3.7/site-packages/airflow/example_dags/example_branch_operator.py for tasks to queue
[2023-07-11T23:46:19.074+0000] {logging_mixin.py:150} INFO - [2023-07-11T23:46:19.074+0000] {dagbag.py:541} INFO - Filling up the DagBag from /home/airflow/.local/lib/python3.7/site-packages/airflow/example_dags/example_branch_operator.py
[2023-07-11T23:46:19.080+0000] {processor.py:836} INFO - DAG(s) dict_keys(['example_branch_operator']) retrieved from /home/airflow/.local/lib/python3.7/site-packages/airflow/example_dags/example_branch_operator.py
[2023-07-11T23:46:19.098+0000] {logging_mixin.py:150} INFO - [2023-07-11T23:46:19.098+0000] {dag.py:2742} INFO - Sync 1 DAGs
[2023-07-11T23:46:19.126+0000] {logging_mixin.py:150} INFO - [2023-07-11T23:46:19.126+0000] {dag.py:3508} INFO - Setting next_dagrun for example_branch_operator to 2023-07-10T00:00:00+00:00, run_after=2023-07-11T00:00:00+00:00
[2023-07-11T23:46:19.138+0000] {processor.py:179} INFO - Processing /home/airflow/.local/lib/python3.7/site-packages/airflow/example_dags/example_branch_operator.py took 0.067 seconds
[2023-07-11T23:46:50.107+0000] {processor.py:157} INFO - Started process (PID=1606) to work on /home/airflow/.local/lib/python3.7/site-packages/airflow/example_dags/example_branch_operator.py
[2023-07-11T23:46:50.108+0000] {processor.py:826} INFO - Processing file /home/airflow/.local/lib/python3.7/site-packages/airflow/example_dags/example_branch_operator.py for tasks to queue
[2023-07-11T23:46:50.108+0000] {logging_mixin.py:150} INFO - [2023-07-11T23:46:50.108+0000] {dagbag.py:541} INFO - Filling up the DagBag from /home/airflow/.local/lib/python3.7/site-packages/airflow/example_dags/example_branch_operator.py
[2023-07-11T23:46:50.114+0000] {processor.py:836} INFO - DAG(s) dict_keys(['example_branch_operator']) retrieved from /home/airflow/.local/lib/python3.7/site-packages/airflow/example_dags/example_branch_operator.py
[2023-07-11T23:46:50.133+0000] {logging_mixin.py:150} INFO - [2023-07-11T23:46:50.133+0000] {dag.py:2742} INFO - Sync 1 DAGs
[2023-07-11T23:46:50.154+0000] {logging_mixin.py:150} INFO - [2023-07-11T23:46:50.154+0000] {dag.py:3508} INFO - Setting next_dagrun for example_branch_operator to 2023-07-10T00:00:00+00:00, run_after=2023-07-11T00:00:00+00:00
[2023-07-11T23:46:50.168+0000] {processor.py:179} INFO - Processing /home/airflow/.local/lib/python3.7/site-packages/airflow/example_dags/example_branch_operator.py took 0.063 seconds
[2023-07-11T23:47:20.430+0000] {processor.py:157} INFO - Started process (PID=1676) to work on /home/airflow/.local/lib/python3.7/site-packages/airflow/example_dags/example_branch_operator.py
[2023-07-11T23:47:20.430+0000] {processor.py:826} INFO - Processing file /home/airflow/.local/lib/python3.7/site-packages/airflow/example_dags/example_branch_operator.py for tasks to queue
[2023-07-11T23:47:20.431+0000] {logging_mixin.py:150} INFO - [2023-07-11T23:47:20.431+0000] {dagbag.py:541} INFO - Filling up the DagBag from /home/airflow/.local/lib/python3.7/site-packages/airflow/example_dags/example_branch_operator.py
[2023-07-11T23:47:20.437+0000] {processor.py:836} INFO - DAG(s) dict_keys(['example_branch_operator']) retrieved from /home/airflow/.local/lib/python3.7/site-packages/airflow/example_dags/example_branch_operator.py
[2023-07-11T23:47:20.454+0000] {logging_mixin.py:150} INFO - [2023-07-11T23:47:20.454+0000] {dag.py:2742} INFO - Sync 1 DAGs
[2023-07-11T23:47:20.474+0000] {logging_mixin.py:150} INFO - [2023-07-11T23:47:20.474+0000] {dag.py:3508} INFO - Setting next_dagrun for example_branch_operator to 2023-07-10T00:00:00+00:00, run_after=2023-07-11T00:00:00+00:00
[2023-07-11T23:47:20.487+0000] {processor.py:179} INFO - Processing /home/airflow/.local/lib/python3.7/site-packages/airflow/example_dags/example_branch_operator.py took 0.059 seconds
