[2023-07-11T23:35:32.032+0000] {processor.py:157} INFO - Started process (PID=48) to work on /home/airflow/.local/lib/python3.7/site-packages/airflow/example_dags/example_external_task_marker_dag.py
[2023-07-11T23:35:32.032+0000] {processor.py:826} INFO - Processing file /home/airflow/.local/lib/python3.7/site-packages/airflow/example_dags/example_external_task_marker_dag.py for tasks to queue
[2023-07-11T23:35:32.033+0000] {logging_mixin.py:150} INFO - [2023-07-11T23:35:32.033+0000] {dagbag.py:541} INFO - Filling up the DagBag from /home/airflow/.local/lib/python3.7/site-packages/airflow/example_dags/example_external_task_marker_dag.py
[2023-07-11T23:35:32.039+0000] {processor.py:836} INFO - DAG(s) dict_keys(['example_external_task_marker_parent', 'example_external_task_marker_child']) retrieved from /home/airflow/.local/lib/python3.7/site-packages/airflow/example_dags/example_external_task_marker_dag.py
[2023-07-11T23:35:32.050+0000] {logging_mixin.py:150} INFO - [2023-07-11T23:35:32.050+0000] {dag.py:2742} INFO - Sync 2 DAGs
[2023-07-11T23:35:32.074+0000] {logging_mixin.py:150} INFO - [2023-07-11T23:35:32.074+0000] {dag.py:3508} INFO - Setting next_dagrun for example_external_task_marker_child to None, run_after=None
[2023-07-11T23:35:32.080+0000] {logging_mixin.py:150} INFO - [2023-07-11T23:35:32.080+0000] {dag.py:3508} INFO - Setting next_dagrun for example_external_task_marker_parent to None, run_after=None
[2023-07-11T23:35:32.097+0000] {processor.py:179} INFO - Processing /home/airflow/.local/lib/python3.7/site-packages/airflow/example_dags/example_external_task_marker_dag.py took 0.067 seconds
[2023-07-11T23:36:02.667+0000] {processor.py:157} INFO - Started process (PID=118) to work on /home/airflow/.local/lib/python3.7/site-packages/airflow/example_dags/example_external_task_marker_dag.py
[2023-07-11T23:36:02.668+0000] {processor.py:826} INFO - Processing file /home/airflow/.local/lib/python3.7/site-packages/airflow/example_dags/example_external_task_marker_dag.py for tasks to queue
[2023-07-11T23:36:02.668+0000] {logging_mixin.py:150} INFO - [2023-07-11T23:36:02.668+0000] {dagbag.py:541} INFO - Filling up the DagBag from /home/airflow/.local/lib/python3.7/site-packages/airflow/example_dags/example_external_task_marker_dag.py
[2023-07-11T23:36:02.671+0000] {processor.py:836} INFO - DAG(s) dict_keys(['example_external_task_marker_parent', 'example_external_task_marker_child']) retrieved from /home/airflow/.local/lib/python3.7/site-packages/airflow/example_dags/example_external_task_marker_dag.py
[2023-07-11T23:36:02.690+0000] {logging_mixin.py:150} INFO - [2023-07-11T23:36:02.689+0000] {dag.py:2742} INFO - Sync 2 DAGs
[2023-07-11T23:36:02.708+0000] {logging_mixin.py:150} INFO - [2023-07-11T23:36:02.707+0000] {dag.py:3508} INFO - Setting next_dagrun for example_external_task_marker_child to None, run_after=None
[2023-07-11T23:36:02.711+0000] {logging_mixin.py:150} INFO - [2023-07-11T23:36:02.710+0000] {dag.py:3508} INFO - Setting next_dagrun for example_external_task_marker_parent to None, run_after=None
[2023-07-11T23:36:02.722+0000] {processor.py:179} INFO - Processing /home/airflow/.local/lib/python3.7/site-packages/airflow/example_dags/example_external_task_marker_dag.py took 0.057 seconds
[2023-07-11T23:36:32.793+0000] {processor.py:157} INFO - Started process (PID=188) to work on /home/airflow/.local/lib/python3.7/site-packages/airflow/example_dags/example_external_task_marker_dag.py
[2023-07-11T23:36:32.793+0000] {processor.py:826} INFO - Processing file /home/airflow/.local/lib/python3.7/site-packages/airflow/example_dags/example_external_task_marker_dag.py for tasks to queue
[2023-07-11T23:36:32.794+0000] {logging_mixin.py:150} INFO - [2023-07-11T23:36:32.794+0000] {dagbag.py:541} INFO - Filling up the DagBag from /home/airflow/.local/lib/python3.7/site-packages/airflow/example_dags/example_external_task_marker_dag.py
[2023-07-11T23:36:32.797+0000] {processor.py:836} INFO - DAG(s) dict_keys(['example_external_task_marker_parent', 'example_external_task_marker_child']) retrieved from /home/airflow/.local/lib/python3.7/site-packages/airflow/example_dags/example_external_task_marker_dag.py
[2023-07-11T23:36:32.816+0000] {logging_mixin.py:150} INFO - [2023-07-11T23:36:32.816+0000] {dag.py:2742} INFO - Sync 2 DAGs
[2023-07-11T23:36:32.834+0000] {logging_mixin.py:150} INFO - [2023-07-11T23:36:32.834+0000] {dag.py:3508} INFO - Setting next_dagrun for example_external_task_marker_child to None, run_after=None
[2023-07-11T23:36:32.836+0000] {logging_mixin.py:150} INFO - [2023-07-11T23:36:32.836+0000] {dag.py:3508} INFO - Setting next_dagrun for example_external_task_marker_parent to None, run_after=None
[2023-07-11T23:36:32.848+0000] {processor.py:179} INFO - Processing /home/airflow/.local/lib/python3.7/site-packages/airflow/example_dags/example_external_task_marker_dag.py took 0.057 seconds
[2023-07-11T23:37:02.992+0000] {processor.py:157} INFO - Started process (PID=258) to work on /home/airflow/.local/lib/python3.7/site-packages/airflow/example_dags/example_external_task_marker_dag.py
[2023-07-11T23:37:02.993+0000] {processor.py:826} INFO - Processing file /home/airflow/.local/lib/python3.7/site-packages/airflow/example_dags/example_external_task_marker_dag.py for tasks to queue
[2023-07-11T23:37:02.993+0000] {logging_mixin.py:150} INFO - [2023-07-11T23:37:02.993+0000] {dagbag.py:541} INFO - Filling up the DagBag from /home/airflow/.local/lib/python3.7/site-packages/airflow/example_dags/example_external_task_marker_dag.py
[2023-07-11T23:37:02.996+0000] {processor.py:836} INFO - DAG(s) dict_keys(['example_external_task_marker_parent', 'example_external_task_marker_child']) retrieved from /home/airflow/.local/lib/python3.7/site-packages/airflow/example_dags/example_external_task_marker_dag.py
[2023-07-11T23:37:03.015+0000] {logging_mixin.py:150} INFO - [2023-07-11T23:37:03.015+0000] {dag.py:2742} INFO - Sync 2 DAGs
[2023-07-11T23:37:03.033+0000] {logging_mixin.py:150} INFO - [2023-07-11T23:37:03.033+0000] {dag.py:3508} INFO - Setting next_dagrun for example_external_task_marker_child to None, run_after=None
[2023-07-11T23:37:03.035+0000] {logging_mixin.py:150} INFO - [2023-07-11T23:37:03.035+0000] {dag.py:3508} INFO - Setting next_dagrun for example_external_task_marker_parent to None, run_after=None
[2023-07-11T23:37:03.046+0000] {processor.py:179} INFO - Processing /home/airflow/.local/lib/python3.7/site-packages/airflow/example_dags/example_external_task_marker_dag.py took 0.056 seconds
[2023-07-11T23:37:33.109+0000] {processor.py:157} INFO - Started process (PID=328) to work on /home/airflow/.local/lib/python3.7/site-packages/airflow/example_dags/example_external_task_marker_dag.py
[2023-07-11T23:37:33.109+0000] {processor.py:826} INFO - Processing file /home/airflow/.local/lib/python3.7/site-packages/airflow/example_dags/example_external_task_marker_dag.py for tasks to queue
[2023-07-11T23:37:33.110+0000] {logging_mixin.py:150} INFO - [2023-07-11T23:37:33.110+0000] {dagbag.py:541} INFO - Filling up the DagBag from /home/airflow/.local/lib/python3.7/site-packages/airflow/example_dags/example_external_task_marker_dag.py
[2023-07-11T23:37:33.113+0000] {processor.py:836} INFO - DAG(s) dict_keys(['example_external_task_marker_parent', 'example_external_task_marker_child']) retrieved from /home/airflow/.local/lib/python3.7/site-packages/airflow/example_dags/example_external_task_marker_dag.py
[2023-07-11T23:37:33.133+0000] {logging_mixin.py:150} INFO - [2023-07-11T23:37:33.132+0000] {dag.py:2742} INFO - Sync 2 DAGs
[2023-07-11T23:37:33.151+0000] {logging_mixin.py:150} INFO - [2023-07-11T23:37:33.151+0000] {dag.py:3508} INFO - Setting next_dagrun for example_external_task_marker_child to None, run_after=None
[2023-07-11T23:37:33.153+0000] {logging_mixin.py:150} INFO - [2023-07-11T23:37:33.153+0000] {dag.py:3508} INFO - Setting next_dagrun for example_external_task_marker_parent to None, run_after=None
[2023-07-11T23:37:33.166+0000] {processor.py:179} INFO - Processing /home/airflow/.local/lib/python3.7/site-packages/airflow/example_dags/example_external_task_marker_dag.py took 0.059 seconds
[2023-07-11T23:38:03.238+0000] {processor.py:157} INFO - Started process (PID=398) to work on /home/airflow/.local/lib/python3.7/site-packages/airflow/example_dags/example_external_task_marker_dag.py
[2023-07-11T23:38:03.238+0000] {processor.py:826} INFO - Processing file /home/airflow/.local/lib/python3.7/site-packages/airflow/example_dags/example_external_task_marker_dag.py for tasks to queue
[2023-07-11T23:38:03.238+0000] {logging_mixin.py:150} INFO - [2023-07-11T23:38:03.238+0000] {dagbag.py:541} INFO - Filling up the DagBag from /home/airflow/.local/lib/python3.7/site-packages/airflow/example_dags/example_external_task_marker_dag.py
[2023-07-11T23:38:03.243+0000] {processor.py:836} INFO - DAG(s) dict_keys(['example_external_task_marker_parent', 'example_external_task_marker_child']) retrieved from /home/airflow/.local/lib/python3.7/site-packages/airflow/example_dags/example_external_task_marker_dag.py
[2023-07-11T23:38:03.261+0000] {logging_mixin.py:150} INFO - [2023-07-11T23:38:03.261+0000] {dag.py:2742} INFO - Sync 2 DAGs
[2023-07-11T23:38:03.281+0000] {logging_mixin.py:150} INFO - [2023-07-11T23:38:03.281+0000] {dag.py:3508} INFO - Setting next_dagrun for example_external_task_marker_child to None, run_after=None
[2023-07-11T23:38:03.284+0000] {logging_mixin.py:150} INFO - [2023-07-11T23:38:03.284+0000] {dag.py:3508} INFO - Setting next_dagrun for example_external_task_marker_parent to None, run_after=None
[2023-07-11T23:38:03.297+0000] {processor.py:179} INFO - Processing /home/airflow/.local/lib/python3.7/site-packages/airflow/example_dags/example_external_task_marker_dag.py took 0.061 seconds
[2023-07-11T23:38:33.745+0000] {processor.py:157} INFO - Started process (PID=468) to work on /home/airflow/.local/lib/python3.7/site-packages/airflow/example_dags/example_external_task_marker_dag.py
[2023-07-11T23:38:33.746+0000] {processor.py:826} INFO - Processing file /home/airflow/.local/lib/python3.7/site-packages/airflow/example_dags/example_external_task_marker_dag.py for tasks to queue
[2023-07-11T23:38:33.746+0000] {logging_mixin.py:150} INFO - [2023-07-11T23:38:33.746+0000] {dagbag.py:541} INFO - Filling up the DagBag from /home/airflow/.local/lib/python3.7/site-packages/airflow/example_dags/example_external_task_marker_dag.py
[2023-07-11T23:38:33.750+0000] {processor.py:836} INFO - DAG(s) dict_keys(['example_external_task_marker_parent', 'example_external_task_marker_child']) retrieved from /home/airflow/.local/lib/python3.7/site-packages/airflow/example_dags/example_external_task_marker_dag.py
[2023-07-11T23:38:33.769+0000] {logging_mixin.py:150} INFO - [2023-07-11T23:38:33.769+0000] {dag.py:2742} INFO - Sync 2 DAGs
[2023-07-11T23:38:33.788+0000] {logging_mixin.py:150} INFO - [2023-07-11T23:38:33.788+0000] {dag.py:3508} INFO - Setting next_dagrun for example_external_task_marker_child to None, run_after=None
[2023-07-11T23:38:33.791+0000] {logging_mixin.py:150} INFO - [2023-07-11T23:38:33.791+0000] {dag.py:3508} INFO - Setting next_dagrun for example_external_task_marker_parent to None, run_after=None
[2023-07-11T23:38:33.802+0000] {processor.py:179} INFO - Processing /home/airflow/.local/lib/python3.7/site-packages/airflow/example_dags/example_external_task_marker_dag.py took 0.059 seconds
[2023-07-11T23:39:03.817+0000] {processor.py:157} INFO - Started process (PID=538) to work on /home/airflow/.local/lib/python3.7/site-packages/airflow/example_dags/example_external_task_marker_dag.py
[2023-07-11T23:39:03.818+0000] {processor.py:826} INFO - Processing file /home/airflow/.local/lib/python3.7/site-packages/airflow/example_dags/example_external_task_marker_dag.py for tasks to queue
[2023-07-11T23:39:03.818+0000] {logging_mixin.py:150} INFO - [2023-07-11T23:39:03.818+0000] {dagbag.py:541} INFO - Filling up the DagBag from /home/airflow/.local/lib/python3.7/site-packages/airflow/example_dags/example_external_task_marker_dag.py
[2023-07-11T23:39:03.822+0000] {processor.py:836} INFO - DAG(s) dict_keys(['example_external_task_marker_parent', 'example_external_task_marker_child']) retrieved from /home/airflow/.local/lib/python3.7/site-packages/airflow/example_dags/example_external_task_marker_dag.py
[2023-07-11T23:39:03.840+0000] {logging_mixin.py:150} INFO - [2023-07-11T23:39:03.840+0000] {dag.py:2742} INFO - Sync 2 DAGs
[2023-07-11T23:39:03.859+0000] {logging_mixin.py:150} INFO - [2023-07-11T23:39:03.859+0000] {dag.py:3508} INFO - Setting next_dagrun for example_external_task_marker_child to None, run_after=None
[2023-07-11T23:39:03.861+0000] {logging_mixin.py:150} INFO - [2023-07-11T23:39:03.861+0000] {dag.py:3508} INFO - Setting next_dagrun for example_external_task_marker_parent to None, run_after=None
[2023-07-11T23:39:03.873+0000] {processor.py:179} INFO - Processing /home/airflow/.local/lib/python3.7/site-packages/airflow/example_dags/example_external_task_marker_dag.py took 0.058 seconds
[2023-07-11T23:39:34.119+0000] {processor.py:157} INFO - Started process (PID=608) to work on /home/airflow/.local/lib/python3.7/site-packages/airflow/example_dags/example_external_task_marker_dag.py
[2023-07-11T23:39:34.120+0000] {processor.py:826} INFO - Processing file /home/airflow/.local/lib/python3.7/site-packages/airflow/example_dags/example_external_task_marker_dag.py for tasks to queue
[2023-07-11T23:39:34.120+0000] {logging_mixin.py:150} INFO - [2023-07-11T23:39:34.120+0000] {dagbag.py:541} INFO - Filling up the DagBag from /home/airflow/.local/lib/python3.7/site-packages/airflow/example_dags/example_external_task_marker_dag.py
[2023-07-11T23:39:34.123+0000] {processor.py:836} INFO - DAG(s) dict_keys(['example_external_task_marker_parent', 'example_external_task_marker_child']) retrieved from /home/airflow/.local/lib/python3.7/site-packages/airflow/example_dags/example_external_task_marker_dag.py
[2023-07-11T23:39:34.141+0000] {logging_mixin.py:150} INFO - [2023-07-11T23:39:34.141+0000] {dag.py:2742} INFO - Sync 2 DAGs
[2023-07-11T23:39:34.159+0000] {logging_mixin.py:150} INFO - [2023-07-11T23:39:34.159+0000] {dag.py:3508} INFO - Setting next_dagrun for example_external_task_marker_child to None, run_after=None
[2023-07-11T23:39:34.161+0000] {logging_mixin.py:150} INFO - [2023-07-11T23:39:34.161+0000] {dag.py:3508} INFO - Setting next_dagrun for example_external_task_marker_parent to None, run_after=None
[2023-07-11T23:39:34.173+0000] {processor.py:179} INFO - Processing /home/airflow/.local/lib/python3.7/site-packages/airflow/example_dags/example_external_task_marker_dag.py took 0.056 seconds
[2023-07-11T23:40:04.480+0000] {processor.py:157} INFO - Started process (PID=678) to work on /home/airflow/.local/lib/python3.7/site-packages/airflow/example_dags/example_external_task_marker_dag.py
[2023-07-11T23:40:04.481+0000] {processor.py:826} INFO - Processing file /home/airflow/.local/lib/python3.7/site-packages/airflow/example_dags/example_external_task_marker_dag.py for tasks to queue
[2023-07-11T23:40:04.481+0000] {logging_mixin.py:150} INFO - [2023-07-11T23:40:04.481+0000] {dagbag.py:541} INFO - Filling up the DagBag from /home/airflow/.local/lib/python3.7/site-packages/airflow/example_dags/example_external_task_marker_dag.py
[2023-07-11T23:40:04.485+0000] {processor.py:836} INFO - DAG(s) dict_keys(['example_external_task_marker_parent', 'example_external_task_marker_child']) retrieved from /home/airflow/.local/lib/python3.7/site-packages/airflow/example_dags/example_external_task_marker_dag.py
[2023-07-11T23:40:04.503+0000] {logging_mixin.py:150} INFO - [2023-07-11T23:40:04.503+0000] {dag.py:2742} INFO - Sync 2 DAGs
[2023-07-11T23:40:04.521+0000] {logging_mixin.py:150} INFO - [2023-07-11T23:40:04.520+0000] {dag.py:3508} INFO - Setting next_dagrun for example_external_task_marker_child to None, run_after=None
[2023-07-11T23:40:04.523+0000] {logging_mixin.py:150} INFO - [2023-07-11T23:40:04.523+0000] {dag.py:3508} INFO - Setting next_dagrun for example_external_task_marker_parent to None, run_after=None
[2023-07-11T23:40:04.535+0000] {processor.py:179} INFO - Processing /home/airflow/.local/lib/python3.7/site-packages/airflow/example_dags/example_external_task_marker_dag.py took 0.056 seconds
[2023-07-11T23:40:34.964+0000] {processor.py:157} INFO - Started process (PID=748) to work on /home/airflow/.local/lib/python3.7/site-packages/airflow/example_dags/example_external_task_marker_dag.py
[2023-07-11T23:40:34.965+0000] {processor.py:826} INFO - Processing file /home/airflow/.local/lib/python3.7/site-packages/airflow/example_dags/example_external_task_marker_dag.py for tasks to queue
[2023-07-11T23:40:34.965+0000] {logging_mixin.py:150} INFO - [2023-07-11T23:40:34.965+0000] {dagbag.py:541} INFO - Filling up the DagBag from /home/airflow/.local/lib/python3.7/site-packages/airflow/example_dags/example_external_task_marker_dag.py
[2023-07-11T23:40:34.969+0000] {processor.py:836} INFO - DAG(s) dict_keys(['example_external_task_marker_parent', 'example_external_task_marker_child']) retrieved from /home/airflow/.local/lib/python3.7/site-packages/airflow/example_dags/example_external_task_marker_dag.py
[2023-07-11T23:40:34.990+0000] {logging_mixin.py:150} INFO - [2023-07-11T23:40:34.990+0000] {dag.py:2742} INFO - Sync 2 DAGs
[2023-07-11T23:40:35.010+0000] {logging_mixin.py:150} INFO - [2023-07-11T23:40:35.010+0000] {dag.py:3508} INFO - Setting next_dagrun for example_external_task_marker_child to None, run_after=None
[2023-07-11T23:40:35.013+0000] {logging_mixin.py:150} INFO - [2023-07-11T23:40:35.013+0000] {dag.py:3508} INFO - Setting next_dagrun for example_external_task_marker_parent to None, run_after=None
[2023-07-11T23:40:35.025+0000] {processor.py:179} INFO - Processing /home/airflow/.local/lib/python3.7/site-packages/airflow/example_dags/example_external_task_marker_dag.py took 0.064 seconds
[2023-07-11T23:41:05.234+0000] {processor.py:157} INFO - Started process (PID=818) to work on /home/airflow/.local/lib/python3.7/site-packages/airflow/example_dags/example_external_task_marker_dag.py
[2023-07-11T23:41:05.234+0000] {processor.py:826} INFO - Processing file /home/airflow/.local/lib/python3.7/site-packages/airflow/example_dags/example_external_task_marker_dag.py for tasks to queue
[2023-07-11T23:41:05.235+0000] {logging_mixin.py:150} INFO - [2023-07-11T23:41:05.235+0000] {dagbag.py:541} INFO - Filling up the DagBag from /home/airflow/.local/lib/python3.7/site-packages/airflow/example_dags/example_external_task_marker_dag.py
[2023-07-11T23:41:05.239+0000] {processor.py:836} INFO - DAG(s) dict_keys(['example_external_task_marker_child', 'example_external_task_marker_parent']) retrieved from /home/airflow/.local/lib/python3.7/site-packages/airflow/example_dags/example_external_task_marker_dag.py
[2023-07-11T23:41:05.262+0000] {logging_mixin.py:150} INFO - [2023-07-11T23:41:05.262+0000] {dag.py:2742} INFO - Sync 2 DAGs
[2023-07-11T23:41:05.283+0000] {logging_mixin.py:150} INFO - [2023-07-11T23:41:05.283+0000] {dag.py:3508} INFO - Setting next_dagrun for example_external_task_marker_child to None, run_after=None
[2023-07-11T23:41:05.286+0000] {logging_mixin.py:150} INFO - [2023-07-11T23:41:05.286+0000] {dag.py:3508} INFO - Setting next_dagrun for example_external_task_marker_parent to None, run_after=None
[2023-07-11T23:41:05.300+0000] {processor.py:179} INFO - Processing /home/airflow/.local/lib/python3.7/site-packages/airflow/example_dags/example_external_task_marker_dag.py took 0.069 seconds
[2023-07-11T23:41:35.468+0000] {processor.py:157} INFO - Started process (PID=888) to work on /home/airflow/.local/lib/python3.7/site-packages/airflow/example_dags/example_external_task_marker_dag.py
[2023-07-11T23:41:35.469+0000] {processor.py:826} INFO - Processing file /home/airflow/.local/lib/python3.7/site-packages/airflow/example_dags/example_external_task_marker_dag.py for tasks to queue
[2023-07-11T23:41:35.469+0000] {logging_mixin.py:150} INFO - [2023-07-11T23:41:35.469+0000] {dagbag.py:541} INFO - Filling up the DagBag from /home/airflow/.local/lib/python3.7/site-packages/airflow/example_dags/example_external_task_marker_dag.py
[2023-07-11T23:41:35.474+0000] {processor.py:836} INFO - DAG(s) dict_keys(['example_external_task_marker_child', 'example_external_task_marker_parent']) retrieved from /home/airflow/.local/lib/python3.7/site-packages/airflow/example_dags/example_external_task_marker_dag.py
[2023-07-11T23:41:35.497+0000] {logging_mixin.py:150} INFO - [2023-07-11T23:41:35.496+0000] {dag.py:2742} INFO - Sync 2 DAGs
[2023-07-11T23:41:35.517+0000] {logging_mixin.py:150} INFO - [2023-07-11T23:41:35.517+0000] {dag.py:3508} INFO - Setting next_dagrun for example_external_task_marker_child to None, run_after=None
[2023-07-11T23:41:35.520+0000] {logging_mixin.py:150} INFO - [2023-07-11T23:41:35.520+0000] {dag.py:3508} INFO - Setting next_dagrun for example_external_task_marker_parent to None, run_after=None
[2023-07-11T23:41:35.532+0000] {processor.py:179} INFO - Processing /home/airflow/.local/lib/python3.7/site-packages/airflow/example_dags/example_external_task_marker_dag.py took 0.067 seconds
[2023-07-11T23:42:05.605+0000] {processor.py:157} INFO - Started process (PID=958) to work on /home/airflow/.local/lib/python3.7/site-packages/airflow/example_dags/example_external_task_marker_dag.py
[2023-07-11T23:42:05.605+0000] {processor.py:826} INFO - Processing file /home/airflow/.local/lib/python3.7/site-packages/airflow/example_dags/example_external_task_marker_dag.py for tasks to queue
[2023-07-11T23:42:05.606+0000] {logging_mixin.py:150} INFO - [2023-07-11T23:42:05.606+0000] {dagbag.py:541} INFO - Filling up the DagBag from /home/airflow/.local/lib/python3.7/site-packages/airflow/example_dags/example_external_task_marker_dag.py
[2023-07-11T23:42:05.609+0000] {processor.py:836} INFO - DAG(s) dict_keys(['example_external_task_marker_child', 'example_external_task_marker_parent']) retrieved from /home/airflow/.local/lib/python3.7/site-packages/airflow/example_dags/example_external_task_marker_dag.py
[2023-07-11T23:42:05.627+0000] {logging_mixin.py:150} INFO - [2023-07-11T23:42:05.627+0000] {dag.py:2742} INFO - Sync 2 DAGs
[2023-07-11T23:42:05.645+0000] {logging_mixin.py:150} INFO - [2023-07-11T23:42:05.644+0000] {dag.py:3508} INFO - Setting next_dagrun for example_external_task_marker_child to None, run_after=None
[2023-07-11T23:42:05.647+0000] {logging_mixin.py:150} INFO - [2023-07-11T23:42:05.647+0000] {dag.py:3508} INFO - Setting next_dagrun for example_external_task_marker_parent to None, run_after=None
[2023-07-11T23:42:05.658+0000] {processor.py:179} INFO - Processing /home/airflow/.local/lib/python3.7/site-packages/airflow/example_dags/example_external_task_marker_dag.py took 0.055 seconds
[2023-07-11T23:42:35.957+0000] {processor.py:157} INFO - Started process (PID=1028) to work on /home/airflow/.local/lib/python3.7/site-packages/airflow/example_dags/example_external_task_marker_dag.py
[2023-07-11T23:42:35.958+0000] {processor.py:826} INFO - Processing file /home/airflow/.local/lib/python3.7/site-packages/airflow/example_dags/example_external_task_marker_dag.py for tasks to queue
[2023-07-11T23:42:35.958+0000] {logging_mixin.py:150} INFO - [2023-07-11T23:42:35.958+0000] {dagbag.py:541} INFO - Filling up the DagBag from /home/airflow/.local/lib/python3.7/site-packages/airflow/example_dags/example_external_task_marker_dag.py
[2023-07-11T23:42:35.963+0000] {processor.py:836} INFO - DAG(s) dict_keys(['example_external_task_marker_child', 'example_external_task_marker_parent']) retrieved from /home/airflow/.local/lib/python3.7/site-packages/airflow/example_dags/example_external_task_marker_dag.py
[2023-07-11T23:42:35.986+0000] {logging_mixin.py:150} INFO - [2023-07-11T23:42:35.986+0000] {dag.py:2742} INFO - Sync 2 DAGs
[2023-07-11T23:42:36.007+0000] {logging_mixin.py:150} INFO - [2023-07-11T23:42:36.007+0000] {dag.py:3508} INFO - Setting next_dagrun for example_external_task_marker_child to None, run_after=None
[2023-07-11T23:42:36.010+0000] {logging_mixin.py:150} INFO - [2023-07-11T23:42:36.010+0000] {dag.py:3508} INFO - Setting next_dagrun for example_external_task_marker_parent to None, run_after=None
[2023-07-11T23:42:36.023+0000] {processor.py:179} INFO - Processing /home/airflow/.local/lib/python3.7/site-packages/airflow/example_dags/example_external_task_marker_dag.py took 0.068 seconds
[2023-07-11T23:43:06.082+0000] {processor.py:157} INFO - Started process (PID=1098) to work on /home/airflow/.local/lib/python3.7/site-packages/airflow/example_dags/example_external_task_marker_dag.py
[2023-07-11T23:43:06.082+0000] {processor.py:826} INFO - Processing file /home/airflow/.local/lib/python3.7/site-packages/airflow/example_dags/example_external_task_marker_dag.py for tasks to queue
[2023-07-11T23:43:06.083+0000] {logging_mixin.py:150} INFO - [2023-07-11T23:43:06.083+0000] {dagbag.py:541} INFO - Filling up the DagBag from /home/airflow/.local/lib/python3.7/site-packages/airflow/example_dags/example_external_task_marker_dag.py
[2023-07-11T23:43:06.086+0000] {processor.py:836} INFO - DAG(s) dict_keys(['example_external_task_marker_child', 'example_external_task_marker_parent']) retrieved from /home/airflow/.local/lib/python3.7/site-packages/airflow/example_dags/example_external_task_marker_dag.py
[2023-07-11T23:43:06.103+0000] {logging_mixin.py:150} INFO - [2023-07-11T23:43:06.102+0000] {dag.py:2742} INFO - Sync 2 DAGs
[2023-07-11T23:43:06.119+0000] {logging_mixin.py:150} INFO - [2023-07-11T23:43:06.119+0000] {dag.py:3508} INFO - Setting next_dagrun for example_external_task_marker_child to None, run_after=None
[2023-07-11T23:43:06.121+0000] {logging_mixin.py:150} INFO - [2023-07-11T23:43:06.121+0000] {dag.py:3508} INFO - Setting next_dagrun for example_external_task_marker_parent to None, run_after=None
[2023-07-11T23:43:06.132+0000] {processor.py:179} INFO - Processing /home/airflow/.local/lib/python3.7/site-packages/airflow/example_dags/example_external_task_marker_dag.py took 0.051 seconds
[2023-07-11T23:43:36.893+0000] {processor.py:157} INFO - Started process (PID=1168) to work on /home/airflow/.local/lib/python3.7/site-packages/airflow/example_dags/example_external_task_marker_dag.py
[2023-07-11T23:43:36.893+0000] {processor.py:826} INFO - Processing file /home/airflow/.local/lib/python3.7/site-packages/airflow/example_dags/example_external_task_marker_dag.py for tasks to queue
[2023-07-11T23:43:36.894+0000] {logging_mixin.py:150} INFO - [2023-07-11T23:43:36.894+0000] {dagbag.py:541} INFO - Filling up the DagBag from /home/airflow/.local/lib/python3.7/site-packages/airflow/example_dags/example_external_task_marker_dag.py
[2023-07-11T23:43:36.897+0000] {processor.py:836} INFO - DAG(s) dict_keys(['example_external_task_marker_child', 'example_external_task_marker_parent']) retrieved from /home/airflow/.local/lib/python3.7/site-packages/airflow/example_dags/example_external_task_marker_dag.py
[2023-07-11T23:43:36.917+0000] {logging_mixin.py:150} INFO - [2023-07-11T23:43:36.916+0000] {dag.py:2742} INFO - Sync 2 DAGs
[2023-07-11T23:43:36.937+0000] {logging_mixin.py:150} INFO - [2023-07-11T23:43:36.937+0000] {dag.py:3508} INFO - Setting next_dagrun for example_external_task_marker_child to None, run_after=None
[2023-07-11T23:43:36.939+0000] {logging_mixin.py:150} INFO - [2023-07-11T23:43:36.939+0000] {dag.py:3508} INFO - Setting next_dagrun for example_external_task_marker_parent to None, run_after=None
[2023-07-11T23:43:36.952+0000] {processor.py:179} INFO - Processing /home/airflow/.local/lib/python3.7/site-packages/airflow/example_dags/example_external_task_marker_dag.py took 0.061 seconds
[2023-07-11T23:44:07.057+0000] {processor.py:157} INFO - Started process (PID=1238) to work on /home/airflow/.local/lib/python3.7/site-packages/airflow/example_dags/example_external_task_marker_dag.py
[2023-07-11T23:44:07.058+0000] {processor.py:826} INFO - Processing file /home/airflow/.local/lib/python3.7/site-packages/airflow/example_dags/example_external_task_marker_dag.py for tasks to queue
[2023-07-11T23:44:07.058+0000] {logging_mixin.py:150} INFO - [2023-07-11T23:44:07.058+0000] {dagbag.py:541} INFO - Filling up the DagBag from /home/airflow/.local/lib/python3.7/site-packages/airflow/example_dags/example_external_task_marker_dag.py
[2023-07-11T23:44:07.062+0000] {processor.py:836} INFO - DAG(s) dict_keys(['example_external_task_marker_parent', 'example_external_task_marker_child']) retrieved from /home/airflow/.local/lib/python3.7/site-packages/airflow/example_dags/example_external_task_marker_dag.py
[2023-07-11T23:44:07.082+0000] {logging_mixin.py:150} INFO - [2023-07-11T23:44:07.082+0000] {dag.py:2742} INFO - Sync 2 DAGs
[2023-07-11T23:44:07.102+0000] {logging_mixin.py:150} INFO - [2023-07-11T23:44:07.102+0000] {dag.py:3508} INFO - Setting next_dagrun for example_external_task_marker_child to None, run_after=None
[2023-07-11T23:44:07.105+0000] {logging_mixin.py:150} INFO - [2023-07-11T23:44:07.105+0000] {dag.py:3508} INFO - Setting next_dagrun for example_external_task_marker_parent to None, run_after=None
[2023-07-11T23:44:07.117+0000] {processor.py:179} INFO - Processing /home/airflow/.local/lib/python3.7/site-packages/airflow/example_dags/example_external_task_marker_dag.py took 0.062 seconds
[2023-07-11T23:44:37.510+0000] {processor.py:157} INFO - Started process (PID=1308) to work on /home/airflow/.local/lib/python3.7/site-packages/airflow/example_dags/example_external_task_marker_dag.py
[2023-07-11T23:44:37.511+0000] {processor.py:826} INFO - Processing file /home/airflow/.local/lib/python3.7/site-packages/airflow/example_dags/example_external_task_marker_dag.py for tasks to queue
[2023-07-11T23:44:37.511+0000] {logging_mixin.py:150} INFO - [2023-07-11T23:44:37.511+0000] {dagbag.py:541} INFO - Filling up the DagBag from /home/airflow/.local/lib/python3.7/site-packages/airflow/example_dags/example_external_task_marker_dag.py
[2023-07-11T23:44:37.515+0000] {processor.py:836} INFO - DAG(s) dict_keys(['example_external_task_marker_child', 'example_external_task_marker_parent']) retrieved from /home/airflow/.local/lib/python3.7/site-packages/airflow/example_dags/example_external_task_marker_dag.py
[2023-07-11T23:44:37.532+0000] {logging_mixin.py:150} INFO - [2023-07-11T23:44:37.531+0000] {dag.py:2742} INFO - Sync 2 DAGs
[2023-07-11T23:44:37.548+0000] {logging_mixin.py:150} INFO - [2023-07-11T23:44:37.548+0000] {dag.py:3508} INFO - Setting next_dagrun for example_external_task_marker_child to None, run_after=None
[2023-07-11T23:44:37.551+0000] {logging_mixin.py:150} INFO - [2023-07-11T23:44:37.550+0000] {dag.py:3508} INFO - Setting next_dagrun for example_external_task_marker_parent to None, run_after=None
[2023-07-11T23:44:37.561+0000] {processor.py:179} INFO - Processing /home/airflow/.local/lib/python3.7/site-packages/airflow/example_dags/example_external_task_marker_dag.py took 0.052 seconds
[2023-07-11T23:45:07.939+0000] {processor.py:157} INFO - Started process (PID=1378) to work on /home/airflow/.local/lib/python3.7/site-packages/airflow/example_dags/example_external_task_marker_dag.py
[2023-07-11T23:45:07.939+0000] {processor.py:826} INFO - Processing file /home/airflow/.local/lib/python3.7/site-packages/airflow/example_dags/example_external_task_marker_dag.py for tasks to queue
[2023-07-11T23:45:07.940+0000] {logging_mixin.py:150} INFO - [2023-07-11T23:45:07.940+0000] {dagbag.py:541} INFO - Filling up the DagBag from /home/airflow/.local/lib/python3.7/site-packages/airflow/example_dags/example_external_task_marker_dag.py
[2023-07-11T23:45:07.944+0000] {processor.py:836} INFO - DAG(s) dict_keys(['example_external_task_marker_child', 'example_external_task_marker_parent']) retrieved from /home/airflow/.local/lib/python3.7/site-packages/airflow/example_dags/example_external_task_marker_dag.py
[2023-07-11T23:45:07.963+0000] {logging_mixin.py:150} INFO - [2023-07-11T23:45:07.962+0000] {dag.py:2742} INFO - Sync 2 DAGs
[2023-07-11T23:45:07.982+0000] {logging_mixin.py:150} INFO - [2023-07-11T23:45:07.982+0000] {dag.py:3508} INFO - Setting next_dagrun for example_external_task_marker_child to None, run_after=None
[2023-07-11T23:45:07.985+0000] {logging_mixin.py:150} INFO - [2023-07-11T23:45:07.985+0000] {dag.py:3508} INFO - Setting next_dagrun for example_external_task_marker_parent to None, run_after=None
[2023-07-11T23:45:07.996+0000] {processor.py:179} INFO - Processing /home/airflow/.local/lib/python3.7/site-packages/airflow/example_dags/example_external_task_marker_dag.py took 0.060 seconds
[2023-07-11T23:45:38.012+0000] {processor.py:157} INFO - Started process (PID=1448) to work on /home/airflow/.local/lib/python3.7/site-packages/airflow/example_dags/example_external_task_marker_dag.py
[2023-07-11T23:45:38.013+0000] {processor.py:826} INFO - Processing file /home/airflow/.local/lib/python3.7/site-packages/airflow/example_dags/example_external_task_marker_dag.py for tasks to queue
[2023-07-11T23:45:38.013+0000] {logging_mixin.py:150} INFO - [2023-07-11T23:45:38.013+0000] {dagbag.py:541} INFO - Filling up the DagBag from /home/airflow/.local/lib/python3.7/site-packages/airflow/example_dags/example_external_task_marker_dag.py
[2023-07-11T23:45:38.017+0000] {processor.py:836} INFO - DAG(s) dict_keys(['example_external_task_marker_parent', 'example_external_task_marker_child']) retrieved from /home/airflow/.local/lib/python3.7/site-packages/airflow/example_dags/example_external_task_marker_dag.py
[2023-07-11T23:45:38.035+0000] {logging_mixin.py:150} INFO - [2023-07-11T23:45:38.034+0000] {dag.py:2742} INFO - Sync 2 DAGs
[2023-07-11T23:45:38.052+0000] {logging_mixin.py:150} INFO - [2023-07-11T23:45:38.052+0000] {dag.py:3508} INFO - Setting next_dagrun for example_external_task_marker_child to None, run_after=None
[2023-07-11T23:45:38.054+0000] {logging_mixin.py:150} INFO - [2023-07-11T23:45:38.054+0000] {dag.py:3508} INFO - Setting next_dagrun for example_external_task_marker_parent to None, run_after=None
[2023-07-11T23:45:38.064+0000] {processor.py:179} INFO - Processing /home/airflow/.local/lib/python3.7/site-packages/airflow/example_dags/example_external_task_marker_dag.py took 0.053 seconds
[2023-07-11T23:46:08.150+0000] {processor.py:157} INFO - Started process (PID=1518) to work on /home/airflow/.local/lib/python3.7/site-packages/airflow/example_dags/example_external_task_marker_dag.py
[2023-07-11T23:46:08.151+0000] {processor.py:826} INFO - Processing file /home/airflow/.local/lib/python3.7/site-packages/airflow/example_dags/example_external_task_marker_dag.py for tasks to queue
[2023-07-11T23:46:08.151+0000] {logging_mixin.py:150} INFO - [2023-07-11T23:46:08.151+0000] {dagbag.py:541} INFO - Filling up the DagBag from /home/airflow/.local/lib/python3.7/site-packages/airflow/example_dags/example_external_task_marker_dag.py
[2023-07-11T23:46:08.155+0000] {processor.py:836} INFO - DAG(s) dict_keys(['example_external_task_marker_child', 'example_external_task_marker_parent']) retrieved from /home/airflow/.local/lib/python3.7/site-packages/airflow/example_dags/example_external_task_marker_dag.py
[2023-07-11T23:46:08.172+0000] {logging_mixin.py:150} INFO - [2023-07-11T23:46:08.172+0000] {dag.py:2742} INFO - Sync 2 DAGs
[2023-07-11T23:46:08.189+0000] {logging_mixin.py:150} INFO - [2023-07-11T23:46:08.189+0000] {dag.py:3508} INFO - Setting next_dagrun for example_external_task_marker_child to None, run_after=None
[2023-07-11T23:46:08.191+0000] {logging_mixin.py:150} INFO - [2023-07-11T23:46:08.191+0000] {dag.py:3508} INFO - Setting next_dagrun for example_external_task_marker_parent to None, run_after=None
[2023-07-11T23:46:08.202+0000] {processor.py:179} INFO - Processing /home/airflow/.local/lib/python3.7/site-packages/airflow/example_dags/example_external_task_marker_dag.py took 0.054 seconds
[2023-07-11T23:46:38.244+0000] {processor.py:157} INFO - Started process (PID=1588) to work on /home/airflow/.local/lib/python3.7/site-packages/airflow/example_dags/example_external_task_marker_dag.py
[2023-07-11T23:46:38.245+0000] {processor.py:826} INFO - Processing file /home/airflow/.local/lib/python3.7/site-packages/airflow/example_dags/example_external_task_marker_dag.py for tasks to queue
[2023-07-11T23:46:38.245+0000] {logging_mixin.py:150} INFO - [2023-07-11T23:46:38.245+0000] {dagbag.py:541} INFO - Filling up the DagBag from /home/airflow/.local/lib/python3.7/site-packages/airflow/example_dags/example_external_task_marker_dag.py
[2023-07-11T23:46:38.248+0000] {processor.py:836} INFO - DAG(s) dict_keys(['example_external_task_marker_parent', 'example_external_task_marker_child']) retrieved from /home/airflow/.local/lib/python3.7/site-packages/airflow/example_dags/example_external_task_marker_dag.py
[2023-07-11T23:46:38.266+0000] {logging_mixin.py:150} INFO - [2023-07-11T23:46:38.266+0000] {dag.py:2742} INFO - Sync 2 DAGs
[2023-07-11T23:46:38.283+0000] {logging_mixin.py:150} INFO - [2023-07-11T23:46:38.283+0000] {dag.py:3508} INFO - Setting next_dagrun for example_external_task_marker_child to None, run_after=None
[2023-07-11T23:46:38.285+0000] {logging_mixin.py:150} INFO - [2023-07-11T23:46:38.285+0000] {dag.py:3508} INFO - Setting next_dagrun for example_external_task_marker_parent to None, run_after=None
[2023-07-11T23:46:38.296+0000] {processor.py:179} INFO - Processing /home/airflow/.local/lib/python3.7/site-packages/airflow/example_dags/example_external_task_marker_dag.py took 0.053 seconds
[2023-07-11T23:47:08.599+0000] {processor.py:157} INFO - Started process (PID=1658) to work on /home/airflow/.local/lib/python3.7/site-packages/airflow/example_dags/example_external_task_marker_dag.py
[2023-07-11T23:47:08.599+0000] {processor.py:826} INFO - Processing file /home/airflow/.local/lib/python3.7/site-packages/airflow/example_dags/example_external_task_marker_dag.py for tasks to queue
[2023-07-11T23:47:08.600+0000] {logging_mixin.py:150} INFO - [2023-07-11T23:47:08.599+0000] {dagbag.py:541} INFO - Filling up the DagBag from /home/airflow/.local/lib/python3.7/site-packages/airflow/example_dags/example_external_task_marker_dag.py
[2023-07-11T23:47:08.603+0000] {processor.py:836} INFO - DAG(s) dict_keys(['example_external_task_marker_parent', 'example_external_task_marker_child']) retrieved from /home/airflow/.local/lib/python3.7/site-packages/airflow/example_dags/example_external_task_marker_dag.py
[2023-07-11T23:47:08.619+0000] {logging_mixin.py:150} INFO - [2023-07-11T23:47:08.619+0000] {dag.py:2742} INFO - Sync 2 DAGs
[2023-07-11T23:47:08.637+0000] {logging_mixin.py:150} INFO - [2023-07-11T23:47:08.637+0000] {dag.py:3508} INFO - Setting next_dagrun for example_external_task_marker_child to None, run_after=None
[2023-07-11T23:47:08.639+0000] {logging_mixin.py:150} INFO - [2023-07-11T23:47:08.639+0000] {dag.py:3508} INFO - Setting next_dagrun for example_external_task_marker_parent to None, run_after=None
[2023-07-11T23:47:08.649+0000] {processor.py:179} INFO - Processing /home/airflow/.local/lib/python3.7/site-packages/airflow/example_dags/example_external_task_marker_dag.py took 0.052 seconds
