[2023-07-11T23:35:31.932+0000] {processor.py:157} INFO - Started process (PID=45) to work on /home/airflow/.local/lib/python3.7/site-packages/airflow/example_dags/example_branch_python_dop_operator_3.py
[2023-07-11T23:35:31.932+0000] {processor.py:826} INFO - Processing file /home/airflow/.local/lib/python3.7/site-packages/airflow/example_dags/example_branch_python_dop_operator_3.py for tasks to queue
[2023-07-11T23:35:31.933+0000] {logging_mixin.py:150} INFO - [2023-07-11T23:35:31.933+0000] {dagbag.py:541} INFO - Filling up the DagBag from /home/airflow/.local/lib/python3.7/site-packages/airflow/example_dags/example_branch_python_dop_operator_3.py
[2023-07-11T23:35:31.941+0000] {processor.py:836} INFO - DAG(s) dict_keys(['example_branch_dop_operator_v3']) retrieved from /home/airflow/.local/lib/python3.7/site-packages/airflow/example_dags/example_branch_python_dop_operator_3.py
[2023-07-11T23:35:31.950+0000] {logging_mixin.py:150} INFO - [2023-07-11T23:35:31.950+0000] {dag.py:2742} INFO - Sync 1 DAGs
[2023-07-11T23:35:31.976+0000] {logging_mixin.py:150} INFO - [2023-07-11T23:35:31.976+0000] {dag.py:3508} INFO - Setting next_dagrun for example_branch_dop_operator_v3 to 2023-07-11T23:34:00+00:00, run_after=2023-07-11T23:35:00+00:00
[2023-07-11T23:35:31.992+0000] {processor.py:179} INFO - Processing /home/airflow/.local/lib/python3.7/site-packages/airflow/example_dags/example_branch_python_dop_operator_3.py took 0.063 seconds
[2023-07-11T23:36:02.554+0000] {processor.py:157} INFO - Started process (PID=115) to work on /home/airflow/.local/lib/python3.7/site-packages/airflow/example_dags/example_branch_python_dop_operator_3.py
[2023-07-11T23:36:02.555+0000] {processor.py:826} INFO - Processing file /home/airflow/.local/lib/python3.7/site-packages/airflow/example_dags/example_branch_python_dop_operator_3.py for tasks to queue
[2023-07-11T23:36:02.555+0000] {logging_mixin.py:150} INFO - [2023-07-11T23:36:02.555+0000] {dagbag.py:541} INFO - Filling up the DagBag from /home/airflow/.local/lib/python3.7/site-packages/airflow/example_dags/example_branch_python_dop_operator_3.py
[2023-07-11T23:36:02.560+0000] {processor.py:836} INFO - DAG(s) dict_keys(['example_branch_dop_operator_v3']) retrieved from /home/airflow/.local/lib/python3.7/site-packages/airflow/example_dags/example_branch_python_dop_operator_3.py
[2023-07-11T23:36:02.575+0000] {logging_mixin.py:150} INFO - [2023-07-11T23:36:02.575+0000] {dag.py:2742} INFO - Sync 1 DAGs
[2023-07-11T23:36:02.595+0000] {logging_mixin.py:150} INFO - [2023-07-11T23:36:02.595+0000] {dag.py:3508} INFO - Setting next_dagrun for example_branch_dop_operator_v3 to 2023-07-11T23:35:00+00:00, run_after=2023-07-11T23:36:00+00:00
[2023-07-11T23:36:02.609+0000] {processor.py:179} INFO - Processing /home/airflow/.local/lib/python3.7/site-packages/airflow/example_dags/example_branch_python_dop_operator_3.py took 0.056 seconds
[2023-07-11T23:36:32.696+0000] {processor.py:157} INFO - Started process (PID=185) to work on /home/airflow/.local/lib/python3.7/site-packages/airflow/example_dags/example_branch_python_dop_operator_3.py
[2023-07-11T23:36:32.696+0000] {processor.py:826} INFO - Processing file /home/airflow/.local/lib/python3.7/site-packages/airflow/example_dags/example_branch_python_dop_operator_3.py for tasks to queue
[2023-07-11T23:36:32.697+0000] {logging_mixin.py:150} INFO - [2023-07-11T23:36:32.697+0000] {dagbag.py:541} INFO - Filling up the DagBag from /home/airflow/.local/lib/python3.7/site-packages/airflow/example_dags/example_branch_python_dop_operator_3.py
[2023-07-11T23:36:32.702+0000] {processor.py:836} INFO - DAG(s) dict_keys(['example_branch_dop_operator_v3']) retrieved from /home/airflow/.local/lib/python3.7/site-packages/airflow/example_dags/example_branch_python_dop_operator_3.py
[2023-07-11T23:36:32.718+0000] {logging_mixin.py:150} INFO - [2023-07-11T23:36:32.718+0000] {dag.py:2742} INFO - Sync 1 DAGs
[2023-07-11T23:36:32.739+0000] {logging_mixin.py:150} INFO - [2023-07-11T23:36:32.739+0000] {dag.py:3508} INFO - Setting next_dagrun for example_branch_dop_operator_v3 to 2023-07-11T23:35:00+00:00, run_after=2023-07-11T23:36:00+00:00
[2023-07-11T23:36:32.751+0000] {processor.py:179} INFO - Processing /home/airflow/.local/lib/python3.7/site-packages/airflow/example_dags/example_branch_python_dop_operator_3.py took 0.058 seconds
[2023-07-11T23:37:02.864+0000] {processor.py:157} INFO - Started process (PID=255) to work on /home/airflow/.local/lib/python3.7/site-packages/airflow/example_dags/example_branch_python_dop_operator_3.py
[2023-07-11T23:37:02.865+0000] {processor.py:826} INFO - Processing file /home/airflow/.local/lib/python3.7/site-packages/airflow/example_dags/example_branch_python_dop_operator_3.py for tasks to queue
[2023-07-11T23:37:02.865+0000] {logging_mixin.py:150} INFO - [2023-07-11T23:37:02.865+0000] {dagbag.py:541} INFO - Filling up the DagBag from /home/airflow/.local/lib/python3.7/site-packages/airflow/example_dags/example_branch_python_dop_operator_3.py
[2023-07-11T23:37:02.870+0000] {processor.py:836} INFO - DAG(s) dict_keys(['example_branch_dop_operator_v3']) retrieved from /home/airflow/.local/lib/python3.7/site-packages/airflow/example_dags/example_branch_python_dop_operator_3.py
[2023-07-11T23:37:02.885+0000] {logging_mixin.py:150} INFO - [2023-07-11T23:37:02.885+0000] {dag.py:2742} INFO - Sync 1 DAGs
[2023-07-11T23:37:02.906+0000] {logging_mixin.py:150} INFO - [2023-07-11T23:37:02.906+0000] {dag.py:3508} INFO - Setting next_dagrun for example_branch_dop_operator_v3 to 2023-07-11T23:36:00+00:00, run_after=2023-07-11T23:37:00+00:00
[2023-07-11T23:37:02.920+0000] {processor.py:179} INFO - Processing /home/airflow/.local/lib/python3.7/site-packages/airflow/example_dags/example_branch_python_dop_operator_3.py took 0.058 seconds
[2023-07-11T23:37:32.967+0000] {processor.py:157} INFO - Started process (PID=325) to work on /home/airflow/.local/lib/python3.7/site-packages/airflow/example_dags/example_branch_python_dop_operator_3.py
[2023-07-11T23:37:32.968+0000] {processor.py:826} INFO - Processing file /home/airflow/.local/lib/python3.7/site-packages/airflow/example_dags/example_branch_python_dop_operator_3.py for tasks to queue
[2023-07-11T23:37:32.968+0000] {logging_mixin.py:150} INFO - [2023-07-11T23:37:32.968+0000] {dagbag.py:541} INFO - Filling up the DagBag from /home/airflow/.local/lib/python3.7/site-packages/airflow/example_dags/example_branch_python_dop_operator_3.py
[2023-07-11T23:37:32.974+0000] {processor.py:836} INFO - DAG(s) dict_keys(['example_branch_dop_operator_v3']) retrieved from /home/airflow/.local/lib/python3.7/site-packages/airflow/example_dags/example_branch_python_dop_operator_3.py
[2023-07-11T23:37:32.990+0000] {logging_mixin.py:150} INFO - [2023-07-11T23:37:32.990+0000] {dag.py:2742} INFO - Sync 1 DAGs
[2023-07-11T23:37:33.014+0000] {logging_mixin.py:150} INFO - [2023-07-11T23:37:33.014+0000] {dag.py:3508} INFO - Setting next_dagrun for example_branch_dop_operator_v3 to 2023-07-11T23:36:00+00:00, run_after=2023-07-11T23:37:00+00:00
[2023-07-11T23:37:33.029+0000] {processor.py:179} INFO - Processing /home/airflow/.local/lib/python3.7/site-packages/airflow/example_dags/example_branch_python_dop_operator_3.py took 0.063 seconds
[2023-07-11T23:38:03.136+0000] {processor.py:157} INFO - Started process (PID=395) to work on /home/airflow/.local/lib/python3.7/site-packages/airflow/example_dags/example_branch_python_dop_operator_3.py
[2023-07-11T23:38:03.136+0000] {processor.py:826} INFO - Processing file /home/airflow/.local/lib/python3.7/site-packages/airflow/example_dags/example_branch_python_dop_operator_3.py for tasks to queue
[2023-07-11T23:38:03.137+0000] {logging_mixin.py:150} INFO - [2023-07-11T23:38:03.137+0000] {dagbag.py:541} INFO - Filling up the DagBag from /home/airflow/.local/lib/python3.7/site-packages/airflow/example_dags/example_branch_python_dop_operator_3.py
[2023-07-11T23:38:03.142+0000] {processor.py:836} INFO - DAG(s) dict_keys(['example_branch_dop_operator_v3']) retrieved from /home/airflow/.local/lib/python3.7/site-packages/airflow/example_dags/example_branch_python_dop_operator_3.py
[2023-07-11T23:38:03.158+0000] {logging_mixin.py:150} INFO - [2023-07-11T23:38:03.158+0000] {dag.py:2742} INFO - Sync 1 DAGs
[2023-07-11T23:38:03.180+0000] {logging_mixin.py:150} INFO - [2023-07-11T23:38:03.180+0000] {dag.py:3508} INFO - Setting next_dagrun for example_branch_dop_operator_v3 to 2023-07-11T23:37:00+00:00, run_after=2023-07-11T23:38:00+00:00
[2023-07-11T23:38:03.194+0000] {processor.py:179} INFO - Processing /home/airflow/.local/lib/python3.7/site-packages/airflow/example_dags/example_branch_python_dop_operator_3.py took 0.060 seconds
[2023-07-11T23:38:33.648+0000] {processor.py:157} INFO - Started process (PID=465) to work on /home/airflow/.local/lib/python3.7/site-packages/airflow/example_dags/example_branch_python_dop_operator_3.py
[2023-07-11T23:38:33.648+0000] {processor.py:826} INFO - Processing file /home/airflow/.local/lib/python3.7/site-packages/airflow/example_dags/example_branch_python_dop_operator_3.py for tasks to queue
[2023-07-11T23:38:33.649+0000] {logging_mixin.py:150} INFO - [2023-07-11T23:38:33.649+0000] {dagbag.py:541} INFO - Filling up the DagBag from /home/airflow/.local/lib/python3.7/site-packages/airflow/example_dags/example_branch_python_dop_operator_3.py
[2023-07-11T23:38:33.654+0000] {processor.py:836} INFO - DAG(s) dict_keys(['example_branch_dop_operator_v3']) retrieved from /home/airflow/.local/lib/python3.7/site-packages/airflow/example_dags/example_branch_python_dop_operator_3.py
[2023-07-11T23:38:33.672+0000] {logging_mixin.py:150} INFO - [2023-07-11T23:38:33.672+0000] {dag.py:2742} INFO - Sync 1 DAGs
[2023-07-11T23:38:33.698+0000] {logging_mixin.py:150} INFO - [2023-07-11T23:38:33.697+0000] {dag.py:3508} INFO - Setting next_dagrun for example_branch_dop_operator_v3 to 2023-07-11T23:37:00+00:00, run_after=2023-07-11T23:38:00+00:00
[2023-07-11T23:38:33.710+0000] {processor.py:179} INFO - Processing /home/airflow/.local/lib/python3.7/site-packages/airflow/example_dags/example_branch_python_dop_operator_3.py took 0.064 seconds
[2023-07-11T23:39:03.736+0000] {processor.py:157} INFO - Started process (PID=535) to work on /home/airflow/.local/lib/python3.7/site-packages/airflow/example_dags/example_branch_python_dop_operator_3.py
[2023-07-11T23:39:03.737+0000] {processor.py:826} INFO - Processing file /home/airflow/.local/lib/python3.7/site-packages/airflow/example_dags/example_branch_python_dop_operator_3.py for tasks to queue
[2023-07-11T23:39:03.738+0000] {logging_mixin.py:150} INFO - [2023-07-11T23:39:03.737+0000] {dagbag.py:541} INFO - Filling up the DagBag from /home/airflow/.local/lib/python3.7/site-packages/airflow/example_dags/example_branch_python_dop_operator_3.py
[2023-07-11T23:39:03.743+0000] {processor.py:836} INFO - DAG(s) dict_keys(['example_branch_dop_operator_v3']) retrieved from /home/airflow/.local/lib/python3.7/site-packages/airflow/example_dags/example_branch_python_dop_operator_3.py
[2023-07-11T23:39:03.759+0000] {logging_mixin.py:150} INFO - [2023-07-11T23:39:03.759+0000] {dag.py:2742} INFO - Sync 1 DAGs
[2023-07-11T23:39:03.781+0000] {logging_mixin.py:150} INFO - [2023-07-11T23:39:03.781+0000] {dag.py:3508} INFO - Setting next_dagrun for example_branch_dop_operator_v3 to 2023-07-11T23:38:00+00:00, run_after=2023-07-11T23:39:00+00:00
[2023-07-11T23:39:03.796+0000] {processor.py:179} INFO - Processing /home/airflow/.local/lib/python3.7/site-packages/airflow/example_dags/example_branch_python_dop_operator_3.py took 0.062 seconds
[2023-07-11T23:39:34.030+0000] {processor.py:157} INFO - Started process (PID=605) to work on /home/airflow/.local/lib/python3.7/site-packages/airflow/example_dags/example_branch_python_dop_operator_3.py
[2023-07-11T23:39:34.031+0000] {processor.py:826} INFO - Processing file /home/airflow/.local/lib/python3.7/site-packages/airflow/example_dags/example_branch_python_dop_operator_3.py for tasks to queue
[2023-07-11T23:39:34.031+0000] {logging_mixin.py:150} INFO - [2023-07-11T23:39:34.031+0000] {dagbag.py:541} INFO - Filling up the DagBag from /home/airflow/.local/lib/python3.7/site-packages/airflow/example_dags/example_branch_python_dop_operator_3.py
[2023-07-11T23:39:34.036+0000] {processor.py:836} INFO - DAG(s) dict_keys(['example_branch_dop_operator_v3']) retrieved from /home/airflow/.local/lib/python3.7/site-packages/airflow/example_dags/example_branch_python_dop_operator_3.py
[2023-07-11T23:39:34.052+0000] {logging_mixin.py:150} INFO - [2023-07-11T23:39:34.052+0000] {dag.py:2742} INFO - Sync 1 DAGs
[2023-07-11T23:39:34.072+0000] {logging_mixin.py:150} INFO - [2023-07-11T23:39:34.072+0000] {dag.py:3508} INFO - Setting next_dagrun for example_branch_dop_operator_v3 to 2023-07-11T23:38:00+00:00, run_after=2023-07-11T23:39:00+00:00
[2023-07-11T23:39:34.085+0000] {processor.py:179} INFO - Processing /home/airflow/.local/lib/python3.7/site-packages/airflow/example_dags/example_branch_python_dop_operator_3.py took 0.057 seconds
[2023-07-11T23:40:04.390+0000] {processor.py:157} INFO - Started process (PID=675) to work on /home/airflow/.local/lib/python3.7/site-packages/airflow/example_dags/example_branch_python_dop_operator_3.py
[2023-07-11T23:40:04.391+0000] {processor.py:826} INFO - Processing file /home/airflow/.local/lib/python3.7/site-packages/airflow/example_dags/example_branch_python_dop_operator_3.py for tasks to queue
[2023-07-11T23:40:04.391+0000] {logging_mixin.py:150} INFO - [2023-07-11T23:40:04.391+0000] {dagbag.py:541} INFO - Filling up the DagBag from /home/airflow/.local/lib/python3.7/site-packages/airflow/example_dags/example_branch_python_dop_operator_3.py
[2023-07-11T23:40:04.397+0000] {processor.py:836} INFO - DAG(s) dict_keys(['example_branch_dop_operator_v3']) retrieved from /home/airflow/.local/lib/python3.7/site-packages/airflow/example_dags/example_branch_python_dop_operator_3.py
[2023-07-11T23:40:04.413+0000] {logging_mixin.py:150} INFO - [2023-07-11T23:40:04.412+0000] {dag.py:2742} INFO - Sync 1 DAGs
[2023-07-11T23:40:04.433+0000] {logging_mixin.py:150} INFO - [2023-07-11T23:40:04.433+0000] {dag.py:3508} INFO - Setting next_dagrun for example_branch_dop_operator_v3 to 2023-07-11T23:39:00+00:00, run_after=2023-07-11T23:40:00+00:00
[2023-07-11T23:40:04.446+0000] {processor.py:179} INFO - Processing /home/airflow/.local/lib/python3.7/site-packages/airflow/example_dags/example_branch_python_dop_operator_3.py took 0.058 seconds
[2023-07-11T23:40:34.854+0000] {processor.py:157} INFO - Started process (PID=745) to work on /home/airflow/.local/lib/python3.7/site-packages/airflow/example_dags/example_branch_python_dop_operator_3.py
[2023-07-11T23:40:34.854+0000] {processor.py:826} INFO - Processing file /home/airflow/.local/lib/python3.7/site-packages/airflow/example_dags/example_branch_python_dop_operator_3.py for tasks to queue
[2023-07-11T23:40:34.855+0000] {logging_mixin.py:150} INFO - [2023-07-11T23:40:34.855+0000] {dagbag.py:541} INFO - Filling up the DagBag from /home/airflow/.local/lib/python3.7/site-packages/airflow/example_dags/example_branch_python_dop_operator_3.py
[2023-07-11T23:40:34.861+0000] {processor.py:836} INFO - DAG(s) dict_keys(['example_branch_dop_operator_v3']) retrieved from /home/airflow/.local/lib/python3.7/site-packages/airflow/example_dags/example_branch_python_dop_operator_3.py
[2023-07-11T23:40:34.882+0000] {logging_mixin.py:150} INFO - [2023-07-11T23:40:34.882+0000] {dag.py:2742} INFO - Sync 1 DAGs
[2023-07-11T23:40:34.917+0000] {logging_mixin.py:150} INFO - [2023-07-11T23:40:34.916+0000] {dag.py:3508} INFO - Setting next_dagrun for example_branch_dop_operator_v3 to 2023-07-11T23:39:00+00:00, run_after=2023-07-11T23:40:00+00:00
[2023-07-11T23:40:34.933+0000] {processor.py:179} INFO - Processing /home/airflow/.local/lib/python3.7/site-packages/airflow/example_dags/example_branch_python_dop_operator_3.py took 0.081 seconds
[2023-07-11T23:41:05.116+0000] {processor.py:157} INFO - Started process (PID=815) to work on /home/airflow/.local/lib/python3.7/site-packages/airflow/example_dags/example_branch_python_dop_operator_3.py
[2023-07-11T23:41:05.117+0000] {processor.py:826} INFO - Processing file /home/airflow/.local/lib/python3.7/site-packages/airflow/example_dags/example_branch_python_dop_operator_3.py for tasks to queue
[2023-07-11T23:41:05.117+0000] {logging_mixin.py:150} INFO - [2023-07-11T23:41:05.117+0000] {dagbag.py:541} INFO - Filling up the DagBag from /home/airflow/.local/lib/python3.7/site-packages/airflow/example_dags/example_branch_python_dop_operator_3.py
[2023-07-11T23:41:05.124+0000] {processor.py:836} INFO - DAG(s) dict_keys(['example_branch_dop_operator_v3']) retrieved from /home/airflow/.local/lib/python3.7/site-packages/airflow/example_dags/example_branch_python_dop_operator_3.py
[2023-07-11T23:41:05.145+0000] {logging_mixin.py:150} INFO - [2023-07-11T23:41:05.145+0000] {dag.py:2742} INFO - Sync 1 DAGs
[2023-07-11T23:41:05.169+0000] {logging_mixin.py:150} INFO - [2023-07-11T23:41:05.168+0000] {dag.py:3508} INFO - Setting next_dagrun for example_branch_dop_operator_v3 to 2023-07-11T23:40:00+00:00, run_after=2023-07-11T23:41:00+00:00
[2023-07-11T23:41:05.184+0000] {processor.py:179} INFO - Processing /home/airflow/.local/lib/python3.7/site-packages/airflow/example_dags/example_branch_python_dop_operator_3.py took 0.071 seconds
[2023-07-11T23:41:35.354+0000] {processor.py:157} INFO - Started process (PID=885) to work on /home/airflow/.local/lib/python3.7/site-packages/airflow/example_dags/example_branch_python_dop_operator_3.py
[2023-07-11T23:41:35.355+0000] {processor.py:826} INFO - Processing file /home/airflow/.local/lib/python3.7/site-packages/airflow/example_dags/example_branch_python_dop_operator_3.py for tasks to queue
[2023-07-11T23:41:35.355+0000] {logging_mixin.py:150} INFO - [2023-07-11T23:41:35.355+0000] {dagbag.py:541} INFO - Filling up the DagBag from /home/airflow/.local/lib/python3.7/site-packages/airflow/example_dags/example_branch_python_dop_operator_3.py
[2023-07-11T23:41:35.362+0000] {processor.py:836} INFO - DAG(s) dict_keys(['example_branch_dop_operator_v3']) retrieved from /home/airflow/.local/lib/python3.7/site-packages/airflow/example_dags/example_branch_python_dop_operator_3.py
[2023-07-11T23:41:35.383+0000] {logging_mixin.py:150} INFO - [2023-07-11T23:41:35.383+0000] {dag.py:2742} INFO - Sync 1 DAGs
[2023-07-11T23:41:35.408+0000] {logging_mixin.py:150} INFO - [2023-07-11T23:41:35.407+0000] {dag.py:3508} INFO - Setting next_dagrun for example_branch_dop_operator_v3 to 2023-07-11T23:40:00+00:00, run_after=2023-07-11T23:41:00+00:00
[2023-07-11T23:41:35.421+0000] {processor.py:179} INFO - Processing /home/airflow/.local/lib/python3.7/site-packages/airflow/example_dags/example_branch_python_dop_operator_3.py took 0.070 seconds
[2023-07-11T23:42:05.516+0000] {processor.py:157} INFO - Started process (PID=955) to work on /home/airflow/.local/lib/python3.7/site-packages/airflow/example_dags/example_branch_python_dop_operator_3.py
[2023-07-11T23:42:05.516+0000] {processor.py:826} INFO - Processing file /home/airflow/.local/lib/python3.7/site-packages/airflow/example_dags/example_branch_python_dop_operator_3.py for tasks to queue
[2023-07-11T23:42:05.517+0000] {logging_mixin.py:150} INFO - [2023-07-11T23:42:05.517+0000] {dagbag.py:541} INFO - Filling up the DagBag from /home/airflow/.local/lib/python3.7/site-packages/airflow/example_dags/example_branch_python_dop_operator_3.py
[2023-07-11T23:42:05.522+0000] {processor.py:836} INFO - DAG(s) dict_keys(['example_branch_dop_operator_v3']) retrieved from /home/airflow/.local/lib/python3.7/site-packages/airflow/example_dags/example_branch_python_dop_operator_3.py
[2023-07-11T23:42:05.538+0000] {logging_mixin.py:150} INFO - [2023-07-11T23:42:05.538+0000] {dag.py:2742} INFO - Sync 1 DAGs
[2023-07-11T23:42:05.559+0000] {logging_mixin.py:150} INFO - [2023-07-11T23:42:05.559+0000] {dag.py:3508} INFO - Setting next_dagrun for example_branch_dop_operator_v3 to 2023-07-11T23:41:00+00:00, run_after=2023-07-11T23:42:00+00:00
[2023-07-11T23:42:05.572+0000] {processor.py:179} INFO - Processing /home/airflow/.local/lib/python3.7/site-packages/airflow/example_dags/example_branch_python_dop_operator_3.py took 0.058 seconds
[2023-07-11T23:42:35.835+0000] {processor.py:157} INFO - Started process (PID=1025) to work on /home/airflow/.local/lib/python3.7/site-packages/airflow/example_dags/example_branch_python_dop_operator_3.py
[2023-07-11T23:42:35.836+0000] {processor.py:826} INFO - Processing file /home/airflow/.local/lib/python3.7/site-packages/airflow/example_dags/example_branch_python_dop_operator_3.py for tasks to queue
[2023-07-11T23:42:35.836+0000] {logging_mixin.py:150} INFO - [2023-07-11T23:42:35.836+0000] {dagbag.py:541} INFO - Filling up the DagBag from /home/airflow/.local/lib/python3.7/site-packages/airflow/example_dags/example_branch_python_dop_operator_3.py
[2023-07-11T23:42:35.844+0000] {processor.py:836} INFO - DAG(s) dict_keys(['example_branch_dop_operator_v3']) retrieved from /home/airflow/.local/lib/python3.7/site-packages/airflow/example_dags/example_branch_python_dop_operator_3.py
[2023-07-11T23:42:35.864+0000] {logging_mixin.py:150} INFO - [2023-07-11T23:42:35.864+0000] {dag.py:2742} INFO - Sync 1 DAGs
[2023-07-11T23:42:35.889+0000] {logging_mixin.py:150} INFO - [2023-07-11T23:42:35.889+0000] {dag.py:3508} INFO - Setting next_dagrun for example_branch_dop_operator_v3 to 2023-07-11T23:41:00+00:00, run_after=2023-07-11T23:42:00+00:00
[2023-07-11T23:42:35.904+0000] {processor.py:179} INFO - Processing /home/airflow/.local/lib/python3.7/site-packages/airflow/example_dags/example_branch_python_dop_operator_3.py took 0.072 seconds
[2023-07-11T23:43:06.002+0000] {processor.py:157} INFO - Started process (PID=1095) to work on /home/airflow/.local/lib/python3.7/site-packages/airflow/example_dags/example_branch_python_dop_operator_3.py
[2023-07-11T23:43:06.003+0000] {processor.py:826} INFO - Processing file /home/airflow/.local/lib/python3.7/site-packages/airflow/example_dags/example_branch_python_dop_operator_3.py for tasks to queue
[2023-07-11T23:43:06.004+0000] {logging_mixin.py:150} INFO - [2023-07-11T23:43:06.003+0000] {dagbag.py:541} INFO - Filling up the DagBag from /home/airflow/.local/lib/python3.7/site-packages/airflow/example_dags/example_branch_python_dop_operator_3.py
[2023-07-11T23:43:06.009+0000] {processor.py:836} INFO - DAG(s) dict_keys(['example_branch_dop_operator_v3']) retrieved from /home/airflow/.local/lib/python3.7/site-packages/airflow/example_dags/example_branch_python_dop_operator_3.py
[2023-07-11T23:43:06.024+0000] {logging_mixin.py:150} INFO - [2023-07-11T23:43:06.023+0000] {dag.py:2742} INFO - Sync 1 DAGs
[2023-07-11T23:43:06.044+0000] {logging_mixin.py:150} INFO - [2023-07-11T23:43:06.044+0000] {dag.py:3508} INFO - Setting next_dagrun for example_branch_dop_operator_v3 to 2023-07-11T23:42:00+00:00, run_after=2023-07-11T23:43:00+00:00
[2023-07-11T23:43:06.057+0000] {processor.py:179} INFO - Processing /home/airflow/.local/lib/python3.7/site-packages/airflow/example_dags/example_branch_python_dop_operator_3.py took 0.056 seconds
[2023-07-11T23:43:36.777+0000] {processor.py:157} INFO - Started process (PID=1165) to work on /home/airflow/.local/lib/python3.7/site-packages/airflow/example_dags/example_branch_python_dop_operator_3.py
[2023-07-11T23:43:36.777+0000] {processor.py:826} INFO - Processing file /home/airflow/.local/lib/python3.7/site-packages/airflow/example_dags/example_branch_python_dop_operator_3.py for tasks to queue
[2023-07-11T23:43:36.778+0000] {logging_mixin.py:150} INFO - [2023-07-11T23:43:36.778+0000] {dagbag.py:541} INFO - Filling up the DagBag from /home/airflow/.local/lib/python3.7/site-packages/airflow/example_dags/example_branch_python_dop_operator_3.py
[2023-07-11T23:43:36.783+0000] {processor.py:836} INFO - DAG(s) dict_keys(['example_branch_dop_operator_v3']) retrieved from /home/airflow/.local/lib/python3.7/site-packages/airflow/example_dags/example_branch_python_dop_operator_3.py
[2023-07-11T23:43:36.800+0000] {logging_mixin.py:150} INFO - [2023-07-11T23:43:36.800+0000] {dag.py:2742} INFO - Sync 1 DAGs
[2023-07-11T23:43:36.825+0000] {logging_mixin.py:150} INFO - [2023-07-11T23:43:36.824+0000] {dag.py:3508} INFO - Setting next_dagrun for example_branch_dop_operator_v3 to 2023-07-11T23:42:00+00:00, run_after=2023-07-11T23:43:00+00:00
[2023-07-11T23:43:36.839+0000] {processor.py:179} INFO - Processing /home/airflow/.local/lib/python3.7/site-packages/airflow/example_dags/example_branch_python_dop_operator_3.py took 0.064 seconds
[2023-07-11T23:44:06.961+0000] {processor.py:157} INFO - Started process (PID=1235) to work on /home/airflow/.local/lib/python3.7/site-packages/airflow/example_dags/example_branch_python_dop_operator_3.py
[2023-07-11T23:44:06.962+0000] {processor.py:826} INFO - Processing file /home/airflow/.local/lib/python3.7/site-packages/airflow/example_dags/example_branch_python_dop_operator_3.py for tasks to queue
[2023-07-11T23:44:06.962+0000] {logging_mixin.py:150} INFO - [2023-07-11T23:44:06.962+0000] {dagbag.py:541} INFO - Filling up the DagBag from /home/airflow/.local/lib/python3.7/site-packages/airflow/example_dags/example_branch_python_dop_operator_3.py
[2023-07-11T23:44:06.967+0000] {processor.py:836} INFO - DAG(s) dict_keys(['example_branch_dop_operator_v3']) retrieved from /home/airflow/.local/lib/python3.7/site-packages/airflow/example_dags/example_branch_python_dop_operator_3.py
[2023-07-11T23:44:06.984+0000] {logging_mixin.py:150} INFO - [2023-07-11T23:44:06.984+0000] {dag.py:2742} INFO - Sync 1 DAGs
[2023-07-11T23:44:07.007+0000] {logging_mixin.py:150} INFO - [2023-07-11T23:44:07.007+0000] {dag.py:3508} INFO - Setting next_dagrun for example_branch_dop_operator_v3 to 2023-07-11T23:43:00+00:00, run_after=2023-07-11T23:44:00+00:00
[2023-07-11T23:44:07.021+0000] {processor.py:179} INFO - Processing /home/airflow/.local/lib/python3.7/site-packages/airflow/example_dags/example_branch_python_dop_operator_3.py took 0.061 seconds
[2023-07-11T23:44:37.427+0000] {processor.py:157} INFO - Started process (PID=1305) to work on /home/airflow/.local/lib/python3.7/site-packages/airflow/example_dags/example_branch_python_dop_operator_3.py
[2023-07-11T23:44:37.427+0000] {processor.py:826} INFO - Processing file /home/airflow/.local/lib/python3.7/site-packages/airflow/example_dags/example_branch_python_dop_operator_3.py for tasks to queue
[2023-07-11T23:44:37.428+0000] {logging_mixin.py:150} INFO - [2023-07-11T23:44:37.428+0000] {dagbag.py:541} INFO - Filling up the DagBag from /home/airflow/.local/lib/python3.7/site-packages/airflow/example_dags/example_branch_python_dop_operator_3.py
[2023-07-11T23:44:37.433+0000] {processor.py:836} INFO - DAG(s) dict_keys(['example_branch_dop_operator_v3']) retrieved from /home/airflow/.local/lib/python3.7/site-packages/airflow/example_dags/example_branch_python_dop_operator_3.py
[2023-07-11T23:44:37.448+0000] {logging_mixin.py:150} INFO - [2023-07-11T23:44:37.448+0000] {dag.py:2742} INFO - Sync 1 DAGs
[2023-07-11T23:44:37.468+0000] {logging_mixin.py:150} INFO - [2023-07-11T23:44:37.468+0000] {dag.py:3508} INFO - Setting next_dagrun for example_branch_dop_operator_v3 to 2023-07-11T23:43:00+00:00, run_after=2023-07-11T23:44:00+00:00
[2023-07-11T23:44:37.479+0000] {processor.py:179} INFO - Processing /home/airflow/.local/lib/python3.7/site-packages/airflow/example_dags/example_branch_python_dop_operator_3.py took 0.054 seconds
[2023-07-11T23:45:07.788+0000] {processor.py:157} INFO - Started process (PID=1375) to work on /home/airflow/.local/lib/python3.7/site-packages/airflow/example_dags/example_branch_python_dop_operator_3.py
[2023-07-11T23:45:07.789+0000] {processor.py:826} INFO - Processing file /home/airflow/.local/lib/python3.7/site-packages/airflow/example_dags/example_branch_python_dop_operator_3.py for tasks to queue
[2023-07-11T23:45:07.789+0000] {logging_mixin.py:150} INFO - [2023-07-11T23:45:07.789+0000] {dagbag.py:541} INFO - Filling up the DagBag from /home/airflow/.local/lib/python3.7/site-packages/airflow/example_dags/example_branch_python_dop_operator_3.py
[2023-07-11T23:45:07.795+0000] {processor.py:836} INFO - DAG(s) dict_keys(['example_branch_dop_operator_v3']) retrieved from /home/airflow/.local/lib/python3.7/site-packages/airflow/example_dags/example_branch_python_dop_operator_3.py
[2023-07-11T23:45:07.815+0000] {logging_mixin.py:150} INFO - [2023-07-11T23:45:07.815+0000] {dag.py:2742} INFO - Sync 1 DAGs
[2023-07-11T23:45:07.842+0000] {logging_mixin.py:150} INFO - [2023-07-11T23:45:07.842+0000] {dag.py:3508} INFO - Setting next_dagrun for example_branch_dop_operator_v3 to 2023-07-11T23:44:00+00:00, run_after=2023-07-11T23:45:00+00:00
[2023-07-11T23:45:07.854+0000] {processor.py:179} INFO - Processing /home/airflow/.local/lib/python3.7/site-packages/airflow/example_dags/example_branch_python_dop_operator_3.py took 0.068 seconds
[2023-07-11T23:45:37.878+0000] {processor.py:157} INFO - Started process (PID=1445) to work on /home/airflow/.local/lib/python3.7/site-packages/airflow/example_dags/example_branch_python_dop_operator_3.py
[2023-07-11T23:45:37.878+0000] {processor.py:826} INFO - Processing file /home/airflow/.local/lib/python3.7/site-packages/airflow/example_dags/example_branch_python_dop_operator_3.py for tasks to queue
[2023-07-11T23:45:37.879+0000] {logging_mixin.py:150} INFO - [2023-07-11T23:45:37.878+0000] {dagbag.py:541} INFO - Filling up the DagBag from /home/airflow/.local/lib/python3.7/site-packages/airflow/example_dags/example_branch_python_dop_operator_3.py
[2023-07-11T23:45:37.884+0000] {processor.py:836} INFO - DAG(s) dict_keys(['example_branch_dop_operator_v3']) retrieved from /home/airflow/.local/lib/python3.7/site-packages/airflow/example_dags/example_branch_python_dop_operator_3.py
[2023-07-11T23:45:37.898+0000] {logging_mixin.py:150} INFO - [2023-07-11T23:45:37.898+0000] {dag.py:2742} INFO - Sync 1 DAGs
[2023-07-11T23:45:37.919+0000] {logging_mixin.py:150} INFO - [2023-07-11T23:45:37.919+0000] {dag.py:3508} INFO - Setting next_dagrun for example_branch_dop_operator_v3 to 2023-07-11T23:44:00+00:00, run_after=2023-07-11T23:45:00+00:00
[2023-07-11T23:45:37.931+0000] {processor.py:179} INFO - Processing /home/airflow/.local/lib/python3.7/site-packages/airflow/example_dags/example_branch_python_dop_operator_3.py took 0.055 seconds
[2023-07-11T23:46:08.054+0000] {processor.py:157} INFO - Started process (PID=1515) to work on /home/airflow/.local/lib/python3.7/site-packages/airflow/example_dags/example_branch_python_dop_operator_3.py
[2023-07-11T23:46:08.055+0000] {processor.py:826} INFO - Processing file /home/airflow/.local/lib/python3.7/site-packages/airflow/example_dags/example_branch_python_dop_operator_3.py for tasks to queue
[2023-07-11T23:46:08.055+0000] {logging_mixin.py:150} INFO - [2023-07-11T23:46:08.055+0000] {dagbag.py:541} INFO - Filling up the DagBag from /home/airflow/.local/lib/python3.7/site-packages/airflow/example_dags/example_branch_python_dop_operator_3.py
[2023-07-11T23:46:08.060+0000] {processor.py:836} INFO - DAG(s) dict_keys(['example_branch_dop_operator_v3']) retrieved from /home/airflow/.local/lib/python3.7/site-packages/airflow/example_dags/example_branch_python_dop_operator_3.py
[2023-07-11T23:46:08.077+0000] {logging_mixin.py:150} INFO - [2023-07-11T23:46:08.077+0000] {dag.py:2742} INFO - Sync 1 DAGs
[2023-07-11T23:46:08.102+0000] {logging_mixin.py:150} INFO - [2023-07-11T23:46:08.102+0000] {dag.py:3508} INFO - Setting next_dagrun for example_branch_dop_operator_v3 to 2023-07-11T23:45:00+00:00, run_after=2023-07-11T23:46:00+00:00
[2023-07-11T23:46:08.114+0000] {processor.py:179} INFO - Processing /home/airflow/.local/lib/python3.7/site-packages/airflow/example_dags/example_branch_python_dop_operator_3.py took 0.062 seconds
[2023-07-11T23:46:38.155+0000] {processor.py:157} INFO - Started process (PID=1585) to work on /home/airflow/.local/lib/python3.7/site-packages/airflow/example_dags/example_branch_python_dop_operator_3.py
[2023-07-11T23:46:38.155+0000] {processor.py:826} INFO - Processing file /home/airflow/.local/lib/python3.7/site-packages/airflow/example_dags/example_branch_python_dop_operator_3.py for tasks to queue
[2023-07-11T23:46:38.156+0000] {logging_mixin.py:150} INFO - [2023-07-11T23:46:38.155+0000] {dagbag.py:541} INFO - Filling up the DagBag from /home/airflow/.local/lib/python3.7/site-packages/airflow/example_dags/example_branch_python_dop_operator_3.py
[2023-07-11T23:46:38.161+0000] {processor.py:836} INFO - DAG(s) dict_keys(['example_branch_dop_operator_v3']) retrieved from /home/airflow/.local/lib/python3.7/site-packages/airflow/example_dags/example_branch_python_dop_operator_3.py
[2023-07-11T23:46:38.175+0000] {logging_mixin.py:150} INFO - [2023-07-11T23:46:38.175+0000] {dag.py:2742} INFO - Sync 1 DAGs
[2023-07-11T23:46:38.198+0000] {logging_mixin.py:150} INFO - [2023-07-11T23:46:38.198+0000] {dag.py:3508} INFO - Setting next_dagrun for example_branch_dop_operator_v3 to 2023-07-11T23:45:00+00:00, run_after=2023-07-11T23:46:00+00:00
[2023-07-11T23:46:38.209+0000] {processor.py:179} INFO - Processing /home/airflow/.local/lib/python3.7/site-packages/airflow/example_dags/example_branch_python_dop_operator_3.py took 0.057 seconds
[2023-07-11T23:47:08.512+0000] {processor.py:157} INFO - Started process (PID=1655) to work on /home/airflow/.local/lib/python3.7/site-packages/airflow/example_dags/example_branch_python_dop_operator_3.py
[2023-07-11T23:47:08.513+0000] {processor.py:826} INFO - Processing file /home/airflow/.local/lib/python3.7/site-packages/airflow/example_dags/example_branch_python_dop_operator_3.py for tasks to queue
[2023-07-11T23:47:08.513+0000] {logging_mixin.py:150} INFO - [2023-07-11T23:47:08.513+0000] {dagbag.py:541} INFO - Filling up the DagBag from /home/airflow/.local/lib/python3.7/site-packages/airflow/example_dags/example_branch_python_dop_operator_3.py
[2023-07-11T23:47:08.518+0000] {processor.py:836} INFO - DAG(s) dict_keys(['example_branch_dop_operator_v3']) retrieved from /home/airflow/.local/lib/python3.7/site-packages/airflow/example_dags/example_branch_python_dop_operator_3.py
[2023-07-11T23:47:08.533+0000] {logging_mixin.py:150} INFO - [2023-07-11T23:47:08.532+0000] {dag.py:2742} INFO - Sync 1 DAGs
[2023-07-11T23:47:08.554+0000] {logging_mixin.py:150} INFO - [2023-07-11T23:47:08.554+0000] {dag.py:3508} INFO - Setting next_dagrun for example_branch_dop_operator_v3 to 2023-07-11T23:46:00+00:00, run_after=2023-07-11T23:47:00+00:00
[2023-07-11T23:47:08.566+0000] {processor.py:179} INFO - Processing /home/airflow/.local/lib/python3.7/site-packages/airflow/example_dags/example_branch_python_dop_operator_3.py took 0.055 seconds
