[2023-07-11T23:35:33.189+0000] {processor.py:157} INFO - Started process (PID=60) to work on /home/airflow/.local/lib/python3.7/site-packages/airflow/example_dags/example_sensor_decorator.py
[2023-07-11T23:35:33.190+0000] {processor.py:826} INFO - Processing file /home/airflow/.local/lib/python3.7/site-packages/airflow/example_dags/example_sensor_decorator.py for tasks to queue
[2023-07-11T23:35:33.190+0000] {logging_mixin.py:150} INFO - [2023-07-11T23:35:33.190+0000] {dagbag.py:541} INFO - Filling up the DagBag from /home/airflow/.local/lib/python3.7/site-packages/airflow/example_dags/example_sensor_decorator.py
[2023-07-11T23:35:33.196+0000] {processor.py:836} INFO - DAG(s) dict_keys(['example_sensor_decorator']) retrieved from /home/airflow/.local/lib/python3.7/site-packages/airflow/example_dags/example_sensor_decorator.py
[2023-07-11T23:35:33.205+0000] {logging_mixin.py:150} INFO - [2023-07-11T23:35:33.205+0000] {dag.py:2742} INFO - Sync 1 DAGs
[2023-07-11T23:35:33.229+0000] {logging_mixin.py:150} INFO - [2023-07-11T23:35:33.229+0000] {dag.py:3508} INFO - Setting next_dagrun for example_sensor_decorator to None, run_after=None
[2023-07-11T23:35:33.245+0000] {processor.py:179} INFO - Processing /home/airflow/.local/lib/python3.7/site-packages/airflow/example_dags/example_sensor_decorator.py took 0.059 seconds
[2023-07-11T23:36:04.316+0000] {processor.py:157} INFO - Started process (PID=130) to work on /home/airflow/.local/lib/python3.7/site-packages/airflow/example_dags/example_sensor_decorator.py
[2023-07-11T23:36:04.317+0000] {processor.py:826} INFO - Processing file /home/airflow/.local/lib/python3.7/site-packages/airflow/example_dags/example_sensor_decorator.py for tasks to queue
[2023-07-11T23:36:04.317+0000] {logging_mixin.py:150} INFO - [2023-07-11T23:36:04.317+0000] {dagbag.py:541} INFO - Filling up the DagBag from /home/airflow/.local/lib/python3.7/site-packages/airflow/example_dags/example_sensor_decorator.py
[2023-07-11T23:36:04.320+0000] {processor.py:836} INFO - DAG(s) dict_keys(['example_sensor_decorator']) retrieved from /home/airflow/.local/lib/python3.7/site-packages/airflow/example_dags/example_sensor_decorator.py
[2023-07-11T23:36:04.336+0000] {logging_mixin.py:150} INFO - [2023-07-11T23:36:04.335+0000] {dag.py:2742} INFO - Sync 1 DAGs
[2023-07-11T23:36:04.353+0000] {logging_mixin.py:150} INFO - [2023-07-11T23:36:04.353+0000] {dag.py:3508} INFO - Setting next_dagrun for example_sensor_decorator to None, run_after=None
[2023-07-11T23:36:04.366+0000] {processor.py:179} INFO - Processing /home/airflow/.local/lib/python3.7/site-packages/airflow/example_dags/example_sensor_decorator.py took 0.052 seconds
[2023-07-11T23:36:35.467+0000] {processor.py:157} INFO - Started process (PID=200) to work on /home/airflow/.local/lib/python3.7/site-packages/airflow/example_dags/example_sensor_decorator.py
[2023-07-11T23:36:35.467+0000] {processor.py:826} INFO - Processing file /home/airflow/.local/lib/python3.7/site-packages/airflow/example_dags/example_sensor_decorator.py for tasks to queue
[2023-07-11T23:36:35.468+0000] {logging_mixin.py:150} INFO - [2023-07-11T23:36:35.467+0000] {dagbag.py:541} INFO - Filling up the DagBag from /home/airflow/.local/lib/python3.7/site-packages/airflow/example_dags/example_sensor_decorator.py
[2023-07-11T23:36:35.472+0000] {processor.py:836} INFO - DAG(s) dict_keys(['example_sensor_decorator']) retrieved from /home/airflow/.local/lib/python3.7/site-packages/airflow/example_dags/example_sensor_decorator.py
[2023-07-11T23:36:35.490+0000] {logging_mixin.py:150} INFO - [2023-07-11T23:36:35.490+0000] {dag.py:2742} INFO - Sync 1 DAGs
[2023-07-11T23:36:35.509+0000] {logging_mixin.py:150} INFO - [2023-07-11T23:36:35.509+0000] {dag.py:3508} INFO - Setting next_dagrun for example_sensor_decorator to None, run_after=None
[2023-07-11T23:36:35.524+0000] {processor.py:179} INFO - Processing /home/airflow/.local/lib/python3.7/site-packages/airflow/example_dags/example_sensor_decorator.py took 0.060 seconds
[2023-07-11T23:37:06.589+0000] {processor.py:157} INFO - Started process (PID=270) to work on /home/airflow/.local/lib/python3.7/site-packages/airflow/example_dags/example_sensor_decorator.py
[2023-07-11T23:37:06.590+0000] {processor.py:826} INFO - Processing file /home/airflow/.local/lib/python3.7/site-packages/airflow/example_dags/example_sensor_decorator.py for tasks to queue
[2023-07-11T23:37:06.590+0000] {logging_mixin.py:150} INFO - [2023-07-11T23:37:06.590+0000] {dagbag.py:541} INFO - Filling up the DagBag from /home/airflow/.local/lib/python3.7/site-packages/airflow/example_dags/example_sensor_decorator.py
[2023-07-11T23:37:06.595+0000] {processor.py:836} INFO - DAG(s) dict_keys(['example_sensor_decorator']) retrieved from /home/airflow/.local/lib/python3.7/site-packages/airflow/example_dags/example_sensor_decorator.py
[2023-07-11T23:37:06.615+0000] {logging_mixin.py:150} INFO - [2023-07-11T23:37:06.615+0000] {dag.py:2742} INFO - Sync 1 DAGs
[2023-07-11T23:37:06.633+0000] {logging_mixin.py:150} INFO - [2023-07-11T23:37:06.633+0000] {dag.py:3508} INFO - Setting next_dagrun for example_sensor_decorator to None, run_after=None
[2023-07-11T23:37:06.647+0000] {processor.py:179} INFO - Processing /home/airflow/.local/lib/python3.7/site-packages/airflow/example_dags/example_sensor_decorator.py took 0.060 seconds
[2023-07-11T23:37:37.842+0000] {processor.py:157} INFO - Started process (PID=340) to work on /home/airflow/.local/lib/python3.7/site-packages/airflow/example_dags/example_sensor_decorator.py
[2023-07-11T23:37:37.842+0000] {processor.py:826} INFO - Processing file /home/airflow/.local/lib/python3.7/site-packages/airflow/example_dags/example_sensor_decorator.py for tasks to queue
[2023-07-11T23:37:37.843+0000] {logging_mixin.py:150} INFO - [2023-07-11T23:37:37.843+0000] {dagbag.py:541} INFO - Filling up the DagBag from /home/airflow/.local/lib/python3.7/site-packages/airflow/example_dags/example_sensor_decorator.py
[2023-07-11T23:37:37.846+0000] {processor.py:836} INFO - DAG(s) dict_keys(['example_sensor_decorator']) retrieved from /home/airflow/.local/lib/python3.7/site-packages/airflow/example_dags/example_sensor_decorator.py
[2023-07-11T23:37:37.863+0000] {logging_mixin.py:150} INFO - [2023-07-11T23:37:37.863+0000] {dag.py:2742} INFO - Sync 1 DAGs
[2023-07-11T23:37:37.880+0000] {logging_mixin.py:150} INFO - [2023-07-11T23:37:37.880+0000] {dag.py:3508} INFO - Setting next_dagrun for example_sensor_decorator to None, run_after=None
[2023-07-11T23:37:37.893+0000] {processor.py:179} INFO - Processing /home/airflow/.local/lib/python3.7/site-packages/airflow/example_dags/example_sensor_decorator.py took 0.053 seconds
[2023-07-11T23:38:08.979+0000] {processor.py:157} INFO - Started process (PID=410) to work on /home/airflow/.local/lib/python3.7/site-packages/airflow/example_dags/example_sensor_decorator.py
[2023-07-11T23:38:08.979+0000] {processor.py:826} INFO - Processing file /home/airflow/.local/lib/python3.7/site-packages/airflow/example_dags/example_sensor_decorator.py for tasks to queue
[2023-07-11T23:38:08.980+0000] {logging_mixin.py:150} INFO - [2023-07-11T23:38:08.979+0000] {dagbag.py:541} INFO - Filling up the DagBag from /home/airflow/.local/lib/python3.7/site-packages/airflow/example_dags/example_sensor_decorator.py
[2023-07-11T23:38:08.983+0000] {processor.py:836} INFO - DAG(s) dict_keys(['example_sensor_decorator']) retrieved from /home/airflow/.local/lib/python3.7/site-packages/airflow/example_dags/example_sensor_decorator.py
[2023-07-11T23:38:08.998+0000] {logging_mixin.py:150} INFO - [2023-07-11T23:38:08.998+0000] {dag.py:2742} INFO - Sync 1 DAGs
[2023-07-11T23:38:09.017+0000] {logging_mixin.py:150} INFO - [2023-07-11T23:38:09.017+0000] {dag.py:3508} INFO - Setting next_dagrun for example_sensor_decorator to None, run_after=None
[2023-07-11T23:38:09.031+0000] {processor.py:179} INFO - Processing /home/airflow/.local/lib/python3.7/site-packages/airflow/example_dags/example_sensor_decorator.py took 0.054 seconds
[2023-07-11T23:38:39.473+0000] {processor.py:157} INFO - Started process (PID=480) to work on /home/airflow/.local/lib/python3.7/site-packages/airflow/example_dags/example_sensor_decorator.py
[2023-07-11T23:38:39.474+0000] {processor.py:826} INFO - Processing file /home/airflow/.local/lib/python3.7/site-packages/airflow/example_dags/example_sensor_decorator.py for tasks to queue
[2023-07-11T23:38:39.474+0000] {logging_mixin.py:150} INFO - [2023-07-11T23:38:39.474+0000] {dagbag.py:541} INFO - Filling up the DagBag from /home/airflow/.local/lib/python3.7/site-packages/airflow/example_dags/example_sensor_decorator.py
[2023-07-11T23:38:39.477+0000] {processor.py:836} INFO - DAG(s) dict_keys(['example_sensor_decorator']) retrieved from /home/airflow/.local/lib/python3.7/site-packages/airflow/example_dags/example_sensor_decorator.py
[2023-07-11T23:38:39.493+0000] {logging_mixin.py:150} INFO - [2023-07-11T23:38:39.492+0000] {dag.py:2742} INFO - Sync 1 DAGs
[2023-07-11T23:38:39.509+0000] {logging_mixin.py:150} INFO - [2023-07-11T23:38:39.509+0000] {dag.py:3508} INFO - Setting next_dagrun for example_sensor_decorator to None, run_after=None
[2023-07-11T23:38:39.522+0000] {processor.py:179} INFO - Processing /home/airflow/.local/lib/python3.7/site-packages/airflow/example_dags/example_sensor_decorator.py took 0.050 seconds
[2023-07-11T23:39:09.730+0000] {processor.py:157} INFO - Started process (PID=550) to work on /home/airflow/.local/lib/python3.7/site-packages/airflow/example_dags/example_sensor_decorator.py
[2023-07-11T23:39:09.731+0000] {processor.py:826} INFO - Processing file /home/airflow/.local/lib/python3.7/site-packages/airflow/example_dags/example_sensor_decorator.py for tasks to queue
[2023-07-11T23:39:09.731+0000] {logging_mixin.py:150} INFO - [2023-07-11T23:39:09.731+0000] {dagbag.py:541} INFO - Filling up the DagBag from /home/airflow/.local/lib/python3.7/site-packages/airflow/example_dags/example_sensor_decorator.py
[2023-07-11T23:39:09.736+0000] {processor.py:836} INFO - DAG(s) dict_keys(['example_sensor_decorator']) retrieved from /home/airflow/.local/lib/python3.7/site-packages/airflow/example_dags/example_sensor_decorator.py
[2023-07-11T23:39:09.756+0000] {logging_mixin.py:150} INFO - [2023-07-11T23:39:09.756+0000] {dag.py:2742} INFO - Sync 1 DAGs
[2023-07-11T23:39:09.775+0000] {logging_mixin.py:150} INFO - [2023-07-11T23:39:09.774+0000] {dag.py:3508} INFO - Setting next_dagrun for example_sensor_decorator to None, run_after=None
[2023-07-11T23:39:09.788+0000] {processor.py:179} INFO - Processing /home/airflow/.local/lib/python3.7/site-packages/airflow/example_dags/example_sensor_decorator.py took 0.061 seconds
[2023-07-11T23:39:40.783+0000] {processor.py:157} INFO - Started process (PID=620) to work on /home/airflow/.local/lib/python3.7/site-packages/airflow/example_dags/example_sensor_decorator.py
[2023-07-11T23:39:40.783+0000] {processor.py:826} INFO - Processing file /home/airflow/.local/lib/python3.7/site-packages/airflow/example_dags/example_sensor_decorator.py for tasks to queue
[2023-07-11T23:39:40.783+0000] {logging_mixin.py:150} INFO - [2023-07-11T23:39:40.783+0000] {dagbag.py:541} INFO - Filling up the DagBag from /home/airflow/.local/lib/python3.7/site-packages/airflow/example_dags/example_sensor_decorator.py
[2023-07-11T23:39:40.787+0000] {processor.py:836} INFO - DAG(s) dict_keys(['example_sensor_decorator']) retrieved from /home/airflow/.local/lib/python3.7/site-packages/airflow/example_dags/example_sensor_decorator.py
[2023-07-11T23:39:40.804+0000] {logging_mixin.py:150} INFO - [2023-07-11T23:39:40.803+0000] {dag.py:2742} INFO - Sync 1 DAGs
[2023-07-11T23:39:40.822+0000] {logging_mixin.py:150} INFO - [2023-07-11T23:39:40.822+0000] {dag.py:3508} INFO - Setting next_dagrun for example_sensor_decorator to None, run_after=None
[2023-07-11T23:39:40.835+0000] {processor.py:179} INFO - Processing /home/airflow/.local/lib/python3.7/site-packages/airflow/example_dags/example_sensor_decorator.py took 0.054 seconds
[2023-07-11T23:40:11.059+0000] {processor.py:157} INFO - Started process (PID=690) to work on /home/airflow/.local/lib/python3.7/site-packages/airflow/example_dags/example_sensor_decorator.py
[2023-07-11T23:40:11.059+0000] {processor.py:826} INFO - Processing file /home/airflow/.local/lib/python3.7/site-packages/airflow/example_dags/example_sensor_decorator.py for tasks to queue
[2023-07-11T23:40:11.060+0000] {logging_mixin.py:150} INFO - [2023-07-11T23:40:11.060+0000] {dagbag.py:541} INFO - Filling up the DagBag from /home/airflow/.local/lib/python3.7/site-packages/airflow/example_dags/example_sensor_decorator.py
[2023-07-11T23:40:11.064+0000] {processor.py:836} INFO - DAG(s) dict_keys(['example_sensor_decorator']) retrieved from /home/airflow/.local/lib/python3.7/site-packages/airflow/example_dags/example_sensor_decorator.py
[2023-07-11T23:40:11.082+0000] {logging_mixin.py:150} INFO - [2023-07-11T23:40:11.081+0000] {dag.py:2742} INFO - Sync 1 DAGs
[2023-07-11T23:40:11.104+0000] {logging_mixin.py:150} INFO - [2023-07-11T23:40:11.104+0000] {dag.py:3508} INFO - Setting next_dagrun for example_sensor_decorator to None, run_after=None
[2023-07-11T23:40:11.122+0000] {processor.py:179} INFO - Processing /home/airflow/.local/lib/python3.7/site-packages/airflow/example_dags/example_sensor_decorator.py took 0.066 seconds
[2023-07-11T23:40:41.754+0000] {processor.py:157} INFO - Started process (PID=760) to work on /home/airflow/.local/lib/python3.7/site-packages/airflow/example_dags/example_sensor_decorator.py
[2023-07-11T23:40:41.755+0000] {processor.py:826} INFO - Processing file /home/airflow/.local/lib/python3.7/site-packages/airflow/example_dags/example_sensor_decorator.py for tasks to queue
[2023-07-11T23:40:41.755+0000] {logging_mixin.py:150} INFO - [2023-07-11T23:40:41.755+0000] {dagbag.py:541} INFO - Filling up the DagBag from /home/airflow/.local/lib/python3.7/site-packages/airflow/example_dags/example_sensor_decorator.py
[2023-07-11T23:40:41.758+0000] {processor.py:836} INFO - DAG(s) dict_keys(['example_sensor_decorator']) retrieved from /home/airflow/.local/lib/python3.7/site-packages/airflow/example_dags/example_sensor_decorator.py
[2023-07-11T23:40:41.775+0000] {logging_mixin.py:150} INFO - [2023-07-11T23:40:41.775+0000] {dag.py:2742} INFO - Sync 1 DAGs
[2023-07-11T23:40:41.793+0000] {logging_mixin.py:150} INFO - [2023-07-11T23:40:41.793+0000] {dag.py:3508} INFO - Setting next_dagrun for example_sensor_decorator to None, run_after=None
[2023-07-11T23:40:41.806+0000] {processor.py:179} INFO - Processing /home/airflow/.local/lib/python3.7/site-packages/airflow/example_dags/example_sensor_decorator.py took 0.054 seconds
[2023-07-11T23:41:12.091+0000] {processor.py:157} INFO - Started process (PID=830) to work on /home/airflow/.local/lib/python3.7/site-packages/airflow/example_dags/example_sensor_decorator.py
[2023-07-11T23:41:12.091+0000] {processor.py:826} INFO - Processing file /home/airflow/.local/lib/python3.7/site-packages/airflow/example_dags/example_sensor_decorator.py for tasks to queue
[2023-07-11T23:41:12.092+0000] {logging_mixin.py:150} INFO - [2023-07-11T23:41:12.092+0000] {dagbag.py:541} INFO - Filling up the DagBag from /home/airflow/.local/lib/python3.7/site-packages/airflow/example_dags/example_sensor_decorator.py
[2023-07-11T23:41:12.095+0000] {processor.py:836} INFO - DAG(s) dict_keys(['example_sensor_decorator']) retrieved from /home/airflow/.local/lib/python3.7/site-packages/airflow/example_dags/example_sensor_decorator.py
[2023-07-11T23:41:12.111+0000] {logging_mixin.py:150} INFO - [2023-07-11T23:41:12.111+0000] {dag.py:2742} INFO - Sync 1 DAGs
[2023-07-11T23:41:12.128+0000] {logging_mixin.py:150} INFO - [2023-07-11T23:41:12.128+0000] {dag.py:3508} INFO - Setting next_dagrun for example_sensor_decorator to None, run_after=None
[2023-07-11T23:41:12.140+0000] {processor.py:179} INFO - Processing /home/airflow/.local/lib/python3.7/site-packages/airflow/example_dags/example_sensor_decorator.py took 0.051 seconds
[2023-07-11T23:41:43.255+0000] {processor.py:157} INFO - Started process (PID=900) to work on /home/airflow/.local/lib/python3.7/site-packages/airflow/example_dags/example_sensor_decorator.py
[2023-07-11T23:41:43.255+0000] {processor.py:826} INFO - Processing file /home/airflow/.local/lib/python3.7/site-packages/airflow/example_dags/example_sensor_decorator.py for tasks to queue
[2023-07-11T23:41:43.256+0000] {logging_mixin.py:150} INFO - [2023-07-11T23:41:43.256+0000] {dagbag.py:541} INFO - Filling up the DagBag from /home/airflow/.local/lib/python3.7/site-packages/airflow/example_dags/example_sensor_decorator.py
[2023-07-11T23:41:43.259+0000] {processor.py:836} INFO - DAG(s) dict_keys(['example_sensor_decorator']) retrieved from /home/airflow/.local/lib/python3.7/site-packages/airflow/example_dags/example_sensor_decorator.py
[2023-07-11T23:41:43.274+0000] {logging_mixin.py:150} INFO - [2023-07-11T23:41:43.274+0000] {dag.py:2742} INFO - Sync 1 DAGs
[2023-07-11T23:41:43.292+0000] {logging_mixin.py:150} INFO - [2023-07-11T23:41:43.291+0000] {dag.py:3508} INFO - Setting next_dagrun for example_sensor_decorator to None, run_after=None
[2023-07-11T23:41:43.304+0000] {processor.py:179} INFO - Processing /home/airflow/.local/lib/python3.7/site-packages/airflow/example_dags/example_sensor_decorator.py took 0.051 seconds
[2023-07-11T23:42:14.535+0000] {processor.py:157} INFO - Started process (PID=970) to work on /home/airflow/.local/lib/python3.7/site-packages/airflow/example_dags/example_sensor_decorator.py
[2023-07-11T23:42:14.536+0000] {processor.py:826} INFO - Processing file /home/airflow/.local/lib/python3.7/site-packages/airflow/example_dags/example_sensor_decorator.py for tasks to queue
[2023-07-11T23:42:14.536+0000] {logging_mixin.py:150} INFO - [2023-07-11T23:42:14.536+0000] {dagbag.py:541} INFO - Filling up the DagBag from /home/airflow/.local/lib/python3.7/site-packages/airflow/example_dags/example_sensor_decorator.py
[2023-07-11T23:42:14.541+0000] {processor.py:836} INFO - DAG(s) dict_keys(['example_sensor_decorator']) retrieved from /home/airflow/.local/lib/python3.7/site-packages/airflow/example_dags/example_sensor_decorator.py
[2023-07-11T23:42:14.562+0000] {logging_mixin.py:150} INFO - [2023-07-11T23:42:14.561+0000] {dag.py:2742} INFO - Sync 1 DAGs
[2023-07-11T23:42:14.581+0000] {logging_mixin.py:150} INFO - [2023-07-11T23:42:14.581+0000] {dag.py:3508} INFO - Setting next_dagrun for example_sensor_decorator to None, run_after=None
[2023-07-11T23:42:14.595+0000] {processor.py:179} INFO - Processing /home/airflow/.local/lib/python3.7/site-packages/airflow/example_dags/example_sensor_decorator.py took 0.063 seconds
[2023-07-11T23:42:44.679+0000] {processor.py:157} INFO - Started process (PID=1040) to work on /home/airflow/.local/lib/python3.7/site-packages/airflow/example_dags/example_sensor_decorator.py
[2023-07-11T23:42:44.679+0000] {processor.py:826} INFO - Processing file /home/airflow/.local/lib/python3.7/site-packages/airflow/example_dags/example_sensor_decorator.py for tasks to queue
[2023-07-11T23:42:44.680+0000] {logging_mixin.py:150} INFO - [2023-07-11T23:42:44.680+0000] {dagbag.py:541} INFO - Filling up the DagBag from /home/airflow/.local/lib/python3.7/site-packages/airflow/example_dags/example_sensor_decorator.py
[2023-07-11T23:42:44.683+0000] {processor.py:836} INFO - DAG(s) dict_keys(['example_sensor_decorator']) retrieved from /home/airflow/.local/lib/python3.7/site-packages/airflow/example_dags/example_sensor_decorator.py
[2023-07-11T23:42:44.697+0000] {logging_mixin.py:150} INFO - [2023-07-11T23:42:44.697+0000] {dag.py:2742} INFO - Sync 1 DAGs
[2023-07-11T23:42:44.714+0000] {logging_mixin.py:150} INFO - [2023-07-11T23:42:44.714+0000] {dag.py:3508} INFO - Setting next_dagrun for example_sensor_decorator to None, run_after=None
[2023-07-11T23:42:44.725+0000] {processor.py:179} INFO - Processing /home/airflow/.local/lib/python3.7/site-packages/airflow/example_dags/example_sensor_decorator.py took 0.048 seconds
[2023-07-11T23:43:15.665+0000] {processor.py:157} INFO - Started process (PID=1110) to work on /home/airflow/.local/lib/python3.7/site-packages/airflow/example_dags/example_sensor_decorator.py
[2023-07-11T23:43:15.665+0000] {processor.py:826} INFO - Processing file /home/airflow/.local/lib/python3.7/site-packages/airflow/example_dags/example_sensor_decorator.py for tasks to queue
[2023-07-11T23:43:15.666+0000] {logging_mixin.py:150} INFO - [2023-07-11T23:43:15.665+0000] {dagbag.py:541} INFO - Filling up the DagBag from /home/airflow/.local/lib/python3.7/site-packages/airflow/example_dags/example_sensor_decorator.py
[2023-07-11T23:43:15.669+0000] {processor.py:836} INFO - DAG(s) dict_keys(['example_sensor_decorator']) retrieved from /home/airflow/.local/lib/python3.7/site-packages/airflow/example_dags/example_sensor_decorator.py
[2023-07-11T23:43:15.682+0000] {logging_mixin.py:150} INFO - [2023-07-11T23:43:15.682+0000] {dag.py:2742} INFO - Sync 1 DAGs
[2023-07-11T23:43:15.699+0000] {logging_mixin.py:150} INFO - [2023-07-11T23:43:15.699+0000] {dag.py:3508} INFO - Setting next_dagrun for example_sensor_decorator to None, run_after=None
[2023-07-11T23:43:15.711+0000] {processor.py:179} INFO - Processing /home/airflow/.local/lib/python3.7/site-packages/airflow/example_dags/example_sensor_decorator.py took 0.048 seconds
[2023-07-11T23:43:46.543+0000] {processor.py:157} INFO - Started process (PID=1180) to work on /home/airflow/.local/lib/python3.7/site-packages/airflow/example_dags/example_sensor_decorator.py
[2023-07-11T23:43:46.544+0000] {processor.py:826} INFO - Processing file /home/airflow/.local/lib/python3.7/site-packages/airflow/example_dags/example_sensor_decorator.py for tasks to queue
[2023-07-11T23:43:46.544+0000] {logging_mixin.py:150} INFO - [2023-07-11T23:43:46.544+0000] {dagbag.py:541} INFO - Filling up the DagBag from /home/airflow/.local/lib/python3.7/site-packages/airflow/example_dags/example_sensor_decorator.py
[2023-07-11T23:43:46.547+0000] {processor.py:836} INFO - DAG(s) dict_keys(['example_sensor_decorator']) retrieved from /home/airflow/.local/lib/python3.7/site-packages/airflow/example_dags/example_sensor_decorator.py
[2023-07-11T23:43:46.562+0000] {logging_mixin.py:150} INFO - [2023-07-11T23:43:46.562+0000] {dag.py:2742} INFO - Sync 1 DAGs
[2023-07-11T23:43:46.578+0000] {logging_mixin.py:150} INFO - [2023-07-11T23:43:46.578+0000] {dag.py:3508} INFO - Setting next_dagrun for example_sensor_decorator to None, run_after=None
[2023-07-11T23:43:46.589+0000] {processor.py:179} INFO - Processing /home/airflow/.local/lib/python3.7/site-packages/airflow/example_dags/example_sensor_decorator.py took 0.048 seconds
[2023-07-11T23:44:16.838+0000] {processor.py:157} INFO - Started process (PID=1250) to work on /home/airflow/.local/lib/python3.7/site-packages/airflow/example_dags/example_sensor_decorator.py
[2023-07-11T23:44:16.838+0000] {processor.py:826} INFO - Processing file /home/airflow/.local/lib/python3.7/site-packages/airflow/example_dags/example_sensor_decorator.py for tasks to queue
[2023-07-11T23:44:16.838+0000] {logging_mixin.py:150} INFO - [2023-07-11T23:44:16.838+0000] {dagbag.py:541} INFO - Filling up the DagBag from /home/airflow/.local/lib/python3.7/site-packages/airflow/example_dags/example_sensor_decorator.py
[2023-07-11T23:44:16.842+0000] {processor.py:836} INFO - DAG(s) dict_keys(['example_sensor_decorator']) retrieved from /home/airflow/.local/lib/python3.7/site-packages/airflow/example_dags/example_sensor_decorator.py
[2023-07-11T23:44:16.856+0000] {logging_mixin.py:150} INFO - [2023-07-11T23:44:16.856+0000] {dag.py:2742} INFO - Sync 1 DAGs
[2023-07-11T23:44:16.873+0000] {logging_mixin.py:150} INFO - [2023-07-11T23:44:16.873+0000] {dag.py:3508} INFO - Setting next_dagrun for example_sensor_decorator to None, run_after=None
[2023-07-11T23:44:16.884+0000] {processor.py:179} INFO - Processing /home/airflow/.local/lib/python3.7/site-packages/airflow/example_dags/example_sensor_decorator.py took 0.048 seconds
[2023-07-11T23:44:47.239+0000] {processor.py:157} INFO - Started process (PID=1320) to work on /home/airflow/.local/lib/python3.7/site-packages/airflow/example_dags/example_sensor_decorator.py
[2023-07-11T23:44:47.240+0000] {processor.py:826} INFO - Processing file /home/airflow/.local/lib/python3.7/site-packages/airflow/example_dags/example_sensor_decorator.py for tasks to queue
[2023-07-11T23:44:47.241+0000] {logging_mixin.py:150} INFO - [2023-07-11T23:44:47.241+0000] {dagbag.py:541} INFO - Filling up the DagBag from /home/airflow/.local/lib/python3.7/site-packages/airflow/example_dags/example_sensor_decorator.py
[2023-07-11T23:44:47.244+0000] {processor.py:836} INFO - DAG(s) dict_keys(['example_sensor_decorator']) retrieved from /home/airflow/.local/lib/python3.7/site-packages/airflow/example_dags/example_sensor_decorator.py
[2023-07-11T23:44:47.258+0000] {logging_mixin.py:150} INFO - [2023-07-11T23:44:47.258+0000] {dag.py:2742} INFO - Sync 1 DAGs
[2023-07-11T23:44:47.274+0000] {logging_mixin.py:150} INFO - [2023-07-11T23:44:47.273+0000] {dag.py:3508} INFO - Setting next_dagrun for example_sensor_decorator to None, run_after=None
[2023-07-11T23:44:47.284+0000] {processor.py:179} INFO - Processing /home/airflow/.local/lib/python3.7/site-packages/airflow/example_dags/example_sensor_decorator.py took 0.047 seconds
[2023-07-11T23:45:17.733+0000] {processor.py:157} INFO - Started process (PID=1390) to work on /home/airflow/.local/lib/python3.7/site-packages/airflow/example_dags/example_sensor_decorator.py
[2023-07-11T23:45:17.734+0000] {processor.py:826} INFO - Processing file /home/airflow/.local/lib/python3.7/site-packages/airflow/example_dags/example_sensor_decorator.py for tasks to queue
[2023-07-11T23:45:17.734+0000] {logging_mixin.py:150} INFO - [2023-07-11T23:45:17.734+0000] {dagbag.py:541} INFO - Filling up the DagBag from /home/airflow/.local/lib/python3.7/site-packages/airflow/example_dags/example_sensor_decorator.py
[2023-07-11T23:45:17.738+0000] {processor.py:836} INFO - DAG(s) dict_keys(['example_sensor_decorator']) retrieved from /home/airflow/.local/lib/python3.7/site-packages/airflow/example_dags/example_sensor_decorator.py
[2023-07-11T23:45:17.753+0000] {logging_mixin.py:150} INFO - [2023-07-11T23:45:17.753+0000] {dag.py:2742} INFO - Sync 1 DAGs
[2023-07-11T23:45:17.771+0000] {logging_mixin.py:150} INFO - [2023-07-11T23:45:17.770+0000] {dag.py:3508} INFO - Setting next_dagrun for example_sensor_decorator to None, run_after=None
[2023-07-11T23:45:17.782+0000] {processor.py:179} INFO - Processing /home/airflow/.local/lib/python3.7/site-packages/airflow/example_dags/example_sensor_decorator.py took 0.051 seconds
[2023-07-11T23:45:48.508+0000] {processor.py:157} INFO - Started process (PID=1460) to work on /home/airflow/.local/lib/python3.7/site-packages/airflow/example_dags/example_sensor_decorator.py
[2023-07-11T23:45:48.509+0000] {processor.py:826} INFO - Processing file /home/airflow/.local/lib/python3.7/site-packages/airflow/example_dags/example_sensor_decorator.py for tasks to queue
[2023-07-11T23:45:48.509+0000] {logging_mixin.py:150} INFO - [2023-07-11T23:45:48.509+0000] {dagbag.py:541} INFO - Filling up the DagBag from /home/airflow/.local/lib/python3.7/site-packages/airflow/example_dags/example_sensor_decorator.py
[2023-07-11T23:45:48.512+0000] {processor.py:836} INFO - DAG(s) dict_keys(['example_sensor_decorator']) retrieved from /home/airflow/.local/lib/python3.7/site-packages/airflow/example_dags/example_sensor_decorator.py
[2023-07-11T23:45:48.527+0000] {logging_mixin.py:150} INFO - [2023-07-11T23:45:48.527+0000] {dag.py:2742} INFO - Sync 1 DAGs
[2023-07-11T23:45:48.543+0000] {logging_mixin.py:150} INFO - [2023-07-11T23:45:48.543+0000] {dag.py:3508} INFO - Setting next_dagrun for example_sensor_decorator to None, run_after=None
[2023-07-11T23:45:48.554+0000] {processor.py:179} INFO - Processing /home/airflow/.local/lib/python3.7/site-packages/airflow/example_dags/example_sensor_decorator.py took 0.048 seconds
[2023-07-11T23:46:18.865+0000] {processor.py:157} INFO - Started process (PID=1530) to work on /home/airflow/.local/lib/python3.7/site-packages/airflow/example_dags/example_sensor_decorator.py
[2023-07-11T23:46:18.866+0000] {processor.py:826} INFO - Processing file /home/airflow/.local/lib/python3.7/site-packages/airflow/example_dags/example_sensor_decorator.py for tasks to queue
[2023-07-11T23:46:18.866+0000] {logging_mixin.py:150} INFO - [2023-07-11T23:46:18.866+0000] {dagbag.py:541} INFO - Filling up the DagBag from /home/airflow/.local/lib/python3.7/site-packages/airflow/example_dags/example_sensor_decorator.py
[2023-07-11T23:46:18.870+0000] {processor.py:836} INFO - DAG(s) dict_keys(['example_sensor_decorator']) retrieved from /home/airflow/.local/lib/python3.7/site-packages/airflow/example_dags/example_sensor_decorator.py
[2023-07-11T23:46:18.884+0000] {logging_mixin.py:150} INFO - [2023-07-11T23:46:18.884+0000] {dag.py:2742} INFO - Sync 1 DAGs
[2023-07-11T23:46:18.903+0000] {logging_mixin.py:150} INFO - [2023-07-11T23:46:18.903+0000] {dag.py:3508} INFO - Setting next_dagrun for example_sensor_decorator to None, run_after=None
[2023-07-11T23:46:18.914+0000] {processor.py:179} INFO - Processing /home/airflow/.local/lib/python3.7/site-packages/airflow/example_dags/example_sensor_decorator.py took 0.051 seconds
[2023-07-11T23:46:49.952+0000] {processor.py:157} INFO - Started process (PID=1600) to work on /home/airflow/.local/lib/python3.7/site-packages/airflow/example_dags/example_sensor_decorator.py
[2023-07-11T23:46:49.953+0000] {processor.py:826} INFO - Processing file /home/airflow/.local/lib/python3.7/site-packages/airflow/example_dags/example_sensor_decorator.py for tasks to queue
[2023-07-11T23:46:49.953+0000] {logging_mixin.py:150} INFO - [2023-07-11T23:46:49.953+0000] {dagbag.py:541} INFO - Filling up the DagBag from /home/airflow/.local/lib/python3.7/site-packages/airflow/example_dags/example_sensor_decorator.py
[2023-07-11T23:46:49.956+0000] {processor.py:836} INFO - DAG(s) dict_keys(['example_sensor_decorator']) retrieved from /home/airflow/.local/lib/python3.7/site-packages/airflow/example_dags/example_sensor_decorator.py
[2023-07-11T23:46:49.971+0000] {logging_mixin.py:150} INFO - [2023-07-11T23:46:49.971+0000] {dag.py:2742} INFO - Sync 1 DAGs
[2023-07-11T23:46:49.988+0000] {logging_mixin.py:150} INFO - [2023-07-11T23:46:49.988+0000] {dag.py:3508} INFO - Setting next_dagrun for example_sensor_decorator to None, run_after=None
[2023-07-11T23:46:50.000+0000] {processor.py:179} INFO - Processing /home/airflow/.local/lib/python3.7/site-packages/airflow/example_dags/example_sensor_decorator.py took 0.049 seconds
[2023-07-11T23:47:20.273+0000] {processor.py:157} INFO - Started process (PID=1670) to work on /home/airflow/.local/lib/python3.7/site-packages/airflow/example_dags/example_sensor_decorator.py
[2023-07-11T23:47:20.274+0000] {processor.py:826} INFO - Processing file /home/airflow/.local/lib/python3.7/site-packages/airflow/example_dags/example_sensor_decorator.py for tasks to queue
[2023-07-11T23:47:20.274+0000] {logging_mixin.py:150} INFO - [2023-07-11T23:47:20.274+0000] {dagbag.py:541} INFO - Filling up the DagBag from /home/airflow/.local/lib/python3.7/site-packages/airflow/example_dags/example_sensor_decorator.py
[2023-07-11T23:47:20.277+0000] {processor.py:836} INFO - DAG(s) dict_keys(['example_sensor_decorator']) retrieved from /home/airflow/.local/lib/python3.7/site-packages/airflow/example_dags/example_sensor_decorator.py
[2023-07-11T23:47:20.293+0000] {logging_mixin.py:150} INFO - [2023-07-11T23:47:20.292+0000] {dag.py:2742} INFO - Sync 1 DAGs
[2023-07-11T23:47:20.311+0000] {logging_mixin.py:150} INFO - [2023-07-11T23:47:20.311+0000] {dag.py:3508} INFO - Setting next_dagrun for example_sensor_decorator to None, run_after=None
[2023-07-11T23:47:20.323+0000] {processor.py:179} INFO - Processing /home/airflow/.local/lib/python3.7/site-packages/airflow/example_dags/example_sensor_decorator.py took 0.051 seconds
