[2023-07-11T23:35:33.528+0000] {processor.py:157} INFO - Started process (PID=70) to work on /home/airflow/.local/lib/python3.7/site-packages/airflow/example_dags/example_bash_operator.py
[2023-07-11T23:35:33.528+0000] {processor.py:826} INFO - Processing file /home/airflow/.local/lib/python3.7/site-packages/airflow/example_dags/example_bash_operator.py for tasks to queue
[2023-07-11T23:35:33.529+0000] {logging_mixin.py:150} INFO - [2023-07-11T23:35:33.529+0000] {dagbag.py:541} INFO - Filling up the DagBag from /home/airflow/.local/lib/python3.7/site-packages/airflow/example_dags/example_bash_operator.py
[2023-07-11T23:35:33.541+0000] {processor.py:836} INFO - DAG(s) dict_keys(['example_bash_operator']) retrieved from /home/airflow/.local/lib/python3.7/site-packages/airflow/example_dags/example_bash_operator.py
[2023-07-11T23:35:33.552+0000] {logging_mixin.py:150} INFO - [2023-07-11T23:35:33.552+0000] {dag.py:2742} INFO - Sync 1 DAGs
[2023-07-11T23:35:33.578+0000] {logging_mixin.py:150} INFO - [2023-07-11T23:35:33.577+0000] {dag.py:3508} INFO - Setting next_dagrun for example_bash_operator to 2023-07-10T00:00:00+00:00, run_after=2023-07-11T00:00:00+00:00
[2023-07-11T23:35:33.598+0000] {processor.py:179} INFO - Processing /home/airflow/.local/lib/python3.7/site-packages/airflow/example_dags/example_bash_operator.py took 0.073 seconds
[2023-07-11T23:36:04.673+0000] {processor.py:157} INFO - Started process (PID=140) to work on /home/airflow/.local/lib/python3.7/site-packages/airflow/example_dags/example_bash_operator.py
[2023-07-11T23:36:04.674+0000] {processor.py:826} INFO - Processing file /home/airflow/.local/lib/python3.7/site-packages/airflow/example_dags/example_bash_operator.py for tasks to queue
[2023-07-11T23:36:04.674+0000] {logging_mixin.py:150} INFO - [2023-07-11T23:36:04.674+0000] {dagbag.py:541} INFO - Filling up the DagBag from /home/airflow/.local/lib/python3.7/site-packages/airflow/example_dags/example_bash_operator.py
[2023-07-11T23:36:04.682+0000] {processor.py:836} INFO - DAG(s) dict_keys(['example_bash_operator']) retrieved from /home/airflow/.local/lib/python3.7/site-packages/airflow/example_dags/example_bash_operator.py
[2023-07-11T23:36:04.709+0000] {logging_mixin.py:150} INFO - [2023-07-11T23:36:04.709+0000] {dag.py:2742} INFO - Sync 1 DAGs
[2023-07-11T23:36:04.727+0000] {logging_mixin.py:150} INFO - [2023-07-11T23:36:04.727+0000] {dag.py:3508} INFO - Setting next_dagrun for example_bash_operator to 2023-07-10T00:00:00+00:00, run_after=2023-07-11T00:00:00+00:00
[2023-07-11T23:36:04.739+0000] {processor.py:179} INFO - Processing /home/airflow/.local/lib/python3.7/site-packages/airflow/example_dags/example_bash_operator.py took 0.068 seconds
[2023-07-11T23:36:35.812+0000] {processor.py:157} INFO - Started process (PID=210) to work on /home/airflow/.local/lib/python3.7/site-packages/airflow/example_dags/example_bash_operator.py
[2023-07-11T23:36:35.813+0000] {processor.py:826} INFO - Processing file /home/airflow/.local/lib/python3.7/site-packages/airflow/example_dags/example_bash_operator.py for tasks to queue
[2023-07-11T23:36:35.813+0000] {logging_mixin.py:150} INFO - [2023-07-11T23:36:35.813+0000] {dagbag.py:541} INFO - Filling up the DagBag from /home/airflow/.local/lib/python3.7/site-packages/airflow/example_dags/example_bash_operator.py
[2023-07-11T23:36:35.822+0000] {processor.py:836} INFO - DAG(s) dict_keys(['example_bash_operator']) retrieved from /home/airflow/.local/lib/python3.7/site-packages/airflow/example_dags/example_bash_operator.py
[2023-07-11T23:36:35.848+0000] {logging_mixin.py:150} INFO - [2023-07-11T23:36:35.848+0000] {dag.py:2742} INFO - Sync 1 DAGs
[2023-07-11T23:36:35.868+0000] {logging_mixin.py:150} INFO - [2023-07-11T23:36:35.867+0000] {dag.py:3508} INFO - Setting next_dagrun for example_bash_operator to 2023-07-10T00:00:00+00:00, run_after=2023-07-11T00:00:00+00:00
[2023-07-11T23:36:35.880+0000] {processor.py:179} INFO - Processing /home/airflow/.local/lib/python3.7/site-packages/airflow/example_dags/example_bash_operator.py took 0.070 seconds
[2023-07-11T23:37:06.953+0000] {processor.py:157} INFO - Started process (PID=280) to work on /home/airflow/.local/lib/python3.7/site-packages/airflow/example_dags/example_bash_operator.py
[2023-07-11T23:37:06.954+0000] {processor.py:826} INFO - Processing file /home/airflow/.local/lib/python3.7/site-packages/airflow/example_dags/example_bash_operator.py for tasks to queue
[2023-07-11T23:37:06.954+0000] {logging_mixin.py:150} INFO - [2023-07-11T23:37:06.954+0000] {dagbag.py:541} INFO - Filling up the DagBag from /home/airflow/.local/lib/python3.7/site-packages/airflow/example_dags/example_bash_operator.py
[2023-07-11T23:37:06.964+0000] {processor.py:836} INFO - DAG(s) dict_keys(['example_bash_operator']) retrieved from /home/airflow/.local/lib/python3.7/site-packages/airflow/example_dags/example_bash_operator.py
[2023-07-11T23:37:06.989+0000] {logging_mixin.py:150} INFO - [2023-07-11T23:37:06.989+0000] {dag.py:2742} INFO - Sync 1 DAGs
[2023-07-11T23:37:07.007+0000] {logging_mixin.py:150} INFO - [2023-07-11T23:37:07.007+0000] {dag.py:3508} INFO - Setting next_dagrun for example_bash_operator to 2023-07-10T00:00:00+00:00, run_after=2023-07-11T00:00:00+00:00
[2023-07-11T23:37:07.020+0000] {processor.py:179} INFO - Processing /home/airflow/.local/lib/python3.7/site-packages/airflow/example_dags/example_bash_operator.py took 0.069 seconds
[2023-07-11T23:37:38.186+0000] {processor.py:157} INFO - Started process (PID=350) to work on /home/airflow/.local/lib/python3.7/site-packages/airflow/example_dags/example_bash_operator.py
[2023-07-11T23:37:38.187+0000] {processor.py:826} INFO - Processing file /home/airflow/.local/lib/python3.7/site-packages/airflow/example_dags/example_bash_operator.py for tasks to queue
[2023-07-11T23:37:38.187+0000] {logging_mixin.py:150} INFO - [2023-07-11T23:37:38.187+0000] {dagbag.py:541} INFO - Filling up the DagBag from /home/airflow/.local/lib/python3.7/site-packages/airflow/example_dags/example_bash_operator.py
[2023-07-11T23:37:38.196+0000] {processor.py:836} INFO - DAG(s) dict_keys(['example_bash_operator']) retrieved from /home/airflow/.local/lib/python3.7/site-packages/airflow/example_dags/example_bash_operator.py
[2023-07-11T23:37:38.223+0000] {logging_mixin.py:150} INFO - [2023-07-11T23:37:38.223+0000] {dag.py:2742} INFO - Sync 1 DAGs
[2023-07-11T23:37:38.243+0000] {logging_mixin.py:150} INFO - [2023-07-11T23:37:38.243+0000] {dag.py:3508} INFO - Setting next_dagrun for example_bash_operator to 2023-07-10T00:00:00+00:00, run_after=2023-07-11T00:00:00+00:00
[2023-07-11T23:37:38.257+0000] {processor.py:179} INFO - Processing /home/airflow/.local/lib/python3.7/site-packages/airflow/example_dags/example_bash_operator.py took 0.073 seconds
[2023-07-11T23:38:09.295+0000] {processor.py:157} INFO - Started process (PID=420) to work on /home/airflow/.local/lib/python3.7/site-packages/airflow/example_dags/example_bash_operator.py
[2023-07-11T23:38:09.295+0000] {processor.py:826} INFO - Processing file /home/airflow/.local/lib/python3.7/site-packages/airflow/example_dags/example_bash_operator.py for tasks to queue
[2023-07-11T23:38:09.296+0000] {logging_mixin.py:150} INFO - [2023-07-11T23:38:09.296+0000] {dagbag.py:541} INFO - Filling up the DagBag from /home/airflow/.local/lib/python3.7/site-packages/airflow/example_dags/example_bash_operator.py
[2023-07-11T23:38:09.305+0000] {processor.py:836} INFO - DAG(s) dict_keys(['example_bash_operator']) retrieved from /home/airflow/.local/lib/python3.7/site-packages/airflow/example_dags/example_bash_operator.py
[2023-07-11T23:38:09.332+0000] {logging_mixin.py:150} INFO - [2023-07-11T23:38:09.332+0000] {dag.py:2742} INFO - Sync 1 DAGs
[2023-07-11T23:38:09.353+0000] {logging_mixin.py:150} INFO - [2023-07-11T23:38:09.352+0000] {dag.py:3508} INFO - Setting next_dagrun for example_bash_operator to 2023-07-10T00:00:00+00:00, run_after=2023-07-11T00:00:00+00:00
[2023-07-11T23:38:09.367+0000] {processor.py:179} INFO - Processing /home/airflow/.local/lib/python3.7/site-packages/airflow/example_dags/example_bash_operator.py took 0.073 seconds
[2023-07-11T23:38:39.766+0000] {processor.py:157} INFO - Started process (PID=490) to work on /home/airflow/.local/lib/python3.7/site-packages/airflow/example_dags/example_bash_operator.py
[2023-07-11T23:38:39.766+0000] {processor.py:826} INFO - Processing file /home/airflow/.local/lib/python3.7/site-packages/airflow/example_dags/example_bash_operator.py for tasks to queue
[2023-07-11T23:38:39.767+0000] {logging_mixin.py:150} INFO - [2023-07-11T23:38:39.766+0000] {dagbag.py:541} INFO - Filling up the DagBag from /home/airflow/.local/lib/python3.7/site-packages/airflow/example_dags/example_bash_operator.py
[2023-07-11T23:38:39.776+0000] {processor.py:836} INFO - DAG(s) dict_keys(['example_bash_operator']) retrieved from /home/airflow/.local/lib/python3.7/site-packages/airflow/example_dags/example_bash_operator.py
[2023-07-11T23:38:39.801+0000] {logging_mixin.py:150} INFO - [2023-07-11T23:38:39.801+0000] {dag.py:2742} INFO - Sync 1 DAGs
[2023-07-11T23:38:39.819+0000] {logging_mixin.py:150} INFO - [2023-07-11T23:38:39.819+0000] {dag.py:3508} INFO - Setting next_dagrun for example_bash_operator to 2023-07-10T00:00:00+00:00, run_after=2023-07-11T00:00:00+00:00
[2023-07-11T23:38:39.832+0000] {processor.py:179} INFO - Processing /home/airflow/.local/lib/python3.7/site-packages/airflow/example_dags/example_bash_operator.py took 0.068 seconds
[2023-07-11T23:39:10.152+0000] {processor.py:157} INFO - Started process (PID=560) to work on /home/airflow/.local/lib/python3.7/site-packages/airflow/example_dags/example_bash_operator.py
[2023-07-11T23:39:10.152+0000] {processor.py:826} INFO - Processing file /home/airflow/.local/lib/python3.7/site-packages/airflow/example_dags/example_bash_operator.py for tasks to queue
[2023-07-11T23:39:10.153+0000] {logging_mixin.py:150} INFO - [2023-07-11T23:39:10.153+0000] {dagbag.py:541} INFO - Filling up the DagBag from /home/airflow/.local/lib/python3.7/site-packages/airflow/example_dags/example_bash_operator.py
[2023-07-11T23:39:10.161+0000] {processor.py:836} INFO - DAG(s) dict_keys(['example_bash_operator']) retrieved from /home/airflow/.local/lib/python3.7/site-packages/airflow/example_dags/example_bash_operator.py
[2023-07-11T23:39:10.187+0000] {logging_mixin.py:150} INFO - [2023-07-11T23:39:10.187+0000] {dag.py:2742} INFO - Sync 1 DAGs
[2023-07-11T23:39:10.205+0000] {logging_mixin.py:150} INFO - [2023-07-11T23:39:10.205+0000] {dag.py:3508} INFO - Setting next_dagrun for example_bash_operator to 2023-07-10T00:00:00+00:00, run_after=2023-07-11T00:00:00+00:00
[2023-07-11T23:39:10.217+0000] {processor.py:179} INFO - Processing /home/airflow/.local/lib/python3.7/site-packages/airflow/example_dags/example_bash_operator.py took 0.067 seconds
[2023-07-11T23:39:41.224+0000] {processor.py:157} INFO - Started process (PID=630) to work on /home/airflow/.local/lib/python3.7/site-packages/airflow/example_dags/example_bash_operator.py
[2023-07-11T23:39:41.224+0000] {processor.py:826} INFO - Processing file /home/airflow/.local/lib/python3.7/site-packages/airflow/example_dags/example_bash_operator.py for tasks to queue
[2023-07-11T23:39:41.225+0000] {logging_mixin.py:150} INFO - [2023-07-11T23:39:41.225+0000] {dagbag.py:541} INFO - Filling up the DagBag from /home/airflow/.local/lib/python3.7/site-packages/airflow/example_dags/example_bash_operator.py
[2023-07-11T23:39:41.233+0000] {processor.py:836} INFO - DAG(s) dict_keys(['example_bash_operator']) retrieved from /home/airflow/.local/lib/python3.7/site-packages/airflow/example_dags/example_bash_operator.py
[2023-07-11T23:39:41.259+0000] {logging_mixin.py:150} INFO - [2023-07-11T23:39:41.259+0000] {dag.py:2742} INFO - Sync 1 DAGs
[2023-07-11T23:39:41.278+0000] {logging_mixin.py:150} INFO - [2023-07-11T23:39:41.278+0000] {dag.py:3508} INFO - Setting next_dagrun for example_bash_operator to 2023-07-10T00:00:00+00:00, run_after=2023-07-11T00:00:00+00:00
[2023-07-11T23:39:41.291+0000] {processor.py:179} INFO - Processing /home/airflow/.local/lib/python3.7/site-packages/airflow/example_dags/example_bash_operator.py took 0.069 seconds
[2023-07-11T23:40:11.494+0000] {processor.py:157} INFO - Started process (PID=700) to work on /home/airflow/.local/lib/python3.7/site-packages/airflow/example_dags/example_bash_operator.py
[2023-07-11T23:40:11.494+0000] {processor.py:826} INFO - Processing file /home/airflow/.local/lib/python3.7/site-packages/airflow/example_dags/example_bash_operator.py for tasks to queue
[2023-07-11T23:40:11.495+0000] {logging_mixin.py:150} INFO - [2023-07-11T23:40:11.495+0000] {dagbag.py:541} INFO - Filling up the DagBag from /home/airflow/.local/lib/python3.7/site-packages/airflow/example_dags/example_bash_operator.py
[2023-07-11T23:40:11.505+0000] {processor.py:836} INFO - DAG(s) dict_keys(['example_bash_operator']) retrieved from /home/airflow/.local/lib/python3.7/site-packages/airflow/example_dags/example_bash_operator.py
[2023-07-11T23:40:11.534+0000] {logging_mixin.py:150} INFO - [2023-07-11T23:40:11.534+0000] {dag.py:2742} INFO - Sync 1 DAGs
[2023-07-11T23:40:11.555+0000] {logging_mixin.py:150} INFO - [2023-07-11T23:40:11.555+0000] {dag.py:3508} INFO - Setting next_dagrun for example_bash_operator to 2023-07-10T00:00:00+00:00, run_after=2023-07-11T00:00:00+00:00
[2023-07-11T23:40:11.572+0000] {processor.py:179} INFO - Processing /home/airflow/.local/lib/python3.7/site-packages/airflow/example_dags/example_bash_operator.py took 0.080 seconds
[2023-07-11T23:40:42.063+0000] {processor.py:157} INFO - Started process (PID=770) to work on /home/airflow/.local/lib/python3.7/site-packages/airflow/example_dags/example_bash_operator.py
[2023-07-11T23:40:42.064+0000] {processor.py:826} INFO - Processing file /home/airflow/.local/lib/python3.7/site-packages/airflow/example_dags/example_bash_operator.py for tasks to queue
[2023-07-11T23:40:42.064+0000] {logging_mixin.py:150} INFO - [2023-07-11T23:40:42.064+0000] {dagbag.py:541} INFO - Filling up the DagBag from /home/airflow/.local/lib/python3.7/site-packages/airflow/example_dags/example_bash_operator.py
[2023-07-11T23:40:42.073+0000] {processor.py:836} INFO - DAG(s) dict_keys(['example_bash_operator']) retrieved from /home/airflow/.local/lib/python3.7/site-packages/airflow/example_dags/example_bash_operator.py
[2023-07-11T23:40:42.099+0000] {logging_mixin.py:150} INFO - [2023-07-11T23:40:42.099+0000] {dag.py:2742} INFO - Sync 1 DAGs
[2023-07-11T23:40:42.125+0000] {logging_mixin.py:150} INFO - [2023-07-11T23:40:42.125+0000] {dag.py:3508} INFO - Setting next_dagrun for example_bash_operator to 2023-07-10T00:00:00+00:00, run_after=2023-07-11T00:00:00+00:00
[2023-07-11T23:40:42.142+0000] {processor.py:179} INFO - Processing /home/airflow/.local/lib/python3.7/site-packages/airflow/example_dags/example_bash_operator.py took 0.081 seconds
[2023-07-11T23:41:12.389+0000] {processor.py:157} INFO - Started process (PID=840) to work on /home/airflow/.local/lib/python3.7/site-packages/airflow/example_dags/example_bash_operator.py
[2023-07-11T23:41:12.389+0000] {processor.py:826} INFO - Processing file /home/airflow/.local/lib/python3.7/site-packages/airflow/example_dags/example_bash_operator.py for tasks to queue
[2023-07-11T23:41:12.390+0000] {logging_mixin.py:150} INFO - [2023-07-11T23:41:12.390+0000] {dagbag.py:541} INFO - Filling up the DagBag from /home/airflow/.local/lib/python3.7/site-packages/airflow/example_dags/example_bash_operator.py
[2023-07-11T23:41:12.399+0000] {processor.py:836} INFO - DAG(s) dict_keys(['example_bash_operator']) retrieved from /home/airflow/.local/lib/python3.7/site-packages/airflow/example_dags/example_bash_operator.py
[2023-07-11T23:41:12.424+0000] {logging_mixin.py:150} INFO - [2023-07-11T23:41:12.424+0000] {dag.py:2742} INFO - Sync 1 DAGs
[2023-07-11T23:41:12.442+0000] {logging_mixin.py:150} INFO - [2023-07-11T23:41:12.442+0000] {dag.py:3508} INFO - Setting next_dagrun for example_bash_operator to 2023-07-10T00:00:00+00:00, run_after=2023-07-11T00:00:00+00:00
[2023-07-11T23:41:12.455+0000] {processor.py:179} INFO - Processing /home/airflow/.local/lib/python3.7/site-packages/airflow/example_dags/example_bash_operator.py took 0.068 seconds
[2023-07-11T23:41:43.554+0000] {processor.py:157} INFO - Started process (PID=910) to work on /home/airflow/.local/lib/python3.7/site-packages/airflow/example_dags/example_bash_operator.py
[2023-07-11T23:41:43.554+0000] {processor.py:826} INFO - Processing file /home/airflow/.local/lib/python3.7/site-packages/airflow/example_dags/example_bash_operator.py for tasks to queue
[2023-07-11T23:41:43.555+0000] {logging_mixin.py:150} INFO - [2023-07-11T23:41:43.555+0000] {dagbag.py:541} INFO - Filling up the DagBag from /home/airflow/.local/lib/python3.7/site-packages/airflow/example_dags/example_bash_operator.py
[2023-07-11T23:41:43.564+0000] {processor.py:836} INFO - DAG(s) dict_keys(['example_bash_operator']) retrieved from /home/airflow/.local/lib/python3.7/site-packages/airflow/example_dags/example_bash_operator.py
[2023-07-11T23:41:43.589+0000] {logging_mixin.py:150} INFO - [2023-07-11T23:41:43.589+0000] {dag.py:2742} INFO - Sync 1 DAGs
[2023-07-11T23:41:43.608+0000] {logging_mixin.py:150} INFO - [2023-07-11T23:41:43.608+0000] {dag.py:3508} INFO - Setting next_dagrun for example_bash_operator to 2023-07-10T00:00:00+00:00, run_after=2023-07-11T00:00:00+00:00
[2023-07-11T23:41:43.620+0000] {processor.py:179} INFO - Processing /home/airflow/.local/lib/python3.7/site-packages/airflow/example_dags/example_bash_operator.py took 0.068 seconds
[2023-07-11T23:42:14.879+0000] {processor.py:157} INFO - Started process (PID=980) to work on /home/airflow/.local/lib/python3.7/site-packages/airflow/example_dags/example_bash_operator.py
[2023-07-11T23:42:14.880+0000] {processor.py:826} INFO - Processing file /home/airflow/.local/lib/python3.7/site-packages/airflow/example_dags/example_bash_operator.py for tasks to queue
[2023-07-11T23:42:14.880+0000] {logging_mixin.py:150} INFO - [2023-07-11T23:42:14.880+0000] {dagbag.py:541} INFO - Filling up the DagBag from /home/airflow/.local/lib/python3.7/site-packages/airflow/example_dags/example_bash_operator.py
[2023-07-11T23:42:14.889+0000] {processor.py:836} INFO - DAG(s) dict_keys(['example_bash_operator']) retrieved from /home/airflow/.local/lib/python3.7/site-packages/airflow/example_dags/example_bash_operator.py
[2023-07-11T23:42:14.914+0000] {logging_mixin.py:150} INFO - [2023-07-11T23:42:14.914+0000] {dag.py:2742} INFO - Sync 1 DAGs
[2023-07-11T23:42:14.933+0000] {logging_mixin.py:150} INFO - [2023-07-11T23:42:14.933+0000] {dag.py:3508} INFO - Setting next_dagrun for example_bash_operator to 2023-07-10T00:00:00+00:00, run_after=2023-07-11T00:00:00+00:00
[2023-07-11T23:42:14.945+0000] {processor.py:179} INFO - Processing /home/airflow/.local/lib/python3.7/site-packages/airflow/example_dags/example_bash_operator.py took 0.068 seconds
[2023-07-11T23:42:45.208+0000] {processor.py:157} INFO - Started process (PID=1050) to work on /home/airflow/.local/lib/python3.7/site-packages/airflow/example_dags/example_bash_operator.py
[2023-07-11T23:42:45.209+0000] {processor.py:826} INFO - Processing file /home/airflow/.local/lib/python3.7/site-packages/airflow/example_dags/example_bash_operator.py for tasks to queue
[2023-07-11T23:42:45.209+0000] {logging_mixin.py:150} INFO - [2023-07-11T23:42:45.209+0000] {dagbag.py:541} INFO - Filling up the DagBag from /home/airflow/.local/lib/python3.7/site-packages/airflow/example_dags/example_bash_operator.py
[2023-07-11T23:42:45.218+0000] {processor.py:836} INFO - DAG(s) dict_keys(['example_bash_operator']) retrieved from /home/airflow/.local/lib/python3.7/site-packages/airflow/example_dags/example_bash_operator.py
[2023-07-11T23:42:45.245+0000] {logging_mixin.py:150} INFO - [2023-07-11T23:42:45.245+0000] {dag.py:2742} INFO - Sync 1 DAGs
[2023-07-11T23:42:45.265+0000] {logging_mixin.py:150} INFO - [2023-07-11T23:42:45.265+0000] {dag.py:3508} INFO - Setting next_dagrun for example_bash_operator to 2023-07-10T00:00:00+00:00, run_after=2023-07-11T00:00:00+00:00
[2023-07-11T23:42:45.277+0000] {processor.py:179} INFO - Processing /home/airflow/.local/lib/python3.7/site-packages/airflow/example_dags/example_bash_operator.py took 0.071 seconds
[2023-07-11T23:43:15.985+0000] {processor.py:157} INFO - Started process (PID=1120) to work on /home/airflow/.local/lib/python3.7/site-packages/airflow/example_dags/example_bash_operator.py
[2023-07-11T23:43:15.986+0000] {processor.py:826} INFO - Processing file /home/airflow/.local/lib/python3.7/site-packages/airflow/example_dags/example_bash_operator.py for tasks to queue
[2023-07-11T23:43:15.986+0000] {logging_mixin.py:150} INFO - [2023-07-11T23:43:15.986+0000] {dagbag.py:541} INFO - Filling up the DagBag from /home/airflow/.local/lib/python3.7/site-packages/airflow/example_dags/example_bash_operator.py
[2023-07-11T23:43:15.995+0000] {processor.py:836} INFO - DAG(s) dict_keys(['example_bash_operator']) retrieved from /home/airflow/.local/lib/python3.7/site-packages/airflow/example_dags/example_bash_operator.py
[2023-07-11T23:43:16.020+0000] {logging_mixin.py:150} INFO - [2023-07-11T23:43:16.020+0000] {dag.py:2742} INFO - Sync 1 DAGs
[2023-07-11T23:43:16.039+0000] {logging_mixin.py:150} INFO - [2023-07-11T23:43:16.039+0000] {dag.py:3508} INFO - Setting next_dagrun for example_bash_operator to 2023-07-10T00:00:00+00:00, run_after=2023-07-11T00:00:00+00:00
[2023-07-11T23:43:16.051+0000] {processor.py:179} INFO - Processing /home/airflow/.local/lib/python3.7/site-packages/airflow/example_dags/example_bash_operator.py took 0.068 seconds
[2023-07-11T23:43:46.820+0000] {processor.py:157} INFO - Started process (PID=1190) to work on /home/airflow/.local/lib/python3.7/site-packages/airflow/example_dags/example_bash_operator.py
[2023-07-11T23:43:46.820+0000] {processor.py:826} INFO - Processing file /home/airflow/.local/lib/python3.7/site-packages/airflow/example_dags/example_bash_operator.py for tasks to queue
[2023-07-11T23:43:46.821+0000] {logging_mixin.py:150} INFO - [2023-07-11T23:43:46.821+0000] {dagbag.py:541} INFO - Filling up the DagBag from /home/airflow/.local/lib/python3.7/site-packages/airflow/example_dags/example_bash_operator.py
[2023-07-11T23:43:46.829+0000] {processor.py:836} INFO - DAG(s) dict_keys(['example_bash_operator']) retrieved from /home/airflow/.local/lib/python3.7/site-packages/airflow/example_dags/example_bash_operator.py
[2023-07-11T23:43:46.855+0000] {logging_mixin.py:150} INFO - [2023-07-11T23:43:46.854+0000] {dag.py:2742} INFO - Sync 1 DAGs
[2023-07-11T23:43:46.873+0000] {logging_mixin.py:150} INFO - [2023-07-11T23:43:46.873+0000] {dag.py:3508} INFO - Setting next_dagrun for example_bash_operator to 2023-07-10T00:00:00+00:00, run_after=2023-07-11T00:00:00+00:00
[2023-07-11T23:43:46.884+0000] {processor.py:179} INFO - Processing /home/airflow/.local/lib/python3.7/site-packages/airflow/example_dags/example_bash_operator.py took 0.066 seconds
[2023-07-11T23:44:17.122+0000] {processor.py:157} INFO - Started process (PID=1260) to work on /home/airflow/.local/lib/python3.7/site-packages/airflow/example_dags/example_bash_operator.py
[2023-07-11T23:44:17.123+0000] {processor.py:826} INFO - Processing file /home/airflow/.local/lib/python3.7/site-packages/airflow/example_dags/example_bash_operator.py for tasks to queue
[2023-07-11T23:44:17.123+0000] {logging_mixin.py:150} INFO - [2023-07-11T23:44:17.123+0000] {dagbag.py:541} INFO - Filling up the DagBag from /home/airflow/.local/lib/python3.7/site-packages/airflow/example_dags/example_bash_operator.py
[2023-07-11T23:44:17.132+0000] {processor.py:836} INFO - DAG(s) dict_keys(['example_bash_operator']) retrieved from /home/airflow/.local/lib/python3.7/site-packages/airflow/example_dags/example_bash_operator.py
[2023-07-11T23:44:17.160+0000] {logging_mixin.py:150} INFO - [2023-07-11T23:44:17.160+0000] {dag.py:2742} INFO - Sync 1 DAGs
[2023-07-11T23:44:17.180+0000] {logging_mixin.py:150} INFO - [2023-07-11T23:44:17.180+0000] {dag.py:3508} INFO - Setting next_dagrun for example_bash_operator to 2023-07-10T00:00:00+00:00, run_after=2023-07-11T00:00:00+00:00
[2023-07-11T23:44:17.193+0000] {processor.py:179} INFO - Processing /home/airflow/.local/lib/python3.7/site-packages/airflow/example_dags/example_bash_operator.py took 0.073 seconds
[2023-07-11T23:44:47.572+0000] {processor.py:157} INFO - Started process (PID=1330) to work on /home/airflow/.local/lib/python3.7/site-packages/airflow/example_dags/example_bash_operator.py
[2023-07-11T23:44:47.573+0000] {processor.py:826} INFO - Processing file /home/airflow/.local/lib/python3.7/site-packages/airflow/example_dags/example_bash_operator.py for tasks to queue
[2023-07-11T23:44:47.573+0000] {logging_mixin.py:150} INFO - [2023-07-11T23:44:47.573+0000] {dagbag.py:541} INFO - Filling up the DagBag from /home/airflow/.local/lib/python3.7/site-packages/airflow/example_dags/example_bash_operator.py
[2023-07-11T23:44:47.582+0000] {processor.py:836} INFO - DAG(s) dict_keys(['example_bash_operator']) retrieved from /home/airflow/.local/lib/python3.7/site-packages/airflow/example_dags/example_bash_operator.py
[2023-07-11T23:44:47.607+0000] {logging_mixin.py:150} INFO - [2023-07-11T23:44:47.607+0000] {dag.py:2742} INFO - Sync 1 DAGs
[2023-07-11T23:44:47.626+0000] {logging_mixin.py:150} INFO - [2023-07-11T23:44:47.625+0000] {dag.py:3508} INFO - Setting next_dagrun for example_bash_operator to 2023-07-10T00:00:00+00:00, run_after=2023-07-11T00:00:00+00:00
[2023-07-11T23:44:47.637+0000] {processor.py:179} INFO - Processing /home/airflow/.local/lib/python3.7/site-packages/airflow/example_dags/example_bash_operator.py took 0.067 seconds
[2023-07-11T23:45:18.036+0000] {processor.py:157} INFO - Started process (PID=1400) to work on /home/airflow/.local/lib/python3.7/site-packages/airflow/example_dags/example_bash_operator.py
[2023-07-11T23:45:18.036+0000] {processor.py:826} INFO - Processing file /home/airflow/.local/lib/python3.7/site-packages/airflow/example_dags/example_bash_operator.py for tasks to queue
[2023-07-11T23:45:18.037+0000] {logging_mixin.py:150} INFO - [2023-07-11T23:45:18.037+0000] {dagbag.py:541} INFO - Filling up the DagBag from /home/airflow/.local/lib/python3.7/site-packages/airflow/example_dags/example_bash_operator.py
[2023-07-11T23:45:18.046+0000] {processor.py:836} INFO - DAG(s) dict_keys(['example_bash_operator']) retrieved from /home/airflow/.local/lib/python3.7/site-packages/airflow/example_dags/example_bash_operator.py
[2023-07-11T23:45:18.071+0000] {logging_mixin.py:150} INFO - [2023-07-11T23:45:18.070+0000] {dag.py:2742} INFO - Sync 1 DAGs
[2023-07-11T23:45:18.089+0000] {logging_mixin.py:150} INFO - [2023-07-11T23:45:18.089+0000] {dag.py:3508} INFO - Setting next_dagrun for example_bash_operator to 2023-07-10T00:00:00+00:00, run_after=2023-07-11T00:00:00+00:00
[2023-07-11T23:45:18.101+0000] {processor.py:179} INFO - Processing /home/airflow/.local/lib/python3.7/site-packages/airflow/example_dags/example_bash_operator.py took 0.067 seconds
[2023-07-11T23:45:48.853+0000] {processor.py:157} INFO - Started process (PID=1470) to work on /home/airflow/.local/lib/python3.7/site-packages/airflow/example_dags/example_bash_operator.py
[2023-07-11T23:45:48.854+0000] {processor.py:826} INFO - Processing file /home/airflow/.local/lib/python3.7/site-packages/airflow/example_dags/example_bash_operator.py for tasks to queue
[2023-07-11T23:45:48.855+0000] {logging_mixin.py:150} INFO - [2023-07-11T23:45:48.855+0000] {dagbag.py:541} INFO - Filling up the DagBag from /home/airflow/.local/lib/python3.7/site-packages/airflow/example_dags/example_bash_operator.py
[2023-07-11T23:45:48.864+0000] {processor.py:836} INFO - DAG(s) dict_keys(['example_bash_operator']) retrieved from /home/airflow/.local/lib/python3.7/site-packages/airflow/example_dags/example_bash_operator.py
[2023-07-11T23:45:48.890+0000] {logging_mixin.py:150} INFO - [2023-07-11T23:45:48.890+0000] {dag.py:2742} INFO - Sync 1 DAGs
[2023-07-11T23:45:48.909+0000] {logging_mixin.py:150} INFO - [2023-07-11T23:45:48.909+0000] {dag.py:3508} INFO - Setting next_dagrun for example_bash_operator to 2023-07-10T00:00:00+00:00, run_after=2023-07-11T00:00:00+00:00
[2023-07-11T23:45:48.920+0000] {processor.py:179} INFO - Processing /home/airflow/.local/lib/python3.7/site-packages/airflow/example_dags/example_bash_operator.py took 0.069 seconds
[2023-07-11T23:46:19.346+0000] {processor.py:157} INFO - Started process (PID=1540) to work on /home/airflow/.local/lib/python3.7/site-packages/airflow/example_dags/example_bash_operator.py
[2023-07-11T23:46:19.346+0000] {processor.py:826} INFO - Processing file /home/airflow/.local/lib/python3.7/site-packages/airflow/example_dags/example_bash_operator.py for tasks to queue
[2023-07-11T23:46:19.347+0000] {logging_mixin.py:150} INFO - [2023-07-11T23:46:19.347+0000] {dagbag.py:541} INFO - Filling up the DagBag from /home/airflow/.local/lib/python3.7/site-packages/airflow/example_dags/example_bash_operator.py
[2023-07-11T23:46:19.356+0000] {processor.py:836} INFO - DAG(s) dict_keys(['example_bash_operator']) retrieved from /home/airflow/.local/lib/python3.7/site-packages/airflow/example_dags/example_bash_operator.py
[2023-07-11T23:46:19.383+0000] {logging_mixin.py:150} INFO - [2023-07-11T23:46:19.383+0000] {dag.py:2742} INFO - Sync 1 DAGs
[2023-07-11T23:46:19.404+0000] {logging_mixin.py:150} INFO - [2023-07-11T23:46:19.404+0000] {dag.py:3508} INFO - Setting next_dagrun for example_bash_operator to 2023-07-10T00:00:00+00:00, run_after=2023-07-11T00:00:00+00:00
[2023-07-11T23:46:19.418+0000] {processor.py:179} INFO - Processing /home/airflow/.local/lib/python3.7/site-packages/airflow/example_dags/example_bash_operator.py took 0.074 seconds
[2023-07-11T23:46:50.253+0000] {processor.py:157} INFO - Started process (PID=1610) to work on /home/airflow/.local/lib/python3.7/site-packages/airflow/example_dags/example_bash_operator.py
[2023-07-11T23:46:50.254+0000] {processor.py:826} INFO - Processing file /home/airflow/.local/lib/python3.7/site-packages/airflow/example_dags/example_bash_operator.py for tasks to queue
[2023-07-11T23:46:50.254+0000] {logging_mixin.py:150} INFO - [2023-07-11T23:46:50.254+0000] {dagbag.py:541} INFO - Filling up the DagBag from /home/airflow/.local/lib/python3.7/site-packages/airflow/example_dags/example_bash_operator.py
[2023-07-11T23:46:50.263+0000] {processor.py:836} INFO - DAG(s) dict_keys(['example_bash_operator']) retrieved from /home/airflow/.local/lib/python3.7/site-packages/airflow/example_dags/example_bash_operator.py
[2023-07-11T23:46:50.288+0000] {logging_mixin.py:150} INFO - [2023-07-11T23:46:50.287+0000] {dag.py:2742} INFO - Sync 1 DAGs
[2023-07-11T23:46:50.306+0000] {logging_mixin.py:150} INFO - [2023-07-11T23:46:50.306+0000] {dag.py:3508} INFO - Setting next_dagrun for example_bash_operator to 2023-07-10T00:00:00+00:00, run_after=2023-07-11T00:00:00+00:00
[2023-07-11T23:46:50.317+0000] {processor.py:179} INFO - Processing /home/airflow/.local/lib/python3.7/site-packages/airflow/example_dags/example_bash_operator.py took 0.065 seconds
[2023-07-11T23:47:20.565+0000] {processor.py:157} INFO - Started process (PID=1680) to work on /home/airflow/.local/lib/python3.7/site-packages/airflow/example_dags/example_bash_operator.py
[2023-07-11T23:47:20.565+0000] {processor.py:826} INFO - Processing file /home/airflow/.local/lib/python3.7/site-packages/airflow/example_dags/example_bash_operator.py for tasks to queue
[2023-07-11T23:47:20.566+0000] {logging_mixin.py:150} INFO - [2023-07-11T23:47:20.566+0000] {dagbag.py:541} INFO - Filling up the DagBag from /home/airflow/.local/lib/python3.7/site-packages/airflow/example_dags/example_bash_operator.py
[2023-07-11T23:47:20.574+0000] {processor.py:836} INFO - DAG(s) dict_keys(['example_bash_operator']) retrieved from /home/airflow/.local/lib/python3.7/site-packages/airflow/example_dags/example_bash_operator.py
[2023-07-11T23:47:20.600+0000] {logging_mixin.py:150} INFO - [2023-07-11T23:47:20.599+0000] {dag.py:2742} INFO - Sync 1 DAGs
[2023-07-11T23:47:20.618+0000] {logging_mixin.py:150} INFO - [2023-07-11T23:47:20.618+0000] {dag.py:3508} INFO - Setting next_dagrun for example_bash_operator to 2023-07-10T00:00:00+00:00, run_after=2023-07-11T00:00:00+00:00
[2023-07-11T23:47:20.630+0000] {processor.py:179} INFO - Processing /home/airflow/.local/lib/python3.7/site-packages/airflow/example_dags/example_bash_operator.py took 0.067 seconds
