[2023-07-11T23:35:31.445+0000] {processor.py:157} INFO - Started process (PID=34) to work on /home/airflow/.local/lib/python3.7/site-packages/airflow/example_dags/example_latest_only.py
[2023-07-11T23:35:31.445+0000] {processor.py:826} INFO - Processing file /home/airflow/.local/lib/python3.7/site-packages/airflow/example_dags/example_latest_only.py for tasks to queue
[2023-07-11T23:35:31.446+0000] {logging_mixin.py:150} INFO - [2023-07-11T23:35:31.445+0000] {dagbag.py:541} INFO - Filling up the DagBag from /home/airflow/.local/lib/python3.7/site-packages/airflow/example_dags/example_latest_only.py
[2023-07-11T23:35:31.451+0000] {processor.py:836} INFO - DAG(s) dict_keys(['latest_only']) retrieved from /home/airflow/.local/lib/python3.7/site-packages/airflow/example_dags/example_latest_only.py
[2023-07-11T23:35:31.462+0000] {logging_mixin.py:150} INFO - [2023-07-11T23:35:31.462+0000] {dag.py:2742} INFO - Sync 1 DAGs
[2023-07-11T23:35:31.484+0000] {logging_mixin.py:150} INFO - [2023-07-11T23:35:31.484+0000] {dag.py:3508} INFO - Setting next_dagrun for latest_only to 2023-07-11T19:35:31.484163+00:00, run_after=2023-07-11T23:35:31.484163+00:00
[2023-07-11T23:35:31.501+0000] {processor.py:179} INFO - Processing /home/airflow/.local/lib/python3.7/site-packages/airflow/example_dags/example_latest_only.py took 0.059 seconds
[2023-07-11T23:36:02.068+0000] {processor.py:157} INFO - Started process (PID=104) to work on /home/airflow/.local/lib/python3.7/site-packages/airflow/example_dags/example_latest_only.py
[2023-07-11T23:36:02.068+0000] {processor.py:826} INFO - Processing file /home/airflow/.local/lib/python3.7/site-packages/airflow/example_dags/example_latest_only.py for tasks to queue
[2023-07-11T23:36:02.069+0000] {logging_mixin.py:150} INFO - [2023-07-11T23:36:02.069+0000] {dagbag.py:541} INFO - Filling up the DagBag from /home/airflow/.local/lib/python3.7/site-packages/airflow/example_dags/example_latest_only.py
[2023-07-11T23:36:02.073+0000] {processor.py:836} INFO - DAG(s) dict_keys(['latest_only']) retrieved from /home/airflow/.local/lib/python3.7/site-packages/airflow/example_dags/example_latest_only.py
[2023-07-11T23:36:02.092+0000] {logging_mixin.py:150} INFO - [2023-07-11T23:36:02.091+0000] {dag.py:2742} INFO - Sync 1 DAGs
[2023-07-11T23:36:02.112+0000] {logging_mixin.py:150} INFO - [2023-07-11T23:36:02.112+0000] {dag.py:3508} INFO - Setting next_dagrun for latest_only to 2023-07-11T19:36:02.111957+00:00, run_after=2023-07-11T23:36:02.111957+00:00
[2023-07-11T23:36:02.127+0000] {processor.py:179} INFO - Processing /home/airflow/.local/lib/python3.7/site-packages/airflow/example_dags/example_latest_only.py took 0.062 seconds
[2023-07-11T23:36:32.270+0000] {processor.py:157} INFO - Started process (PID=174) to work on /home/airflow/.local/lib/python3.7/site-packages/airflow/example_dags/example_latest_only.py
[2023-07-11T23:36:32.271+0000] {processor.py:826} INFO - Processing file /home/airflow/.local/lib/python3.7/site-packages/airflow/example_dags/example_latest_only.py for tasks to queue
[2023-07-11T23:36:32.272+0000] {logging_mixin.py:150} INFO - [2023-07-11T23:36:32.272+0000] {dagbag.py:541} INFO - Filling up the DagBag from /home/airflow/.local/lib/python3.7/site-packages/airflow/example_dags/example_latest_only.py
[2023-07-11T23:36:32.276+0000] {processor.py:836} INFO - DAG(s) dict_keys(['latest_only']) retrieved from /home/airflow/.local/lib/python3.7/site-packages/airflow/example_dags/example_latest_only.py
[2023-07-11T23:36:32.296+0000] {logging_mixin.py:150} INFO - [2023-07-11T23:36:32.295+0000] {dag.py:2742} INFO - Sync 1 DAGs
[2023-07-11T23:36:32.317+0000] {logging_mixin.py:150} INFO - [2023-07-11T23:36:32.317+0000] {dag.py:3508} INFO - Setting next_dagrun for latest_only to 2023-07-11T19:36:32.317064+00:00, run_after=2023-07-11T23:36:32.317064+00:00
[2023-07-11T23:36:32.332+0000] {processor.py:179} INFO - Processing /home/airflow/.local/lib/python3.7/site-packages/airflow/example_dags/example_latest_only.py took 0.064 seconds
[2023-07-11T23:37:02.392+0000] {processor.py:157} INFO - Started process (PID=244) to work on /home/airflow/.local/lib/python3.7/site-packages/airflow/example_dags/example_latest_only.py
[2023-07-11T23:37:02.392+0000] {processor.py:826} INFO - Processing file /home/airflow/.local/lib/python3.7/site-packages/airflow/example_dags/example_latest_only.py for tasks to queue
[2023-07-11T23:37:02.393+0000] {logging_mixin.py:150} INFO - [2023-07-11T23:37:02.392+0000] {dagbag.py:541} INFO - Filling up the DagBag from /home/airflow/.local/lib/python3.7/site-packages/airflow/example_dags/example_latest_only.py
[2023-07-11T23:37:02.396+0000] {processor.py:836} INFO - DAG(s) dict_keys(['latest_only']) retrieved from /home/airflow/.local/lib/python3.7/site-packages/airflow/example_dags/example_latest_only.py
[2023-07-11T23:37:02.412+0000] {logging_mixin.py:150} INFO - [2023-07-11T23:37:02.411+0000] {dag.py:2742} INFO - Sync 1 DAGs
[2023-07-11T23:37:02.430+0000] {logging_mixin.py:150} INFO - [2023-07-11T23:37:02.430+0000] {dag.py:3508} INFO - Setting next_dagrun for latest_only to 2023-07-11T19:37:02.430134+00:00, run_after=2023-07-11T23:37:02.430134+00:00
[2023-07-11T23:37:02.443+0000] {processor.py:179} INFO - Processing /home/airflow/.local/lib/python3.7/site-packages/airflow/example_dags/example_latest_only.py took 0.054 seconds
[2023-07-11T23:37:32.464+0000] {processor.py:157} INFO - Started process (PID=314) to work on /home/airflow/.local/lib/python3.7/site-packages/airflow/example_dags/example_latest_only.py
[2023-07-11T23:37:32.465+0000] {processor.py:826} INFO - Processing file /home/airflow/.local/lib/python3.7/site-packages/airflow/example_dags/example_latest_only.py for tasks to queue
[2023-07-11T23:37:32.465+0000] {logging_mixin.py:150} INFO - [2023-07-11T23:37:32.465+0000] {dagbag.py:541} INFO - Filling up the DagBag from /home/airflow/.local/lib/python3.7/site-packages/airflow/example_dags/example_latest_only.py
[2023-07-11T23:37:32.468+0000] {processor.py:836} INFO - DAG(s) dict_keys(['latest_only']) retrieved from /home/airflow/.local/lib/python3.7/site-packages/airflow/example_dags/example_latest_only.py
[2023-07-11T23:37:32.485+0000] {logging_mixin.py:150} INFO - [2023-07-11T23:37:32.485+0000] {dag.py:2742} INFO - Sync 1 DAGs
[2023-07-11T23:37:32.505+0000] {logging_mixin.py:150} INFO - [2023-07-11T23:37:32.505+0000] {dag.py:3508} INFO - Setting next_dagrun for latest_only to 2023-07-11T19:37:32.505111+00:00, run_after=2023-07-11T23:37:32.505111+00:00
[2023-07-11T23:37:32.522+0000] {processor.py:179} INFO - Processing /home/airflow/.local/lib/python3.7/site-packages/airflow/example_dags/example_latest_only.py took 0.060 seconds
[2023-07-11T23:38:02.759+0000] {processor.py:157} INFO - Started process (PID=384) to work on /home/airflow/.local/lib/python3.7/site-packages/airflow/example_dags/example_latest_only.py
[2023-07-11T23:38:02.760+0000] {processor.py:826} INFO - Processing file /home/airflow/.local/lib/python3.7/site-packages/airflow/example_dags/example_latest_only.py for tasks to queue
[2023-07-11T23:38:02.760+0000] {logging_mixin.py:150} INFO - [2023-07-11T23:38:02.760+0000] {dagbag.py:541} INFO - Filling up the DagBag from /home/airflow/.local/lib/python3.7/site-packages/airflow/example_dags/example_latest_only.py
[2023-07-11T23:38:02.763+0000] {processor.py:836} INFO - DAG(s) dict_keys(['latest_only']) retrieved from /home/airflow/.local/lib/python3.7/site-packages/airflow/example_dags/example_latest_only.py
[2023-07-11T23:38:02.779+0000] {logging_mixin.py:150} INFO - [2023-07-11T23:38:02.779+0000] {dag.py:2742} INFO - Sync 1 DAGs
[2023-07-11T23:38:02.798+0000] {logging_mixin.py:150} INFO - [2023-07-11T23:38:02.798+0000] {dag.py:3508} INFO - Setting next_dagrun for latest_only to 2023-07-11T19:38:02.798003+00:00, run_after=2023-07-11T23:38:02.798003+00:00
[2023-07-11T23:38:02.811+0000] {processor.py:179} INFO - Processing /home/airflow/.local/lib/python3.7/site-packages/airflow/example_dags/example_latest_only.py took 0.054 seconds
[2023-07-11T23:38:33.167+0000] {processor.py:157} INFO - Started process (PID=454) to work on /home/airflow/.local/lib/python3.7/site-packages/airflow/example_dags/example_latest_only.py
[2023-07-11T23:38:33.168+0000] {processor.py:826} INFO - Processing file /home/airflow/.local/lib/python3.7/site-packages/airflow/example_dags/example_latest_only.py for tasks to queue
[2023-07-11T23:38:33.169+0000] {logging_mixin.py:150} INFO - [2023-07-11T23:38:33.168+0000] {dagbag.py:541} INFO - Filling up the DagBag from /home/airflow/.local/lib/python3.7/site-packages/airflow/example_dags/example_latest_only.py
[2023-07-11T23:38:33.174+0000] {processor.py:836} INFO - DAG(s) dict_keys(['latest_only']) retrieved from /home/airflow/.local/lib/python3.7/site-packages/airflow/example_dags/example_latest_only.py
[2023-07-11T23:38:33.194+0000] {logging_mixin.py:150} INFO - [2023-07-11T23:38:33.194+0000] {dag.py:2742} INFO - Sync 1 DAGs
[2023-07-11T23:38:33.215+0000] {logging_mixin.py:150} INFO - [2023-07-11T23:38:33.214+0000] {dag.py:3508} INFO - Setting next_dagrun for latest_only to 2023-07-11T19:38:33.214648+00:00, run_after=2023-07-11T23:38:33.214648+00:00
[2023-07-11T23:38:33.229+0000] {processor.py:179} INFO - Processing /home/airflow/.local/lib/python3.7/site-packages/airflow/example_dags/example_latest_only.py took 0.064 seconds
[2023-07-11T23:39:03.262+0000] {processor.py:157} INFO - Started process (PID=524) to work on /home/airflow/.local/lib/python3.7/site-packages/airflow/example_dags/example_latest_only.py
[2023-07-11T23:39:03.263+0000] {processor.py:826} INFO - Processing file /home/airflow/.local/lib/python3.7/site-packages/airflow/example_dags/example_latest_only.py for tasks to queue
[2023-07-11T23:39:03.263+0000] {logging_mixin.py:150} INFO - [2023-07-11T23:39:03.263+0000] {dagbag.py:541} INFO - Filling up the DagBag from /home/airflow/.local/lib/python3.7/site-packages/airflow/example_dags/example_latest_only.py
[2023-07-11T23:39:03.267+0000] {processor.py:836} INFO - DAG(s) dict_keys(['latest_only']) retrieved from /home/airflow/.local/lib/python3.7/site-packages/airflow/example_dags/example_latest_only.py
[2023-07-11T23:39:03.283+0000] {logging_mixin.py:150} INFO - [2023-07-11T23:39:03.283+0000] {dag.py:2742} INFO - Sync 1 DAGs
[2023-07-11T23:39:03.304+0000] {logging_mixin.py:150} INFO - [2023-07-11T23:39:03.304+0000] {dag.py:3508} INFO - Setting next_dagrun for latest_only to 2023-07-11T19:39:03.304029+00:00, run_after=2023-07-11T23:39:03.304029+00:00
[2023-07-11T23:39:03.318+0000] {processor.py:179} INFO - Processing /home/airflow/.local/lib/python3.7/site-packages/airflow/example_dags/example_latest_only.py took 0.057 seconds
[2023-07-11T23:39:33.669+0000] {processor.py:157} INFO - Started process (PID=594) to work on /home/airflow/.local/lib/python3.7/site-packages/airflow/example_dags/example_latest_only.py
[2023-07-11T23:39:33.670+0000] {processor.py:826} INFO - Processing file /home/airflow/.local/lib/python3.7/site-packages/airflow/example_dags/example_latest_only.py for tasks to queue
[2023-07-11T23:39:33.670+0000] {logging_mixin.py:150} INFO - [2023-07-11T23:39:33.670+0000] {dagbag.py:541} INFO - Filling up the DagBag from /home/airflow/.local/lib/python3.7/site-packages/airflow/example_dags/example_latest_only.py
[2023-07-11T23:39:33.673+0000] {processor.py:836} INFO - DAG(s) dict_keys(['latest_only']) retrieved from /home/airflow/.local/lib/python3.7/site-packages/airflow/example_dags/example_latest_only.py
[2023-07-11T23:39:33.689+0000] {logging_mixin.py:150} INFO - [2023-07-11T23:39:33.689+0000] {dag.py:2742} INFO - Sync 1 DAGs
[2023-07-11T23:39:33.707+0000] {logging_mixin.py:150} INFO - [2023-07-11T23:39:33.707+0000] {dag.py:3508} INFO - Setting next_dagrun for latest_only to 2023-07-11T19:39:33.707158+00:00, run_after=2023-07-11T23:39:33.707158+00:00
[2023-07-11T23:39:33.719+0000] {processor.py:179} INFO - Processing /home/airflow/.local/lib/python3.7/site-packages/airflow/example_dags/example_latest_only.py took 0.052 seconds
[2023-07-11T23:40:03.991+0000] {processor.py:157} INFO - Started process (PID=664) to work on /home/airflow/.local/lib/python3.7/site-packages/airflow/example_dags/example_latest_only.py
[2023-07-11T23:40:03.992+0000] {processor.py:826} INFO - Processing file /home/airflow/.local/lib/python3.7/site-packages/airflow/example_dags/example_latest_only.py for tasks to queue
[2023-07-11T23:40:03.992+0000] {logging_mixin.py:150} INFO - [2023-07-11T23:40:03.992+0000] {dagbag.py:541} INFO - Filling up the DagBag from /home/airflow/.local/lib/python3.7/site-packages/airflow/example_dags/example_latest_only.py
[2023-07-11T23:40:03.996+0000] {processor.py:836} INFO - DAG(s) dict_keys(['latest_only']) retrieved from /home/airflow/.local/lib/python3.7/site-packages/airflow/example_dags/example_latest_only.py
[2023-07-11T23:40:04.012+0000] {logging_mixin.py:150} INFO - [2023-07-11T23:40:04.012+0000] {dag.py:2742} INFO - Sync 1 DAGs
[2023-07-11T23:40:04.032+0000] {logging_mixin.py:150} INFO - [2023-07-11T23:40:04.032+0000] {dag.py:3508} INFO - Setting next_dagrun for latest_only to 2023-07-11T19:40:04.032354+00:00, run_after=2023-07-11T23:40:04.032354+00:00
[2023-07-11T23:40:04.047+0000] {processor.py:179} INFO - Processing /home/airflow/.local/lib/python3.7/site-packages/airflow/example_dags/example_latest_only.py took 0.058 seconds
[2023-07-11T23:40:34.406+0000] {processor.py:157} INFO - Started process (PID=734) to work on /home/airflow/.local/lib/python3.7/site-packages/airflow/example_dags/example_latest_only.py
[2023-07-11T23:40:34.406+0000] {processor.py:826} INFO - Processing file /home/airflow/.local/lib/python3.7/site-packages/airflow/example_dags/example_latest_only.py for tasks to queue
[2023-07-11T23:40:34.407+0000] {logging_mixin.py:150} INFO - [2023-07-11T23:40:34.407+0000] {dagbag.py:541} INFO - Filling up the DagBag from /home/airflow/.local/lib/python3.7/site-packages/airflow/example_dags/example_latest_only.py
[2023-07-11T23:40:34.410+0000] {processor.py:836} INFO - DAG(s) dict_keys(['latest_only']) retrieved from /home/airflow/.local/lib/python3.7/site-packages/airflow/example_dags/example_latest_only.py
[2023-07-11T23:40:34.426+0000] {logging_mixin.py:150} INFO - [2023-07-11T23:40:34.426+0000] {dag.py:2742} INFO - Sync 1 DAGs
[2023-07-11T23:40:34.445+0000] {logging_mixin.py:150} INFO - [2023-07-11T23:40:34.445+0000] {dag.py:3508} INFO - Setting next_dagrun for latest_only to 2023-07-11T19:40:34.445026+00:00, run_after=2023-07-11T23:40:34.445026+00:00
[2023-07-11T23:40:34.459+0000] {processor.py:179} INFO - Processing /home/airflow/.local/lib/python3.7/site-packages/airflow/example_dags/example_latest_only.py took 0.055 seconds
[2023-07-11T23:41:04.645+0000] {processor.py:157} INFO - Started process (PID=804) to work on /home/airflow/.local/lib/python3.7/site-packages/airflow/example_dags/example_latest_only.py
[2023-07-11T23:41:04.645+0000] {processor.py:826} INFO - Processing file /home/airflow/.local/lib/python3.7/site-packages/airflow/example_dags/example_latest_only.py for tasks to queue
[2023-07-11T23:41:04.646+0000] {logging_mixin.py:150} INFO - [2023-07-11T23:41:04.646+0000] {dagbag.py:541} INFO - Filling up the DagBag from /home/airflow/.local/lib/python3.7/site-packages/airflow/example_dags/example_latest_only.py
[2023-07-11T23:41:04.651+0000] {processor.py:836} INFO - DAG(s) dict_keys(['latest_only']) retrieved from /home/airflow/.local/lib/python3.7/site-packages/airflow/example_dags/example_latest_only.py
[2023-07-11T23:41:04.672+0000] {logging_mixin.py:150} INFO - [2023-07-11T23:41:04.671+0000] {dag.py:2742} INFO - Sync 1 DAGs
[2023-07-11T23:41:04.695+0000] {logging_mixin.py:150} INFO - [2023-07-11T23:41:04.695+0000] {dag.py:3508} INFO - Setting next_dagrun for latest_only to 2023-07-11T19:41:04.694929+00:00, run_after=2023-07-11T23:41:04.694929+00:00
[2023-07-11T23:41:04.709+0000] {processor.py:179} INFO - Processing /home/airflow/.local/lib/python3.7/site-packages/airflow/example_dags/example_latest_only.py took 0.067 seconds
[2023-07-11T23:41:34.891+0000] {processor.py:157} INFO - Started process (PID=874) to work on /home/airflow/.local/lib/python3.7/site-packages/airflow/example_dags/example_latest_only.py
[2023-07-11T23:41:34.891+0000] {processor.py:826} INFO - Processing file /home/airflow/.local/lib/python3.7/site-packages/airflow/example_dags/example_latest_only.py for tasks to queue
[2023-07-11T23:41:34.892+0000] {logging_mixin.py:150} INFO - [2023-07-11T23:41:34.892+0000] {dagbag.py:541} INFO - Filling up the DagBag from /home/airflow/.local/lib/python3.7/site-packages/airflow/example_dags/example_latest_only.py
[2023-07-11T23:41:34.897+0000] {processor.py:836} INFO - DAG(s) dict_keys(['latest_only']) retrieved from /home/airflow/.local/lib/python3.7/site-packages/airflow/example_dags/example_latest_only.py
[2023-07-11T23:41:34.916+0000] {logging_mixin.py:150} INFO - [2023-07-11T23:41:34.916+0000] {dag.py:2742} INFO - Sync 1 DAGs
[2023-07-11T23:41:34.938+0000] {logging_mixin.py:150} INFO - [2023-07-11T23:41:34.938+0000] {dag.py:3508} INFO - Setting next_dagrun for latest_only to 2023-07-11T19:41:34.937801+00:00, run_after=2023-07-11T23:41:34.937801+00:00
[2023-07-11T23:41:34.952+0000] {processor.py:179} INFO - Processing /home/airflow/.local/lib/python3.7/site-packages/airflow/example_dags/example_latest_only.py took 0.064 seconds
[2023-07-11T23:42:05.130+0000] {processor.py:157} INFO - Started process (PID=944) to work on /home/airflow/.local/lib/python3.7/site-packages/airflow/example_dags/example_latest_only.py
[2023-07-11T23:42:05.131+0000] {processor.py:826} INFO - Processing file /home/airflow/.local/lib/python3.7/site-packages/airflow/example_dags/example_latest_only.py for tasks to queue
[2023-07-11T23:42:05.131+0000] {logging_mixin.py:150} INFO - [2023-07-11T23:42:05.131+0000] {dagbag.py:541} INFO - Filling up the DagBag from /home/airflow/.local/lib/python3.7/site-packages/airflow/example_dags/example_latest_only.py
[2023-07-11T23:42:05.135+0000] {processor.py:836} INFO - DAG(s) dict_keys(['latest_only']) retrieved from /home/airflow/.local/lib/python3.7/site-packages/airflow/example_dags/example_latest_only.py
[2023-07-11T23:42:05.150+0000] {logging_mixin.py:150} INFO - [2023-07-11T23:42:05.150+0000] {dag.py:2742} INFO - Sync 1 DAGs
[2023-07-11T23:42:05.170+0000] {logging_mixin.py:150} INFO - [2023-07-11T23:42:05.170+0000] {dag.py:3508} INFO - Setting next_dagrun for latest_only to 2023-07-11T19:42:05.170274+00:00, run_after=2023-07-11T23:42:05.170274+00:00
[2023-07-11T23:42:05.184+0000] {processor.py:179} INFO - Processing /home/airflow/.local/lib/python3.7/site-packages/airflow/example_dags/example_latest_only.py took 0.056 seconds
[2023-07-11T23:42:35.372+0000] {processor.py:157} INFO - Started process (PID=1014) to work on /home/airflow/.local/lib/python3.7/site-packages/airflow/example_dags/example_latest_only.py
[2023-07-11T23:42:35.373+0000] {processor.py:826} INFO - Processing file /home/airflow/.local/lib/python3.7/site-packages/airflow/example_dags/example_latest_only.py for tasks to queue
[2023-07-11T23:42:35.374+0000] {logging_mixin.py:150} INFO - [2023-07-11T23:42:35.374+0000] {dagbag.py:541} INFO - Filling up the DagBag from /home/airflow/.local/lib/python3.7/site-packages/airflow/example_dags/example_latest_only.py
[2023-07-11T23:42:35.379+0000] {processor.py:836} INFO - DAG(s) dict_keys(['latest_only']) retrieved from /home/airflow/.local/lib/python3.7/site-packages/airflow/example_dags/example_latest_only.py
[2023-07-11T23:42:35.399+0000] {logging_mixin.py:150} INFO - [2023-07-11T23:42:35.399+0000] {dag.py:2742} INFO - Sync 1 DAGs
[2023-07-11T23:42:35.420+0000] {logging_mixin.py:150} INFO - [2023-07-11T23:42:35.420+0000] {dag.py:3508} INFO - Setting next_dagrun for latest_only to 2023-07-11T19:42:35.419936+00:00, run_after=2023-07-11T23:42:35.419936+00:00
[2023-07-11T23:42:35.435+0000] {processor.py:179} INFO - Processing /home/airflow/.local/lib/python3.7/site-packages/airflow/example_dags/example_latest_only.py took 0.065 seconds
[2023-07-11T23:43:05.649+0000] {processor.py:157} INFO - Started process (PID=1084) to work on /home/airflow/.local/lib/python3.7/site-packages/airflow/example_dags/example_latest_only.py
[2023-07-11T23:43:05.650+0000] {processor.py:826} INFO - Processing file /home/airflow/.local/lib/python3.7/site-packages/airflow/example_dags/example_latest_only.py for tasks to queue
[2023-07-11T23:43:05.650+0000] {logging_mixin.py:150} INFO - [2023-07-11T23:43:05.650+0000] {dagbag.py:541} INFO - Filling up the DagBag from /home/airflow/.local/lib/python3.7/site-packages/airflow/example_dags/example_latest_only.py
[2023-07-11T23:43:05.653+0000] {processor.py:836} INFO - DAG(s) dict_keys(['latest_only']) retrieved from /home/airflow/.local/lib/python3.7/site-packages/airflow/example_dags/example_latest_only.py
[2023-07-11T23:43:05.667+0000] {logging_mixin.py:150} INFO - [2023-07-11T23:43:05.666+0000] {dag.py:2742} INFO - Sync 1 DAGs
[2023-07-11T23:43:05.684+0000] {logging_mixin.py:150} INFO - [2023-07-11T23:43:05.684+0000] {dag.py:3508} INFO - Setting next_dagrun for latest_only to 2023-07-11T19:43:05.683936+00:00, run_after=2023-07-11T23:43:05.683936+00:00
[2023-07-11T23:43:05.695+0000] {processor.py:179} INFO - Processing /home/airflow/.local/lib/python3.7/site-packages/airflow/example_dags/example_latest_only.py took 0.048 seconds
[2023-07-11T23:43:36.404+0000] {processor.py:157} INFO - Started process (PID=1154) to work on /home/airflow/.local/lib/python3.7/site-packages/airflow/example_dags/example_latest_only.py
[2023-07-11T23:43:36.405+0000] {processor.py:826} INFO - Processing file /home/airflow/.local/lib/python3.7/site-packages/airflow/example_dags/example_latest_only.py for tasks to queue
[2023-07-11T23:43:36.405+0000] {logging_mixin.py:150} INFO - [2023-07-11T23:43:36.405+0000] {dagbag.py:541} INFO - Filling up the DagBag from /home/airflow/.local/lib/python3.7/site-packages/airflow/example_dags/example_latest_only.py
[2023-07-11T23:43:36.409+0000] {processor.py:836} INFO - DAG(s) dict_keys(['latest_only']) retrieved from /home/airflow/.local/lib/python3.7/site-packages/airflow/example_dags/example_latest_only.py
[2023-07-11T23:43:36.424+0000] {logging_mixin.py:150} INFO - [2023-07-11T23:43:36.424+0000] {dag.py:2742} INFO - Sync 1 DAGs
[2023-07-11T23:43:36.443+0000] {logging_mixin.py:150} INFO - [2023-07-11T23:43:36.443+0000] {dag.py:3508} INFO - Setting next_dagrun for latest_only to 2023-07-11T19:43:36.443178+00:00, run_after=2023-07-11T23:43:36.443178+00:00
[2023-07-11T23:43:36.456+0000] {processor.py:179} INFO - Processing /home/airflow/.local/lib/python3.7/site-packages/airflow/example_dags/example_latest_only.py took 0.053 seconds
[2023-07-11T23:44:06.564+0000] {processor.py:157} INFO - Started process (PID=1224) to work on /home/airflow/.local/lib/python3.7/site-packages/airflow/example_dags/example_latest_only.py
[2023-07-11T23:44:06.565+0000] {processor.py:826} INFO - Processing file /home/airflow/.local/lib/python3.7/site-packages/airflow/example_dags/example_latest_only.py for tasks to queue
[2023-07-11T23:44:06.565+0000] {logging_mixin.py:150} INFO - [2023-07-11T23:44:06.565+0000] {dagbag.py:541} INFO - Filling up the DagBag from /home/airflow/.local/lib/python3.7/site-packages/airflow/example_dags/example_latest_only.py
[2023-07-11T23:44:06.569+0000] {processor.py:836} INFO - DAG(s) dict_keys(['latest_only']) retrieved from /home/airflow/.local/lib/python3.7/site-packages/airflow/example_dags/example_latest_only.py
[2023-07-11T23:44:06.590+0000] {logging_mixin.py:150} INFO - [2023-07-11T23:44:06.590+0000] {dag.py:2742} INFO - Sync 1 DAGs
[2023-07-11T23:44:06.610+0000] {logging_mixin.py:150} INFO - [2023-07-11T23:44:06.610+0000] {dag.py:3508} INFO - Setting next_dagrun for latest_only to 2023-07-11T19:44:06.610196+00:00, run_after=2023-07-11T23:44:06.610196+00:00
[2023-07-11T23:44:06.625+0000] {processor.py:179} INFO - Processing /home/airflow/.local/lib/python3.7/site-packages/airflow/example_dags/example_latest_only.py took 0.063 seconds
[2023-07-11T23:44:37.068+0000] {processor.py:157} INFO - Started process (PID=1294) to work on /home/airflow/.local/lib/python3.7/site-packages/airflow/example_dags/example_latest_only.py
[2023-07-11T23:44:37.068+0000] {processor.py:826} INFO - Processing file /home/airflow/.local/lib/python3.7/site-packages/airflow/example_dags/example_latest_only.py for tasks to queue
[2023-07-11T23:44:37.069+0000] {logging_mixin.py:150} INFO - [2023-07-11T23:44:37.069+0000] {dagbag.py:541} INFO - Filling up the DagBag from /home/airflow/.local/lib/python3.7/site-packages/airflow/example_dags/example_latest_only.py
[2023-07-11T23:44:37.072+0000] {processor.py:836} INFO - DAG(s) dict_keys(['latest_only']) retrieved from /home/airflow/.local/lib/python3.7/site-packages/airflow/example_dags/example_latest_only.py
[2023-07-11T23:44:37.086+0000] {logging_mixin.py:150} INFO - [2023-07-11T23:44:37.086+0000] {dag.py:2742} INFO - Sync 1 DAGs
[2023-07-11T23:44:37.103+0000] {logging_mixin.py:150} INFO - [2023-07-11T23:44:37.103+0000] {dag.py:3508} INFO - Setting next_dagrun for latest_only to 2023-07-11T19:44:37.103218+00:00, run_after=2023-07-11T23:44:37.103218+00:00
[2023-07-11T23:44:37.114+0000] {processor.py:179} INFO - Processing /home/airflow/.local/lib/python3.7/site-packages/airflow/example_dags/example_latest_only.py took 0.048 seconds
[2023-07-11T23:45:07.375+0000] {processor.py:157} INFO - Started process (PID=1364) to work on /home/airflow/.local/lib/python3.7/site-packages/airflow/example_dags/example_latest_only.py
[2023-07-11T23:45:07.376+0000] {processor.py:826} INFO - Processing file /home/airflow/.local/lib/python3.7/site-packages/airflow/example_dags/example_latest_only.py for tasks to queue
[2023-07-11T23:45:07.376+0000] {logging_mixin.py:150} INFO - [2023-07-11T23:45:07.376+0000] {dagbag.py:541} INFO - Filling up the DagBag from /home/airflow/.local/lib/python3.7/site-packages/airflow/example_dags/example_latest_only.py
[2023-07-11T23:45:07.380+0000] {processor.py:836} INFO - DAG(s) dict_keys(['latest_only']) retrieved from /home/airflow/.local/lib/python3.7/site-packages/airflow/example_dags/example_latest_only.py
[2023-07-11T23:45:07.395+0000] {logging_mixin.py:150} INFO - [2023-07-11T23:45:07.394+0000] {dag.py:2742} INFO - Sync 1 DAGs
[2023-07-11T23:45:07.414+0000] {logging_mixin.py:150} INFO - [2023-07-11T23:45:07.414+0000] {dag.py:3508} INFO - Setting next_dagrun for latest_only to 2023-07-11T19:45:07.414167+00:00, run_after=2023-07-11T23:45:07.414167+00:00
[2023-07-11T23:45:07.428+0000] {processor.py:179} INFO - Processing /home/airflow/.local/lib/python3.7/site-packages/airflow/example_dags/example_latest_only.py took 0.054 seconds
[2023-07-11T23:45:37.524+0000] {processor.py:157} INFO - Started process (PID=1434) to work on /home/airflow/.local/lib/python3.7/site-packages/airflow/example_dags/example_latest_only.py
[2023-07-11T23:45:37.524+0000] {processor.py:826} INFO - Processing file /home/airflow/.local/lib/python3.7/site-packages/airflow/example_dags/example_latest_only.py for tasks to queue
[2023-07-11T23:45:37.525+0000] {logging_mixin.py:150} INFO - [2023-07-11T23:45:37.525+0000] {dagbag.py:541} INFO - Filling up the DagBag from /home/airflow/.local/lib/python3.7/site-packages/airflow/example_dags/example_latest_only.py
[2023-07-11T23:45:37.528+0000] {processor.py:836} INFO - DAG(s) dict_keys(['latest_only']) retrieved from /home/airflow/.local/lib/python3.7/site-packages/airflow/example_dags/example_latest_only.py
[2023-07-11T23:45:37.542+0000] {logging_mixin.py:150} INFO - [2023-07-11T23:45:37.542+0000] {dag.py:2742} INFO - Sync 1 DAGs
[2023-07-11T23:45:37.561+0000] {logging_mixin.py:150} INFO - [2023-07-11T23:45:37.560+0000] {dag.py:3508} INFO - Setting next_dagrun for latest_only to 2023-07-11T19:45:37.560634+00:00, run_after=2023-07-11T23:45:37.560634+00:00
[2023-07-11T23:45:37.574+0000] {processor.py:179} INFO - Processing /home/airflow/.local/lib/python3.7/site-packages/airflow/example_dags/example_latest_only.py took 0.052 seconds
[2023-07-11T23:46:07.704+0000] {processor.py:157} INFO - Started process (PID=1504) to work on /home/airflow/.local/lib/python3.7/site-packages/airflow/example_dags/example_latest_only.py
[2023-07-11T23:46:07.704+0000] {processor.py:826} INFO - Processing file /home/airflow/.local/lib/python3.7/site-packages/airflow/example_dags/example_latest_only.py for tasks to queue
[2023-07-11T23:46:07.704+0000] {logging_mixin.py:150} INFO - [2023-07-11T23:46:07.704+0000] {dagbag.py:541} INFO - Filling up the DagBag from /home/airflow/.local/lib/python3.7/site-packages/airflow/example_dags/example_latest_only.py
[2023-07-11T23:46:07.708+0000] {processor.py:836} INFO - DAG(s) dict_keys(['latest_only']) retrieved from /home/airflow/.local/lib/python3.7/site-packages/airflow/example_dags/example_latest_only.py
[2023-07-11T23:46:07.721+0000] {logging_mixin.py:150} INFO - [2023-07-11T23:46:07.721+0000] {dag.py:2742} INFO - Sync 1 DAGs
[2023-07-11T23:46:07.738+0000] {logging_mixin.py:150} INFO - [2023-07-11T23:46:07.738+0000] {dag.py:3508} INFO - Setting next_dagrun for latest_only to 2023-07-11T19:46:07.738206+00:00, run_after=2023-07-11T23:46:07.738206+00:00
[2023-07-11T23:46:07.750+0000] {processor.py:179} INFO - Processing /home/airflow/.local/lib/python3.7/site-packages/airflow/example_dags/example_latest_only.py took 0.048 seconds
[2023-07-11T23:46:37.790+0000] {processor.py:157} INFO - Started process (PID=1574) to work on /home/airflow/.local/lib/python3.7/site-packages/airflow/example_dags/example_latest_only.py
[2023-07-11T23:46:37.791+0000] {processor.py:826} INFO - Processing file /home/airflow/.local/lib/python3.7/site-packages/airflow/example_dags/example_latest_only.py for tasks to queue
[2023-07-11T23:46:37.791+0000] {logging_mixin.py:150} INFO - [2023-07-11T23:46:37.791+0000] {dagbag.py:541} INFO - Filling up the DagBag from /home/airflow/.local/lib/python3.7/site-packages/airflow/example_dags/example_latest_only.py
[2023-07-11T23:46:37.794+0000] {processor.py:836} INFO - DAG(s) dict_keys(['latest_only']) retrieved from /home/airflow/.local/lib/python3.7/site-packages/airflow/example_dags/example_latest_only.py
[2023-07-11T23:46:37.808+0000] {logging_mixin.py:150} INFO - [2023-07-11T23:46:37.808+0000] {dag.py:2742} INFO - Sync 1 DAGs
[2023-07-11T23:46:37.825+0000] {logging_mixin.py:150} INFO - [2023-07-11T23:46:37.825+0000] {dag.py:3508} INFO - Setting next_dagrun for latest_only to 2023-07-11T19:46:37.825597+00:00, run_after=2023-07-11T23:46:37.825597+00:00
[2023-07-11T23:46:37.838+0000] {processor.py:179} INFO - Processing /home/airflow/.local/lib/python3.7/site-packages/airflow/example_dags/example_latest_only.py took 0.049 seconds
[2023-07-11T23:47:08.148+0000] {processor.py:157} INFO - Started process (PID=1644) to work on /home/airflow/.local/lib/python3.7/site-packages/airflow/example_dags/example_latest_only.py
[2023-07-11T23:47:08.148+0000] {processor.py:826} INFO - Processing file /home/airflow/.local/lib/python3.7/site-packages/airflow/example_dags/example_latest_only.py for tasks to queue
[2023-07-11T23:47:08.149+0000] {logging_mixin.py:150} INFO - [2023-07-11T23:47:08.148+0000] {dagbag.py:541} INFO - Filling up the DagBag from /home/airflow/.local/lib/python3.7/site-packages/airflow/example_dags/example_latest_only.py
[2023-07-11T23:47:08.152+0000] {processor.py:836} INFO - DAG(s) dict_keys(['latest_only']) retrieved from /home/airflow/.local/lib/python3.7/site-packages/airflow/example_dags/example_latest_only.py
[2023-07-11T23:47:08.165+0000] {logging_mixin.py:150} INFO - [2023-07-11T23:47:08.165+0000] {dag.py:2742} INFO - Sync 1 DAGs
[2023-07-11T23:47:08.183+0000] {logging_mixin.py:150} INFO - [2023-07-11T23:47:08.182+0000] {dag.py:3508} INFO - Setting next_dagrun for latest_only to 2023-07-11T19:47:08.182820+00:00, run_after=2023-07-11T23:47:08.182820+00:00
[2023-07-11T23:47:08.194+0000] {processor.py:179} INFO - Processing /home/airflow/.local/lib/python3.7/site-packages/airflow/example_dags/example_latest_only.py took 0.048 seconds
