[2023-07-11T23:35:31.672+0000] {processor.py:157} INFO - Started process (PID=39) to work on /home/airflow/.local/lib/python3.7/site-packages/airflow/example_dags/example_latest_only_with_trigger.py
[2023-07-11T23:35:31.673+0000] {processor.py:826} INFO - Processing file /home/airflow/.local/lib/python3.7/site-packages/airflow/example_dags/example_latest_only_with_trigger.py for tasks to queue
[2023-07-11T23:35:31.673+0000] {logging_mixin.py:150} INFO - [2023-07-11T23:35:31.673+0000] {dagbag.py:541} INFO - Filling up the DagBag from /home/airflow/.local/lib/python3.7/site-packages/airflow/example_dags/example_latest_only_with_trigger.py
[2023-07-11T23:35:31.681+0000] {processor.py:836} INFO - DAG(s) dict_keys(['latest_only_with_trigger']) retrieved from /home/airflow/.local/lib/python3.7/site-packages/airflow/example_dags/example_latest_only_with_trigger.py
[2023-07-11T23:35:31.691+0000] {logging_mixin.py:150} INFO - [2023-07-11T23:35:31.690+0000] {dag.py:2742} INFO - Sync 1 DAGs
[2023-07-11T23:35:31.715+0000] {logging_mixin.py:150} INFO - [2023-07-11T23:35:31.715+0000] {dag.py:3508} INFO - Setting next_dagrun for latest_only_with_trigger to 2023-07-11T19:35:31.714945+00:00, run_after=2023-07-11T23:35:31.714945+00:00
[2023-07-11T23:35:31.735+0000] {processor.py:179} INFO - Processing /home/airflow/.local/lib/python3.7/site-packages/airflow/example_dags/example_latest_only_with_trigger.py took 0.066 seconds
[2023-07-11T23:36:02.338+0000] {processor.py:157} INFO - Started process (PID=109) to work on /home/airflow/.local/lib/python3.7/site-packages/airflow/example_dags/example_latest_only_with_trigger.py
[2023-07-11T23:36:02.339+0000] {processor.py:826} INFO - Processing file /home/airflow/.local/lib/python3.7/site-packages/airflow/example_dags/example_latest_only_with_trigger.py for tasks to queue
[2023-07-11T23:36:02.339+0000] {logging_mixin.py:150} INFO - [2023-07-11T23:36:02.339+0000] {dagbag.py:541} INFO - Filling up the DagBag from /home/airflow/.local/lib/python3.7/site-packages/airflow/example_dags/example_latest_only_with_trigger.py
[2023-07-11T23:36:02.344+0000] {processor.py:836} INFO - DAG(s) dict_keys(['latest_only_with_trigger']) retrieved from /home/airflow/.local/lib/python3.7/site-packages/airflow/example_dags/example_latest_only_with_trigger.py
[2023-07-11T23:36:02.363+0000] {logging_mixin.py:150} INFO - [2023-07-11T23:36:02.363+0000] {dag.py:2742} INFO - Sync 1 DAGs
[2023-07-11T23:36:02.387+0000] {logging_mixin.py:150} INFO - [2023-07-11T23:36:02.386+0000] {dag.py:3508} INFO - Setting next_dagrun for latest_only_with_trigger to 2023-07-11T19:36:02.386265+00:00, run_after=2023-07-11T23:36:02.386265+00:00
[2023-07-11T23:36:02.404+0000] {processor.py:179} INFO - Processing /home/airflow/.local/lib/python3.7/site-packages/airflow/example_dags/example_latest_only_with_trigger.py took 0.069 seconds
[2023-07-11T23:36:32.484+0000] {processor.py:157} INFO - Started process (PID=179) to work on /home/airflow/.local/lib/python3.7/site-packages/airflow/example_dags/example_latest_only_with_trigger.py
[2023-07-11T23:36:32.485+0000] {processor.py:826} INFO - Processing file /home/airflow/.local/lib/python3.7/site-packages/airflow/example_dags/example_latest_only_with_trigger.py for tasks to queue
[2023-07-11T23:36:32.486+0000] {logging_mixin.py:150} INFO - [2023-07-11T23:36:32.485+0000] {dagbag.py:541} INFO - Filling up the DagBag from /home/airflow/.local/lib/python3.7/site-packages/airflow/example_dags/example_latest_only_with_trigger.py
[2023-07-11T23:36:32.491+0000] {processor.py:836} INFO - DAG(s) dict_keys(['latest_only_with_trigger']) retrieved from /home/airflow/.local/lib/python3.7/site-packages/airflow/example_dags/example_latest_only_with_trigger.py
[2023-07-11T23:36:32.512+0000] {logging_mixin.py:150} INFO - [2023-07-11T23:36:32.512+0000] {dag.py:2742} INFO - Sync 1 DAGs
[2023-07-11T23:36:32.534+0000] {logging_mixin.py:150} INFO - [2023-07-11T23:36:32.534+0000] {dag.py:3508} INFO - Setting next_dagrun for latest_only_with_trigger to 2023-07-11T19:36:32.534110+00:00, run_after=2023-07-11T23:36:32.534110+00:00
[2023-07-11T23:36:32.549+0000] {processor.py:179} INFO - Processing /home/airflow/.local/lib/python3.7/site-packages/airflow/example_dags/example_latest_only_with_trigger.py took 0.067 seconds
[2023-07-11T23:37:02.587+0000] {processor.py:157} INFO - Started process (PID=249) to work on /home/airflow/.local/lib/python3.7/site-packages/airflow/example_dags/example_latest_only_with_trigger.py
[2023-07-11T23:37:02.587+0000] {processor.py:826} INFO - Processing file /home/airflow/.local/lib/python3.7/site-packages/airflow/example_dags/example_latest_only_with_trigger.py for tasks to queue
[2023-07-11T23:37:02.588+0000] {logging_mixin.py:150} INFO - [2023-07-11T23:37:02.588+0000] {dagbag.py:541} INFO - Filling up the DagBag from /home/airflow/.local/lib/python3.7/site-packages/airflow/example_dags/example_latest_only_with_trigger.py
[2023-07-11T23:37:02.591+0000] {processor.py:836} INFO - DAG(s) dict_keys(['latest_only_with_trigger']) retrieved from /home/airflow/.local/lib/python3.7/site-packages/airflow/example_dags/example_latest_only_with_trigger.py
[2023-07-11T23:37:02.608+0000] {logging_mixin.py:150} INFO - [2023-07-11T23:37:02.607+0000] {dag.py:2742} INFO - Sync 1 DAGs
[2023-07-11T23:37:02.624+0000] {logging_mixin.py:150} INFO - [2023-07-11T23:37:02.624+0000] {dag.py:3508} INFO - Setting next_dagrun for latest_only_with_trigger to 2023-07-11T19:37:02.624077+00:00, run_after=2023-07-11T23:37:02.624077+00:00
[2023-07-11T23:37:02.636+0000] {processor.py:179} INFO - Processing /home/airflow/.local/lib/python3.7/site-packages/airflow/example_dags/example_latest_only_with_trigger.py took 0.050 seconds
[2023-07-11T23:37:32.671+0000] {processor.py:157} INFO - Started process (PID=319) to work on /home/airflow/.local/lib/python3.7/site-packages/airflow/example_dags/example_latest_only_with_trigger.py
[2023-07-11T23:37:32.672+0000] {processor.py:826} INFO - Processing file /home/airflow/.local/lib/python3.7/site-packages/airflow/example_dags/example_latest_only_with_trigger.py for tasks to queue
[2023-07-11T23:37:32.673+0000] {logging_mixin.py:150} INFO - [2023-07-11T23:37:32.673+0000] {dagbag.py:541} INFO - Filling up the DagBag from /home/airflow/.local/lib/python3.7/site-packages/airflow/example_dags/example_latest_only_with_trigger.py
[2023-07-11T23:37:32.677+0000] {processor.py:836} INFO - DAG(s) dict_keys(['latest_only_with_trigger']) retrieved from /home/airflow/.local/lib/python3.7/site-packages/airflow/example_dags/example_latest_only_with_trigger.py
[2023-07-11T23:37:32.694+0000] {logging_mixin.py:150} INFO - [2023-07-11T23:37:32.694+0000] {dag.py:2742} INFO - Sync 1 DAGs
[2023-07-11T23:37:32.714+0000] {logging_mixin.py:150} INFO - [2023-07-11T23:37:32.714+0000] {dag.py:3508} INFO - Setting next_dagrun for latest_only_with_trigger to 2023-07-11T19:37:32.714315+00:00, run_after=2023-07-11T23:37:32.714315+00:00
[2023-07-11T23:37:32.728+0000] {processor.py:179} INFO - Processing /home/airflow/.local/lib/python3.7/site-packages/airflow/example_dags/example_latest_only_with_trigger.py took 0.058 seconds
[2023-07-11T23:38:02.939+0000] {processor.py:157} INFO - Started process (PID=389) to work on /home/airflow/.local/lib/python3.7/site-packages/airflow/example_dags/example_latest_only_with_trigger.py
[2023-07-11T23:38:02.940+0000] {processor.py:826} INFO - Processing file /home/airflow/.local/lib/python3.7/site-packages/airflow/example_dags/example_latest_only_with_trigger.py for tasks to queue
[2023-07-11T23:38:02.940+0000] {logging_mixin.py:150} INFO - [2023-07-11T23:38:02.940+0000] {dagbag.py:541} INFO - Filling up the DagBag from /home/airflow/.local/lib/python3.7/site-packages/airflow/example_dags/example_latest_only_with_trigger.py
[2023-07-11T23:38:02.944+0000] {processor.py:836} INFO - DAG(s) dict_keys(['latest_only_with_trigger']) retrieved from /home/airflow/.local/lib/python3.7/site-packages/airflow/example_dags/example_latest_only_with_trigger.py
[2023-07-11T23:38:02.960+0000] {logging_mixin.py:150} INFO - [2023-07-11T23:38:02.960+0000] {dag.py:2742} INFO - Sync 1 DAGs
[2023-07-11T23:38:02.978+0000] {logging_mixin.py:150} INFO - [2023-07-11T23:38:02.978+0000] {dag.py:3508} INFO - Setting next_dagrun for latest_only_with_trigger to 2023-07-11T19:38:02.978661+00:00, run_after=2023-07-11T23:38:02.978661+00:00
[2023-07-11T23:38:02.991+0000] {processor.py:179} INFO - Processing /home/airflow/.local/lib/python3.7/site-packages/airflow/example_dags/example_latest_only_with_trigger.py took 0.054 seconds
[2023-07-11T23:38:33.387+0000] {processor.py:157} INFO - Started process (PID=459) to work on /home/airflow/.local/lib/python3.7/site-packages/airflow/example_dags/example_latest_only_with_trigger.py
[2023-07-11T23:38:33.388+0000] {processor.py:826} INFO - Processing file /home/airflow/.local/lib/python3.7/site-packages/airflow/example_dags/example_latest_only_with_trigger.py for tasks to queue
[2023-07-11T23:38:33.388+0000] {logging_mixin.py:150} INFO - [2023-07-11T23:38:33.388+0000] {dagbag.py:541} INFO - Filling up the DagBag from /home/airflow/.local/lib/python3.7/site-packages/airflow/example_dags/example_latest_only_with_trigger.py
[2023-07-11T23:38:33.393+0000] {processor.py:836} INFO - DAG(s) dict_keys(['latest_only_with_trigger']) retrieved from /home/airflow/.local/lib/python3.7/site-packages/airflow/example_dags/example_latest_only_with_trigger.py
[2023-07-11T23:38:33.415+0000] {logging_mixin.py:150} INFO - [2023-07-11T23:38:33.414+0000] {dag.py:2742} INFO - Sync 1 DAGs
[2023-07-11T23:38:33.435+0000] {logging_mixin.py:150} INFO - [2023-07-11T23:38:33.435+0000] {dag.py:3508} INFO - Setting next_dagrun for latest_only_with_trigger to 2023-07-11T19:38:33.435071+00:00, run_after=2023-07-11T23:38:33.435071+00:00
[2023-07-11T23:38:33.449+0000] {processor.py:179} INFO - Processing /home/airflow/.local/lib/python3.7/site-packages/airflow/example_dags/example_latest_only_with_trigger.py took 0.065 seconds
[2023-07-11T23:39:03.470+0000] {processor.py:157} INFO - Started process (PID=529) to work on /home/airflow/.local/lib/python3.7/site-packages/airflow/example_dags/example_latest_only_with_trigger.py
[2023-07-11T23:39:03.470+0000] {processor.py:826} INFO - Processing file /home/airflow/.local/lib/python3.7/site-packages/airflow/example_dags/example_latest_only_with_trigger.py for tasks to queue
[2023-07-11T23:39:03.470+0000] {logging_mixin.py:150} INFO - [2023-07-11T23:39:03.470+0000] {dagbag.py:541} INFO - Filling up the DagBag from /home/airflow/.local/lib/python3.7/site-packages/airflow/example_dags/example_latest_only_with_trigger.py
[2023-07-11T23:39:03.474+0000] {processor.py:836} INFO - DAG(s) dict_keys(['latest_only_with_trigger']) retrieved from /home/airflow/.local/lib/python3.7/site-packages/airflow/example_dags/example_latest_only_with_trigger.py
[2023-07-11T23:39:03.490+0000] {logging_mixin.py:150} INFO - [2023-07-11T23:39:03.490+0000] {dag.py:2742} INFO - Sync 1 DAGs
[2023-07-11T23:39:03.509+0000] {logging_mixin.py:150} INFO - [2023-07-11T23:39:03.508+0000] {dag.py:3508} INFO - Setting next_dagrun for latest_only_with_trigger to 2023-07-11T19:39:03.508802+00:00, run_after=2023-07-11T23:39:03.508802+00:00
[2023-07-11T23:39:03.522+0000] {processor.py:179} INFO - Processing /home/airflow/.local/lib/python3.7/site-packages/airflow/example_dags/example_latest_only_with_trigger.py took 0.055 seconds
[2023-07-11T23:39:33.840+0000] {processor.py:157} INFO - Started process (PID=599) to work on /home/airflow/.local/lib/python3.7/site-packages/airflow/example_dags/example_latest_only_with_trigger.py
[2023-07-11T23:39:33.840+0000] {processor.py:826} INFO - Processing file /home/airflow/.local/lib/python3.7/site-packages/airflow/example_dags/example_latest_only_with_trigger.py for tasks to queue
[2023-07-11T23:39:33.840+0000] {logging_mixin.py:150} INFO - [2023-07-11T23:39:33.840+0000] {dagbag.py:541} INFO - Filling up the DagBag from /home/airflow/.local/lib/python3.7/site-packages/airflow/example_dags/example_latest_only_with_trigger.py
[2023-07-11T23:39:33.844+0000] {processor.py:836} INFO - DAG(s) dict_keys(['latest_only_with_trigger']) retrieved from /home/airflow/.local/lib/python3.7/site-packages/airflow/example_dags/example_latest_only_with_trigger.py
[2023-07-11T23:39:33.860+0000] {logging_mixin.py:150} INFO - [2023-07-11T23:39:33.860+0000] {dag.py:2742} INFO - Sync 1 DAGs
[2023-07-11T23:39:33.877+0000] {logging_mixin.py:150} INFO - [2023-07-11T23:39:33.877+0000] {dag.py:3508} INFO - Setting next_dagrun for latest_only_with_trigger to 2023-07-11T19:39:33.877601+00:00, run_after=2023-07-11T23:39:33.877601+00:00
[2023-07-11T23:39:33.890+0000] {processor.py:179} INFO - Processing /home/airflow/.local/lib/python3.7/site-packages/airflow/example_dags/example_latest_only_with_trigger.py took 0.052 seconds
[2023-07-11T23:40:04.182+0000] {processor.py:157} INFO - Started process (PID=669) to work on /home/airflow/.local/lib/python3.7/site-packages/airflow/example_dags/example_latest_only_with_trigger.py
[2023-07-11T23:40:04.183+0000] {processor.py:826} INFO - Processing file /home/airflow/.local/lib/python3.7/site-packages/airflow/example_dags/example_latest_only_with_trigger.py for tasks to queue
[2023-07-11T23:40:04.184+0000] {logging_mixin.py:150} INFO - [2023-07-11T23:40:04.183+0000] {dagbag.py:541} INFO - Filling up the DagBag from /home/airflow/.local/lib/python3.7/site-packages/airflow/example_dags/example_latest_only_with_trigger.py
[2023-07-11T23:40:04.188+0000] {processor.py:836} INFO - DAG(s) dict_keys(['latest_only_with_trigger']) retrieved from /home/airflow/.local/lib/python3.7/site-packages/airflow/example_dags/example_latest_only_with_trigger.py
[2023-07-11T23:40:04.206+0000] {logging_mixin.py:150} INFO - [2023-07-11T23:40:04.206+0000] {dag.py:2742} INFO - Sync 1 DAGs
[2023-07-11T23:40:04.227+0000] {logging_mixin.py:150} INFO - [2023-07-11T23:40:04.227+0000] {dag.py:3508} INFO - Setting next_dagrun for latest_only_with_trigger to 2023-07-11T19:40:04.227205+00:00, run_after=2023-07-11T23:40:04.227205+00:00
[2023-07-11T23:40:04.242+0000] {processor.py:179} INFO - Processing /home/airflow/.local/lib/python3.7/site-packages/airflow/example_dags/example_latest_only_with_trigger.py took 0.062 seconds
[2023-07-11T23:40:34.609+0000] {processor.py:157} INFO - Started process (PID=739) to work on /home/airflow/.local/lib/python3.7/site-packages/airflow/example_dags/example_latest_only_with_trigger.py
[2023-07-11T23:40:34.610+0000] {processor.py:826} INFO - Processing file /home/airflow/.local/lib/python3.7/site-packages/airflow/example_dags/example_latest_only_with_trigger.py for tasks to queue
[2023-07-11T23:40:34.610+0000] {logging_mixin.py:150} INFO - [2023-07-11T23:40:34.610+0000] {dagbag.py:541} INFO - Filling up the DagBag from /home/airflow/.local/lib/python3.7/site-packages/airflow/example_dags/example_latest_only_with_trigger.py
[2023-07-11T23:40:34.614+0000] {processor.py:836} INFO - DAG(s) dict_keys(['latest_only_with_trigger']) retrieved from /home/airflow/.local/lib/python3.7/site-packages/airflow/example_dags/example_latest_only_with_trigger.py
[2023-07-11T23:40:34.637+0000] {logging_mixin.py:150} INFO - [2023-07-11T23:40:34.637+0000] {dag.py:2742} INFO - Sync 1 DAGs
[2023-07-11T23:40:34.667+0000] {logging_mixin.py:150} INFO - [2023-07-11T23:40:34.667+0000] {dag.py:3508} INFO - Setting next_dagrun for latest_only_with_trigger to 2023-07-11T19:40:34.667523+00:00, run_after=2023-07-11T23:40:34.667523+00:00
[2023-07-11T23:40:34.687+0000] {processor.py:179} INFO - Processing /home/airflow/.local/lib/python3.7/site-packages/airflow/example_dags/example_latest_only_with_trigger.py took 0.080 seconds
[2023-07-11T23:41:04.866+0000] {processor.py:157} INFO - Started process (PID=809) to work on /home/airflow/.local/lib/python3.7/site-packages/airflow/example_dags/example_latest_only_with_trigger.py
[2023-07-11T23:41:04.867+0000] {processor.py:826} INFO - Processing file /home/airflow/.local/lib/python3.7/site-packages/airflow/example_dags/example_latest_only_with_trigger.py for tasks to queue
[2023-07-11T23:41:04.867+0000] {logging_mixin.py:150} INFO - [2023-07-11T23:41:04.867+0000] {dagbag.py:541} INFO - Filling up the DagBag from /home/airflow/.local/lib/python3.7/site-packages/airflow/example_dags/example_latest_only_with_trigger.py
[2023-07-11T23:41:04.872+0000] {processor.py:836} INFO - DAG(s) dict_keys(['latest_only_with_trigger']) retrieved from /home/airflow/.local/lib/python3.7/site-packages/airflow/example_dags/example_latest_only_with_trigger.py
[2023-07-11T23:41:04.893+0000] {logging_mixin.py:150} INFO - [2023-07-11T23:41:04.893+0000] {dag.py:2742} INFO - Sync 1 DAGs
[2023-07-11T23:41:04.913+0000] {logging_mixin.py:150} INFO - [2023-07-11T23:41:04.913+0000] {dag.py:3508} INFO - Setting next_dagrun for latest_only_with_trigger to 2023-07-11T19:41:04.913347+00:00, run_after=2023-07-11T23:41:04.913347+00:00
[2023-07-11T23:41:04.929+0000] {processor.py:179} INFO - Processing /home/airflow/.local/lib/python3.7/site-packages/airflow/example_dags/example_latest_only_with_trigger.py took 0.066 seconds
[2023-07-11T23:41:35.109+0000] {processor.py:157} INFO - Started process (PID=879) to work on /home/airflow/.local/lib/python3.7/site-packages/airflow/example_dags/example_latest_only_with_trigger.py
[2023-07-11T23:41:35.109+0000] {processor.py:826} INFO - Processing file /home/airflow/.local/lib/python3.7/site-packages/airflow/example_dags/example_latest_only_with_trigger.py for tasks to queue
[2023-07-11T23:41:35.110+0000] {logging_mixin.py:150} INFO - [2023-07-11T23:41:35.110+0000] {dagbag.py:541} INFO - Filling up the DagBag from /home/airflow/.local/lib/python3.7/site-packages/airflow/example_dags/example_latest_only_with_trigger.py
[2023-07-11T23:41:35.115+0000] {processor.py:836} INFO - DAG(s) dict_keys(['latest_only_with_trigger']) retrieved from /home/airflow/.local/lib/python3.7/site-packages/airflow/example_dags/example_latest_only_with_trigger.py
[2023-07-11T23:41:35.136+0000] {logging_mixin.py:150} INFO - [2023-07-11T23:41:35.136+0000] {dag.py:2742} INFO - Sync 1 DAGs
[2023-07-11T23:41:35.156+0000] {logging_mixin.py:150} INFO - [2023-07-11T23:41:35.156+0000] {dag.py:3508} INFO - Setting next_dagrun for latest_only_with_trigger to 2023-07-11T19:41:35.156206+00:00, run_after=2023-07-11T23:41:35.156206+00:00
[2023-07-11T23:41:35.170+0000] {processor.py:179} INFO - Processing /home/airflow/.local/lib/python3.7/site-packages/airflow/example_dags/example_latest_only_with_trigger.py took 0.064 seconds
[2023-07-11T23:42:05.318+0000] {processor.py:157} INFO - Started process (PID=949) to work on /home/airflow/.local/lib/python3.7/site-packages/airflow/example_dags/example_latest_only_with_trigger.py
[2023-07-11T23:42:05.319+0000] {processor.py:826} INFO - Processing file /home/airflow/.local/lib/python3.7/site-packages/airflow/example_dags/example_latest_only_with_trigger.py for tasks to queue
[2023-07-11T23:42:05.319+0000] {logging_mixin.py:150} INFO - [2023-07-11T23:42:05.319+0000] {dagbag.py:541} INFO - Filling up the DagBag from /home/airflow/.local/lib/python3.7/site-packages/airflow/example_dags/example_latest_only_with_trigger.py
[2023-07-11T23:42:05.323+0000] {processor.py:836} INFO - DAG(s) dict_keys(['latest_only_with_trigger']) retrieved from /home/airflow/.local/lib/python3.7/site-packages/airflow/example_dags/example_latest_only_with_trigger.py
[2023-07-11T23:42:05.340+0000] {logging_mixin.py:150} INFO - [2023-07-11T23:42:05.340+0000] {dag.py:2742} INFO - Sync 1 DAGs
[2023-07-11T23:42:05.358+0000] {logging_mixin.py:150} INFO - [2023-07-11T23:42:05.358+0000] {dag.py:3508} INFO - Setting next_dagrun for latest_only_with_trigger to 2023-07-11T19:42:05.358624+00:00, run_after=2023-07-11T23:42:05.358624+00:00
[2023-07-11T23:42:05.371+0000] {processor.py:179} INFO - Processing /home/airflow/.local/lib/python3.7/site-packages/airflow/example_dags/example_latest_only_with_trigger.py took 0.055 seconds
[2023-07-11T23:42:35.588+0000] {processor.py:157} INFO - Started process (PID=1019) to work on /home/airflow/.local/lib/python3.7/site-packages/airflow/example_dags/example_latest_only_with_trigger.py
[2023-07-11T23:42:35.588+0000] {processor.py:826} INFO - Processing file /home/airflow/.local/lib/python3.7/site-packages/airflow/example_dags/example_latest_only_with_trigger.py for tasks to queue
[2023-07-11T23:42:35.589+0000] {logging_mixin.py:150} INFO - [2023-07-11T23:42:35.589+0000] {dagbag.py:541} INFO - Filling up the DagBag from /home/airflow/.local/lib/python3.7/site-packages/airflow/example_dags/example_latest_only_with_trigger.py
[2023-07-11T23:42:35.594+0000] {processor.py:836} INFO - DAG(s) dict_keys(['latest_only_with_trigger']) retrieved from /home/airflow/.local/lib/python3.7/site-packages/airflow/example_dags/example_latest_only_with_trigger.py
[2023-07-11T23:42:35.614+0000] {logging_mixin.py:150} INFO - [2023-07-11T23:42:35.614+0000] {dag.py:2742} INFO - Sync 1 DAGs
[2023-07-11T23:42:35.635+0000] {logging_mixin.py:150} INFO - [2023-07-11T23:42:35.635+0000] {dag.py:3508} INFO - Setting next_dagrun for latest_only_with_trigger to 2023-07-11T19:42:35.635224+00:00, run_after=2023-07-11T23:42:35.635224+00:00
[2023-07-11T23:42:35.650+0000] {processor.py:179} INFO - Processing /home/airflow/.local/lib/python3.7/site-packages/airflow/example_dags/example_latest_only_with_trigger.py took 0.065 seconds
[2023-07-11T23:43:05.817+0000] {processor.py:157} INFO - Started process (PID=1089) to work on /home/airflow/.local/lib/python3.7/site-packages/airflow/example_dags/example_latest_only_with_trigger.py
[2023-07-11T23:43:05.818+0000] {processor.py:826} INFO - Processing file /home/airflow/.local/lib/python3.7/site-packages/airflow/example_dags/example_latest_only_with_trigger.py for tasks to queue
[2023-07-11T23:43:05.818+0000] {logging_mixin.py:150} INFO - [2023-07-11T23:43:05.818+0000] {dagbag.py:541} INFO - Filling up the DagBag from /home/airflow/.local/lib/python3.7/site-packages/airflow/example_dags/example_latest_only_with_trigger.py
[2023-07-11T23:43:05.821+0000] {processor.py:836} INFO - DAG(s) dict_keys(['latest_only_with_trigger']) retrieved from /home/airflow/.local/lib/python3.7/site-packages/airflow/example_dags/example_latest_only_with_trigger.py
[2023-07-11T23:43:05.836+0000] {logging_mixin.py:150} INFO - [2023-07-11T23:43:05.836+0000] {dag.py:2742} INFO - Sync 1 DAGs
[2023-07-11T23:43:05.854+0000] {logging_mixin.py:150} INFO - [2023-07-11T23:43:05.854+0000] {dag.py:3508} INFO - Setting next_dagrun for latest_only_with_trigger to 2023-07-11T19:43:05.854014+00:00, run_after=2023-07-11T23:43:05.854014+00:00
[2023-07-11T23:43:05.865+0000] {processor.py:179} INFO - Processing /home/airflow/.local/lib/python3.7/site-packages/airflow/example_dags/example_latest_only_with_trigger.py took 0.050 seconds
[2023-07-11T23:43:36.586+0000] {processor.py:157} INFO - Started process (PID=1159) to work on /home/airflow/.local/lib/python3.7/site-packages/airflow/example_dags/example_latest_only_with_trigger.py
[2023-07-11T23:43:36.586+0000] {processor.py:826} INFO - Processing file /home/airflow/.local/lib/python3.7/site-packages/airflow/example_dags/example_latest_only_with_trigger.py for tasks to queue
[2023-07-11T23:43:36.587+0000] {logging_mixin.py:150} INFO - [2023-07-11T23:43:36.586+0000] {dagbag.py:541} INFO - Filling up the DagBag from /home/airflow/.local/lib/python3.7/site-packages/airflow/example_dags/example_latest_only_with_trigger.py
[2023-07-11T23:43:36.590+0000] {processor.py:836} INFO - DAG(s) dict_keys(['latest_only_with_trigger']) retrieved from /home/airflow/.local/lib/python3.7/site-packages/airflow/example_dags/example_latest_only_with_trigger.py
[2023-07-11T23:43:36.605+0000] {logging_mixin.py:150} INFO - [2023-07-11T23:43:36.605+0000] {dag.py:2742} INFO - Sync 1 DAGs
[2023-07-11T23:43:36.622+0000] {logging_mixin.py:150} INFO - [2023-07-11T23:43:36.622+0000] {dag.py:3508} INFO - Setting next_dagrun for latest_only_with_trigger to 2023-07-11T19:43:36.622046+00:00, run_after=2023-07-11T23:43:36.622046+00:00
[2023-07-11T23:43:36.633+0000] {processor.py:179} INFO - Processing /home/airflow/.local/lib/python3.7/site-packages/airflow/example_dags/example_latest_only_with_trigger.py took 0.049 seconds
[2023-07-11T23:44:06.752+0000] {processor.py:157} INFO - Started process (PID=1229) to work on /home/airflow/.local/lib/python3.7/site-packages/airflow/example_dags/example_latest_only_with_trigger.py
[2023-07-11T23:44:06.753+0000] {processor.py:826} INFO - Processing file /home/airflow/.local/lib/python3.7/site-packages/airflow/example_dags/example_latest_only_with_trigger.py for tasks to queue
[2023-07-11T23:44:06.753+0000] {logging_mixin.py:150} INFO - [2023-07-11T23:44:06.753+0000] {dagbag.py:541} INFO - Filling up the DagBag from /home/airflow/.local/lib/python3.7/site-packages/airflow/example_dags/example_latest_only_with_trigger.py
[2023-07-11T23:44:06.758+0000] {processor.py:836} INFO - DAG(s) dict_keys(['latest_only_with_trigger']) retrieved from /home/airflow/.local/lib/python3.7/site-packages/airflow/example_dags/example_latest_only_with_trigger.py
[2023-07-11T23:44:06.777+0000] {logging_mixin.py:150} INFO - [2023-07-11T23:44:06.776+0000] {dag.py:2742} INFO - Sync 1 DAGs
[2023-07-11T23:44:06.797+0000] {logging_mixin.py:150} INFO - [2023-07-11T23:44:06.796+0000] {dag.py:3508} INFO - Setting next_dagrun for latest_only_with_trigger to 2023-07-11T19:44:06.796792+00:00, run_after=2023-07-11T23:44:06.796792+00:00
[2023-07-11T23:44:06.810+0000] {processor.py:179} INFO - Processing /home/airflow/.local/lib/python3.7/site-packages/airflow/example_dags/example_latest_only_with_trigger.py took 0.060 seconds
[2023-07-11T23:44:37.236+0000] {processor.py:157} INFO - Started process (PID=1299) to work on /home/airflow/.local/lib/python3.7/site-packages/airflow/example_dags/example_latest_only_with_trigger.py
[2023-07-11T23:44:37.237+0000] {processor.py:826} INFO - Processing file /home/airflow/.local/lib/python3.7/site-packages/airflow/example_dags/example_latest_only_with_trigger.py for tasks to queue
[2023-07-11T23:44:37.238+0000] {logging_mixin.py:150} INFO - [2023-07-11T23:44:37.237+0000] {dagbag.py:541} INFO - Filling up the DagBag from /home/airflow/.local/lib/python3.7/site-packages/airflow/example_dags/example_latest_only_with_trigger.py
[2023-07-11T23:44:37.241+0000] {processor.py:836} INFO - DAG(s) dict_keys(['latest_only_with_trigger']) retrieved from /home/airflow/.local/lib/python3.7/site-packages/airflow/example_dags/example_latest_only_with_trigger.py
[2023-07-11T23:44:37.258+0000] {logging_mixin.py:150} INFO - [2023-07-11T23:44:37.258+0000] {dag.py:2742} INFO - Sync 1 DAGs
[2023-07-11T23:44:37.276+0000] {logging_mixin.py:150} INFO - [2023-07-11T23:44:37.276+0000] {dag.py:3508} INFO - Setting next_dagrun for latest_only_with_trigger to 2023-07-11T19:44:37.276043+00:00, run_after=2023-07-11T23:44:37.276043+00:00
[2023-07-11T23:44:37.287+0000] {processor.py:179} INFO - Processing /home/airflow/.local/lib/python3.7/site-packages/airflow/example_dags/example_latest_only_with_trigger.py took 0.052 seconds
[2023-07-11T23:45:07.567+0000] {processor.py:157} INFO - Started process (PID=1369) to work on /home/airflow/.local/lib/python3.7/site-packages/airflow/example_dags/example_latest_only_with_trigger.py
[2023-07-11T23:45:07.568+0000] {processor.py:826} INFO - Processing file /home/airflow/.local/lib/python3.7/site-packages/airflow/example_dags/example_latest_only_with_trigger.py for tasks to queue
[2023-07-11T23:45:07.568+0000] {logging_mixin.py:150} INFO - [2023-07-11T23:45:07.568+0000] {dagbag.py:541} INFO - Filling up the DagBag from /home/airflow/.local/lib/python3.7/site-packages/airflow/example_dags/example_latest_only_with_trigger.py
[2023-07-11T23:45:07.572+0000] {processor.py:836} INFO - DAG(s) dict_keys(['latest_only_with_trigger']) retrieved from /home/airflow/.local/lib/python3.7/site-packages/airflow/example_dags/example_latest_only_with_trigger.py
[2023-07-11T23:45:07.590+0000] {logging_mixin.py:150} INFO - [2023-07-11T23:45:07.590+0000] {dag.py:2742} INFO - Sync 1 DAGs
[2023-07-11T23:45:07.611+0000] {logging_mixin.py:150} INFO - [2023-07-11T23:45:07.611+0000] {dag.py:3508} INFO - Setting next_dagrun for latest_only_with_trigger to 2023-07-11T19:45:07.610917+00:00, run_after=2023-07-11T23:45:07.610917+00:00
[2023-07-11T23:45:07.625+0000] {processor.py:179} INFO - Processing /home/airflow/.local/lib/python3.7/site-packages/airflow/example_dags/example_latest_only_with_trigger.py took 0.060 seconds
[2023-07-11T23:45:37.690+0000] {processor.py:157} INFO - Started process (PID=1439) to work on /home/airflow/.local/lib/python3.7/site-packages/airflow/example_dags/example_latest_only_with_trigger.py
[2023-07-11T23:45:37.691+0000] {processor.py:826} INFO - Processing file /home/airflow/.local/lib/python3.7/site-packages/airflow/example_dags/example_latest_only_with_trigger.py for tasks to queue
[2023-07-11T23:45:37.691+0000] {logging_mixin.py:150} INFO - [2023-07-11T23:45:37.691+0000] {dagbag.py:541} INFO - Filling up the DagBag from /home/airflow/.local/lib/python3.7/site-packages/airflow/example_dags/example_latest_only_with_trigger.py
[2023-07-11T23:45:37.695+0000] {processor.py:836} INFO - DAG(s) dict_keys(['latest_only_with_trigger']) retrieved from /home/airflow/.local/lib/python3.7/site-packages/airflow/example_dags/example_latest_only_with_trigger.py
[2023-07-11T23:45:37.710+0000] {logging_mixin.py:150} INFO - [2023-07-11T23:45:37.710+0000] {dag.py:2742} INFO - Sync 1 DAGs
[2023-07-11T23:45:37.728+0000] {logging_mixin.py:150} INFO - [2023-07-11T23:45:37.728+0000] {dag.py:3508} INFO - Setting next_dagrun for latest_only_with_trigger to 2023-07-11T19:45:37.728632+00:00, run_after=2023-07-11T23:45:37.728632+00:00
[2023-07-11T23:45:37.740+0000] {processor.py:179} INFO - Processing /home/airflow/.local/lib/python3.7/site-packages/airflow/example_dags/example_latest_only_with_trigger.py took 0.051 seconds
[2023-07-11T23:46:07.871+0000] {processor.py:157} INFO - Started process (PID=1509) to work on /home/airflow/.local/lib/python3.7/site-packages/airflow/example_dags/example_latest_only_with_trigger.py
[2023-07-11T23:46:07.871+0000] {processor.py:826} INFO - Processing file /home/airflow/.local/lib/python3.7/site-packages/airflow/example_dags/example_latest_only_with_trigger.py for tasks to queue
[2023-07-11T23:46:07.871+0000] {logging_mixin.py:150} INFO - [2023-07-11T23:46:07.871+0000] {dagbag.py:541} INFO - Filling up the DagBag from /home/airflow/.local/lib/python3.7/site-packages/airflow/example_dags/example_latest_only_with_trigger.py
[2023-07-11T23:46:07.875+0000] {processor.py:836} INFO - DAG(s) dict_keys(['latest_only_with_trigger']) retrieved from /home/airflow/.local/lib/python3.7/site-packages/airflow/example_dags/example_latest_only_with_trigger.py
[2023-07-11T23:46:07.891+0000] {logging_mixin.py:150} INFO - [2023-07-11T23:46:07.890+0000] {dag.py:2742} INFO - Sync 1 DAGs
[2023-07-11T23:46:07.908+0000] {logging_mixin.py:150} INFO - [2023-07-11T23:46:07.908+0000] {dag.py:3508} INFO - Setting next_dagrun for latest_only_with_trigger to 2023-07-11T19:46:07.907945+00:00, run_after=2023-07-11T23:46:07.907945+00:00
[2023-07-11T23:46:07.919+0000] {processor.py:179} INFO - Processing /home/airflow/.local/lib/python3.7/site-packages/airflow/example_dags/example_latest_only_with_trigger.py took 0.050 seconds
[2023-07-11T23:46:37.964+0000] {processor.py:157} INFO - Started process (PID=1579) to work on /home/airflow/.local/lib/python3.7/site-packages/airflow/example_dags/example_latest_only_with_trigger.py
[2023-07-11T23:46:37.964+0000] {processor.py:826} INFO - Processing file /home/airflow/.local/lib/python3.7/site-packages/airflow/example_dags/example_latest_only_with_trigger.py for tasks to queue
[2023-07-11T23:46:37.965+0000] {logging_mixin.py:150} INFO - [2023-07-11T23:46:37.965+0000] {dagbag.py:541} INFO - Filling up the DagBag from /home/airflow/.local/lib/python3.7/site-packages/airflow/example_dags/example_latest_only_with_trigger.py
[2023-07-11T23:46:37.969+0000] {processor.py:836} INFO - DAG(s) dict_keys(['latest_only_with_trigger']) retrieved from /home/airflow/.local/lib/python3.7/site-packages/airflow/example_dags/example_latest_only_with_trigger.py
[2023-07-11T23:46:37.984+0000] {logging_mixin.py:150} INFO - [2023-07-11T23:46:37.983+0000] {dag.py:2742} INFO - Sync 1 DAGs
[2023-07-11T23:46:38.002+0000] {logging_mixin.py:150} INFO - [2023-07-11T23:46:38.002+0000] {dag.py:3508} INFO - Setting next_dagrun for latest_only_with_trigger to 2023-07-11T19:46:38.002460+00:00, run_after=2023-07-11T23:46:38.002460+00:00
[2023-07-11T23:46:38.015+0000] {processor.py:179} INFO - Processing /home/airflow/.local/lib/python3.7/site-packages/airflow/example_dags/example_latest_only_with_trigger.py took 0.053 seconds
[2023-07-11T23:47:08.325+0000] {processor.py:157} INFO - Started process (PID=1649) to work on /home/airflow/.local/lib/python3.7/site-packages/airflow/example_dags/example_latest_only_with_trigger.py
[2023-07-11T23:47:08.326+0000] {processor.py:826} INFO - Processing file /home/airflow/.local/lib/python3.7/site-packages/airflow/example_dags/example_latest_only_with_trigger.py for tasks to queue
[2023-07-11T23:47:08.326+0000] {logging_mixin.py:150} INFO - [2023-07-11T23:47:08.326+0000] {dagbag.py:541} INFO - Filling up the DagBag from /home/airflow/.local/lib/python3.7/site-packages/airflow/example_dags/example_latest_only_with_trigger.py
[2023-07-11T23:47:08.329+0000] {processor.py:836} INFO - DAG(s) dict_keys(['latest_only_with_trigger']) retrieved from /home/airflow/.local/lib/python3.7/site-packages/airflow/example_dags/example_latest_only_with_trigger.py
[2023-07-11T23:47:08.345+0000] {logging_mixin.py:150} INFO - [2023-07-11T23:47:08.345+0000] {dag.py:2742} INFO - Sync 1 DAGs
[2023-07-11T23:47:08.362+0000] {logging_mixin.py:150} INFO - [2023-07-11T23:47:08.362+0000] {dag.py:3508} INFO - Setting next_dagrun for latest_only_with_trigger to 2023-07-11T19:47:08.362648+00:00, run_after=2023-07-11T23:47:08.362648+00:00
[2023-07-11T23:47:08.374+0000] {processor.py:179} INFO - Processing /home/airflow/.local/lib/python3.7/site-packages/airflow/example_dags/example_latest_only_with_trigger.py took 0.050 seconds
