[2023-07-11T23:35:32.112+0000] {processor.py:157} INFO - Started process (PID=50) to work on /home/airflow/.local/lib/python3.7/site-packages/airflow/example_dags/example_dynamic_task_mapping_with_no_taskflow_operators.py
[2023-07-11T23:35:32.113+0000] {processor.py:826} INFO - Processing file /home/airflow/.local/lib/python3.7/site-packages/airflow/example_dags/example_dynamic_task_mapping_with_no_taskflow_operators.py for tasks to queue
[2023-07-11T23:35:32.113+0000] {logging_mixin.py:150} INFO - [2023-07-11T23:35:32.113+0000] {dagbag.py:541} INFO - Filling up the DagBag from /home/airflow/.local/lib/python3.7/site-packages/airflow/example_dags/example_dynamic_task_mapping_with_no_taskflow_operators.py
[2023-07-11T23:35:32.119+0000] {processor.py:836} INFO - DAG(s) dict_keys(['example_dynamic_task_mapping_with_no_taskflow_operators']) retrieved from /home/airflow/.local/lib/python3.7/site-packages/airflow/example_dags/example_dynamic_task_mapping_with_no_taskflow_operators.py
[2023-07-11T23:35:32.129+0000] {logging_mixin.py:150} INFO - [2023-07-11T23:35:32.129+0000] {dag.py:2742} INFO - Sync 1 DAGs
[2023-07-11T23:35:32.153+0000] {logging_mixin.py:150} INFO - [2023-07-11T23:35:32.153+0000] {dag.py:3508} INFO - Setting next_dagrun for example_dynamic_task_mapping_with_no_taskflow_operators to 2023-07-10T23:35:32.153153+00:00, run_after=2023-07-11T23:35:32.153153+00:00
[2023-07-11T23:35:32.171+0000] {processor.py:179} INFO - Processing /home/airflow/.local/lib/python3.7/site-packages/airflow/example_dags/example_dynamic_task_mapping_with_no_taskflow_operators.py took 0.061 seconds
[2023-07-11T23:36:02.735+0000] {processor.py:157} INFO - Started process (PID=120) to work on /home/airflow/.local/lib/python3.7/site-packages/airflow/example_dags/example_dynamic_task_mapping_with_no_taskflow_operators.py
[2023-07-11T23:36:02.735+0000] {processor.py:826} INFO - Processing file /home/airflow/.local/lib/python3.7/site-packages/airflow/example_dags/example_dynamic_task_mapping_with_no_taskflow_operators.py for tasks to queue
[2023-07-11T23:36:02.735+0000] {logging_mixin.py:150} INFO - [2023-07-11T23:36:02.735+0000] {dagbag.py:541} INFO - Filling up the DagBag from /home/airflow/.local/lib/python3.7/site-packages/airflow/example_dags/example_dynamic_task_mapping_with_no_taskflow_operators.py
[2023-07-11T23:36:02.739+0000] {processor.py:836} INFO - DAG(s) dict_keys(['example_dynamic_task_mapping_with_no_taskflow_operators']) retrieved from /home/airflow/.local/lib/python3.7/site-packages/airflow/example_dags/example_dynamic_task_mapping_with_no_taskflow_operators.py
[2023-07-11T23:36:02.754+0000] {logging_mixin.py:150} INFO - [2023-07-11T23:36:02.754+0000] {dag.py:2742} INFO - Sync 1 DAGs
[2023-07-11T23:36:02.772+0000] {logging_mixin.py:150} INFO - [2023-07-11T23:36:02.772+0000] {dag.py:3508} INFO - Setting next_dagrun for example_dynamic_task_mapping_with_no_taskflow_operators to 2023-07-10T23:36:02.772140+00:00, run_after=2023-07-11T23:36:02.772140+00:00
[2023-07-11T23:36:02.785+0000] {processor.py:179} INFO - Processing /home/airflow/.local/lib/python3.7/site-packages/airflow/example_dags/example_dynamic_task_mapping_with_no_taskflow_operators.py took 0.052 seconds
[2023-07-11T23:36:32.862+0000] {processor.py:157} INFO - Started process (PID=190) to work on /home/airflow/.local/lib/python3.7/site-packages/airflow/example_dags/example_dynamic_task_mapping_with_no_taskflow_operators.py
[2023-07-11T23:36:32.863+0000] {processor.py:826} INFO - Processing file /home/airflow/.local/lib/python3.7/site-packages/airflow/example_dags/example_dynamic_task_mapping_with_no_taskflow_operators.py for tasks to queue
[2023-07-11T23:36:32.863+0000] {logging_mixin.py:150} INFO - [2023-07-11T23:36:32.863+0000] {dagbag.py:541} INFO - Filling up the DagBag from /home/airflow/.local/lib/python3.7/site-packages/airflow/example_dags/example_dynamic_task_mapping_with_no_taskflow_operators.py
[2023-07-11T23:36:32.867+0000] {processor.py:836} INFO - DAG(s) dict_keys(['example_dynamic_task_mapping_with_no_taskflow_operators']) retrieved from /home/airflow/.local/lib/python3.7/site-packages/airflow/example_dags/example_dynamic_task_mapping_with_no_taskflow_operators.py
[2023-07-11T23:36:32.882+0000] {logging_mixin.py:150} INFO - [2023-07-11T23:36:32.882+0000] {dag.py:2742} INFO - Sync 1 DAGs
[2023-07-11T23:36:32.900+0000] {logging_mixin.py:150} INFO - [2023-07-11T23:36:32.899+0000] {dag.py:3508} INFO - Setting next_dagrun for example_dynamic_task_mapping_with_no_taskflow_operators to 2023-07-10T23:36:32.899748+00:00, run_after=2023-07-11T23:36:32.899748+00:00
[2023-07-11T23:36:32.912+0000] {processor.py:179} INFO - Processing /home/airflow/.local/lib/python3.7/site-packages/airflow/example_dags/example_dynamic_task_mapping_with_no_taskflow_operators.py took 0.051 seconds
[2023-07-11T23:37:03.058+0000] {processor.py:157} INFO - Started process (PID=260) to work on /home/airflow/.local/lib/python3.7/site-packages/airflow/example_dags/example_dynamic_task_mapping_with_no_taskflow_operators.py
[2023-07-11T23:37:03.059+0000] {processor.py:826} INFO - Processing file /home/airflow/.local/lib/python3.7/site-packages/airflow/example_dags/example_dynamic_task_mapping_with_no_taskflow_operators.py for tasks to queue
[2023-07-11T23:37:03.059+0000] {logging_mixin.py:150} INFO - [2023-07-11T23:37:03.059+0000] {dagbag.py:541} INFO - Filling up the DagBag from /home/airflow/.local/lib/python3.7/site-packages/airflow/example_dags/example_dynamic_task_mapping_with_no_taskflow_operators.py
[2023-07-11T23:37:03.063+0000] {processor.py:836} INFO - DAG(s) dict_keys(['example_dynamic_task_mapping_with_no_taskflow_operators']) retrieved from /home/airflow/.local/lib/python3.7/site-packages/airflow/example_dags/example_dynamic_task_mapping_with_no_taskflow_operators.py
[2023-07-11T23:37:03.078+0000] {logging_mixin.py:150} INFO - [2023-07-11T23:37:03.078+0000] {dag.py:2742} INFO - Sync 1 DAGs
[2023-07-11T23:37:03.096+0000] {logging_mixin.py:150} INFO - [2023-07-11T23:37:03.096+0000] {dag.py:3508} INFO - Setting next_dagrun for example_dynamic_task_mapping_with_no_taskflow_operators to 2023-07-10T23:37:03.096618+00:00, run_after=2023-07-11T23:37:03.096618+00:00
[2023-07-11T23:37:03.109+0000] {processor.py:179} INFO - Processing /home/airflow/.local/lib/python3.7/site-packages/airflow/example_dags/example_dynamic_task_mapping_with_no_taskflow_operators.py took 0.053 seconds
[2023-07-11T23:37:33.180+0000] {processor.py:157} INFO - Started process (PID=330) to work on /home/airflow/.local/lib/python3.7/site-packages/airflow/example_dags/example_dynamic_task_mapping_with_no_taskflow_operators.py
[2023-07-11T23:37:33.180+0000] {processor.py:826} INFO - Processing file /home/airflow/.local/lib/python3.7/site-packages/airflow/example_dags/example_dynamic_task_mapping_with_no_taskflow_operators.py for tasks to queue
[2023-07-11T23:37:33.181+0000] {logging_mixin.py:150} INFO - [2023-07-11T23:37:33.181+0000] {dagbag.py:541} INFO - Filling up the DagBag from /home/airflow/.local/lib/python3.7/site-packages/airflow/example_dags/example_dynamic_task_mapping_with_no_taskflow_operators.py
[2023-07-11T23:37:33.185+0000] {processor.py:836} INFO - DAG(s) dict_keys(['example_dynamic_task_mapping_with_no_taskflow_operators']) retrieved from /home/airflow/.local/lib/python3.7/site-packages/airflow/example_dags/example_dynamic_task_mapping_with_no_taskflow_operators.py
[2023-07-11T23:37:33.201+0000] {logging_mixin.py:150} INFO - [2023-07-11T23:37:33.200+0000] {dag.py:2742} INFO - Sync 1 DAGs
[2023-07-11T23:37:33.219+0000] {logging_mixin.py:150} INFO - [2023-07-11T23:37:33.219+0000] {dag.py:3508} INFO - Setting next_dagrun for example_dynamic_task_mapping_with_no_taskflow_operators to 2023-07-10T23:37:33.219333+00:00, run_after=2023-07-11T23:37:33.219333+00:00
[2023-07-11T23:37:33.234+0000] {processor.py:179} INFO - Processing /home/airflow/.local/lib/python3.7/site-packages/airflow/example_dags/example_dynamic_task_mapping_with_no_taskflow_operators.py took 0.056 seconds
[2023-07-11T23:38:03.311+0000] {processor.py:157} INFO - Started process (PID=400) to work on /home/airflow/.local/lib/python3.7/site-packages/airflow/example_dags/example_dynamic_task_mapping_with_no_taskflow_operators.py
[2023-07-11T23:38:03.311+0000] {processor.py:826} INFO - Processing file /home/airflow/.local/lib/python3.7/site-packages/airflow/example_dags/example_dynamic_task_mapping_with_no_taskflow_operators.py for tasks to queue
[2023-07-11T23:38:03.312+0000] {logging_mixin.py:150} INFO - [2023-07-11T23:38:03.312+0000] {dagbag.py:541} INFO - Filling up the DagBag from /home/airflow/.local/lib/python3.7/site-packages/airflow/example_dags/example_dynamic_task_mapping_with_no_taskflow_operators.py
[2023-07-11T23:38:03.316+0000] {processor.py:836} INFO - DAG(s) dict_keys(['example_dynamic_task_mapping_with_no_taskflow_operators']) retrieved from /home/airflow/.local/lib/python3.7/site-packages/airflow/example_dags/example_dynamic_task_mapping_with_no_taskflow_operators.py
[2023-07-11T23:38:03.331+0000] {logging_mixin.py:150} INFO - [2023-07-11T23:38:03.331+0000] {dag.py:2742} INFO - Sync 1 DAGs
[2023-07-11T23:38:03.349+0000] {logging_mixin.py:150} INFO - [2023-07-11T23:38:03.349+0000] {dag.py:3508} INFO - Setting next_dagrun for example_dynamic_task_mapping_with_no_taskflow_operators to 2023-07-10T23:38:03.349202+00:00, run_after=2023-07-11T23:38:03.349202+00:00
[2023-07-11T23:38:03.363+0000] {processor.py:179} INFO - Processing /home/airflow/.local/lib/python3.7/site-packages/airflow/example_dags/example_dynamic_task_mapping_with_no_taskflow_operators.py took 0.054 seconds
[2023-07-11T23:38:33.818+0000] {processor.py:157} INFO - Started process (PID=470) to work on /home/airflow/.local/lib/python3.7/site-packages/airflow/example_dags/example_dynamic_task_mapping_with_no_taskflow_operators.py
[2023-07-11T23:38:33.818+0000] {processor.py:826} INFO - Processing file /home/airflow/.local/lib/python3.7/site-packages/airflow/example_dags/example_dynamic_task_mapping_with_no_taskflow_operators.py for tasks to queue
[2023-07-11T23:38:33.818+0000] {logging_mixin.py:150} INFO - [2023-07-11T23:38:33.818+0000] {dagbag.py:541} INFO - Filling up the DagBag from /home/airflow/.local/lib/python3.7/site-packages/airflow/example_dags/example_dynamic_task_mapping_with_no_taskflow_operators.py
[2023-07-11T23:38:33.823+0000] {processor.py:836} INFO - DAG(s) dict_keys(['example_dynamic_task_mapping_with_no_taskflow_operators']) retrieved from /home/airflow/.local/lib/python3.7/site-packages/airflow/example_dags/example_dynamic_task_mapping_with_no_taskflow_operators.py
[2023-07-11T23:38:33.838+0000] {logging_mixin.py:150} INFO - [2023-07-11T23:38:33.837+0000] {dag.py:2742} INFO - Sync 1 DAGs
[2023-07-11T23:38:33.855+0000] {logging_mixin.py:150} INFO - [2023-07-11T23:38:33.855+0000] {dag.py:3508} INFO - Setting next_dagrun for example_dynamic_task_mapping_with_no_taskflow_operators to 2023-07-10T23:38:33.855179+00:00, run_after=2023-07-11T23:38:33.855179+00:00
[2023-07-11T23:38:33.868+0000] {processor.py:179} INFO - Processing /home/airflow/.local/lib/python3.7/site-packages/airflow/example_dags/example_dynamic_task_mapping_with_no_taskflow_operators.py took 0.052 seconds
[2023-07-11T23:39:03.886+0000] {processor.py:157} INFO - Started process (PID=539) to work on /home/airflow/.local/lib/python3.7/site-packages/airflow/example_dags/example_dynamic_task_mapping_with_no_taskflow_operators.py
[2023-07-11T23:39:03.887+0000] {processor.py:826} INFO - Processing file /home/airflow/.local/lib/python3.7/site-packages/airflow/example_dags/example_dynamic_task_mapping_with_no_taskflow_operators.py for tasks to queue
[2023-07-11T23:39:03.887+0000] {logging_mixin.py:150} INFO - [2023-07-11T23:39:03.887+0000] {dagbag.py:541} INFO - Filling up the DagBag from /home/airflow/.local/lib/python3.7/site-packages/airflow/example_dags/example_dynamic_task_mapping_with_no_taskflow_operators.py
[2023-07-11T23:39:03.891+0000] {processor.py:836} INFO - DAG(s) dict_keys(['example_dynamic_task_mapping_with_no_taskflow_operators']) retrieved from /home/airflow/.local/lib/python3.7/site-packages/airflow/example_dags/example_dynamic_task_mapping_with_no_taskflow_operators.py
[2023-07-11T23:39:03.907+0000] {logging_mixin.py:150} INFO - [2023-07-11T23:39:03.907+0000] {dag.py:2742} INFO - Sync 1 DAGs
[2023-07-11T23:39:03.925+0000] {logging_mixin.py:150} INFO - [2023-07-11T23:39:03.925+0000] {dag.py:3508} INFO - Setting next_dagrun for example_dynamic_task_mapping_with_no_taskflow_operators to 2023-07-10T23:39:03.925084+00:00, run_after=2023-07-11T23:39:03.925084+00:00
[2023-07-11T23:39:03.937+0000] {processor.py:179} INFO - Processing /home/airflow/.local/lib/python3.7/site-packages/airflow/example_dags/example_dynamic_task_mapping_with_no_taskflow_operators.py took 0.053 seconds
[2023-07-11T23:39:34.187+0000] {processor.py:157} INFO - Started process (PID=610) to work on /home/airflow/.local/lib/python3.7/site-packages/airflow/example_dags/example_dynamic_task_mapping_with_no_taskflow_operators.py
[2023-07-11T23:39:34.187+0000] {processor.py:826} INFO - Processing file /home/airflow/.local/lib/python3.7/site-packages/airflow/example_dags/example_dynamic_task_mapping_with_no_taskflow_operators.py for tasks to queue
[2023-07-11T23:39:34.188+0000] {logging_mixin.py:150} INFO - [2023-07-11T23:39:34.188+0000] {dagbag.py:541} INFO - Filling up the DagBag from /home/airflow/.local/lib/python3.7/site-packages/airflow/example_dags/example_dynamic_task_mapping_with_no_taskflow_operators.py
[2023-07-11T23:39:34.192+0000] {processor.py:836} INFO - DAG(s) dict_keys(['example_dynamic_task_mapping_with_no_taskflow_operators']) retrieved from /home/airflow/.local/lib/python3.7/site-packages/airflow/example_dags/example_dynamic_task_mapping_with_no_taskflow_operators.py
[2023-07-11T23:39:34.206+0000] {logging_mixin.py:150} INFO - [2023-07-11T23:39:34.206+0000] {dag.py:2742} INFO - Sync 1 DAGs
[2023-07-11T23:39:34.223+0000] {logging_mixin.py:150} INFO - [2023-07-11T23:39:34.222+0000] {dag.py:3508} INFO - Setting next_dagrun for example_dynamic_task_mapping_with_no_taskflow_operators to 2023-07-10T23:39:34.222805+00:00, run_after=2023-07-11T23:39:34.222805+00:00
[2023-07-11T23:39:34.235+0000] {processor.py:179} INFO - Processing /home/airflow/.local/lib/python3.7/site-packages/airflow/example_dags/example_dynamic_task_mapping_with_no_taskflow_operators.py took 0.051 seconds
[2023-07-11T23:40:04.530+0000] {processor.py:157} INFO - Started process (PID=679) to work on /home/airflow/.local/lib/python3.7/site-packages/airflow/example_dags/example_dynamic_task_mapping_with_no_taskflow_operators.py
[2023-07-11T23:40:04.531+0000] {processor.py:826} INFO - Processing file /home/airflow/.local/lib/python3.7/site-packages/airflow/example_dags/example_dynamic_task_mapping_with_no_taskflow_operators.py for tasks to queue
[2023-07-11T23:40:04.531+0000] {logging_mixin.py:150} INFO - [2023-07-11T23:40:04.531+0000] {dagbag.py:541} INFO - Filling up the DagBag from /home/airflow/.local/lib/python3.7/site-packages/airflow/example_dags/example_dynamic_task_mapping_with_no_taskflow_operators.py
[2023-07-11T23:40:04.536+0000] {processor.py:836} INFO - DAG(s) dict_keys(['example_dynamic_task_mapping_with_no_taskflow_operators']) retrieved from /home/airflow/.local/lib/python3.7/site-packages/airflow/example_dags/example_dynamic_task_mapping_with_no_taskflow_operators.py
[2023-07-11T23:40:04.550+0000] {logging_mixin.py:150} INFO - [2023-07-11T23:40:04.550+0000] {dag.py:2742} INFO - Sync 1 DAGs
[2023-07-11T23:40:04.568+0000] {logging_mixin.py:150} INFO - [2023-07-11T23:40:04.568+0000] {dag.py:3508} INFO - Setting next_dagrun for example_dynamic_task_mapping_with_no_taskflow_operators to 2023-07-10T23:40:04.568269+00:00, run_after=2023-07-11T23:40:04.568269+00:00
[2023-07-11T23:40:04.580+0000] {processor.py:179} INFO - Processing /home/airflow/.local/lib/python3.7/site-packages/airflow/example_dags/example_dynamic_task_mapping_with_no_taskflow_operators.py took 0.051 seconds
[2023-07-11T23:40:35.039+0000] {processor.py:157} INFO - Started process (PID=750) to work on /home/airflow/.local/lib/python3.7/site-packages/airflow/example_dags/example_dynamic_task_mapping_with_no_taskflow_operators.py
[2023-07-11T23:40:35.039+0000] {processor.py:826} INFO - Processing file /home/airflow/.local/lib/python3.7/site-packages/airflow/example_dags/example_dynamic_task_mapping_with_no_taskflow_operators.py for tasks to queue
[2023-07-11T23:40:35.040+0000] {logging_mixin.py:150} INFO - [2023-07-11T23:40:35.040+0000] {dagbag.py:541} INFO - Filling up the DagBag from /home/airflow/.local/lib/python3.7/site-packages/airflow/example_dags/example_dynamic_task_mapping_with_no_taskflow_operators.py
[2023-07-11T23:40:35.044+0000] {processor.py:836} INFO - DAG(s) dict_keys(['example_dynamic_task_mapping_with_no_taskflow_operators']) retrieved from /home/airflow/.local/lib/python3.7/site-packages/airflow/example_dags/example_dynamic_task_mapping_with_no_taskflow_operators.py
[2023-07-11T23:40:35.060+0000] {logging_mixin.py:150} INFO - [2023-07-11T23:40:35.060+0000] {dag.py:2742} INFO - Sync 1 DAGs
[2023-07-11T23:40:35.078+0000] {logging_mixin.py:150} INFO - [2023-07-11T23:40:35.078+0000] {dag.py:3508} INFO - Setting next_dagrun for example_dynamic_task_mapping_with_no_taskflow_operators to 2023-07-10T23:40:35.078185+00:00, run_after=2023-07-11T23:40:35.078185+00:00
[2023-07-11T23:40:35.091+0000] {processor.py:179} INFO - Processing /home/airflow/.local/lib/python3.7/site-packages/airflow/example_dags/example_dynamic_task_mapping_with_no_taskflow_operators.py took 0.054 seconds
[2023-07-11T23:41:05.320+0000] {processor.py:157} INFO - Started process (PID=820) to work on /home/airflow/.local/lib/python3.7/site-packages/airflow/example_dags/example_dynamic_task_mapping_with_no_taskflow_operators.py
[2023-07-11T23:41:05.321+0000] {processor.py:826} INFO - Processing file /home/airflow/.local/lib/python3.7/site-packages/airflow/example_dags/example_dynamic_task_mapping_with_no_taskflow_operators.py for tasks to queue
[2023-07-11T23:41:05.321+0000] {logging_mixin.py:150} INFO - [2023-07-11T23:41:05.321+0000] {dagbag.py:541} INFO - Filling up the DagBag from /home/airflow/.local/lib/python3.7/site-packages/airflow/example_dags/example_dynamic_task_mapping_with_no_taskflow_operators.py
[2023-07-11T23:41:05.326+0000] {processor.py:836} INFO - DAG(s) dict_keys(['example_dynamic_task_mapping_with_no_taskflow_operators']) retrieved from /home/airflow/.local/lib/python3.7/site-packages/airflow/example_dags/example_dynamic_task_mapping_with_no_taskflow_operators.py
[2023-07-11T23:41:05.345+0000] {logging_mixin.py:150} INFO - [2023-07-11T23:41:05.345+0000] {dag.py:2742} INFO - Sync 1 DAGs
[2023-07-11T23:41:05.365+0000] {logging_mixin.py:150} INFO - [2023-07-11T23:41:05.364+0000] {dag.py:3508} INFO - Setting next_dagrun for example_dynamic_task_mapping_with_no_taskflow_operators to 2023-07-10T23:41:05.364636+00:00, run_after=2023-07-11T23:41:05.364636+00:00
[2023-07-11T23:41:05.380+0000] {processor.py:179} INFO - Processing /home/airflow/.local/lib/python3.7/site-packages/airflow/example_dags/example_dynamic_task_mapping_with_no_taskflow_operators.py took 0.062 seconds
[2023-07-11T23:41:35.553+0000] {processor.py:157} INFO - Started process (PID=890) to work on /home/airflow/.local/lib/python3.7/site-packages/airflow/example_dags/example_dynamic_task_mapping_with_no_taskflow_operators.py
[2023-07-11T23:41:35.554+0000] {processor.py:826} INFO - Processing file /home/airflow/.local/lib/python3.7/site-packages/airflow/example_dags/example_dynamic_task_mapping_with_no_taskflow_operators.py for tasks to queue
[2023-07-11T23:41:35.554+0000] {logging_mixin.py:150} INFO - [2023-07-11T23:41:35.554+0000] {dagbag.py:541} INFO - Filling up the DagBag from /home/airflow/.local/lib/python3.7/site-packages/airflow/example_dags/example_dynamic_task_mapping_with_no_taskflow_operators.py
[2023-07-11T23:41:35.560+0000] {processor.py:836} INFO - DAG(s) dict_keys(['example_dynamic_task_mapping_with_no_taskflow_operators']) retrieved from /home/airflow/.local/lib/python3.7/site-packages/airflow/example_dags/example_dynamic_task_mapping_with_no_taskflow_operators.py
[2023-07-11T23:41:35.578+0000] {logging_mixin.py:150} INFO - [2023-07-11T23:41:35.578+0000] {dag.py:2742} INFO - Sync 1 DAGs
[2023-07-11T23:41:35.597+0000] {logging_mixin.py:150} INFO - [2023-07-11T23:41:35.597+0000] {dag.py:3508} INFO - Setting next_dagrun for example_dynamic_task_mapping_with_no_taskflow_operators to 2023-07-10T23:41:35.597394+00:00, run_after=2023-07-11T23:41:35.597394+00:00
[2023-07-11T23:41:35.611+0000] {processor.py:179} INFO - Processing /home/airflow/.local/lib/python3.7/site-packages/airflow/example_dags/example_dynamic_task_mapping_with_no_taskflow_operators.py took 0.061 seconds
[2023-07-11T23:42:05.672+0000] {processor.py:157} INFO - Started process (PID=960) to work on /home/airflow/.local/lib/python3.7/site-packages/airflow/example_dags/example_dynamic_task_mapping_with_no_taskflow_operators.py
[2023-07-11T23:42:05.672+0000] {processor.py:826} INFO - Processing file /home/airflow/.local/lib/python3.7/site-packages/airflow/example_dags/example_dynamic_task_mapping_with_no_taskflow_operators.py for tasks to queue
[2023-07-11T23:42:05.673+0000] {logging_mixin.py:150} INFO - [2023-07-11T23:42:05.673+0000] {dagbag.py:541} INFO - Filling up the DagBag from /home/airflow/.local/lib/python3.7/site-packages/airflow/example_dags/example_dynamic_task_mapping_with_no_taskflow_operators.py
[2023-07-11T23:42:05.677+0000] {processor.py:836} INFO - DAG(s) dict_keys(['example_dynamic_task_mapping_with_no_taskflow_operators']) retrieved from /home/airflow/.local/lib/python3.7/site-packages/airflow/example_dags/example_dynamic_task_mapping_with_no_taskflow_operators.py
[2023-07-11T23:42:05.692+0000] {logging_mixin.py:150} INFO - [2023-07-11T23:42:05.692+0000] {dag.py:2742} INFO - Sync 1 DAGs
[2023-07-11T23:42:05.709+0000] {logging_mixin.py:150} INFO - [2023-07-11T23:42:05.709+0000] {dag.py:3508} INFO - Setting next_dagrun for example_dynamic_task_mapping_with_no_taskflow_operators to 2023-07-10T23:42:05.709621+00:00, run_after=2023-07-11T23:42:05.709621+00:00
[2023-07-11T23:42:05.722+0000] {processor.py:179} INFO - Processing /home/airflow/.local/lib/python3.7/site-packages/airflow/example_dags/example_dynamic_task_mapping_with_no_taskflow_operators.py took 0.052 seconds
[2023-07-11T23:42:36.043+0000] {processor.py:157} INFO - Started process (PID=1030) to work on /home/airflow/.local/lib/python3.7/site-packages/airflow/example_dags/example_dynamic_task_mapping_with_no_taskflow_operators.py
[2023-07-11T23:42:36.043+0000] {processor.py:826} INFO - Processing file /home/airflow/.local/lib/python3.7/site-packages/airflow/example_dags/example_dynamic_task_mapping_with_no_taskflow_operators.py for tasks to queue
[2023-07-11T23:42:36.044+0000] {logging_mixin.py:150} INFO - [2023-07-11T23:42:36.044+0000] {dagbag.py:541} INFO - Filling up the DagBag from /home/airflow/.local/lib/python3.7/site-packages/airflow/example_dags/example_dynamic_task_mapping_with_no_taskflow_operators.py
[2023-07-11T23:42:36.050+0000] {processor.py:836} INFO - DAG(s) dict_keys(['example_dynamic_task_mapping_with_no_taskflow_operators']) retrieved from /home/airflow/.local/lib/python3.7/site-packages/airflow/example_dags/example_dynamic_task_mapping_with_no_taskflow_operators.py
[2023-07-11T23:42:36.069+0000] {logging_mixin.py:150} INFO - [2023-07-11T23:42:36.069+0000] {dag.py:2742} INFO - Sync 1 DAGs
[2023-07-11T23:42:36.089+0000] {logging_mixin.py:150} INFO - [2023-07-11T23:42:36.089+0000] {dag.py:3508} INFO - Setting next_dagrun for example_dynamic_task_mapping_with_no_taskflow_operators to 2023-07-10T23:42:36.089317+00:00, run_after=2023-07-11T23:42:36.089317+00:00
[2023-07-11T23:42:36.103+0000] {processor.py:179} INFO - Processing /home/airflow/.local/lib/python3.7/site-packages/airflow/example_dags/example_dynamic_task_mapping_with_no_taskflow_operators.py took 0.063 seconds
[2023-07-11T23:43:06.144+0000] {processor.py:157} INFO - Started process (PID=1100) to work on /home/airflow/.local/lib/python3.7/site-packages/airflow/example_dags/example_dynamic_task_mapping_with_no_taskflow_operators.py
[2023-07-11T23:43:06.144+0000] {processor.py:826} INFO - Processing file /home/airflow/.local/lib/python3.7/site-packages/airflow/example_dags/example_dynamic_task_mapping_with_no_taskflow_operators.py for tasks to queue
[2023-07-11T23:43:06.145+0000] {logging_mixin.py:150} INFO - [2023-07-11T23:43:06.145+0000] {dagbag.py:541} INFO - Filling up the DagBag from /home/airflow/.local/lib/python3.7/site-packages/airflow/example_dags/example_dynamic_task_mapping_with_no_taskflow_operators.py
[2023-07-11T23:43:06.149+0000] {processor.py:836} INFO - DAG(s) dict_keys(['example_dynamic_task_mapping_with_no_taskflow_operators']) retrieved from /home/airflow/.local/lib/python3.7/site-packages/airflow/example_dags/example_dynamic_task_mapping_with_no_taskflow_operators.py
[2023-07-11T23:43:06.163+0000] {logging_mixin.py:150} INFO - [2023-07-11T23:43:06.162+0000] {dag.py:2742} INFO - Sync 1 DAGs
[2023-07-11T23:43:06.179+0000] {logging_mixin.py:150} INFO - [2023-07-11T23:43:06.179+0000] {dag.py:3508} INFO - Setting next_dagrun for example_dynamic_task_mapping_with_no_taskflow_operators to 2023-07-10T23:43:06.179655+00:00, run_after=2023-07-11T23:43:06.179655+00:00
[2023-07-11T23:43:06.191+0000] {processor.py:179} INFO - Processing /home/airflow/.local/lib/python3.7/site-packages/airflow/example_dags/example_dynamic_task_mapping_with_no_taskflow_operators.py took 0.049 seconds
[2023-07-11T23:43:36.965+0000] {processor.py:157} INFO - Started process (PID=1170) to work on /home/airflow/.local/lib/python3.7/site-packages/airflow/example_dags/example_dynamic_task_mapping_with_no_taskflow_operators.py
[2023-07-11T23:43:36.966+0000] {processor.py:826} INFO - Processing file /home/airflow/.local/lib/python3.7/site-packages/airflow/example_dags/example_dynamic_task_mapping_with_no_taskflow_operators.py for tasks to queue
[2023-07-11T23:43:36.966+0000] {logging_mixin.py:150} INFO - [2023-07-11T23:43:36.966+0000] {dagbag.py:541} INFO - Filling up the DagBag from /home/airflow/.local/lib/python3.7/site-packages/airflow/example_dags/example_dynamic_task_mapping_with_no_taskflow_operators.py
[2023-07-11T23:43:36.970+0000] {processor.py:836} INFO - DAG(s) dict_keys(['example_dynamic_task_mapping_with_no_taskflow_operators']) retrieved from /home/airflow/.local/lib/python3.7/site-packages/airflow/example_dags/example_dynamic_task_mapping_with_no_taskflow_operators.py
[2023-07-11T23:43:36.985+0000] {logging_mixin.py:150} INFO - [2023-07-11T23:43:36.985+0000] {dag.py:2742} INFO - Sync 1 DAGs
[2023-07-11T23:43:37.003+0000] {logging_mixin.py:150} INFO - [2023-07-11T23:43:37.003+0000] {dag.py:3508} INFO - Setting next_dagrun for example_dynamic_task_mapping_with_no_taskflow_operators to 2023-07-10T23:43:37.002897+00:00, run_after=2023-07-11T23:43:37.002897+00:00
[2023-07-11T23:43:37.017+0000] {processor.py:179} INFO - Processing /home/airflow/.local/lib/python3.7/site-packages/airflow/example_dags/example_dynamic_task_mapping_with_no_taskflow_operators.py took 0.054 seconds
[2023-07-11T23:44:07.132+0000] {processor.py:157} INFO - Started process (PID=1240) to work on /home/airflow/.local/lib/python3.7/site-packages/airflow/example_dags/example_dynamic_task_mapping_with_no_taskflow_operators.py
[2023-07-11T23:44:07.133+0000] {processor.py:826} INFO - Processing file /home/airflow/.local/lib/python3.7/site-packages/airflow/example_dags/example_dynamic_task_mapping_with_no_taskflow_operators.py for tasks to queue
[2023-07-11T23:44:07.133+0000] {logging_mixin.py:150} INFO - [2023-07-11T23:44:07.133+0000] {dagbag.py:541} INFO - Filling up the DagBag from /home/airflow/.local/lib/python3.7/site-packages/airflow/example_dags/example_dynamic_task_mapping_with_no_taskflow_operators.py
[2023-07-11T23:44:07.139+0000] {processor.py:836} INFO - DAG(s) dict_keys(['example_dynamic_task_mapping_with_no_taskflow_operators']) retrieved from /home/airflow/.local/lib/python3.7/site-packages/airflow/example_dags/example_dynamic_task_mapping_with_no_taskflow_operators.py
[2023-07-11T23:44:07.155+0000] {logging_mixin.py:150} INFO - [2023-07-11T23:44:07.155+0000] {dag.py:2742} INFO - Sync 1 DAGs
[2023-07-11T23:44:07.175+0000] {logging_mixin.py:150} INFO - [2023-07-11T23:44:07.175+0000] {dag.py:3508} INFO - Setting next_dagrun for example_dynamic_task_mapping_with_no_taskflow_operators to 2023-07-10T23:44:07.174871+00:00, run_after=2023-07-11T23:44:07.174871+00:00
[2023-07-11T23:44:07.187+0000] {processor.py:179} INFO - Processing /home/airflow/.local/lib/python3.7/site-packages/airflow/example_dags/example_dynamic_task_mapping_with_no_taskflow_operators.py took 0.058 seconds
[2023-07-11T23:44:37.574+0000] {processor.py:157} INFO - Started process (PID=1310) to work on /home/airflow/.local/lib/python3.7/site-packages/airflow/example_dags/example_dynamic_task_mapping_with_no_taskflow_operators.py
[2023-07-11T23:44:37.575+0000] {processor.py:826} INFO - Processing file /home/airflow/.local/lib/python3.7/site-packages/airflow/example_dags/example_dynamic_task_mapping_with_no_taskflow_operators.py for tasks to queue
[2023-07-11T23:44:37.576+0000] {logging_mixin.py:150} INFO - [2023-07-11T23:44:37.576+0000] {dagbag.py:541} INFO - Filling up the DagBag from /home/airflow/.local/lib/python3.7/site-packages/airflow/example_dags/example_dynamic_task_mapping_with_no_taskflow_operators.py
[2023-07-11T23:44:37.580+0000] {processor.py:836} INFO - DAG(s) dict_keys(['example_dynamic_task_mapping_with_no_taskflow_operators']) retrieved from /home/airflow/.local/lib/python3.7/site-packages/airflow/example_dags/example_dynamic_task_mapping_with_no_taskflow_operators.py
[2023-07-11T23:44:37.593+0000] {logging_mixin.py:150} INFO - [2023-07-11T23:44:37.593+0000] {dag.py:2742} INFO - Sync 1 DAGs
[2023-07-11T23:44:37.610+0000] {logging_mixin.py:150} INFO - [2023-07-11T23:44:37.610+0000] {dag.py:3508} INFO - Setting next_dagrun for example_dynamic_task_mapping_with_no_taskflow_operators to 2023-07-10T23:44:37.609915+00:00, run_after=2023-07-11T23:44:37.609915+00:00
[2023-07-11T23:44:37.621+0000] {processor.py:179} INFO - Processing /home/airflow/.local/lib/python3.7/site-packages/airflow/example_dags/example_dynamic_task_mapping_with_no_taskflow_operators.py took 0.049 seconds
[2023-07-11T23:45:07.943+0000] {processor.py:157} INFO - Started process (PID=1379) to work on /home/airflow/.local/lib/python3.7/site-packages/airflow/example_dags/example_dynamic_task_mapping_with_no_taskflow_operators.py
[2023-07-11T23:45:07.944+0000] {processor.py:826} INFO - Processing file /home/airflow/.local/lib/python3.7/site-packages/airflow/example_dags/example_dynamic_task_mapping_with_no_taskflow_operators.py for tasks to queue
[2023-07-11T23:45:07.944+0000] {logging_mixin.py:150} INFO - [2023-07-11T23:45:07.944+0000] {dagbag.py:541} INFO - Filling up the DagBag from /home/airflow/.local/lib/python3.7/site-packages/airflow/example_dags/example_dynamic_task_mapping_with_no_taskflow_operators.py
[2023-07-11T23:45:07.948+0000] {processor.py:836} INFO - DAG(s) dict_keys(['example_dynamic_task_mapping_with_no_taskflow_operators']) retrieved from /home/airflow/.local/lib/python3.7/site-packages/airflow/example_dags/example_dynamic_task_mapping_with_no_taskflow_operators.py
[2023-07-11T23:45:07.962+0000] {logging_mixin.py:150} INFO - [2023-07-11T23:45:07.962+0000] {dag.py:2742} INFO - Sync 1 DAGs
[2023-07-11T23:45:07.981+0000] {logging_mixin.py:150} INFO - [2023-07-11T23:45:07.981+0000] {dag.py:3508} INFO - Setting next_dagrun for example_dynamic_task_mapping_with_no_taskflow_operators to 2023-07-10T23:45:07.981226+00:00, run_after=2023-07-11T23:45:07.981226+00:00
[2023-07-11T23:45:07.993+0000] {processor.py:179} INFO - Processing /home/airflow/.local/lib/python3.7/site-packages/airflow/example_dags/example_dynamic_task_mapping_with_no_taskflow_operators.py took 0.052 seconds
[2023-07-11T23:45:38.015+0000] {processor.py:157} INFO - Started process (PID=1449) to work on /home/airflow/.local/lib/python3.7/site-packages/airflow/example_dags/example_dynamic_task_mapping_with_no_taskflow_operators.py
[2023-07-11T23:45:38.016+0000] {processor.py:826} INFO - Processing file /home/airflow/.local/lib/python3.7/site-packages/airflow/example_dags/example_dynamic_task_mapping_with_no_taskflow_operators.py for tasks to queue
[2023-07-11T23:45:38.016+0000] {logging_mixin.py:150} INFO - [2023-07-11T23:45:38.016+0000] {dagbag.py:541} INFO - Filling up the DagBag from /home/airflow/.local/lib/python3.7/site-packages/airflow/example_dags/example_dynamic_task_mapping_with_no_taskflow_operators.py
[2023-07-11T23:45:38.020+0000] {processor.py:836} INFO - DAG(s) dict_keys(['example_dynamic_task_mapping_with_no_taskflow_operators']) retrieved from /home/airflow/.local/lib/python3.7/site-packages/airflow/example_dags/example_dynamic_task_mapping_with_no_taskflow_operators.py
[2023-07-11T23:45:38.033+0000] {logging_mixin.py:150} INFO - [2023-07-11T23:45:38.033+0000] {dag.py:2742} INFO - Sync 1 DAGs
[2023-07-11T23:45:38.051+0000] {logging_mixin.py:150} INFO - [2023-07-11T23:45:38.051+0000] {dag.py:3508} INFO - Setting next_dagrun for example_dynamic_task_mapping_with_no_taskflow_operators to 2023-07-10T23:45:38.051145+00:00, run_after=2023-07-11T23:45:38.051145+00:00
[2023-07-11T23:45:38.062+0000] {processor.py:179} INFO - Processing /home/airflow/.local/lib/python3.7/site-packages/airflow/example_dags/example_dynamic_task_mapping_with_no_taskflow_operators.py took 0.048 seconds
[2023-07-11T23:46:08.197+0000] {processor.py:157} INFO - Started process (PID=1519) to work on /home/airflow/.local/lib/python3.7/site-packages/airflow/example_dags/example_dynamic_task_mapping_with_no_taskflow_operators.py
[2023-07-11T23:46:08.197+0000] {processor.py:826} INFO - Processing file /home/airflow/.local/lib/python3.7/site-packages/airflow/example_dags/example_dynamic_task_mapping_with_no_taskflow_operators.py for tasks to queue
[2023-07-11T23:46:08.197+0000] {logging_mixin.py:150} INFO - [2023-07-11T23:46:08.197+0000] {dagbag.py:541} INFO - Filling up the DagBag from /home/airflow/.local/lib/python3.7/site-packages/airflow/example_dags/example_dynamic_task_mapping_with_no_taskflow_operators.py
[2023-07-11T23:46:08.201+0000] {processor.py:836} INFO - DAG(s) dict_keys(['example_dynamic_task_mapping_with_no_taskflow_operators']) retrieved from /home/airflow/.local/lib/python3.7/site-packages/airflow/example_dags/example_dynamic_task_mapping_with_no_taskflow_operators.py
[2023-07-11T23:46:08.215+0000] {logging_mixin.py:150} INFO - [2023-07-11T23:46:08.215+0000] {dag.py:2742} INFO - Sync 1 DAGs
[2023-07-11T23:46:08.237+0000] {logging_mixin.py:150} INFO - [2023-07-11T23:46:08.237+0000] {dag.py:3508} INFO - Setting next_dagrun for example_dynamic_task_mapping_with_no_taskflow_operators to 2023-07-10T23:46:08.237394+00:00, run_after=2023-07-11T23:46:08.237394+00:00
[2023-07-11T23:46:08.251+0000] {processor.py:179} INFO - Processing /home/airflow/.local/lib/python3.7/site-packages/airflow/example_dags/example_dynamic_task_mapping_with_no_taskflow_operators.py took 0.056 seconds
[2023-07-11T23:46:38.294+0000] {processor.py:157} INFO - Started process (PID=1589) to work on /home/airflow/.local/lib/python3.7/site-packages/airflow/example_dags/example_dynamic_task_mapping_with_no_taskflow_operators.py
[2023-07-11T23:46:38.295+0000] {processor.py:826} INFO - Processing file /home/airflow/.local/lib/python3.7/site-packages/airflow/example_dags/example_dynamic_task_mapping_with_no_taskflow_operators.py for tasks to queue
[2023-07-11T23:46:38.295+0000] {logging_mixin.py:150} INFO - [2023-07-11T23:46:38.295+0000] {dagbag.py:541} INFO - Filling up the DagBag from /home/airflow/.local/lib/python3.7/site-packages/airflow/example_dags/example_dynamic_task_mapping_with_no_taskflow_operators.py
[2023-07-11T23:46:38.299+0000] {processor.py:836} INFO - DAG(s) dict_keys(['example_dynamic_task_mapping_with_no_taskflow_operators']) retrieved from /home/airflow/.local/lib/python3.7/site-packages/airflow/example_dags/example_dynamic_task_mapping_with_no_taskflow_operators.py
[2023-07-11T23:46:38.314+0000] {logging_mixin.py:150} INFO - [2023-07-11T23:46:38.314+0000] {dag.py:2742} INFO - Sync 1 DAGs
[2023-07-11T23:46:38.332+0000] {logging_mixin.py:150} INFO - [2023-07-11T23:46:38.331+0000] {dag.py:3508} INFO - Setting next_dagrun for example_dynamic_task_mapping_with_no_taskflow_operators to 2023-07-10T23:46:38.331762+00:00, run_after=2023-07-11T23:46:38.331762+00:00
[2023-07-11T23:46:38.342+0000] {processor.py:179} INFO - Processing /home/airflow/.local/lib/python3.7/site-packages/airflow/example_dags/example_dynamic_task_mapping_with_no_taskflow_operators.py took 0.050 seconds
[2023-07-11T23:47:08.650+0000] {processor.py:157} INFO - Started process (PID=1659) to work on /home/airflow/.local/lib/python3.7/site-packages/airflow/example_dags/example_dynamic_task_mapping_with_no_taskflow_operators.py
[2023-07-11T23:47:08.650+0000] {processor.py:826} INFO - Processing file /home/airflow/.local/lib/python3.7/site-packages/airflow/example_dags/example_dynamic_task_mapping_with_no_taskflow_operators.py for tasks to queue
[2023-07-11T23:47:08.651+0000] {logging_mixin.py:150} INFO - [2023-07-11T23:47:08.651+0000] {dagbag.py:541} INFO - Filling up the DagBag from /home/airflow/.local/lib/python3.7/site-packages/airflow/example_dags/example_dynamic_task_mapping_with_no_taskflow_operators.py
[2023-07-11T23:47:08.655+0000] {processor.py:836} INFO - DAG(s) dict_keys(['example_dynamic_task_mapping_with_no_taskflow_operators']) retrieved from /home/airflow/.local/lib/python3.7/site-packages/airflow/example_dags/example_dynamic_task_mapping_with_no_taskflow_operators.py
[2023-07-11T23:47:08.669+0000] {logging_mixin.py:150} INFO - [2023-07-11T23:47:08.669+0000] {dag.py:2742} INFO - Sync 1 DAGs
[2023-07-11T23:47:08.687+0000] {logging_mixin.py:150} INFO - [2023-07-11T23:47:08.686+0000] {dag.py:3508} INFO - Setting next_dagrun for example_dynamic_task_mapping_with_no_taskflow_operators to 2023-07-10T23:47:08.686797+00:00, run_after=2023-07-11T23:47:08.686797+00:00
[2023-07-11T23:47:08.697+0000] {processor.py:179} INFO - Processing /home/airflow/.local/lib/python3.7/site-packages/airflow/example_dags/example_dynamic_task_mapping_with_no_taskflow_operators.py took 0.049 seconds
