[2023-07-11T23:35:33.616+0000] {processor.py:157} INFO - Started process (PID=72) to work on /home/airflow/.local/lib/python3.7/site-packages/airflow/example_dags/example_subdag_operator.py
[2023-07-11T23:35:33.617+0000] {processor.py:826} INFO - Processing file /home/airflow/.local/lib/python3.7/site-packages/airflow/example_dags/example_subdag_operator.py for tasks to queue
[2023-07-11T23:35:33.617+0000] {logging_mixin.py:150} INFO - [2023-07-11T23:35:33.617+0000] {dagbag.py:541} INFO - Filling up the DagBag from /home/airflow/.local/lib/python3.7/site-packages/airflow/example_dags/example_subdag_operator.py
[2023-07-11T23:35:33.637+0000] {processor.py:836} INFO - DAG(s) dict_keys(['example_subdag_operator.section-1', 'example_subdag_operator.section-2', 'example_subdag_operator']) retrieved from /home/airflow/.local/lib/python3.7/site-packages/airflow/example_dags/example_subdag_operator.py
[2023-07-11T23:35:33.641+0000] {logging_mixin.py:150} INFO - [2023-07-11T23:35:33.641+0000] {dag.py:2742} INFO - Sync 3 DAGs
[2023-07-11T23:35:33.671+0000] {logging_mixin.py:150} INFO - [2023-07-11T23:35:33.670+0000] {dag.py:3508} INFO - Setting next_dagrun for example_subdag_operator to 2022-01-01T00:00:00+00:00, run_after=2022-01-01T00:00:00+00:00
[2023-07-11T23:35:33.675+0000] {logging_mixin.py:150} INFO - [2023-07-11T23:35:33.675+0000] {dag.py:3508} INFO - Setting next_dagrun for example_subdag_operator.section-1 to None, run_after=None
[2023-07-11T23:35:33.677+0000] {logging_mixin.py:150} INFO - [2023-07-11T23:35:33.677+0000] {dag.py:3508} INFO - Setting next_dagrun for example_subdag_operator.section-2 to None, run_after=None
[2023-07-11T23:35:33.686+0000] {logging_mixin.py:150} INFO - [2023-07-11T23:35:33.686+0000] {dag.py:2742} INFO - Sync 2 DAGs
[2023-07-11T23:35:33.693+0000] {logging_mixin.py:150} INFO - [2023-07-11T23:35:33.693+0000] {dag.py:3508} INFO - Setting next_dagrun for example_subdag_operator.section-1 to None, run_after=None
[2023-07-11T23:35:33.693+0000] {logging_mixin.py:150} INFO - [2023-07-11T23:35:33.693+0000] {dag.py:3508} INFO - Setting next_dagrun for example_subdag_operator.section-2 to None, run_after=None
[2023-07-11T23:35:33.706+0000] {processor.py:179} INFO - Processing /home/airflow/.local/lib/python3.7/site-packages/airflow/example_dags/example_subdag_operator.py took 0.092 seconds
[2023-07-11T23:36:04.884+0000] {processor.py:157} INFO - Started process (PID=142) to work on /home/airflow/.local/lib/python3.7/site-packages/airflow/example_dags/example_subdag_operator.py
[2023-07-11T23:36:04.885+0000] {processor.py:826} INFO - Processing file /home/airflow/.local/lib/python3.7/site-packages/airflow/example_dags/example_subdag_operator.py for tasks to queue
[2023-07-11T23:36:04.885+0000] {logging_mixin.py:150} INFO - [2023-07-11T23:36:04.885+0000] {dagbag.py:541} INFO - Filling up the DagBag from /home/airflow/.local/lib/python3.7/site-packages/airflow/example_dags/example_subdag_operator.py
[2023-07-11T23:36:04.902+0000] {processor.py:836} INFO - DAG(s) dict_keys(['example_subdag_operator.section-1', 'example_subdag_operator.section-2', 'example_subdag_operator']) retrieved from /home/airflow/.local/lib/python3.7/site-packages/airflow/example_dags/example_subdag_operator.py
[2023-07-11T23:36:04.915+0000] {logging_mixin.py:150} INFO - [2023-07-11T23:36:04.915+0000] {dag.py:2742} INFO - Sync 3 DAGs
[2023-07-11T23:36:04.933+0000] {logging_mixin.py:150} INFO - [2023-07-11T23:36:04.933+0000] {dag.py:3508} INFO - Setting next_dagrun for example_subdag_operator to 2022-01-01T00:00:00+00:00, run_after=2022-01-01T00:00:00+00:00
[2023-07-11T23:36:04.935+0000] {logging_mixin.py:150} INFO - [2023-07-11T23:36:04.935+0000] {dag.py:3508} INFO - Setting next_dagrun for example_subdag_operator.section-1 to None, run_after=None
[2023-07-11T23:36:04.936+0000] {logging_mixin.py:150} INFO - [2023-07-11T23:36:04.936+0000] {dag.py:3508} INFO - Setting next_dagrun for example_subdag_operator.section-2 to None, run_after=None
[2023-07-11T23:36:04.940+0000] {logging_mixin.py:150} INFO - [2023-07-11T23:36:04.940+0000] {dag.py:2742} INFO - Sync 2 DAGs
[2023-07-11T23:36:04.944+0000] {logging_mixin.py:150} INFO - [2023-07-11T23:36:04.944+0000] {dag.py:3508} INFO - Setting next_dagrun for example_subdag_operator.section-1 to None, run_after=None
[2023-07-11T23:36:04.945+0000] {logging_mixin.py:150} INFO - [2023-07-11T23:36:04.945+0000] {dag.py:3508} INFO - Setting next_dagrun for example_subdag_operator.section-2 to None, run_after=None
[2023-07-11T23:36:04.952+0000] {processor.py:179} INFO - Processing /home/airflow/.local/lib/python3.7/site-packages/airflow/example_dags/example_subdag_operator.py took 0.069 seconds
[2023-07-11T23:36:36.036+0000] {processor.py:157} INFO - Started process (PID=212) to work on /home/airflow/.local/lib/python3.7/site-packages/airflow/example_dags/example_subdag_operator.py
[2023-07-11T23:36:36.036+0000] {processor.py:826} INFO - Processing file /home/airflow/.local/lib/python3.7/site-packages/airflow/example_dags/example_subdag_operator.py for tasks to queue
[2023-07-11T23:36:36.037+0000] {logging_mixin.py:150} INFO - [2023-07-11T23:36:36.037+0000] {dagbag.py:541} INFO - Filling up the DagBag from /home/airflow/.local/lib/python3.7/site-packages/airflow/example_dags/example_subdag_operator.py
[2023-07-11T23:36:36.053+0000] {processor.py:836} INFO - DAG(s) dict_keys(['example_subdag_operator.section-1', 'example_subdag_operator.section-2', 'example_subdag_operator']) retrieved from /home/airflow/.local/lib/python3.7/site-packages/airflow/example_dags/example_subdag_operator.py
[2023-07-11T23:36:36.066+0000] {logging_mixin.py:150} INFO - [2023-07-11T23:36:36.066+0000] {dag.py:2742} INFO - Sync 3 DAGs
[2023-07-11T23:36:36.083+0000] {logging_mixin.py:150} INFO - [2023-07-11T23:36:36.083+0000] {dag.py:3508} INFO - Setting next_dagrun for example_subdag_operator to 2022-01-01T00:00:00+00:00, run_after=2022-01-01T00:00:00+00:00
[2023-07-11T23:36:36.086+0000] {logging_mixin.py:150} INFO - [2023-07-11T23:36:36.086+0000] {dag.py:3508} INFO - Setting next_dagrun for example_subdag_operator.section-1 to None, run_after=None
[2023-07-11T23:36:36.087+0000] {logging_mixin.py:150} INFO - [2023-07-11T23:36:36.087+0000] {dag.py:3508} INFO - Setting next_dagrun for example_subdag_operator.section-2 to None, run_after=None
[2023-07-11T23:36:36.092+0000] {logging_mixin.py:150} INFO - [2023-07-11T23:36:36.092+0000] {dag.py:2742} INFO - Sync 2 DAGs
[2023-07-11T23:36:36.096+0000] {logging_mixin.py:150} INFO - [2023-07-11T23:36:36.096+0000] {dag.py:3508} INFO - Setting next_dagrun for example_subdag_operator.section-1 to None, run_after=None
[2023-07-11T23:36:36.096+0000] {logging_mixin.py:150} INFO - [2023-07-11T23:36:36.096+0000] {dag.py:3508} INFO - Setting next_dagrun for example_subdag_operator.section-2 to None, run_after=None
[2023-07-11T23:36:36.104+0000] {processor.py:179} INFO - Processing /home/airflow/.local/lib/python3.7/site-packages/airflow/example_dags/example_subdag_operator.py took 0.070 seconds
[2023-07-11T23:37:07.048+0000] {processor.py:157} INFO - Started process (PID=282) to work on /home/airflow/.local/lib/python3.7/site-packages/airflow/example_dags/example_subdag_operator.py
[2023-07-11T23:37:07.048+0000] {processor.py:826} INFO - Processing file /home/airflow/.local/lib/python3.7/site-packages/airflow/example_dags/example_subdag_operator.py for tasks to queue
[2023-07-11T23:37:07.049+0000] {logging_mixin.py:150} INFO - [2023-07-11T23:37:07.049+0000] {dagbag.py:541} INFO - Filling up the DagBag from /home/airflow/.local/lib/python3.7/site-packages/airflow/example_dags/example_subdag_operator.py
[2023-07-11T23:37:07.064+0000] {processor.py:836} INFO - DAG(s) dict_keys(['example_subdag_operator.section-1', 'example_subdag_operator.section-2', 'example_subdag_operator']) retrieved from /home/airflow/.local/lib/python3.7/site-packages/airflow/example_dags/example_subdag_operator.py
[2023-07-11T23:37:07.076+0000] {logging_mixin.py:150} INFO - [2023-07-11T23:37:07.076+0000] {dag.py:2742} INFO - Sync 3 DAGs
[2023-07-11T23:37:07.092+0000] {logging_mixin.py:150} INFO - [2023-07-11T23:37:07.092+0000] {dag.py:3508} INFO - Setting next_dagrun for example_subdag_operator to 2022-01-01T00:00:00+00:00, run_after=2022-01-01T00:00:00+00:00
[2023-07-11T23:37:07.095+0000] {logging_mixin.py:150} INFO - [2023-07-11T23:37:07.095+0000] {dag.py:3508} INFO - Setting next_dagrun for example_subdag_operator.section-1 to None, run_after=None
[2023-07-11T23:37:07.095+0000] {logging_mixin.py:150} INFO - [2023-07-11T23:37:07.095+0000] {dag.py:3508} INFO - Setting next_dagrun for example_subdag_operator.section-2 to None, run_after=None
[2023-07-11T23:37:07.100+0000] {logging_mixin.py:150} INFO - [2023-07-11T23:37:07.100+0000] {dag.py:2742} INFO - Sync 2 DAGs
[2023-07-11T23:37:07.104+0000] {logging_mixin.py:150} INFO - [2023-07-11T23:37:07.103+0000] {dag.py:3508} INFO - Setting next_dagrun for example_subdag_operator.section-1 to None, run_after=None
[2023-07-11T23:37:07.104+0000] {logging_mixin.py:150} INFO - [2023-07-11T23:37:07.104+0000] {dag.py:3508} INFO - Setting next_dagrun for example_subdag_operator.section-2 to None, run_after=None
[2023-07-11T23:37:07.112+0000] {processor.py:179} INFO - Processing /home/airflow/.local/lib/python3.7/site-packages/airflow/example_dags/example_subdag_operator.py took 0.066 seconds
[2023-07-11T23:37:38.422+0000] {processor.py:157} INFO - Started process (PID=352) to work on /home/airflow/.local/lib/python3.7/site-packages/airflow/example_dags/example_subdag_operator.py
[2023-07-11T23:37:38.422+0000] {processor.py:826} INFO - Processing file /home/airflow/.local/lib/python3.7/site-packages/airflow/example_dags/example_subdag_operator.py for tasks to queue
[2023-07-11T23:37:38.422+0000] {logging_mixin.py:150} INFO - [2023-07-11T23:37:38.422+0000] {dagbag.py:541} INFO - Filling up the DagBag from /home/airflow/.local/lib/python3.7/site-packages/airflow/example_dags/example_subdag_operator.py
[2023-07-11T23:37:38.439+0000] {processor.py:836} INFO - DAG(s) dict_keys(['example_subdag_operator.section-1', 'example_subdag_operator.section-2', 'example_subdag_operator']) retrieved from /home/airflow/.local/lib/python3.7/site-packages/airflow/example_dags/example_subdag_operator.py
[2023-07-11T23:37:38.453+0000] {logging_mixin.py:150} INFO - [2023-07-11T23:37:38.453+0000] {dag.py:2742} INFO - Sync 3 DAGs
[2023-07-11T23:37:38.472+0000] {logging_mixin.py:150} INFO - [2023-07-11T23:37:38.472+0000] {dag.py:3508} INFO - Setting next_dagrun for example_subdag_operator to 2022-01-01T00:00:00+00:00, run_after=2022-01-01T00:00:00+00:00
[2023-07-11T23:37:38.475+0000] {logging_mixin.py:150} INFO - [2023-07-11T23:37:38.475+0000] {dag.py:3508} INFO - Setting next_dagrun for example_subdag_operator.section-1 to None, run_after=None
[2023-07-11T23:37:38.476+0000] {logging_mixin.py:150} INFO - [2023-07-11T23:37:38.476+0000] {dag.py:3508} INFO - Setting next_dagrun for example_subdag_operator.section-2 to None, run_after=None
[2023-07-11T23:37:38.481+0000] {logging_mixin.py:150} INFO - [2023-07-11T23:37:38.481+0000] {dag.py:2742} INFO - Sync 2 DAGs
[2023-07-11T23:37:38.485+0000] {logging_mixin.py:150} INFO - [2023-07-11T23:37:38.485+0000] {dag.py:3508} INFO - Setting next_dagrun for example_subdag_operator.section-1 to None, run_after=None
[2023-07-11T23:37:38.485+0000] {logging_mixin.py:150} INFO - [2023-07-11T23:37:38.485+0000] {dag.py:3508} INFO - Setting next_dagrun for example_subdag_operator.section-2 to None, run_after=None
[2023-07-11T23:37:38.493+0000] {processor.py:179} INFO - Processing /home/airflow/.local/lib/python3.7/site-packages/airflow/example_dags/example_subdag_operator.py took 0.073 seconds
[2023-07-11T23:38:09.393+0000] {processor.py:157} INFO - Started process (PID=422) to work on /home/airflow/.local/lib/python3.7/site-packages/airflow/example_dags/example_subdag_operator.py
[2023-07-11T23:38:09.393+0000] {processor.py:826} INFO - Processing file /home/airflow/.local/lib/python3.7/site-packages/airflow/example_dags/example_subdag_operator.py for tasks to queue
[2023-07-11T23:38:09.394+0000] {logging_mixin.py:150} INFO - [2023-07-11T23:38:09.393+0000] {dagbag.py:541} INFO - Filling up the DagBag from /home/airflow/.local/lib/python3.7/site-packages/airflow/example_dags/example_subdag_operator.py
[2023-07-11T23:38:09.411+0000] {processor.py:836} INFO - DAG(s) dict_keys(['example_subdag_operator.section-1', 'example_subdag_operator.section-2', 'example_subdag_operator']) retrieved from /home/airflow/.local/lib/python3.7/site-packages/airflow/example_dags/example_subdag_operator.py
[2023-07-11T23:38:09.426+0000] {logging_mixin.py:150} INFO - [2023-07-11T23:38:09.426+0000] {dag.py:2742} INFO - Sync 3 DAGs
[2023-07-11T23:38:09.447+0000] {logging_mixin.py:150} INFO - [2023-07-11T23:38:09.447+0000] {dag.py:3508} INFO - Setting next_dagrun for example_subdag_operator to 2022-01-01T00:00:00+00:00, run_after=2022-01-01T00:00:00+00:00
[2023-07-11T23:38:09.450+0000] {logging_mixin.py:150} INFO - [2023-07-11T23:38:09.450+0000] {dag.py:3508} INFO - Setting next_dagrun for example_subdag_operator.section-1 to None, run_after=None
[2023-07-11T23:38:09.451+0000] {logging_mixin.py:150} INFO - [2023-07-11T23:38:09.451+0000] {dag.py:3508} INFO - Setting next_dagrun for example_subdag_operator.section-2 to None, run_after=None
[2023-07-11T23:38:09.456+0000] {logging_mixin.py:150} INFO - [2023-07-11T23:38:09.456+0000] {dag.py:2742} INFO - Sync 2 DAGs
[2023-07-11T23:38:09.461+0000] {logging_mixin.py:150} INFO - [2023-07-11T23:38:09.461+0000] {dag.py:3508} INFO - Setting next_dagrun for example_subdag_operator.section-1 to None, run_after=None
[2023-07-11T23:38:09.461+0000] {logging_mixin.py:150} INFO - [2023-07-11T23:38:09.461+0000] {dag.py:3508} INFO - Setting next_dagrun for example_subdag_operator.section-2 to None, run_after=None
[2023-07-11T23:38:09.469+0000] {processor.py:179} INFO - Processing /home/airflow/.local/lib/python3.7/site-packages/airflow/example_dags/example_subdag_operator.py took 0.078 seconds
[2023-07-11T23:38:39.854+0000] {processor.py:157} INFO - Started process (PID=492) to work on /home/airflow/.local/lib/python3.7/site-packages/airflow/example_dags/example_subdag_operator.py
[2023-07-11T23:38:39.854+0000] {processor.py:826} INFO - Processing file /home/airflow/.local/lib/python3.7/site-packages/airflow/example_dags/example_subdag_operator.py for tasks to queue
[2023-07-11T23:38:39.855+0000] {logging_mixin.py:150} INFO - [2023-07-11T23:38:39.855+0000] {dagbag.py:541} INFO - Filling up the DagBag from /home/airflow/.local/lib/python3.7/site-packages/airflow/example_dags/example_subdag_operator.py
[2023-07-11T23:38:39.870+0000] {processor.py:836} INFO - DAG(s) dict_keys(['example_subdag_operator.section-1', 'example_subdag_operator.section-2', 'example_subdag_operator']) retrieved from /home/airflow/.local/lib/python3.7/site-packages/airflow/example_dags/example_subdag_operator.py
[2023-07-11T23:38:39.883+0000] {logging_mixin.py:150} INFO - [2023-07-11T23:38:39.882+0000] {dag.py:2742} INFO - Sync 3 DAGs
[2023-07-11T23:38:39.899+0000] {logging_mixin.py:150} INFO - [2023-07-11T23:38:39.899+0000] {dag.py:3508} INFO - Setting next_dagrun for example_subdag_operator to 2022-01-01T00:00:00+00:00, run_after=2022-01-01T00:00:00+00:00
[2023-07-11T23:38:39.902+0000] {logging_mixin.py:150} INFO - [2023-07-11T23:38:39.901+0000] {dag.py:3508} INFO - Setting next_dagrun for example_subdag_operator.section-1 to None, run_after=None
[2023-07-11T23:38:39.902+0000] {logging_mixin.py:150} INFO - [2023-07-11T23:38:39.902+0000] {dag.py:3508} INFO - Setting next_dagrun for example_subdag_operator.section-2 to None, run_after=None
[2023-07-11T23:38:39.907+0000] {logging_mixin.py:150} INFO - [2023-07-11T23:38:39.907+0000] {dag.py:2742} INFO - Sync 2 DAGs
[2023-07-11T23:38:39.912+0000] {logging_mixin.py:150} INFO - [2023-07-11T23:38:39.912+0000] {dag.py:3508} INFO - Setting next_dagrun for example_subdag_operator.section-1 to None, run_after=None
[2023-07-11T23:38:39.912+0000] {logging_mixin.py:150} INFO - [2023-07-11T23:38:39.912+0000] {dag.py:3508} INFO - Setting next_dagrun for example_subdag_operator.section-2 to None, run_after=None
[2023-07-11T23:38:39.921+0000] {processor.py:179} INFO - Processing /home/airflow/.local/lib/python3.7/site-packages/airflow/example_dags/example_subdag_operator.py took 0.069 seconds
[2023-07-11T23:39:10.252+0000] {processor.py:157} INFO - Started process (PID=562) to work on /home/airflow/.local/lib/python3.7/site-packages/airflow/example_dags/example_subdag_operator.py
[2023-07-11T23:39:10.252+0000] {processor.py:826} INFO - Processing file /home/airflow/.local/lib/python3.7/site-packages/airflow/example_dags/example_subdag_operator.py for tasks to queue
[2023-07-11T23:39:10.253+0000] {logging_mixin.py:150} INFO - [2023-07-11T23:39:10.253+0000] {dagbag.py:541} INFO - Filling up the DagBag from /home/airflow/.local/lib/python3.7/site-packages/airflow/example_dags/example_subdag_operator.py
[2023-07-11T23:39:10.268+0000] {processor.py:836} INFO - DAG(s) dict_keys(['example_subdag_operator.section-1', 'example_subdag_operator.section-2', 'example_subdag_operator']) retrieved from /home/airflow/.local/lib/python3.7/site-packages/airflow/example_dags/example_subdag_operator.py
[2023-07-11T23:39:10.281+0000] {logging_mixin.py:150} INFO - [2023-07-11T23:39:10.281+0000] {dag.py:2742} INFO - Sync 3 DAGs
[2023-07-11T23:39:10.298+0000] {logging_mixin.py:150} INFO - [2023-07-11T23:39:10.298+0000] {dag.py:3508} INFO - Setting next_dagrun for example_subdag_operator to 2022-01-01T00:00:00+00:00, run_after=2022-01-01T00:00:00+00:00
[2023-07-11T23:39:10.300+0000] {logging_mixin.py:150} INFO - [2023-07-11T23:39:10.300+0000] {dag.py:3508} INFO - Setting next_dagrun for example_subdag_operator.section-1 to None, run_after=None
[2023-07-11T23:39:10.301+0000] {logging_mixin.py:150} INFO - [2023-07-11T23:39:10.301+0000] {dag.py:3508} INFO - Setting next_dagrun for example_subdag_operator.section-2 to None, run_after=None
[2023-07-11T23:39:10.306+0000] {logging_mixin.py:150} INFO - [2023-07-11T23:39:10.306+0000] {dag.py:2742} INFO - Sync 2 DAGs
[2023-07-11T23:39:10.310+0000] {logging_mixin.py:150} INFO - [2023-07-11T23:39:10.310+0000] {dag.py:3508} INFO - Setting next_dagrun for example_subdag_operator.section-1 to None, run_after=None
[2023-07-11T23:39:10.310+0000] {logging_mixin.py:150} INFO - [2023-07-11T23:39:10.310+0000] {dag.py:3508} INFO - Setting next_dagrun for example_subdag_operator.section-2 to None, run_after=None
[2023-07-11T23:39:10.318+0000] {processor.py:179} INFO - Processing /home/airflow/.local/lib/python3.7/site-packages/airflow/example_dags/example_subdag_operator.py took 0.068 seconds
[2023-07-11T23:39:41.304+0000] {processor.py:157} INFO - Started process (PID=632) to work on /home/airflow/.local/lib/python3.7/site-packages/airflow/example_dags/example_subdag_operator.py
[2023-07-11T23:39:41.305+0000] {processor.py:826} INFO - Processing file /home/airflow/.local/lib/python3.7/site-packages/airflow/example_dags/example_subdag_operator.py for tasks to queue
[2023-07-11T23:39:41.305+0000] {logging_mixin.py:150} INFO - [2023-07-11T23:39:41.305+0000] {dagbag.py:541} INFO - Filling up the DagBag from /home/airflow/.local/lib/python3.7/site-packages/airflow/example_dags/example_subdag_operator.py
[2023-07-11T23:39:41.322+0000] {processor.py:836} INFO - DAG(s) dict_keys(['example_subdag_operator.section-1', 'example_subdag_operator.section-2', 'example_subdag_operator']) retrieved from /home/airflow/.local/lib/python3.7/site-packages/airflow/example_dags/example_subdag_operator.py
[2023-07-11T23:39:41.334+0000] {logging_mixin.py:150} INFO - [2023-07-11T23:39:41.334+0000] {dag.py:2742} INFO - Sync 3 DAGs
[2023-07-11T23:39:41.352+0000] {logging_mixin.py:150} INFO - [2023-07-11T23:39:41.352+0000] {dag.py:3508} INFO - Setting next_dagrun for example_subdag_operator to 2022-01-01T00:00:00+00:00, run_after=2022-01-01T00:00:00+00:00
[2023-07-11T23:39:41.354+0000] {logging_mixin.py:150} INFO - [2023-07-11T23:39:41.354+0000] {dag.py:3508} INFO - Setting next_dagrun for example_subdag_operator.section-1 to None, run_after=None
[2023-07-11T23:39:41.355+0000] {logging_mixin.py:150} INFO - [2023-07-11T23:39:41.355+0000] {dag.py:3508} INFO - Setting next_dagrun for example_subdag_operator.section-2 to None, run_after=None
[2023-07-11T23:39:41.359+0000] {logging_mixin.py:150} INFO - [2023-07-11T23:39:41.359+0000] {dag.py:2742} INFO - Sync 2 DAGs
[2023-07-11T23:39:41.363+0000] {logging_mixin.py:150} INFO - [2023-07-11T23:39:41.363+0000] {dag.py:3508} INFO - Setting next_dagrun for example_subdag_operator.section-1 to None, run_after=None
[2023-07-11T23:39:41.363+0000] {logging_mixin.py:150} INFO - [2023-07-11T23:39:41.363+0000] {dag.py:3508} INFO - Setting next_dagrun for example_subdag_operator.section-2 to None, run_after=None
[2023-07-11T23:39:41.372+0000] {processor.py:179} INFO - Processing /home/airflow/.local/lib/python3.7/site-packages/airflow/example_dags/example_subdag_operator.py took 0.069 seconds
[2023-07-11T23:40:11.594+0000] {processor.py:157} INFO - Started process (PID=702) to work on /home/airflow/.local/lib/python3.7/site-packages/airflow/example_dags/example_subdag_operator.py
[2023-07-11T23:40:11.595+0000] {processor.py:826} INFO - Processing file /home/airflow/.local/lib/python3.7/site-packages/airflow/example_dags/example_subdag_operator.py for tasks to queue
[2023-07-11T23:40:11.595+0000] {logging_mixin.py:150} INFO - [2023-07-11T23:40:11.595+0000] {dagbag.py:541} INFO - Filling up the DagBag from /home/airflow/.local/lib/python3.7/site-packages/airflow/example_dags/example_subdag_operator.py
[2023-07-11T23:40:11.613+0000] {processor.py:836} INFO - DAG(s) dict_keys(['example_subdag_operator.section-1', 'example_subdag_operator.section-2', 'example_subdag_operator']) retrieved from /home/airflow/.local/lib/python3.7/site-packages/airflow/example_dags/example_subdag_operator.py
[2023-07-11T23:40:11.628+0000] {logging_mixin.py:150} INFO - [2023-07-11T23:40:11.628+0000] {dag.py:2742} INFO - Sync 3 DAGs
[2023-07-11T23:40:11.648+0000] {logging_mixin.py:150} INFO - [2023-07-11T23:40:11.647+0000] {dag.py:3508} INFO - Setting next_dagrun for example_subdag_operator to 2022-01-01T00:00:00+00:00, run_after=2022-01-01T00:00:00+00:00
[2023-07-11T23:40:11.651+0000] {logging_mixin.py:150} INFO - [2023-07-11T23:40:11.651+0000] {dag.py:3508} INFO - Setting next_dagrun for example_subdag_operator.section-1 to None, run_after=None
[2023-07-11T23:40:11.652+0000] {logging_mixin.py:150} INFO - [2023-07-11T23:40:11.652+0000] {dag.py:3508} INFO - Setting next_dagrun for example_subdag_operator.section-2 to None, run_after=None
[2023-07-11T23:40:11.658+0000] {logging_mixin.py:150} INFO - [2023-07-11T23:40:11.658+0000] {dag.py:2742} INFO - Sync 2 DAGs
[2023-07-11T23:40:11.662+0000] {logging_mixin.py:150} INFO - [2023-07-11T23:40:11.662+0000] {dag.py:3508} INFO - Setting next_dagrun for example_subdag_operator.section-1 to None, run_after=None
[2023-07-11T23:40:11.663+0000] {logging_mixin.py:150} INFO - [2023-07-11T23:40:11.663+0000] {dag.py:3508} INFO - Setting next_dagrun for example_subdag_operator.section-2 to None, run_after=None
[2023-07-11T23:40:11.672+0000] {processor.py:179} INFO - Processing /home/airflow/.local/lib/python3.7/site-packages/airflow/example_dags/example_subdag_operator.py took 0.080 seconds
[2023-07-11T23:40:42.307+0000] {processor.py:157} INFO - Started process (PID=772) to work on /home/airflow/.local/lib/python3.7/site-packages/airflow/example_dags/example_subdag_operator.py
[2023-07-11T23:40:42.307+0000] {processor.py:826} INFO - Processing file /home/airflow/.local/lib/python3.7/site-packages/airflow/example_dags/example_subdag_operator.py for tasks to queue
[2023-07-11T23:40:42.308+0000] {logging_mixin.py:150} INFO - [2023-07-11T23:40:42.308+0000] {dagbag.py:541} INFO - Filling up the DagBag from /home/airflow/.local/lib/python3.7/site-packages/airflow/example_dags/example_subdag_operator.py
[2023-07-11T23:40:42.325+0000] {processor.py:836} INFO - DAG(s) dict_keys(['example_subdag_operator.section-1', 'example_subdag_operator.section-2', 'example_subdag_operator']) retrieved from /home/airflow/.local/lib/python3.7/site-packages/airflow/example_dags/example_subdag_operator.py
[2023-07-11T23:40:42.340+0000] {logging_mixin.py:150} INFO - [2023-07-11T23:40:42.339+0000] {dag.py:2742} INFO - Sync 3 DAGs
[2023-07-11T23:40:42.359+0000] {logging_mixin.py:150} INFO - [2023-07-11T23:40:42.359+0000] {dag.py:3508} INFO - Setting next_dagrun for example_subdag_operator to 2022-01-01T00:00:00+00:00, run_after=2022-01-01T00:00:00+00:00
[2023-07-11T23:40:42.362+0000] {logging_mixin.py:150} INFO - [2023-07-11T23:40:42.362+0000] {dag.py:3508} INFO - Setting next_dagrun for example_subdag_operator.section-1 to None, run_after=None
[2023-07-11T23:40:42.363+0000] {logging_mixin.py:150} INFO - [2023-07-11T23:40:42.363+0000] {dag.py:3508} INFO - Setting next_dagrun for example_subdag_operator.section-2 to None, run_after=None
[2023-07-11T23:40:42.368+0000] {logging_mixin.py:150} INFO - [2023-07-11T23:40:42.368+0000] {dag.py:2742} INFO - Sync 2 DAGs
[2023-07-11T23:40:42.373+0000] {logging_mixin.py:150} INFO - [2023-07-11T23:40:42.373+0000] {dag.py:3508} INFO - Setting next_dagrun for example_subdag_operator.section-1 to None, run_after=None
[2023-07-11T23:40:42.373+0000] {logging_mixin.py:150} INFO - [2023-07-11T23:40:42.373+0000] {dag.py:3508} INFO - Setting next_dagrun for example_subdag_operator.section-2 to None, run_after=None
[2023-07-11T23:40:42.382+0000] {processor.py:179} INFO - Processing /home/airflow/.local/lib/python3.7/site-packages/airflow/example_dags/example_subdag_operator.py took 0.077 seconds
[2023-07-11T23:41:12.476+0000] {processor.py:157} INFO - Started process (PID=842) to work on /home/airflow/.local/lib/python3.7/site-packages/airflow/example_dags/example_subdag_operator.py
[2023-07-11T23:41:12.476+0000] {processor.py:826} INFO - Processing file /home/airflow/.local/lib/python3.7/site-packages/airflow/example_dags/example_subdag_operator.py for tasks to queue
[2023-07-11T23:41:12.476+0000] {logging_mixin.py:150} INFO - [2023-07-11T23:41:12.476+0000] {dagbag.py:541} INFO - Filling up the DagBag from /home/airflow/.local/lib/python3.7/site-packages/airflow/example_dags/example_subdag_operator.py
[2023-07-11T23:41:12.492+0000] {processor.py:836} INFO - DAG(s) dict_keys(['example_subdag_operator.section-1', 'example_subdag_operator.section-2', 'example_subdag_operator']) retrieved from /home/airflow/.local/lib/python3.7/site-packages/airflow/example_dags/example_subdag_operator.py
[2023-07-11T23:41:12.504+0000] {logging_mixin.py:150} INFO - [2023-07-11T23:41:12.504+0000] {dag.py:2742} INFO - Sync 3 DAGs
[2023-07-11T23:41:12.522+0000] {logging_mixin.py:150} INFO - [2023-07-11T23:41:12.521+0000] {dag.py:3508} INFO - Setting next_dagrun for example_subdag_operator to 2022-01-01T00:00:00+00:00, run_after=2022-01-01T00:00:00+00:00
[2023-07-11T23:41:12.524+0000] {logging_mixin.py:150} INFO - [2023-07-11T23:41:12.524+0000] {dag.py:3508} INFO - Setting next_dagrun for example_subdag_operator.section-1 to None, run_after=None
[2023-07-11T23:41:12.524+0000] {logging_mixin.py:150} INFO - [2023-07-11T23:41:12.524+0000] {dag.py:3508} INFO - Setting next_dagrun for example_subdag_operator.section-2 to None, run_after=None
[2023-07-11T23:41:12.529+0000] {logging_mixin.py:150} INFO - [2023-07-11T23:41:12.529+0000] {dag.py:2742} INFO - Sync 2 DAGs
[2023-07-11T23:41:12.533+0000] {logging_mixin.py:150} INFO - [2023-07-11T23:41:12.533+0000] {dag.py:3508} INFO - Setting next_dagrun for example_subdag_operator.section-1 to None, run_after=None
[2023-07-11T23:41:12.534+0000] {logging_mixin.py:150} INFO - [2023-07-11T23:41:12.533+0000] {dag.py:3508} INFO - Setting next_dagrun for example_subdag_operator.section-2 to None, run_after=None
[2023-07-11T23:41:12.541+0000] {processor.py:179} INFO - Processing /home/airflow/.local/lib/python3.7/site-packages/airflow/example_dags/example_subdag_operator.py took 0.067 seconds
[2023-07-11T23:41:43.779+0000] {processor.py:157} INFO - Started process (PID=912) to work on /home/airflow/.local/lib/python3.7/site-packages/airflow/example_dags/example_subdag_operator.py
[2023-07-11T23:41:43.779+0000] {processor.py:826} INFO - Processing file /home/airflow/.local/lib/python3.7/site-packages/airflow/example_dags/example_subdag_operator.py for tasks to queue
[2023-07-11T23:41:43.780+0000] {logging_mixin.py:150} INFO - [2023-07-11T23:41:43.780+0000] {dagbag.py:541} INFO - Filling up the DagBag from /home/airflow/.local/lib/python3.7/site-packages/airflow/example_dags/example_subdag_operator.py
[2023-07-11T23:41:43.796+0000] {processor.py:836} INFO - DAG(s) dict_keys(['example_subdag_operator.section-1', 'example_subdag_operator.section-2', 'example_subdag_operator']) retrieved from /home/airflow/.local/lib/python3.7/site-packages/airflow/example_dags/example_subdag_operator.py
[2023-07-11T23:41:43.809+0000] {logging_mixin.py:150} INFO - [2023-07-11T23:41:43.809+0000] {dag.py:2742} INFO - Sync 3 DAGs
[2023-07-11T23:41:43.826+0000] {logging_mixin.py:150} INFO - [2023-07-11T23:41:43.826+0000] {dag.py:3508} INFO - Setting next_dagrun for example_subdag_operator to 2022-01-01T00:00:00+00:00, run_after=2022-01-01T00:00:00+00:00
[2023-07-11T23:41:43.828+0000] {logging_mixin.py:150} INFO - [2023-07-11T23:41:43.828+0000] {dag.py:3508} INFO - Setting next_dagrun for example_subdag_operator.section-1 to None, run_after=None
[2023-07-11T23:41:43.829+0000] {logging_mixin.py:150} INFO - [2023-07-11T23:41:43.829+0000] {dag.py:3508} INFO - Setting next_dagrun for example_subdag_operator.section-2 to None, run_after=None
[2023-07-11T23:41:43.836+0000] {logging_mixin.py:150} INFO - [2023-07-11T23:41:43.836+0000] {dag.py:2742} INFO - Sync 2 DAGs
[2023-07-11T23:41:43.840+0000] {logging_mixin.py:150} INFO - [2023-07-11T23:41:43.840+0000] {dag.py:3508} INFO - Setting next_dagrun for example_subdag_operator.section-1 to None, run_after=None
[2023-07-11T23:41:43.840+0000] {logging_mixin.py:150} INFO - [2023-07-11T23:41:43.840+0000] {dag.py:3508} INFO - Setting next_dagrun for example_subdag_operator.section-2 to None, run_after=None
[2023-07-11T23:41:43.848+0000] {processor.py:179} INFO - Processing /home/airflow/.local/lib/python3.7/site-packages/airflow/example_dags/example_subdag_operator.py took 0.071 seconds
[2023-07-11T23:42:14.967+0000] {processor.py:157} INFO - Started process (PID=982) to work on /home/airflow/.local/lib/python3.7/site-packages/airflow/example_dags/example_subdag_operator.py
[2023-07-11T23:42:14.968+0000] {processor.py:826} INFO - Processing file /home/airflow/.local/lib/python3.7/site-packages/airflow/example_dags/example_subdag_operator.py for tasks to queue
[2023-07-11T23:42:14.968+0000] {logging_mixin.py:150} INFO - [2023-07-11T23:42:14.968+0000] {dagbag.py:541} INFO - Filling up the DagBag from /home/airflow/.local/lib/python3.7/site-packages/airflow/example_dags/example_subdag_operator.py
[2023-07-11T23:42:14.985+0000] {processor.py:836} INFO - DAG(s) dict_keys(['example_subdag_operator.section-1', 'example_subdag_operator.section-2', 'example_subdag_operator']) retrieved from /home/airflow/.local/lib/python3.7/site-packages/airflow/example_dags/example_subdag_operator.py
[2023-07-11T23:42:14.998+0000] {logging_mixin.py:150} INFO - [2023-07-11T23:42:14.997+0000] {dag.py:2742} INFO - Sync 3 DAGs
[2023-07-11T23:42:15.015+0000] {logging_mixin.py:150} INFO - [2023-07-11T23:42:15.015+0000] {dag.py:3508} INFO - Setting next_dagrun for example_subdag_operator to 2022-01-01T00:00:00+00:00, run_after=2022-01-01T00:00:00+00:00
[2023-07-11T23:42:15.017+0000] {logging_mixin.py:150} INFO - [2023-07-11T23:42:15.017+0000] {dag.py:3508} INFO - Setting next_dagrun for example_subdag_operator.section-1 to None, run_after=None
[2023-07-11T23:42:15.018+0000] {logging_mixin.py:150} INFO - [2023-07-11T23:42:15.018+0000] {dag.py:3508} INFO - Setting next_dagrun for example_subdag_operator.section-2 to None, run_after=None
[2023-07-11T23:42:15.023+0000] {logging_mixin.py:150} INFO - [2023-07-11T23:42:15.023+0000] {dag.py:2742} INFO - Sync 2 DAGs
[2023-07-11T23:42:15.027+0000] {logging_mixin.py:150} INFO - [2023-07-11T23:42:15.026+0000] {dag.py:3508} INFO - Setting next_dagrun for example_subdag_operator.section-1 to None, run_after=None
[2023-07-11T23:42:15.027+0000] {logging_mixin.py:150} INFO - [2023-07-11T23:42:15.027+0000] {dag.py:3508} INFO - Setting next_dagrun for example_subdag_operator.section-2 to None, run_after=None
[2023-07-11T23:42:15.034+0000] {processor.py:179} INFO - Processing /home/airflow/.local/lib/python3.7/site-packages/airflow/example_dags/example_subdag_operator.py took 0.069 seconds
[2023-07-11T23:42:45.296+0000] {processor.py:157} INFO - Started process (PID=1052) to work on /home/airflow/.local/lib/python3.7/site-packages/airflow/example_dags/example_subdag_operator.py
[2023-07-11T23:42:45.297+0000] {processor.py:826} INFO - Processing file /home/airflow/.local/lib/python3.7/site-packages/airflow/example_dags/example_subdag_operator.py for tasks to queue
[2023-07-11T23:42:45.297+0000] {logging_mixin.py:150} INFO - [2023-07-11T23:42:45.297+0000] {dagbag.py:541} INFO - Filling up the DagBag from /home/airflow/.local/lib/python3.7/site-packages/airflow/example_dags/example_subdag_operator.py
[2023-07-11T23:42:45.315+0000] {processor.py:836} INFO - DAG(s) dict_keys(['example_subdag_operator.section-1', 'example_subdag_operator.section-2', 'example_subdag_operator']) retrieved from /home/airflow/.local/lib/python3.7/site-packages/airflow/example_dags/example_subdag_operator.py
[2023-07-11T23:42:45.330+0000] {logging_mixin.py:150} INFO - [2023-07-11T23:42:45.330+0000] {dag.py:2742} INFO - Sync 3 DAGs
[2023-07-11T23:42:45.352+0000] {logging_mixin.py:150} INFO - [2023-07-11T23:42:45.351+0000] {dag.py:3508} INFO - Setting next_dagrun for example_subdag_operator to 2022-01-01T00:00:00+00:00, run_after=2022-01-01T00:00:00+00:00
[2023-07-11T23:42:45.354+0000] {logging_mixin.py:150} INFO - [2023-07-11T23:42:45.354+0000] {dag.py:3508} INFO - Setting next_dagrun for example_subdag_operator.section-1 to None, run_after=None
[2023-07-11T23:42:45.355+0000] {logging_mixin.py:150} INFO - [2023-07-11T23:42:45.355+0000] {dag.py:3508} INFO - Setting next_dagrun for example_subdag_operator.section-2 to None, run_after=None
[2023-07-11T23:42:45.360+0000] {logging_mixin.py:150} INFO - [2023-07-11T23:42:45.360+0000] {dag.py:2742} INFO - Sync 2 DAGs
[2023-07-11T23:42:45.365+0000] {logging_mixin.py:150} INFO - [2023-07-11T23:42:45.365+0000] {dag.py:3508} INFO - Setting next_dagrun for example_subdag_operator.section-1 to None, run_after=None
[2023-07-11T23:42:45.365+0000] {logging_mixin.py:150} INFO - [2023-07-11T23:42:45.365+0000] {dag.py:3508} INFO - Setting next_dagrun for example_subdag_operator.section-2 to None, run_after=None
[2023-07-11T23:42:45.373+0000] {processor.py:179} INFO - Processing /home/airflow/.local/lib/python3.7/site-packages/airflow/example_dags/example_subdag_operator.py took 0.078 seconds
[2023-07-11T23:43:16.065+0000] {processor.py:157} INFO - Started process (PID=1122) to work on /home/airflow/.local/lib/python3.7/site-packages/airflow/example_dags/example_subdag_operator.py
[2023-07-11T23:43:16.065+0000] {processor.py:826} INFO - Processing file /home/airflow/.local/lib/python3.7/site-packages/airflow/example_dags/example_subdag_operator.py for tasks to queue
[2023-07-11T23:43:16.066+0000] {logging_mixin.py:150} INFO - [2023-07-11T23:43:16.066+0000] {dagbag.py:541} INFO - Filling up the DagBag from /home/airflow/.local/lib/python3.7/site-packages/airflow/example_dags/example_subdag_operator.py
[2023-07-11T23:43:16.080+0000] {processor.py:836} INFO - DAG(s) dict_keys(['example_subdag_operator.section-1', 'example_subdag_operator.section-2', 'example_subdag_operator']) retrieved from /home/airflow/.local/lib/python3.7/site-packages/airflow/example_dags/example_subdag_operator.py
[2023-07-11T23:43:16.092+0000] {logging_mixin.py:150} INFO - [2023-07-11T23:43:16.092+0000] {dag.py:2742} INFO - Sync 3 DAGs
[2023-07-11T23:43:16.110+0000] {logging_mixin.py:150} INFO - [2023-07-11T23:43:16.109+0000] {dag.py:3508} INFO - Setting next_dagrun for example_subdag_operator to 2022-01-01T00:00:00+00:00, run_after=2022-01-01T00:00:00+00:00
[2023-07-11T23:43:16.113+0000] {logging_mixin.py:150} INFO - [2023-07-11T23:43:16.113+0000] {dag.py:3508} INFO - Setting next_dagrun for example_subdag_operator.section-1 to None, run_after=None
[2023-07-11T23:43:16.113+0000] {logging_mixin.py:150} INFO - [2023-07-11T23:43:16.113+0000] {dag.py:3508} INFO - Setting next_dagrun for example_subdag_operator.section-2 to None, run_after=None
[2023-07-11T23:43:16.118+0000] {logging_mixin.py:150} INFO - [2023-07-11T23:43:16.118+0000] {dag.py:2742} INFO - Sync 2 DAGs
[2023-07-11T23:43:16.122+0000] {logging_mixin.py:150} INFO - [2023-07-11T23:43:16.122+0000] {dag.py:3508} INFO - Setting next_dagrun for example_subdag_operator.section-1 to None, run_after=None
[2023-07-11T23:43:16.123+0000] {logging_mixin.py:150} INFO - [2023-07-11T23:43:16.122+0000] {dag.py:3508} INFO - Setting next_dagrun for example_subdag_operator.section-2 to None, run_after=None
[2023-07-11T23:43:16.129+0000] {processor.py:179} INFO - Processing /home/airflow/.local/lib/python3.7/site-packages/airflow/example_dags/example_subdag_operator.py took 0.067 seconds
[2023-07-11T23:43:46.905+0000] {processor.py:157} INFO - Started process (PID=1192) to work on /home/airflow/.local/lib/python3.7/site-packages/airflow/example_dags/example_subdag_operator.py
[2023-07-11T23:43:46.905+0000] {processor.py:826} INFO - Processing file /home/airflow/.local/lib/python3.7/site-packages/airflow/example_dags/example_subdag_operator.py for tasks to queue
[2023-07-11T23:43:46.906+0000] {logging_mixin.py:150} INFO - [2023-07-11T23:43:46.906+0000] {dagbag.py:541} INFO - Filling up the DagBag from /home/airflow/.local/lib/python3.7/site-packages/airflow/example_dags/example_subdag_operator.py
[2023-07-11T23:43:46.920+0000] {processor.py:836} INFO - DAG(s) dict_keys(['example_subdag_operator.section-1', 'example_subdag_operator.section-2', 'example_subdag_operator']) retrieved from /home/airflow/.local/lib/python3.7/site-packages/airflow/example_dags/example_subdag_operator.py
[2023-07-11T23:43:46.932+0000] {logging_mixin.py:150} INFO - [2023-07-11T23:43:46.932+0000] {dag.py:2742} INFO - Sync 3 DAGs
[2023-07-11T23:43:46.949+0000] {logging_mixin.py:150} INFO - [2023-07-11T23:43:46.948+0000] {dag.py:3508} INFO - Setting next_dagrun for example_subdag_operator to 2022-01-01T00:00:00+00:00, run_after=2022-01-01T00:00:00+00:00
[2023-07-11T23:43:46.951+0000] {logging_mixin.py:150} INFO - [2023-07-11T23:43:46.951+0000] {dag.py:3508} INFO - Setting next_dagrun for example_subdag_operator.section-1 to None, run_after=None
[2023-07-11T23:43:46.951+0000] {logging_mixin.py:150} INFO - [2023-07-11T23:43:46.951+0000] {dag.py:3508} INFO - Setting next_dagrun for example_subdag_operator.section-2 to None, run_after=None
[2023-07-11T23:43:46.956+0000] {logging_mixin.py:150} INFO - [2023-07-11T23:43:46.956+0000] {dag.py:2742} INFO - Sync 2 DAGs
[2023-07-11T23:43:46.959+0000] {logging_mixin.py:150} INFO - [2023-07-11T23:43:46.959+0000] {dag.py:3508} INFO - Setting next_dagrun for example_subdag_operator.section-1 to None, run_after=None
[2023-07-11T23:43:46.960+0000] {logging_mixin.py:150} INFO - [2023-07-11T23:43:46.960+0000] {dag.py:3508} INFO - Setting next_dagrun for example_subdag_operator.section-2 to None, run_after=None
[2023-07-11T23:43:46.967+0000] {processor.py:179} INFO - Processing /home/airflow/.local/lib/python3.7/site-packages/airflow/example_dags/example_subdag_operator.py took 0.064 seconds
[2023-07-11T23:44:17.207+0000] {processor.py:157} INFO - Started process (PID=1261) to work on /home/airflow/.local/lib/python3.7/site-packages/airflow/example_dags/example_subdag_operator.py
[2023-07-11T23:44:17.208+0000] {processor.py:826} INFO - Processing file /home/airflow/.local/lib/python3.7/site-packages/airflow/example_dags/example_subdag_operator.py for tasks to queue
[2023-07-11T23:44:17.208+0000] {logging_mixin.py:150} INFO - [2023-07-11T23:44:17.208+0000] {dagbag.py:541} INFO - Filling up the DagBag from /home/airflow/.local/lib/python3.7/site-packages/airflow/example_dags/example_subdag_operator.py
[2023-07-11T23:44:17.225+0000] {processor.py:836} INFO - DAG(s) dict_keys(['example_subdag_operator.section-1', 'example_subdag_operator.section-2', 'example_subdag_operator']) retrieved from /home/airflow/.local/lib/python3.7/site-packages/airflow/example_dags/example_subdag_operator.py
[2023-07-11T23:44:17.240+0000] {logging_mixin.py:150} INFO - [2023-07-11T23:44:17.239+0000] {dag.py:2742} INFO - Sync 3 DAGs
[2023-07-11T23:44:17.269+0000] {logging_mixin.py:150} INFO - [2023-07-11T23:44:17.268+0000] {dag.py:3508} INFO - Setting next_dagrun for example_subdag_operator to 2022-01-01T00:00:00+00:00, run_after=2022-01-01T00:00:00+00:00
[2023-07-11T23:44:17.272+0000] {logging_mixin.py:150} INFO - [2023-07-11T23:44:17.272+0000] {dag.py:3508} INFO - Setting next_dagrun for example_subdag_operator.section-1 to None, run_after=None
[2023-07-11T23:44:17.274+0000] {logging_mixin.py:150} INFO - [2023-07-11T23:44:17.273+0000] {dag.py:3508} INFO - Setting next_dagrun for example_subdag_operator.section-2 to None, run_after=None
[2023-07-11T23:44:17.281+0000] {logging_mixin.py:150} INFO - [2023-07-11T23:44:17.281+0000] {dag.py:2742} INFO - Sync 2 DAGs
[2023-07-11T23:44:17.287+0000] {logging_mixin.py:150} INFO - [2023-07-11T23:44:17.287+0000] {dag.py:3508} INFO - Setting next_dagrun for example_subdag_operator.section-1 to None, run_after=None
[2023-07-11T23:44:17.287+0000] {logging_mixin.py:150} INFO - [2023-07-11T23:44:17.287+0000] {dag.py:3508} INFO - Setting next_dagrun for example_subdag_operator.section-2 to None, run_after=None
[2023-07-11T23:44:17.298+0000] {processor.py:179} INFO - Processing /home/airflow/.local/lib/python3.7/site-packages/airflow/example_dags/example_subdag_operator.py took 0.093 seconds
[2023-07-11T23:44:47.652+0000] {processor.py:157} INFO - Started process (PID=1332) to work on /home/airflow/.local/lib/python3.7/site-packages/airflow/example_dags/example_subdag_operator.py
[2023-07-11T23:44:47.653+0000] {processor.py:826} INFO - Processing file /home/airflow/.local/lib/python3.7/site-packages/airflow/example_dags/example_subdag_operator.py for tasks to queue
[2023-07-11T23:44:47.653+0000] {logging_mixin.py:150} INFO - [2023-07-11T23:44:47.653+0000] {dagbag.py:541} INFO - Filling up the DagBag from /home/airflow/.local/lib/python3.7/site-packages/airflow/example_dags/example_subdag_operator.py
[2023-07-11T23:44:47.667+0000] {processor.py:836} INFO - DAG(s) dict_keys(['example_subdag_operator.section-1', 'example_subdag_operator.section-2', 'example_subdag_operator']) retrieved from /home/airflow/.local/lib/python3.7/site-packages/airflow/example_dags/example_subdag_operator.py
[2023-07-11T23:44:47.679+0000] {logging_mixin.py:150} INFO - [2023-07-11T23:44:47.679+0000] {dag.py:2742} INFO - Sync 3 DAGs
[2023-07-11T23:44:47.697+0000] {logging_mixin.py:150} INFO - [2023-07-11T23:44:47.696+0000] {dag.py:3508} INFO - Setting next_dagrun for example_subdag_operator to 2022-01-01T00:00:00+00:00, run_after=2022-01-01T00:00:00+00:00
[2023-07-11T23:44:47.699+0000] {logging_mixin.py:150} INFO - [2023-07-11T23:44:47.699+0000] {dag.py:3508} INFO - Setting next_dagrun for example_subdag_operator.section-1 to None, run_after=None
[2023-07-11T23:44:47.700+0000] {logging_mixin.py:150} INFO - [2023-07-11T23:44:47.700+0000] {dag.py:3508} INFO - Setting next_dagrun for example_subdag_operator.section-2 to None, run_after=None
[2023-07-11T23:44:47.705+0000] {logging_mixin.py:150} INFO - [2023-07-11T23:44:47.704+0000] {dag.py:2742} INFO - Sync 2 DAGs
[2023-07-11T23:44:47.708+0000] {logging_mixin.py:150} INFO - [2023-07-11T23:44:47.708+0000] {dag.py:3508} INFO - Setting next_dagrun for example_subdag_operator.section-1 to None, run_after=None
[2023-07-11T23:44:47.709+0000] {logging_mixin.py:150} INFO - [2023-07-11T23:44:47.708+0000] {dag.py:3508} INFO - Setting next_dagrun for example_subdag_operator.section-2 to None, run_after=None
[2023-07-11T23:44:47.715+0000] {processor.py:179} INFO - Processing /home/airflow/.local/lib/python3.7/site-packages/airflow/example_dags/example_subdag_operator.py took 0.065 seconds
[2023-07-11T23:45:18.140+0000] {processor.py:157} INFO - Started process (PID=1402) to work on /home/airflow/.local/lib/python3.7/site-packages/airflow/example_dags/example_subdag_operator.py
[2023-07-11T23:45:18.141+0000] {processor.py:826} INFO - Processing file /home/airflow/.local/lib/python3.7/site-packages/airflow/example_dags/example_subdag_operator.py for tasks to queue
[2023-07-11T23:45:18.141+0000] {logging_mixin.py:150} INFO - [2023-07-11T23:45:18.141+0000] {dagbag.py:541} INFO - Filling up the DagBag from /home/airflow/.local/lib/python3.7/site-packages/airflow/example_dags/example_subdag_operator.py
[2023-07-11T23:45:18.159+0000] {processor.py:836} INFO - DAG(s) dict_keys(['example_subdag_operator.section-1', 'example_subdag_operator.section-2', 'example_subdag_operator']) retrieved from /home/airflow/.local/lib/python3.7/site-packages/airflow/example_dags/example_subdag_operator.py
[2023-07-11T23:45:18.178+0000] {logging_mixin.py:150} INFO - [2023-07-11T23:45:18.178+0000] {dag.py:2742} INFO - Sync 3 DAGs
[2023-07-11T23:45:18.198+0000] {logging_mixin.py:150} INFO - [2023-07-11T23:45:18.198+0000] {dag.py:3508} INFO - Setting next_dagrun for example_subdag_operator to 2022-01-01T00:00:00+00:00, run_after=2022-01-01T00:00:00+00:00
[2023-07-11T23:45:18.200+0000] {logging_mixin.py:150} INFO - [2023-07-11T23:45:18.200+0000] {dag.py:3508} INFO - Setting next_dagrun for example_subdag_operator.section-1 to None, run_after=None
[2023-07-11T23:45:18.201+0000] {logging_mixin.py:150} INFO - [2023-07-11T23:45:18.201+0000] {dag.py:3508} INFO - Setting next_dagrun for example_subdag_operator.section-2 to None, run_after=None
[2023-07-11T23:45:18.205+0000] {logging_mixin.py:150} INFO - [2023-07-11T23:45:18.205+0000] {dag.py:2742} INFO - Sync 2 DAGs
[2023-07-11T23:45:18.209+0000] {logging_mixin.py:150} INFO - [2023-07-11T23:45:18.209+0000] {dag.py:3508} INFO - Setting next_dagrun for example_subdag_operator.section-1 to None, run_after=None
[2023-07-11T23:45:18.210+0000] {logging_mixin.py:150} INFO - [2023-07-11T23:45:18.209+0000] {dag.py:3508} INFO - Setting next_dagrun for example_subdag_operator.section-2 to None, run_after=None
[2023-07-11T23:45:18.216+0000] {processor.py:179} INFO - Processing /home/airflow/.local/lib/python3.7/site-packages/airflow/example_dags/example_subdag_operator.py took 0.078 seconds
[2023-07-11T23:45:48.952+0000] {processor.py:157} INFO - Started process (PID=1472) to work on /home/airflow/.local/lib/python3.7/site-packages/airflow/example_dags/example_subdag_operator.py
[2023-07-11T23:45:48.952+0000] {processor.py:826} INFO - Processing file /home/airflow/.local/lib/python3.7/site-packages/airflow/example_dags/example_subdag_operator.py for tasks to queue
[2023-07-11T23:45:48.953+0000] {logging_mixin.py:150} INFO - [2023-07-11T23:45:48.953+0000] {dagbag.py:541} INFO - Filling up the DagBag from /home/airflow/.local/lib/python3.7/site-packages/airflow/example_dags/example_subdag_operator.py
[2023-07-11T23:45:48.967+0000] {processor.py:836} INFO - DAG(s) dict_keys(['example_subdag_operator.section-1', 'example_subdag_operator.section-2', 'example_subdag_operator']) retrieved from /home/airflow/.local/lib/python3.7/site-packages/airflow/example_dags/example_subdag_operator.py
[2023-07-11T23:45:48.979+0000] {logging_mixin.py:150} INFO - [2023-07-11T23:45:48.978+0000] {dag.py:2742} INFO - Sync 3 DAGs
[2023-07-11T23:45:48.996+0000] {logging_mixin.py:150} INFO - [2023-07-11T23:45:48.995+0000] {dag.py:3508} INFO - Setting next_dagrun for example_subdag_operator to 2022-01-01T00:00:00+00:00, run_after=2022-01-01T00:00:00+00:00
[2023-07-11T23:45:48.998+0000] {logging_mixin.py:150} INFO - [2023-07-11T23:45:48.998+0000] {dag.py:3508} INFO - Setting next_dagrun for example_subdag_operator.section-1 to None, run_after=None
[2023-07-11T23:45:48.998+0000] {logging_mixin.py:150} INFO - [2023-07-11T23:45:48.998+0000] {dag.py:3508} INFO - Setting next_dagrun for example_subdag_operator.section-2 to None, run_after=None
[2023-07-11T23:45:49.003+0000] {logging_mixin.py:150} INFO - [2023-07-11T23:45:49.003+0000] {dag.py:2742} INFO - Sync 2 DAGs
[2023-07-11T23:45:49.007+0000] {logging_mixin.py:150} INFO - [2023-07-11T23:45:49.007+0000] {dag.py:3508} INFO - Setting next_dagrun for example_subdag_operator.section-1 to None, run_after=None
[2023-07-11T23:45:49.007+0000] {logging_mixin.py:150} INFO - [2023-07-11T23:45:49.007+0000] {dag.py:3508} INFO - Setting next_dagrun for example_subdag_operator.section-2 to None, run_after=None
[2023-07-11T23:45:49.014+0000] {processor.py:179} INFO - Processing /home/airflow/.local/lib/python3.7/site-packages/airflow/example_dags/example_subdag_operator.py took 0.064 seconds
[2023-07-11T23:46:19.432+0000] {processor.py:157} INFO - Started process (PID=1542) to work on /home/airflow/.local/lib/python3.7/site-packages/airflow/example_dags/example_subdag_operator.py
[2023-07-11T23:46:19.432+0000] {processor.py:826} INFO - Processing file /home/airflow/.local/lib/python3.7/site-packages/airflow/example_dags/example_subdag_operator.py for tasks to queue
[2023-07-11T23:46:19.433+0000] {logging_mixin.py:150} INFO - [2023-07-11T23:46:19.433+0000] {dagbag.py:541} INFO - Filling up the DagBag from /home/airflow/.local/lib/python3.7/site-packages/airflow/example_dags/example_subdag_operator.py
[2023-07-11T23:46:19.449+0000] {processor.py:836} INFO - DAG(s) dict_keys(['example_subdag_operator.section-1', 'example_subdag_operator.section-2', 'example_subdag_operator']) retrieved from /home/airflow/.local/lib/python3.7/site-packages/airflow/example_dags/example_subdag_operator.py
[2023-07-11T23:46:19.462+0000] {logging_mixin.py:150} INFO - [2023-07-11T23:46:19.462+0000] {dag.py:2742} INFO - Sync 3 DAGs
[2023-07-11T23:46:19.483+0000] {logging_mixin.py:150} INFO - [2023-07-11T23:46:19.482+0000] {dag.py:3508} INFO - Setting next_dagrun for example_subdag_operator to 2022-01-01T00:00:00+00:00, run_after=2022-01-01T00:00:00+00:00
[2023-07-11T23:46:19.485+0000] {logging_mixin.py:150} INFO - [2023-07-11T23:46:19.485+0000] {dag.py:3508} INFO - Setting next_dagrun for example_subdag_operator.section-1 to None, run_after=None
[2023-07-11T23:46:19.486+0000] {logging_mixin.py:150} INFO - [2023-07-11T23:46:19.486+0000] {dag.py:3508} INFO - Setting next_dagrun for example_subdag_operator.section-2 to None, run_after=None
[2023-07-11T23:46:19.491+0000] {logging_mixin.py:150} INFO - [2023-07-11T23:46:19.491+0000] {dag.py:2742} INFO - Sync 2 DAGs
[2023-07-11T23:46:19.496+0000] {logging_mixin.py:150} INFO - [2023-07-11T23:46:19.495+0000] {dag.py:3508} INFO - Setting next_dagrun for example_subdag_operator.section-1 to None, run_after=None
[2023-07-11T23:46:19.496+0000] {logging_mixin.py:150} INFO - [2023-07-11T23:46:19.496+0000] {dag.py:3508} INFO - Setting next_dagrun for example_subdag_operator.section-2 to None, run_after=None
[2023-07-11T23:46:19.504+0000] {processor.py:179} INFO - Processing /home/airflow/.local/lib/python3.7/site-packages/airflow/example_dags/example_subdag_operator.py took 0.074 seconds
[2023-07-11T23:46:50.355+0000] {processor.py:157} INFO - Started process (PID=1612) to work on /home/airflow/.local/lib/python3.7/site-packages/airflow/example_dags/example_subdag_operator.py
[2023-07-11T23:46:50.355+0000] {processor.py:826} INFO - Processing file /home/airflow/.local/lib/python3.7/site-packages/airflow/example_dags/example_subdag_operator.py for tasks to queue
[2023-07-11T23:46:50.356+0000] {logging_mixin.py:150} INFO - [2023-07-11T23:46:50.355+0000] {dagbag.py:541} INFO - Filling up the DagBag from /home/airflow/.local/lib/python3.7/site-packages/airflow/example_dags/example_subdag_operator.py
[2023-07-11T23:46:50.371+0000] {processor.py:836} INFO - DAG(s) dict_keys(['example_subdag_operator.section-1', 'example_subdag_operator.section-2', 'example_subdag_operator']) retrieved from /home/airflow/.local/lib/python3.7/site-packages/airflow/example_dags/example_subdag_operator.py
[2023-07-11T23:46:50.384+0000] {logging_mixin.py:150} INFO - [2023-07-11T23:46:50.384+0000] {dag.py:2742} INFO - Sync 3 DAGs
[2023-07-11T23:46:50.404+0000] {logging_mixin.py:150} INFO - [2023-07-11T23:46:50.404+0000] {dag.py:3508} INFO - Setting next_dagrun for example_subdag_operator to 2022-01-01T00:00:00+00:00, run_after=2022-01-01T00:00:00+00:00
[2023-07-11T23:46:50.407+0000] {logging_mixin.py:150} INFO - [2023-07-11T23:46:50.407+0000] {dag.py:3508} INFO - Setting next_dagrun for example_subdag_operator.section-1 to None, run_after=None
[2023-07-11T23:46:50.408+0000] {logging_mixin.py:150} INFO - [2023-07-11T23:46:50.408+0000] {dag.py:3508} INFO - Setting next_dagrun for example_subdag_operator.section-2 to None, run_after=None
[2023-07-11T23:46:50.414+0000] {logging_mixin.py:150} INFO - [2023-07-11T23:46:50.414+0000] {dag.py:2742} INFO - Sync 2 DAGs
[2023-07-11T23:46:50.419+0000] {logging_mixin.py:150} INFO - [2023-07-11T23:46:50.419+0000] {dag.py:3508} INFO - Setting next_dagrun for example_subdag_operator.section-1 to None, run_after=None
[2023-07-11T23:46:50.419+0000] {logging_mixin.py:150} INFO - [2023-07-11T23:46:50.419+0000] {dag.py:3508} INFO - Setting next_dagrun for example_subdag_operator.section-2 to None, run_after=None
[2023-07-11T23:46:50.426+0000] {processor.py:179} INFO - Processing /home/airflow/.local/lib/python3.7/site-packages/airflow/example_dags/example_subdag_operator.py took 0.073 seconds
[2023-07-11T23:47:20.662+0000] {processor.py:157} INFO - Started process (PID=1682) to work on /home/airflow/.local/lib/python3.7/site-packages/airflow/example_dags/example_subdag_operator.py
[2023-07-11T23:47:20.663+0000] {processor.py:826} INFO - Processing file /home/airflow/.local/lib/python3.7/site-packages/airflow/example_dags/example_subdag_operator.py for tasks to queue
[2023-07-11T23:47:20.663+0000] {logging_mixin.py:150} INFO - [2023-07-11T23:47:20.663+0000] {dagbag.py:541} INFO - Filling up the DagBag from /home/airflow/.local/lib/python3.7/site-packages/airflow/example_dags/example_subdag_operator.py
[2023-07-11T23:47:20.678+0000] {processor.py:836} INFO - DAG(s) dict_keys(['example_subdag_operator.section-1', 'example_subdag_operator.section-2', 'example_subdag_operator']) retrieved from /home/airflow/.local/lib/python3.7/site-packages/airflow/example_dags/example_subdag_operator.py
[2023-07-11T23:47:20.690+0000] {logging_mixin.py:150} INFO - [2023-07-11T23:47:20.690+0000] {dag.py:2742} INFO - Sync 3 DAGs
[2023-07-11T23:47:20.707+0000] {logging_mixin.py:150} INFO - [2023-07-11T23:47:20.707+0000] {dag.py:3508} INFO - Setting next_dagrun for example_subdag_operator to 2022-01-01T00:00:00+00:00, run_after=2022-01-01T00:00:00+00:00
[2023-07-11T23:47:20.710+0000] {logging_mixin.py:150} INFO - [2023-07-11T23:47:20.710+0000] {dag.py:3508} INFO - Setting next_dagrun for example_subdag_operator.section-1 to None, run_after=None
[2023-07-11T23:47:20.710+0000] {logging_mixin.py:150} INFO - [2023-07-11T23:47:20.710+0000] {dag.py:3508} INFO - Setting next_dagrun for example_subdag_operator.section-2 to None, run_after=None
[2023-07-11T23:47:20.715+0000] {logging_mixin.py:150} INFO - [2023-07-11T23:47:20.715+0000] {dag.py:2742} INFO - Sync 2 DAGs
[2023-07-11T23:47:20.718+0000] {logging_mixin.py:150} INFO - [2023-07-11T23:47:20.718+0000] {dag.py:3508} INFO - Setting next_dagrun for example_subdag_operator.section-1 to None, run_after=None
[2023-07-11T23:47:20.719+0000] {logging_mixin.py:150} INFO - [2023-07-11T23:47:20.719+0000] {dag.py:3508} INFO - Setting next_dagrun for example_subdag_operator.section-2 to None, run_after=None
[2023-07-11T23:47:20.725+0000] {processor.py:179} INFO - Processing /home/airflow/.local/lib/python3.7/site-packages/airflow/example_dags/example_subdag_operator.py took 0.065 seconds
