[2023-07-11T23:35:31.775+0000] {processor.py:157} INFO - Started process (PID=42) to work on /home/airflow/.local/lib/python3.7/site-packages/airflow/example_dags/example_short_circuit_operator.py
[2023-07-11T23:35:31.776+0000] {processor.py:826} INFO - Processing file /home/airflow/.local/lib/python3.7/site-packages/airflow/example_dags/example_short_circuit_operator.py for tasks to queue
[2023-07-11T23:35:31.777+0000] {logging_mixin.py:150} INFO - [2023-07-11T23:35:31.776+0000] {dagbag.py:541} INFO - Filling up the DagBag from /home/airflow/.local/lib/python3.7/site-packages/airflow/example_dags/example_short_circuit_operator.py
[2023-07-11T23:35:31.787+0000] {processor.py:836} INFO - DAG(s) dict_keys(['example_short_circuit_operator']) retrieved from /home/airflow/.local/lib/python3.7/site-packages/airflow/example_dags/example_short_circuit_operator.py
[2023-07-11T23:35:31.805+0000] {logging_mixin.py:150} INFO - [2023-07-11T23:35:31.805+0000] {dag.py:2742} INFO - Sync 1 DAGs
[2023-07-11T23:35:31.836+0000] {logging_mixin.py:150} INFO - [2023-07-11T23:35:31.835+0000] {dag.py:3508} INFO - Setting next_dagrun for example_short_circuit_operator to 2023-07-10T23:35:31.835681+00:00, run_after=2023-07-11T23:35:31.835681+00:00
[2023-07-11T23:35:31.853+0000] {processor.py:179} INFO - Processing /home/airflow/.local/lib/python3.7/site-packages/airflow/example_dags/example_short_circuit_operator.py took 0.081 seconds
[2023-07-11T23:36:02.466+0000] {processor.py:157} INFO - Started process (PID=112) to work on /home/airflow/.local/lib/python3.7/site-packages/airflow/example_dags/example_short_circuit_operator.py
[2023-07-11T23:36:02.466+0000] {processor.py:826} INFO - Processing file /home/airflow/.local/lib/python3.7/site-packages/airflow/example_dags/example_short_circuit_operator.py for tasks to queue
[2023-07-11T23:36:02.467+0000] {logging_mixin.py:150} INFO - [2023-07-11T23:36:02.466+0000] {dagbag.py:541} INFO - Filling up the DagBag from /home/airflow/.local/lib/python3.7/site-packages/airflow/example_dags/example_short_circuit_operator.py
[2023-07-11T23:36:02.471+0000] {processor.py:836} INFO - DAG(s) dict_keys(['example_short_circuit_operator']) retrieved from /home/airflow/.local/lib/python3.7/site-packages/airflow/example_dags/example_short_circuit_operator.py
[2023-07-11T23:36:02.489+0000] {logging_mixin.py:150} INFO - [2023-07-11T23:36:02.489+0000] {dag.py:2742} INFO - Sync 1 DAGs
[2023-07-11T23:36:02.507+0000] {logging_mixin.py:150} INFO - [2023-07-11T23:36:02.507+0000] {dag.py:3508} INFO - Setting next_dagrun for example_short_circuit_operator to 2023-07-10T23:36:02.507530+00:00, run_after=2023-07-11T23:36:02.507530+00:00
[2023-07-11T23:36:02.521+0000] {processor.py:179} INFO - Processing /home/airflow/.local/lib/python3.7/site-packages/airflow/example_dags/example_short_circuit_operator.py took 0.057 seconds
[2023-07-11T23:36:32.590+0000] {processor.py:157} INFO - Started process (PID=182) to work on /home/airflow/.local/lib/python3.7/site-packages/airflow/example_dags/example_short_circuit_operator.py
[2023-07-11T23:36:32.591+0000] {processor.py:826} INFO - Processing file /home/airflow/.local/lib/python3.7/site-packages/airflow/example_dags/example_short_circuit_operator.py for tasks to queue
[2023-07-11T23:36:32.591+0000] {logging_mixin.py:150} INFO - [2023-07-11T23:36:32.591+0000] {dagbag.py:541} INFO - Filling up the DagBag from /home/airflow/.local/lib/python3.7/site-packages/airflow/example_dags/example_short_circuit_operator.py
[2023-07-11T23:36:32.596+0000] {processor.py:836} INFO - DAG(s) dict_keys(['example_short_circuit_operator']) retrieved from /home/airflow/.local/lib/python3.7/site-packages/airflow/example_dags/example_short_circuit_operator.py
[2023-07-11T23:36:32.614+0000] {logging_mixin.py:150} INFO - [2023-07-11T23:36:32.614+0000] {dag.py:2742} INFO - Sync 1 DAGs
[2023-07-11T23:36:32.632+0000] {logging_mixin.py:150} INFO - [2023-07-11T23:36:32.632+0000] {dag.py:3508} INFO - Setting next_dagrun for example_short_circuit_operator to 2023-07-10T23:36:32.632298+00:00, run_after=2023-07-11T23:36:32.632298+00:00
[2023-07-11T23:36:32.645+0000] {processor.py:179} INFO - Processing /home/airflow/.local/lib/python3.7/site-packages/airflow/example_dags/example_short_circuit_operator.py took 0.057 seconds
[2023-07-11T23:37:02.721+0000] {processor.py:157} INFO - Started process (PID=252) to work on /home/airflow/.local/lib/python3.7/site-packages/airflow/example_dags/example_short_circuit_operator.py
[2023-07-11T23:37:02.722+0000] {processor.py:826} INFO - Processing file /home/airflow/.local/lib/python3.7/site-packages/airflow/example_dags/example_short_circuit_operator.py for tasks to queue
[2023-07-11T23:37:02.722+0000] {logging_mixin.py:150} INFO - [2023-07-11T23:37:02.722+0000] {dagbag.py:541} INFO - Filling up the DagBag from /home/airflow/.local/lib/python3.7/site-packages/airflow/example_dags/example_short_circuit_operator.py
[2023-07-11T23:37:02.727+0000] {processor.py:836} INFO - DAG(s) dict_keys(['example_short_circuit_operator']) retrieved from /home/airflow/.local/lib/python3.7/site-packages/airflow/example_dags/example_short_circuit_operator.py
[2023-07-11T23:37:02.744+0000] {logging_mixin.py:150} INFO - [2023-07-11T23:37:02.744+0000] {dag.py:2742} INFO - Sync 1 DAGs
[2023-07-11T23:37:02.761+0000] {logging_mixin.py:150} INFO - [2023-07-11T23:37:02.761+0000] {dag.py:3508} INFO - Setting next_dagrun for example_short_circuit_operator to 2023-07-10T23:37:02.761555+00:00, run_after=2023-07-11T23:37:02.761555+00:00
[2023-07-11T23:37:02.773+0000] {processor.py:179} INFO - Processing /home/airflow/.local/lib/python3.7/site-packages/airflow/example_dags/example_short_circuit_operator.py took 0.054 seconds
[2023-07-11T23:37:32.815+0000] {processor.py:157} INFO - Started process (PID=322) to work on /home/airflow/.local/lib/python3.7/site-packages/airflow/example_dags/example_short_circuit_operator.py
[2023-07-11T23:37:32.816+0000] {processor.py:826} INFO - Processing file /home/airflow/.local/lib/python3.7/site-packages/airflow/example_dags/example_short_circuit_operator.py for tasks to queue
[2023-07-11T23:37:32.816+0000] {logging_mixin.py:150} INFO - [2023-07-11T23:37:32.816+0000] {dagbag.py:541} INFO - Filling up the DagBag from /home/airflow/.local/lib/python3.7/site-packages/airflow/example_dags/example_short_circuit_operator.py
[2023-07-11T23:37:32.821+0000] {processor.py:836} INFO - DAG(s) dict_keys(['example_short_circuit_operator']) retrieved from /home/airflow/.local/lib/python3.7/site-packages/airflow/example_dags/example_short_circuit_operator.py
[2023-07-11T23:37:32.838+0000] {logging_mixin.py:150} INFO - [2023-07-11T23:37:32.838+0000] {dag.py:2742} INFO - Sync 1 DAGs
[2023-07-11T23:37:32.856+0000] {logging_mixin.py:150} INFO - [2023-07-11T23:37:32.855+0000] {dag.py:3508} INFO - Setting next_dagrun for example_short_circuit_operator to 2023-07-10T23:37:32.855722+00:00, run_after=2023-07-11T23:37:32.855722+00:00
[2023-07-11T23:37:32.871+0000] {processor.py:179} INFO - Processing /home/airflow/.local/lib/python3.7/site-packages/airflow/example_dags/example_short_circuit_operator.py took 0.058 seconds
[2023-07-11T23:38:03.027+0000] {processor.py:157} INFO - Started process (PID=392) to work on /home/airflow/.local/lib/python3.7/site-packages/airflow/example_dags/example_short_circuit_operator.py
[2023-07-11T23:38:03.027+0000] {processor.py:826} INFO - Processing file /home/airflow/.local/lib/python3.7/site-packages/airflow/example_dags/example_short_circuit_operator.py for tasks to queue
[2023-07-11T23:38:03.027+0000] {logging_mixin.py:150} INFO - [2023-07-11T23:38:03.027+0000] {dagbag.py:541} INFO - Filling up the DagBag from /home/airflow/.local/lib/python3.7/site-packages/airflow/example_dags/example_short_circuit_operator.py
[2023-07-11T23:38:03.032+0000] {processor.py:836} INFO - DAG(s) dict_keys(['example_short_circuit_operator']) retrieved from /home/airflow/.local/lib/python3.7/site-packages/airflow/example_dags/example_short_circuit_operator.py
[2023-07-11T23:38:03.050+0000] {logging_mixin.py:150} INFO - [2023-07-11T23:38:03.050+0000] {dag.py:2742} INFO - Sync 1 DAGs
[2023-07-11T23:38:03.068+0000] {logging_mixin.py:150} INFO - [2023-07-11T23:38:03.068+0000] {dag.py:3508} INFO - Setting next_dagrun for example_short_circuit_operator to 2023-07-10T23:38:03.068577+00:00, run_after=2023-07-11T23:38:03.068577+00:00
[2023-07-11T23:38:03.082+0000] {processor.py:179} INFO - Processing /home/airflow/.local/lib/python3.7/site-packages/airflow/example_dags/example_short_circuit_operator.py took 0.057 seconds
[2023-07-11T23:38:33.495+0000] {processor.py:157} INFO - Started process (PID=462) to work on /home/airflow/.local/lib/python3.7/site-packages/airflow/example_dags/example_short_circuit_operator.py
[2023-07-11T23:38:33.496+0000] {processor.py:826} INFO - Processing file /home/airflow/.local/lib/python3.7/site-packages/airflow/example_dags/example_short_circuit_operator.py for tasks to queue
[2023-07-11T23:38:33.496+0000] {logging_mixin.py:150} INFO - [2023-07-11T23:38:33.496+0000] {dagbag.py:541} INFO - Filling up the DagBag from /home/airflow/.local/lib/python3.7/site-packages/airflow/example_dags/example_short_circuit_operator.py
[2023-07-11T23:38:33.503+0000] {processor.py:836} INFO - DAG(s) dict_keys(['example_short_circuit_operator']) retrieved from /home/airflow/.local/lib/python3.7/site-packages/airflow/example_dags/example_short_circuit_operator.py
[2023-07-11T23:38:33.524+0000] {logging_mixin.py:150} INFO - [2023-07-11T23:38:33.524+0000] {dag.py:2742} INFO - Sync 1 DAGs
[2023-07-11T23:38:33.545+0000] {logging_mixin.py:150} INFO - [2023-07-11T23:38:33.545+0000] {dag.py:3508} INFO - Setting next_dagrun for example_short_circuit_operator to 2023-07-10T23:38:33.545243+00:00, run_after=2023-07-11T23:38:33.545243+00:00
[2023-07-11T23:38:33.560+0000] {processor.py:179} INFO - Processing /home/airflow/.local/lib/python3.7/site-packages/airflow/example_dags/example_short_circuit_operator.py took 0.067 seconds
[2023-07-11T23:39:03.603+0000] {processor.py:157} INFO - Started process (PID=532) to work on /home/airflow/.local/lib/python3.7/site-packages/airflow/example_dags/example_short_circuit_operator.py
[2023-07-11T23:39:03.604+0000] {processor.py:826} INFO - Processing file /home/airflow/.local/lib/python3.7/site-packages/airflow/example_dags/example_short_circuit_operator.py for tasks to queue
[2023-07-11T23:39:03.604+0000] {logging_mixin.py:150} INFO - [2023-07-11T23:39:03.604+0000] {dagbag.py:541} INFO - Filling up the DagBag from /home/airflow/.local/lib/python3.7/site-packages/airflow/example_dags/example_short_circuit_operator.py
[2023-07-11T23:39:03.610+0000] {processor.py:836} INFO - DAG(s) dict_keys(['example_short_circuit_operator']) retrieved from /home/airflow/.local/lib/python3.7/site-packages/airflow/example_dags/example_short_circuit_operator.py
[2023-07-11T23:39:03.628+0000] {logging_mixin.py:150} INFO - [2023-07-11T23:39:03.628+0000] {dag.py:2742} INFO - Sync 1 DAGs
[2023-07-11T23:39:03.647+0000] {logging_mixin.py:150} INFO - [2023-07-11T23:39:03.646+0000] {dag.py:3508} INFO - Setting next_dagrun for example_short_circuit_operator to 2023-07-10T23:39:03.646596+00:00, run_after=2023-07-11T23:39:03.646596+00:00
[2023-07-11T23:39:03.661+0000] {processor.py:179} INFO - Processing /home/airflow/.local/lib/python3.7/site-packages/airflow/example_dags/example_short_circuit_operator.py took 0.059 seconds
[2023-07-11T23:39:33.920+0000] {processor.py:157} INFO - Started process (PID=602) to work on /home/airflow/.local/lib/python3.7/site-packages/airflow/example_dags/example_short_circuit_operator.py
[2023-07-11T23:39:33.920+0000] {processor.py:826} INFO - Processing file /home/airflow/.local/lib/python3.7/site-packages/airflow/example_dags/example_short_circuit_operator.py for tasks to queue
[2023-07-11T23:39:33.921+0000] {logging_mixin.py:150} INFO - [2023-07-11T23:39:33.921+0000] {dagbag.py:541} INFO - Filling up the DagBag from /home/airflow/.local/lib/python3.7/site-packages/airflow/example_dags/example_short_circuit_operator.py
[2023-07-11T23:39:33.926+0000] {processor.py:836} INFO - DAG(s) dict_keys(['example_short_circuit_operator']) retrieved from /home/airflow/.local/lib/python3.7/site-packages/airflow/example_dags/example_short_circuit_operator.py
[2023-07-11T23:39:33.943+0000] {logging_mixin.py:150} INFO - [2023-07-11T23:39:33.943+0000] {dag.py:2742} INFO - Sync 1 DAGs
[2023-07-11T23:39:33.961+0000] {logging_mixin.py:150} INFO - [2023-07-11T23:39:33.960+0000] {dag.py:3508} INFO - Setting next_dagrun for example_short_circuit_operator to 2023-07-10T23:39:33.960791+00:00, run_after=2023-07-11T23:39:33.960791+00:00
[2023-07-11T23:39:33.974+0000] {processor.py:179} INFO - Processing /home/airflow/.local/lib/python3.7/site-packages/airflow/example_dags/example_short_circuit_operator.py took 0.056 seconds
[2023-07-11T23:40:04.278+0000] {processor.py:157} INFO - Started process (PID=672) to work on /home/airflow/.local/lib/python3.7/site-packages/airflow/example_dags/example_short_circuit_operator.py
[2023-07-11T23:40:04.278+0000] {processor.py:826} INFO - Processing file /home/airflow/.local/lib/python3.7/site-packages/airflow/example_dags/example_short_circuit_operator.py for tasks to queue
[2023-07-11T23:40:04.279+0000] {logging_mixin.py:150} INFO - [2023-07-11T23:40:04.279+0000] {dagbag.py:541} INFO - Filling up the DagBag from /home/airflow/.local/lib/python3.7/site-packages/airflow/example_dags/example_short_circuit_operator.py
[2023-07-11T23:40:04.284+0000] {processor.py:836} INFO - DAG(s) dict_keys(['example_short_circuit_operator']) retrieved from /home/airflow/.local/lib/python3.7/site-packages/airflow/example_dags/example_short_circuit_operator.py
[2023-07-11T23:40:04.302+0000] {logging_mixin.py:150} INFO - [2023-07-11T23:40:04.302+0000] {dag.py:2742} INFO - Sync 1 DAGs
[2023-07-11T23:40:04.320+0000] {logging_mixin.py:150} INFO - [2023-07-11T23:40:04.320+0000] {dag.py:3508} INFO - Setting next_dagrun for example_short_circuit_operator to 2023-07-10T23:40:04.319994+00:00, run_after=2023-07-11T23:40:04.319994+00:00
[2023-07-11T23:40:04.333+0000] {processor.py:179} INFO - Processing /home/airflow/.local/lib/python3.7/site-packages/airflow/example_dags/example_short_circuit_operator.py took 0.057 seconds
[2023-07-11T23:40:34.713+0000] {processor.py:157} INFO - Started process (PID=742) to work on /home/airflow/.local/lib/python3.7/site-packages/airflow/example_dags/example_short_circuit_operator.py
[2023-07-11T23:40:34.713+0000] {processor.py:826} INFO - Processing file /home/airflow/.local/lib/python3.7/site-packages/airflow/example_dags/example_short_circuit_operator.py for tasks to queue
[2023-07-11T23:40:34.714+0000] {logging_mixin.py:150} INFO - [2023-07-11T23:40:34.714+0000] {dagbag.py:541} INFO - Filling up the DagBag from /home/airflow/.local/lib/python3.7/site-packages/airflow/example_dags/example_short_circuit_operator.py
[2023-07-11T23:40:34.719+0000] {processor.py:836} INFO - DAG(s) dict_keys(['example_short_circuit_operator']) retrieved from /home/airflow/.local/lib/python3.7/site-packages/airflow/example_dags/example_short_circuit_operator.py
[2023-07-11T23:40:34.738+0000] {logging_mixin.py:150} INFO - [2023-07-11T23:40:34.738+0000] {dag.py:2742} INFO - Sync 1 DAGs
[2023-07-11T23:40:34.758+0000] {logging_mixin.py:150} INFO - [2023-07-11T23:40:34.758+0000] {dag.py:3508} INFO - Setting next_dagrun for example_short_circuit_operator to 2023-07-10T23:40:34.758485+00:00, run_after=2023-07-11T23:40:34.758485+00:00
[2023-07-11T23:40:34.774+0000] {processor.py:179} INFO - Processing /home/airflow/.local/lib/python3.7/site-packages/airflow/example_dags/example_short_circuit_operator.py took 0.063 seconds
[2023-07-11T23:41:04.976+0000] {processor.py:157} INFO - Started process (PID=812) to work on /home/airflow/.local/lib/python3.7/site-packages/airflow/example_dags/example_short_circuit_operator.py
[2023-07-11T23:41:04.977+0000] {processor.py:826} INFO - Processing file /home/airflow/.local/lib/python3.7/site-packages/airflow/example_dags/example_short_circuit_operator.py for tasks to queue
[2023-07-11T23:41:04.977+0000] {logging_mixin.py:150} INFO - [2023-07-11T23:41:04.977+0000] {dagbag.py:541} INFO - Filling up the DagBag from /home/airflow/.local/lib/python3.7/site-packages/airflow/example_dags/example_short_circuit_operator.py
[2023-07-11T23:41:04.984+0000] {processor.py:836} INFO - DAG(s) dict_keys(['example_short_circuit_operator']) retrieved from /home/airflow/.local/lib/python3.7/site-packages/airflow/example_dags/example_short_circuit_operator.py
[2023-07-11T23:41:05.005+0000] {logging_mixin.py:150} INFO - [2023-07-11T23:41:05.005+0000] {dag.py:2742} INFO - Sync 1 DAGs
[2023-07-11T23:41:05.027+0000] {logging_mixin.py:150} INFO - [2023-07-11T23:41:05.027+0000] {dag.py:3508} INFO - Setting next_dagrun for example_short_circuit_operator to 2023-07-10T23:41:05.027227+00:00, run_after=2023-07-11T23:41:05.027227+00:00
[2023-07-11T23:41:05.043+0000] {processor.py:179} INFO - Processing /home/airflow/.local/lib/python3.7/site-packages/airflow/example_dags/example_short_circuit_operator.py took 0.070 seconds
[2023-07-11T23:41:35.215+0000] {processor.py:157} INFO - Started process (PID=882) to work on /home/airflow/.local/lib/python3.7/site-packages/airflow/example_dags/example_short_circuit_operator.py
[2023-07-11T23:41:35.216+0000] {processor.py:826} INFO - Processing file /home/airflow/.local/lib/python3.7/site-packages/airflow/example_dags/example_short_circuit_operator.py for tasks to queue
[2023-07-11T23:41:35.216+0000] {logging_mixin.py:150} INFO - [2023-07-11T23:41:35.216+0000] {dagbag.py:541} INFO - Filling up the DagBag from /home/airflow/.local/lib/python3.7/site-packages/airflow/example_dags/example_short_circuit_operator.py
[2023-07-11T23:41:35.223+0000] {processor.py:836} INFO - DAG(s) dict_keys(['example_short_circuit_operator']) retrieved from /home/airflow/.local/lib/python3.7/site-packages/airflow/example_dags/example_short_circuit_operator.py
[2023-07-11T23:41:35.245+0000] {logging_mixin.py:150} INFO - [2023-07-11T23:41:35.245+0000] {dag.py:2742} INFO - Sync 1 DAGs
[2023-07-11T23:41:35.266+0000] {logging_mixin.py:150} INFO - [2023-07-11T23:41:35.265+0000] {dag.py:3508} INFO - Setting next_dagrun for example_short_circuit_operator to 2023-07-10T23:41:35.265425+00:00, run_after=2023-07-11T23:41:35.265425+00:00
[2023-07-11T23:41:35.280+0000] {processor.py:179} INFO - Processing /home/airflow/.local/lib/python3.7/site-packages/airflow/example_dags/example_short_circuit_operator.py took 0.068 seconds
[2023-07-11T23:42:05.402+0000] {processor.py:157} INFO - Started process (PID=952) to work on /home/airflow/.local/lib/python3.7/site-packages/airflow/example_dags/example_short_circuit_operator.py
[2023-07-11T23:42:05.402+0000] {processor.py:826} INFO - Processing file /home/airflow/.local/lib/python3.7/site-packages/airflow/example_dags/example_short_circuit_operator.py for tasks to queue
[2023-07-11T23:42:05.403+0000] {logging_mixin.py:150} INFO - [2023-07-11T23:42:05.403+0000] {dagbag.py:541} INFO - Filling up the DagBag from /home/airflow/.local/lib/python3.7/site-packages/airflow/example_dags/example_short_circuit_operator.py
[2023-07-11T23:42:05.407+0000] {processor.py:836} INFO - DAG(s) dict_keys(['example_short_circuit_operator']) retrieved from /home/airflow/.local/lib/python3.7/site-packages/airflow/example_dags/example_short_circuit_operator.py
[2023-07-11T23:42:05.425+0000] {logging_mixin.py:150} INFO - [2023-07-11T23:42:05.425+0000] {dag.py:2742} INFO - Sync 1 DAGs
[2023-07-11T23:42:05.443+0000] {logging_mixin.py:150} INFO - [2023-07-11T23:42:05.443+0000] {dag.py:3508} INFO - Setting next_dagrun for example_short_circuit_operator to 2023-07-10T23:42:05.443360+00:00, run_after=2023-07-11T23:42:05.443360+00:00
[2023-07-11T23:42:05.456+0000] {processor.py:179} INFO - Processing /home/airflow/.local/lib/python3.7/site-packages/airflow/example_dags/example_short_circuit_operator.py took 0.056 seconds
[2023-07-11T23:42:35.700+0000] {processor.py:157} INFO - Started process (PID=1022) to work on /home/airflow/.local/lib/python3.7/site-packages/airflow/example_dags/example_short_circuit_operator.py
[2023-07-11T23:42:35.700+0000] {processor.py:826} INFO - Processing file /home/airflow/.local/lib/python3.7/site-packages/airflow/example_dags/example_short_circuit_operator.py for tasks to queue
[2023-07-11T23:42:35.701+0000] {logging_mixin.py:150} INFO - [2023-07-11T23:42:35.701+0000] {dagbag.py:541} INFO - Filling up the DagBag from /home/airflow/.local/lib/python3.7/site-packages/airflow/example_dags/example_short_circuit_operator.py
[2023-07-11T23:42:35.707+0000] {processor.py:836} INFO - DAG(s) dict_keys(['example_short_circuit_operator']) retrieved from /home/airflow/.local/lib/python3.7/site-packages/airflow/example_dags/example_short_circuit_operator.py
[2023-07-11T23:42:35.729+0000] {logging_mixin.py:150} INFO - [2023-07-11T23:42:35.729+0000] {dag.py:2742} INFO - Sync 1 DAGs
[2023-07-11T23:42:35.750+0000] {logging_mixin.py:150} INFO - [2023-07-11T23:42:35.750+0000] {dag.py:3508} INFO - Setting next_dagrun for example_short_circuit_operator to 2023-07-10T23:42:35.750328+00:00, run_after=2023-07-11T23:42:35.750328+00:00
[2023-07-11T23:42:35.766+0000] {processor.py:179} INFO - Processing /home/airflow/.local/lib/python3.7/site-packages/airflow/example_dags/example_short_circuit_operator.py took 0.069 seconds
[2023-07-11T23:43:05.890+0000] {processor.py:157} INFO - Started process (PID=1092) to work on /home/airflow/.local/lib/python3.7/site-packages/airflow/example_dags/example_short_circuit_operator.py
[2023-07-11T23:43:05.891+0000] {processor.py:826} INFO - Processing file /home/airflow/.local/lib/python3.7/site-packages/airflow/example_dags/example_short_circuit_operator.py for tasks to queue
[2023-07-11T23:43:05.891+0000] {logging_mixin.py:150} INFO - [2023-07-11T23:43:05.891+0000] {dagbag.py:541} INFO - Filling up the DagBag from /home/airflow/.local/lib/python3.7/site-packages/airflow/example_dags/example_short_circuit_operator.py
[2023-07-11T23:43:05.896+0000] {processor.py:836} INFO - DAG(s) dict_keys(['example_short_circuit_operator']) retrieved from /home/airflow/.local/lib/python3.7/site-packages/airflow/example_dags/example_short_circuit_operator.py
[2023-07-11T23:43:05.912+0000] {logging_mixin.py:150} INFO - [2023-07-11T23:43:05.912+0000] {dag.py:2742} INFO - Sync 1 DAGs
[2023-07-11T23:43:05.929+0000] {logging_mixin.py:150} INFO - [2023-07-11T23:43:05.929+0000] {dag.py:3508} INFO - Setting next_dagrun for example_short_circuit_operator to 2023-07-10T23:43:05.929304+00:00, run_after=2023-07-11T23:43:05.929304+00:00
[2023-07-11T23:43:05.943+0000] {processor.py:179} INFO - Processing /home/airflow/.local/lib/python3.7/site-packages/airflow/example_dags/example_short_circuit_operator.py took 0.054 seconds
[2023-07-11T23:43:36.667+0000] {processor.py:157} INFO - Started process (PID=1162) to work on /home/airflow/.local/lib/python3.7/site-packages/airflow/example_dags/example_short_circuit_operator.py
[2023-07-11T23:43:36.667+0000] {processor.py:826} INFO - Processing file /home/airflow/.local/lib/python3.7/site-packages/airflow/example_dags/example_short_circuit_operator.py for tasks to queue
[2023-07-11T23:43:36.668+0000] {logging_mixin.py:150} INFO - [2023-07-11T23:43:36.667+0000] {dagbag.py:541} INFO - Filling up the DagBag from /home/airflow/.local/lib/python3.7/site-packages/airflow/example_dags/example_short_circuit_operator.py
[2023-07-11T23:43:36.673+0000] {processor.py:836} INFO - DAG(s) dict_keys(['example_short_circuit_operator']) retrieved from /home/airflow/.local/lib/python3.7/site-packages/airflow/example_dags/example_short_circuit_operator.py
[2023-07-11T23:43:36.690+0000] {logging_mixin.py:150} INFO - [2023-07-11T23:43:36.689+0000] {dag.py:2742} INFO - Sync 1 DAGs
[2023-07-11T23:43:36.710+0000] {logging_mixin.py:150} INFO - [2023-07-11T23:43:36.710+0000] {dag.py:3508} INFO - Setting next_dagrun for example_short_circuit_operator to 2023-07-10T23:43:36.710117+00:00, run_after=2023-07-11T23:43:36.710117+00:00
[2023-07-11T23:43:36.725+0000] {processor.py:179} INFO - Processing /home/airflow/.local/lib/python3.7/site-packages/airflow/example_dags/example_short_circuit_operator.py took 0.060 seconds
[2023-07-11T23:44:06.840+0000] {processor.py:157} INFO - Started process (PID=1232) to work on /home/airflow/.local/lib/python3.7/site-packages/airflow/example_dags/example_short_circuit_operator.py
[2023-07-11T23:44:06.841+0000] {processor.py:826} INFO - Processing file /home/airflow/.local/lib/python3.7/site-packages/airflow/example_dags/example_short_circuit_operator.py for tasks to queue
[2023-07-11T23:44:06.841+0000] {logging_mixin.py:150} INFO - [2023-07-11T23:44:06.841+0000] {dagbag.py:541} INFO - Filling up the DagBag from /home/airflow/.local/lib/python3.7/site-packages/airflow/example_dags/example_short_circuit_operator.py
[2023-07-11T23:44:06.846+0000] {processor.py:836} INFO - DAG(s) dict_keys(['example_short_circuit_operator']) retrieved from /home/airflow/.local/lib/python3.7/site-packages/airflow/example_dags/example_short_circuit_operator.py
[2023-07-11T23:44:06.865+0000] {logging_mixin.py:150} INFO - [2023-07-11T23:44:06.865+0000] {dag.py:2742} INFO - Sync 1 DAGs
[2023-07-11T23:44:06.884+0000] {logging_mixin.py:150} INFO - [2023-07-11T23:44:06.884+0000] {dag.py:3508} INFO - Setting next_dagrun for example_short_circuit_operator to 2023-07-10T23:44:06.884320+00:00, run_after=2023-07-11T23:44:06.884320+00:00
[2023-07-11T23:44:06.899+0000] {processor.py:179} INFO - Processing /home/airflow/.local/lib/python3.7/site-packages/airflow/example_dags/example_short_circuit_operator.py took 0.061 seconds
[2023-07-11T23:44:37.310+0000] {processor.py:157} INFO - Started process (PID=1302) to work on /home/airflow/.local/lib/python3.7/site-packages/airflow/example_dags/example_short_circuit_operator.py
[2023-07-11T23:44:37.311+0000] {processor.py:826} INFO - Processing file /home/airflow/.local/lib/python3.7/site-packages/airflow/example_dags/example_short_circuit_operator.py for tasks to queue
[2023-07-11T23:44:37.312+0000] {logging_mixin.py:150} INFO - [2023-07-11T23:44:37.311+0000] {dagbag.py:541} INFO - Filling up the DagBag from /home/airflow/.local/lib/python3.7/site-packages/airflow/example_dags/example_short_circuit_operator.py
[2023-07-11T23:44:37.317+0000] {processor.py:836} INFO - DAG(s) dict_keys(['example_short_circuit_operator']) retrieved from /home/airflow/.local/lib/python3.7/site-packages/airflow/example_dags/example_short_circuit_operator.py
[2023-07-11T23:44:37.333+0000] {logging_mixin.py:150} INFO - [2023-07-11T23:44:37.333+0000] {dag.py:2742} INFO - Sync 1 DAGs
[2023-07-11T23:44:37.350+0000] {logging_mixin.py:150} INFO - [2023-07-11T23:44:37.350+0000] {dag.py:3508} INFO - Setting next_dagrun for example_short_circuit_operator to 2023-07-10T23:44:37.350283+00:00, run_after=2023-07-11T23:44:37.350283+00:00
[2023-07-11T23:44:37.363+0000] {processor.py:179} INFO - Processing /home/airflow/.local/lib/python3.7/site-packages/airflow/example_dags/example_short_circuit_operator.py took 0.055 seconds
[2023-07-11T23:45:07.667+0000] {processor.py:157} INFO - Started process (PID=1372) to work on /home/airflow/.local/lib/python3.7/site-packages/airflow/example_dags/example_short_circuit_operator.py
[2023-07-11T23:45:07.667+0000] {processor.py:826} INFO - Processing file /home/airflow/.local/lib/python3.7/site-packages/airflow/example_dags/example_short_circuit_operator.py for tasks to queue
[2023-07-11T23:45:07.668+0000] {logging_mixin.py:150} INFO - [2023-07-11T23:45:07.667+0000] {dagbag.py:541} INFO - Filling up the DagBag from /home/airflow/.local/lib/python3.7/site-packages/airflow/example_dags/example_short_circuit_operator.py
[2023-07-11T23:45:07.672+0000] {processor.py:836} INFO - DAG(s) dict_keys(['example_short_circuit_operator']) retrieved from /home/airflow/.local/lib/python3.7/site-packages/airflow/example_dags/example_short_circuit_operator.py
[2023-07-11T23:45:07.691+0000] {logging_mixin.py:150} INFO - [2023-07-11T23:45:07.691+0000] {dag.py:2742} INFO - Sync 1 DAGs
[2023-07-11T23:45:07.710+0000] {logging_mixin.py:150} INFO - [2023-07-11T23:45:07.710+0000] {dag.py:3508} INFO - Setting next_dagrun for example_short_circuit_operator to 2023-07-10T23:45:07.710057+00:00, run_after=2023-07-11T23:45:07.710057+00:00
[2023-07-11T23:45:07.724+0000] {processor.py:179} INFO - Processing /home/airflow/.local/lib/python3.7/site-packages/airflow/example_dags/example_short_circuit_operator.py took 0.059 seconds
[2023-07-11T23:45:37.777+0000] {processor.py:157} INFO - Started process (PID=1442) to work on /home/airflow/.local/lib/python3.7/site-packages/airflow/example_dags/example_short_circuit_operator.py
[2023-07-11T23:45:37.777+0000] {processor.py:826} INFO - Processing file /home/airflow/.local/lib/python3.7/site-packages/airflow/example_dags/example_short_circuit_operator.py for tasks to queue
[2023-07-11T23:45:37.778+0000] {logging_mixin.py:150} INFO - [2023-07-11T23:45:37.778+0000] {dagbag.py:541} INFO - Filling up the DagBag from /home/airflow/.local/lib/python3.7/site-packages/airflow/example_dags/example_short_circuit_operator.py
[2023-07-11T23:45:37.783+0000] {processor.py:836} INFO - DAG(s) dict_keys(['example_short_circuit_operator']) retrieved from /home/airflow/.local/lib/python3.7/site-packages/airflow/example_dags/example_short_circuit_operator.py
[2023-07-11T23:45:37.801+0000] {logging_mixin.py:150} INFO - [2023-07-11T23:45:37.800+0000] {dag.py:2742} INFO - Sync 1 DAGs
[2023-07-11T23:45:37.825+0000] {logging_mixin.py:150} INFO - [2023-07-11T23:45:37.824+0000] {dag.py:3508} INFO - Setting next_dagrun for example_short_circuit_operator to 2023-07-10T23:45:37.824828+00:00, run_after=2023-07-11T23:45:37.824828+00:00
[2023-07-11T23:45:37.838+0000] {processor.py:179} INFO - Processing /home/airflow/.local/lib/python3.7/site-packages/airflow/example_dags/example_short_circuit_operator.py took 0.063 seconds
[2023-07-11T23:46:07.952+0000] {processor.py:157} INFO - Started process (PID=1512) to work on /home/airflow/.local/lib/python3.7/site-packages/airflow/example_dags/example_short_circuit_operator.py
[2023-07-11T23:46:07.953+0000] {processor.py:826} INFO - Processing file /home/airflow/.local/lib/python3.7/site-packages/airflow/example_dags/example_short_circuit_operator.py for tasks to queue
[2023-07-11T23:46:07.953+0000] {logging_mixin.py:150} INFO - [2023-07-11T23:46:07.953+0000] {dagbag.py:541} INFO - Filling up the DagBag from /home/airflow/.local/lib/python3.7/site-packages/airflow/example_dags/example_short_circuit_operator.py
[2023-07-11T23:46:07.958+0000] {processor.py:836} INFO - DAG(s) dict_keys(['example_short_circuit_operator']) retrieved from /home/airflow/.local/lib/python3.7/site-packages/airflow/example_dags/example_short_circuit_operator.py
[2023-07-11T23:46:07.973+0000] {logging_mixin.py:150} INFO - [2023-07-11T23:46:07.973+0000] {dag.py:2742} INFO - Sync 1 DAGs
[2023-07-11T23:46:07.991+0000] {logging_mixin.py:150} INFO - [2023-07-11T23:46:07.991+0000] {dag.py:3508} INFO - Setting next_dagrun for example_short_circuit_operator to 2023-07-10T23:46:07.990916+00:00, run_after=2023-07-11T23:46:07.990916+00:00
[2023-07-11T23:46:08.004+0000] {processor.py:179} INFO - Processing /home/airflow/.local/lib/python3.7/site-packages/airflow/example_dags/example_short_circuit_operator.py took 0.054 seconds
[2023-07-11T23:46:38.044+0000] {processor.py:157} INFO - Started process (PID=1582) to work on /home/airflow/.local/lib/python3.7/site-packages/airflow/example_dags/example_short_circuit_operator.py
[2023-07-11T23:46:38.045+0000] {processor.py:826} INFO - Processing file /home/airflow/.local/lib/python3.7/site-packages/airflow/example_dags/example_short_circuit_operator.py for tasks to queue
[2023-07-11T23:46:38.045+0000] {logging_mixin.py:150} INFO - [2023-07-11T23:46:38.045+0000] {dagbag.py:541} INFO - Filling up the DagBag from /home/airflow/.local/lib/python3.7/site-packages/airflow/example_dags/example_short_circuit_operator.py
[2023-07-11T23:46:38.051+0000] {processor.py:836} INFO - DAG(s) dict_keys(['example_short_circuit_operator']) retrieved from /home/airflow/.local/lib/python3.7/site-packages/airflow/example_dags/example_short_circuit_operator.py
[2023-07-11T23:46:38.067+0000] {logging_mixin.py:150} INFO - [2023-07-11T23:46:38.067+0000] {dag.py:2742} INFO - Sync 1 DAGs
[2023-07-11T23:46:38.085+0000] {logging_mixin.py:150} INFO - [2023-07-11T23:46:38.085+0000] {dag.py:3508} INFO - Setting next_dagrun for example_short_circuit_operator to 2023-07-10T23:46:38.085382+00:00, run_after=2023-07-11T23:46:38.085382+00:00
[2023-07-11T23:46:38.098+0000] {processor.py:179} INFO - Processing /home/airflow/.local/lib/python3.7/site-packages/airflow/example_dags/example_short_circuit_operator.py took 0.056 seconds
[2023-07-11T23:47:08.398+0000] {processor.py:157} INFO - Started process (PID=1652) to work on /home/airflow/.local/lib/python3.7/site-packages/airflow/example_dags/example_short_circuit_operator.py
[2023-07-11T23:47:08.398+0000] {processor.py:826} INFO - Processing file /home/airflow/.local/lib/python3.7/site-packages/airflow/example_dags/example_short_circuit_operator.py for tasks to queue
[2023-07-11T23:47:08.399+0000] {logging_mixin.py:150} INFO - [2023-07-11T23:47:08.399+0000] {dagbag.py:541} INFO - Filling up the DagBag from /home/airflow/.local/lib/python3.7/site-packages/airflow/example_dags/example_short_circuit_operator.py
[2023-07-11T23:47:08.404+0000] {processor.py:836} INFO - DAG(s) dict_keys(['example_short_circuit_operator']) retrieved from /home/airflow/.local/lib/python3.7/site-packages/airflow/example_dags/example_short_circuit_operator.py
[2023-07-11T23:47:08.421+0000] {logging_mixin.py:150} INFO - [2023-07-11T23:47:08.420+0000] {dag.py:2742} INFO - Sync 1 DAGs
[2023-07-11T23:47:08.440+0000] {logging_mixin.py:150} INFO - [2023-07-11T23:47:08.439+0000] {dag.py:3508} INFO - Setting next_dagrun for example_short_circuit_operator to 2023-07-10T23:47:08.439820+00:00, run_after=2023-07-11T23:47:08.439820+00:00
[2023-07-11T23:47:08.455+0000] {processor.py:179} INFO - Processing /home/airflow/.local/lib/python3.7/site-packages/airflow/example_dags/example_short_circuit_operator.py took 0.059 seconds
