[2023-07-11T23:35:32.201+0000] {processor.py:157} INFO - Started process (PID=52) to work on /home/airflow/.local/lib/python3.7/site-packages/airflow/example_dags/example_local_kubernetes_executor.py
[2023-07-11T23:35:32.201+0000] {processor.py:826} INFO - Processing file /home/airflow/.local/lib/python3.7/site-packages/airflow/example_dags/example_local_kubernetes_executor.py for tasks to queue
[2023-07-11T23:35:32.202+0000] {logging_mixin.py:150} INFO - [2023-07-11T23:35:32.201+0000] {dagbag.py:541} INFO - Filling up the DagBag from /home/airflow/.local/lib/python3.7/site-packages/airflow/example_dags/example_local_kubernetes_executor.py
[2023-07-11T23:35:33.039+0000] {processor.py:836} INFO - DAG(s) dict_keys(['example_local_kubernetes_executor']) retrieved from /home/airflow/.local/lib/python3.7/site-packages/airflow/example_dags/example_local_kubernetes_executor.py
[2023-07-11T23:35:33.049+0000] {logging_mixin.py:150} INFO - [2023-07-11T23:35:33.048+0000] {dag.py:2742} INFO - Sync 1 DAGs
[2023-07-11T23:35:33.071+0000] {logging_mixin.py:150} INFO - [2023-07-11T23:35:33.071+0000] {dag.py:3508} INFO - Setting next_dagrun for example_local_kubernetes_executor to None, run_after=None
[2023-07-11T23:35:33.087+0000] {processor.py:179} INFO - Processing /home/airflow/.local/lib/python3.7/site-packages/airflow/example_dags/example_local_kubernetes_executor.py took 0.889 seconds
[2023-07-11T23:36:04.009+0000] {processor.py:157} INFO - Started process (PID=127) to work on /home/airflow/.local/lib/python3.7/site-packages/airflow/example_dags/example_local_kubernetes_executor.py
[2023-07-11T23:36:04.010+0000] {processor.py:826} INFO - Processing file /home/airflow/.local/lib/python3.7/site-packages/airflow/example_dags/example_local_kubernetes_executor.py for tasks to queue
[2023-07-11T23:36:04.011+0000] {logging_mixin.py:150} INFO - [2023-07-11T23:36:04.011+0000] {dagbag.py:541} INFO - Filling up the DagBag from /home/airflow/.local/lib/python3.7/site-packages/airflow/example_dags/example_local_kubernetes_executor.py
[2023-07-11T23:36:04.167+0000] {processor.py:836} INFO - DAG(s) dict_keys(['example_local_kubernetes_executor']) retrieved from /home/airflow/.local/lib/python3.7/site-packages/airflow/example_dags/example_local_kubernetes_executor.py
[2023-07-11T23:36:04.196+0000] {logging_mixin.py:150} INFO - [2023-07-11T23:36:04.196+0000] {dag.py:2742} INFO - Sync 1 DAGs
[2023-07-11T23:36:04.215+0000] {logging_mixin.py:150} INFO - [2023-07-11T23:36:04.214+0000] {dag.py:3508} INFO - Setting next_dagrun for example_local_kubernetes_executor to None, run_after=None
[2023-07-11T23:36:04.227+0000] {processor.py:179} INFO - Processing /home/airflow/.local/lib/python3.7/site-packages/airflow/example_dags/example_local_kubernetes_executor.py took 0.220 seconds
[2023-07-11T23:36:35.079+0000] {processor.py:157} INFO - Started process (PID=197) to work on /home/airflow/.local/lib/python3.7/site-packages/airflow/example_dags/example_local_kubernetes_executor.py
[2023-07-11T23:36:35.080+0000] {processor.py:826} INFO - Processing file /home/airflow/.local/lib/python3.7/site-packages/airflow/example_dags/example_local_kubernetes_executor.py for tasks to queue
[2023-07-11T23:36:35.080+0000] {logging_mixin.py:150} INFO - [2023-07-11T23:36:35.080+0000] {dagbag.py:541} INFO - Filling up the DagBag from /home/airflow/.local/lib/python3.7/site-packages/airflow/example_dags/example_local_kubernetes_executor.py
[2023-07-11T23:36:35.299+0000] {processor.py:836} INFO - DAG(s) dict_keys(['example_local_kubernetes_executor']) retrieved from /home/airflow/.local/lib/python3.7/site-packages/airflow/example_dags/example_local_kubernetes_executor.py
[2023-07-11T23:36:35.328+0000] {logging_mixin.py:150} INFO - [2023-07-11T23:36:35.328+0000] {dag.py:2742} INFO - Sync 1 DAGs
[2023-07-11T23:36:35.348+0000] {logging_mixin.py:150} INFO - [2023-07-11T23:36:35.348+0000] {dag.py:3508} INFO - Setting next_dagrun for example_local_kubernetes_executor to None, run_after=None
[2023-07-11T23:36:35.365+0000] {processor.py:179} INFO - Processing /home/airflow/.local/lib/python3.7/site-packages/airflow/example_dags/example_local_kubernetes_executor.py took 0.288 seconds
[2023-07-11T23:37:06.345+0000] {processor.py:157} INFO - Started process (PID=267) to work on /home/airflow/.local/lib/python3.7/site-packages/airflow/example_dags/example_local_kubernetes_executor.py
[2023-07-11T23:37:06.346+0000] {processor.py:826} INFO - Processing file /home/airflow/.local/lib/python3.7/site-packages/airflow/example_dags/example_local_kubernetes_executor.py for tasks to queue
[2023-07-11T23:37:06.347+0000] {logging_mixin.py:150} INFO - [2023-07-11T23:37:06.346+0000] {dagbag.py:541} INFO - Filling up the DagBag from /home/airflow/.local/lib/python3.7/site-packages/airflow/example_dags/example_local_kubernetes_executor.py
[2023-07-11T23:37:06.498+0000] {processor.py:836} INFO - DAG(s) dict_keys(['example_local_kubernetes_executor']) retrieved from /home/airflow/.local/lib/python3.7/site-packages/airflow/example_dags/example_local_kubernetes_executor.py
[2023-07-11T23:37:06.528+0000] {logging_mixin.py:150} INFO - [2023-07-11T23:37:06.528+0000] {dag.py:2742} INFO - Sync 1 DAGs
[2023-07-11T23:37:06.546+0000] {logging_mixin.py:150} INFO - [2023-07-11T23:37:06.546+0000] {dag.py:3508} INFO - Setting next_dagrun for example_local_kubernetes_executor to None, run_after=None
[2023-07-11T23:37:06.560+0000] {processor.py:179} INFO - Processing /home/airflow/.local/lib/python3.7/site-packages/airflow/example_dags/example_local_kubernetes_executor.py took 0.217 seconds
[2023-07-11T23:37:37.467+0000] {processor.py:157} INFO - Started process (PID=337) to work on /home/airflow/.local/lib/python3.7/site-packages/airflow/example_dags/example_local_kubernetes_executor.py
[2023-07-11T23:37:37.467+0000] {processor.py:826} INFO - Processing file /home/airflow/.local/lib/python3.7/site-packages/airflow/example_dags/example_local_kubernetes_executor.py for tasks to queue
[2023-07-11T23:37:37.467+0000] {logging_mixin.py:150} INFO - [2023-07-11T23:37:37.467+0000] {dagbag.py:541} INFO - Filling up the DagBag from /home/airflow/.local/lib/python3.7/site-packages/airflow/example_dags/example_local_kubernetes_executor.py
[2023-07-11T23:37:37.677+0000] {processor.py:836} INFO - DAG(s) dict_keys(['example_local_kubernetes_executor']) retrieved from /home/airflow/.local/lib/python3.7/site-packages/airflow/example_dags/example_local_kubernetes_executor.py
[2023-07-11T23:37:37.713+0000] {logging_mixin.py:150} INFO - [2023-07-11T23:37:37.713+0000] {dag.py:2742} INFO - Sync 1 DAGs
[2023-07-11T23:37:37.731+0000] {logging_mixin.py:150} INFO - [2023-07-11T23:37:37.731+0000] {dag.py:3508} INFO - Setting next_dagrun for example_local_kubernetes_executor to None, run_after=None
[2023-07-11T23:37:37.746+0000] {processor.py:179} INFO - Processing /home/airflow/.local/lib/python3.7/site-packages/airflow/example_dags/example_local_kubernetes_executor.py took 0.282 seconds
[2023-07-11T23:38:08.575+0000] {processor.py:157} INFO - Started process (PID=407) to work on /home/airflow/.local/lib/python3.7/site-packages/airflow/example_dags/example_local_kubernetes_executor.py
[2023-07-11T23:38:08.576+0000] {processor.py:826} INFO - Processing file /home/airflow/.local/lib/python3.7/site-packages/airflow/example_dags/example_local_kubernetes_executor.py for tasks to queue
[2023-07-11T23:38:08.577+0000] {logging_mixin.py:150} INFO - [2023-07-11T23:38:08.576+0000] {dagbag.py:541} INFO - Filling up the DagBag from /home/airflow/.local/lib/python3.7/site-packages/airflow/example_dags/example_local_kubernetes_executor.py
[2023-07-11T23:38:08.816+0000] {processor.py:836} INFO - DAG(s) dict_keys(['example_local_kubernetes_executor']) retrieved from /home/airflow/.local/lib/python3.7/site-packages/airflow/example_dags/example_local_kubernetes_executor.py
[2023-07-11T23:38:08.851+0000] {logging_mixin.py:150} INFO - [2023-07-11T23:38:08.850+0000] {dag.py:2742} INFO - Sync 1 DAGs
[2023-07-11T23:38:08.873+0000] {logging_mixin.py:150} INFO - [2023-07-11T23:38:08.873+0000] {dag.py:3508} INFO - Setting next_dagrun for example_local_kubernetes_executor to None, run_after=None
[2023-07-11T23:38:08.887+0000] {processor.py:179} INFO - Processing /home/airflow/.local/lib/python3.7/site-packages/airflow/example_dags/example_local_kubernetes_executor.py took 0.314 seconds
[2023-07-11T23:38:39.132+0000] {processor.py:157} INFO - Started process (PID=477) to work on /home/airflow/.local/lib/python3.7/site-packages/airflow/example_dags/example_local_kubernetes_executor.py
[2023-07-11T23:38:39.132+0000] {processor.py:826} INFO - Processing file /home/airflow/.local/lib/python3.7/site-packages/airflow/example_dags/example_local_kubernetes_executor.py for tasks to queue
[2023-07-11T23:38:39.133+0000] {logging_mixin.py:150} INFO - [2023-07-11T23:38:39.133+0000] {dagbag.py:541} INFO - Filling up the DagBag from /home/airflow/.local/lib/python3.7/site-packages/airflow/example_dags/example_local_kubernetes_executor.py
[2023-07-11T23:38:39.329+0000] {processor.py:836} INFO - DAG(s) dict_keys(['example_local_kubernetes_executor']) retrieved from /home/airflow/.local/lib/python3.7/site-packages/airflow/example_dags/example_local_kubernetes_executor.py
[2023-07-11T23:38:39.354+0000] {logging_mixin.py:150} INFO - [2023-07-11T23:38:39.354+0000] {dag.py:2742} INFO - Sync 1 DAGs
[2023-07-11T23:38:39.371+0000] {logging_mixin.py:150} INFO - [2023-07-11T23:38:39.371+0000] {dag.py:3508} INFO - Setting next_dagrun for example_local_kubernetes_executor to None, run_after=None
[2023-07-11T23:38:39.383+0000] {processor.py:179} INFO - Processing /home/airflow/.local/lib/python3.7/site-packages/airflow/example_dags/example_local_kubernetes_executor.py took 0.253 seconds
[2023-07-11T23:39:09.462+0000] {processor.py:157} INFO - Started process (PID=547) to work on /home/airflow/.local/lib/python3.7/site-packages/airflow/example_dags/example_local_kubernetes_executor.py
[2023-07-11T23:39:09.463+0000] {processor.py:826} INFO - Processing file /home/airflow/.local/lib/python3.7/site-packages/airflow/example_dags/example_local_kubernetes_executor.py for tasks to queue
[2023-07-11T23:39:09.464+0000] {logging_mixin.py:150} INFO - [2023-07-11T23:39:09.464+0000] {dagbag.py:541} INFO - Filling up the DagBag from /home/airflow/.local/lib/python3.7/site-packages/airflow/example_dags/example_local_kubernetes_executor.py
[2023-07-11T23:39:09.627+0000] {processor.py:836} INFO - DAG(s) dict_keys(['example_local_kubernetes_executor']) retrieved from /home/airflow/.local/lib/python3.7/site-packages/airflow/example_dags/example_local_kubernetes_executor.py
[2023-07-11T23:39:09.658+0000] {logging_mixin.py:150} INFO - [2023-07-11T23:39:09.658+0000] {dag.py:2742} INFO - Sync 1 DAGs
[2023-07-11T23:39:09.681+0000] {logging_mixin.py:150} INFO - [2023-07-11T23:39:09.681+0000] {dag.py:3508} INFO - Setting next_dagrun for example_local_kubernetes_executor to None, run_after=None
[2023-07-11T23:39:09.695+0000] {processor.py:179} INFO - Processing /home/airflow/.local/lib/python3.7/site-packages/airflow/example_dags/example_local_kubernetes_executor.py took 0.235 seconds
[2023-07-11T23:39:40.511+0000] {processor.py:157} INFO - Started process (PID=617) to work on /home/airflow/.local/lib/python3.7/site-packages/airflow/example_dags/example_local_kubernetes_executor.py
[2023-07-11T23:39:40.512+0000] {processor.py:826} INFO - Processing file /home/airflow/.local/lib/python3.7/site-packages/airflow/example_dags/example_local_kubernetes_executor.py for tasks to queue
[2023-07-11T23:39:40.512+0000] {logging_mixin.py:150} INFO - [2023-07-11T23:39:40.512+0000] {dagbag.py:541} INFO - Filling up the DagBag from /home/airflow/.local/lib/python3.7/site-packages/airflow/example_dags/example_local_kubernetes_executor.py
[2023-07-11T23:39:40.710+0000] {processor.py:836} INFO - DAG(s) dict_keys(['example_local_kubernetes_executor']) retrieved from /home/airflow/.local/lib/python3.7/site-packages/airflow/example_dags/example_local_kubernetes_executor.py
[2023-07-11T23:39:40.735+0000] {logging_mixin.py:150} INFO - [2023-07-11T23:39:40.735+0000] {dag.py:2742} INFO - Sync 1 DAGs
[2023-07-11T23:39:40.752+0000] {logging_mixin.py:150} INFO - [2023-07-11T23:39:40.752+0000] {dag.py:3508} INFO - Setting next_dagrun for example_local_kubernetes_executor to None, run_after=None
[2023-07-11T23:39:40.766+0000] {processor.py:179} INFO - Processing /home/airflow/.local/lib/python3.7/site-packages/airflow/example_dags/example_local_kubernetes_executor.py took 0.258 seconds
[2023-07-11T23:40:10.818+0000] {processor.py:157} INFO - Started process (PID=687) to work on /home/airflow/.local/lib/python3.7/site-packages/airflow/example_dags/example_local_kubernetes_executor.py
[2023-07-11T23:40:10.819+0000] {processor.py:826} INFO - Processing file /home/airflow/.local/lib/python3.7/site-packages/airflow/example_dags/example_local_kubernetes_executor.py for tasks to queue
[2023-07-11T23:40:10.820+0000] {logging_mixin.py:150} INFO - [2023-07-11T23:40:10.819+0000] {dagbag.py:541} INFO - Filling up the DagBag from /home/airflow/.local/lib/python3.7/site-packages/airflow/example_dags/example_local_kubernetes_executor.py
[2023-07-11T23:40:10.968+0000] {processor.py:836} INFO - DAG(s) dict_keys(['example_local_kubernetes_executor']) retrieved from /home/airflow/.local/lib/python3.7/site-packages/airflow/example_dags/example_local_kubernetes_executor.py
[2023-07-11T23:40:10.995+0000] {logging_mixin.py:150} INFO - [2023-07-11T23:40:10.995+0000] {dag.py:2742} INFO - Sync 1 DAGs
[2023-07-11T23:40:11.014+0000] {logging_mixin.py:150} INFO - [2023-07-11T23:40:11.014+0000] {dag.py:3508} INFO - Setting next_dagrun for example_local_kubernetes_executor to None, run_after=None
[2023-07-11T23:40:11.030+0000] {processor.py:179} INFO - Processing /home/airflow/.local/lib/python3.7/site-packages/airflow/example_dags/example_local_kubernetes_executor.py took 0.213 seconds
[2023-07-11T23:40:41.414+0000] {processor.py:157} INFO - Started process (PID=757) to work on /home/airflow/.local/lib/python3.7/site-packages/airflow/example_dags/example_local_kubernetes_executor.py
[2023-07-11T23:40:41.415+0000] {processor.py:826} INFO - Processing file /home/airflow/.local/lib/python3.7/site-packages/airflow/example_dags/example_local_kubernetes_executor.py for tasks to queue
[2023-07-11T23:40:41.415+0000] {logging_mixin.py:150} INFO - [2023-07-11T23:40:41.415+0000] {dagbag.py:541} INFO - Filling up the DagBag from /home/airflow/.local/lib/python3.7/site-packages/airflow/example_dags/example_local_kubernetes_executor.py
[2023-07-11T23:40:41.605+0000] {processor.py:836} INFO - DAG(s) dict_keys(['example_local_kubernetes_executor']) retrieved from /home/airflow/.local/lib/python3.7/site-packages/airflow/example_dags/example_local_kubernetes_executor.py
[2023-07-11T23:40:41.629+0000] {logging_mixin.py:150} INFO - [2023-07-11T23:40:41.629+0000] {dag.py:2742} INFO - Sync 1 DAGs
[2023-07-11T23:40:41.647+0000] {logging_mixin.py:150} INFO - [2023-07-11T23:40:41.647+0000] {dag.py:3508} INFO - Setting next_dagrun for example_local_kubernetes_executor to None, run_after=None
[2023-07-11T23:40:41.660+0000] {processor.py:179} INFO - Processing /home/airflow/.local/lib/python3.7/site-packages/airflow/example_dags/example_local_kubernetes_executor.py took 0.248 seconds
[2023-07-11T23:41:11.726+0000] {processor.py:157} INFO - Started process (PID=827) to work on /home/airflow/.local/lib/python3.7/site-packages/airflow/example_dags/example_local_kubernetes_executor.py
[2023-07-11T23:41:11.726+0000] {processor.py:826} INFO - Processing file /home/airflow/.local/lib/python3.7/site-packages/airflow/example_dags/example_local_kubernetes_executor.py for tasks to queue
[2023-07-11T23:41:11.727+0000] {logging_mixin.py:150} INFO - [2023-07-11T23:41:11.727+0000] {dagbag.py:541} INFO - Filling up the DagBag from /home/airflow/.local/lib/python3.7/site-packages/airflow/example_dags/example_local_kubernetes_executor.py
[2023-07-11T23:41:11.943+0000] {processor.py:836} INFO - DAG(s) dict_keys(['example_local_kubernetes_executor']) retrieved from /home/airflow/.local/lib/python3.7/site-packages/airflow/example_dags/example_local_kubernetes_executor.py
[2023-07-11T23:41:11.968+0000] {logging_mixin.py:150} INFO - [2023-07-11T23:41:11.968+0000] {dag.py:2742} INFO - Sync 1 DAGs
[2023-07-11T23:41:11.987+0000] {logging_mixin.py:150} INFO - [2023-07-11T23:41:11.986+0000] {dag.py:3508} INFO - Setting next_dagrun for example_local_kubernetes_executor to None, run_after=None
[2023-07-11T23:41:11.999+0000] {processor.py:179} INFO - Processing /home/airflow/.local/lib/python3.7/site-packages/airflow/example_dags/example_local_kubernetes_executor.py took 0.276 seconds
[2023-07-11T23:41:42.912+0000] {processor.py:157} INFO - Started process (PID=897) to work on /home/airflow/.local/lib/python3.7/site-packages/airflow/example_dags/example_local_kubernetes_executor.py
[2023-07-11T23:41:42.913+0000] {processor.py:826} INFO - Processing file /home/airflow/.local/lib/python3.7/site-packages/airflow/example_dags/example_local_kubernetes_executor.py for tasks to queue
[2023-07-11T23:41:42.913+0000] {logging_mixin.py:150} INFO - [2023-07-11T23:41:42.913+0000] {dagbag.py:541} INFO - Filling up the DagBag from /home/airflow/.local/lib/python3.7/site-packages/airflow/example_dags/example_local_kubernetes_executor.py
[2023-07-11T23:41:43.104+0000] {processor.py:836} INFO - DAG(s) dict_keys(['example_local_kubernetes_executor']) retrieved from /home/airflow/.local/lib/python3.7/site-packages/airflow/example_dags/example_local_kubernetes_executor.py
[2023-07-11T23:41:43.130+0000] {logging_mixin.py:150} INFO - [2023-07-11T23:41:43.129+0000] {dag.py:2742} INFO - Sync 1 DAGs
[2023-07-11T23:41:43.146+0000] {logging_mixin.py:150} INFO - [2023-07-11T23:41:43.146+0000] {dag.py:3508} INFO - Setting next_dagrun for example_local_kubernetes_executor to None, run_after=None
[2023-07-11T23:41:43.158+0000] {processor.py:179} INFO - Processing /home/airflow/.local/lib/python3.7/site-packages/airflow/example_dags/example_local_kubernetes_executor.py took 0.248 seconds
[2023-07-11T23:42:14.095+0000] {processor.py:157} INFO - Started process (PID=967) to work on /home/airflow/.local/lib/python3.7/site-packages/airflow/example_dags/example_local_kubernetes_executor.py
[2023-07-11T23:42:14.095+0000] {processor.py:826} INFO - Processing file /home/airflow/.local/lib/python3.7/site-packages/airflow/example_dags/example_local_kubernetes_executor.py for tasks to queue
[2023-07-11T23:42:14.096+0000] {logging_mixin.py:150} INFO - [2023-07-11T23:42:14.096+0000] {dagbag.py:541} INFO - Filling up the DagBag from /home/airflow/.local/lib/python3.7/site-packages/airflow/example_dags/example_local_kubernetes_executor.py
[2023-07-11T23:42:14.348+0000] {processor.py:836} INFO - DAG(s) dict_keys(['example_local_kubernetes_executor']) retrieved from /home/airflow/.local/lib/python3.7/site-packages/airflow/example_dags/example_local_kubernetes_executor.py
[2023-07-11T23:42:14.388+0000] {logging_mixin.py:150} INFO - [2023-07-11T23:42:14.388+0000] {dag.py:2742} INFO - Sync 1 DAGs
[2023-07-11T23:42:14.408+0000] {logging_mixin.py:150} INFO - [2023-07-11T23:42:14.407+0000] {dag.py:3508} INFO - Setting next_dagrun for example_local_kubernetes_executor to None, run_after=None
[2023-07-11T23:42:14.424+0000] {processor.py:179} INFO - Processing /home/airflow/.local/lib/python3.7/site-packages/airflow/example_dags/example_local_kubernetes_executor.py took 0.332 seconds
[2023-07-11T23:42:44.481+0000] {processor.py:157} INFO - Started process (PID=1038) to work on /home/airflow/.local/lib/python3.7/site-packages/airflow/example_dags/example_local_kubernetes_executor.py
[2023-07-11T23:42:44.481+0000] {processor.py:826} INFO - Processing file /home/airflow/.local/lib/python3.7/site-packages/airflow/example_dags/example_local_kubernetes_executor.py for tasks to queue
[2023-07-11T23:42:44.482+0000] {logging_mixin.py:150} INFO - [2023-07-11T23:42:44.482+0000] {dagbag.py:541} INFO - Filling up the DagBag from /home/airflow/.local/lib/python3.7/site-packages/airflow/example_dags/example_local_kubernetes_executor.py
[2023-07-11T23:42:44.612+0000] {processor.py:836} INFO - DAG(s) dict_keys(['example_local_kubernetes_executor']) retrieved from /home/airflow/.local/lib/python3.7/site-packages/airflow/example_dags/example_local_kubernetes_executor.py
[2023-07-11T23:42:44.635+0000] {logging_mixin.py:150} INFO - [2023-07-11T23:42:44.635+0000] {dag.py:2742} INFO - Sync 1 DAGs
[2023-07-11T23:42:44.653+0000] {logging_mixin.py:150} INFO - [2023-07-11T23:42:44.652+0000] {dag.py:3508} INFO - Setting next_dagrun for example_local_kubernetes_executor to None, run_after=None
[2023-07-11T23:42:44.665+0000] {processor.py:179} INFO - Processing /home/airflow/.local/lib/python3.7/site-packages/airflow/example_dags/example_local_kubernetes_executor.py took 0.185 seconds
[2023-07-11T23:43:15.461+0000] {processor.py:157} INFO - Started process (PID=1107) to work on /home/airflow/.local/lib/python3.7/site-packages/airflow/example_dags/example_local_kubernetes_executor.py
[2023-07-11T23:43:15.461+0000] {processor.py:826} INFO - Processing file /home/airflow/.local/lib/python3.7/site-packages/airflow/example_dags/example_local_kubernetes_executor.py for tasks to queue
[2023-07-11T23:43:15.462+0000] {logging_mixin.py:150} INFO - [2023-07-11T23:43:15.462+0000] {dagbag.py:541} INFO - Filling up the DagBag from /home/airflow/.local/lib/python3.7/site-packages/airflow/example_dags/example_local_kubernetes_executor.py
[2023-07-11T23:43:15.593+0000] {processor.py:836} INFO - DAG(s) dict_keys(['example_local_kubernetes_executor']) retrieved from /home/airflow/.local/lib/python3.7/site-packages/airflow/example_dags/example_local_kubernetes_executor.py
[2023-07-11T23:43:15.616+0000] {logging_mixin.py:150} INFO - [2023-07-11T23:43:15.616+0000] {dag.py:2742} INFO - Sync 1 DAGs
[2023-07-11T23:43:15.632+0000] {logging_mixin.py:150} INFO - [2023-07-11T23:43:15.632+0000] {dag.py:3508} INFO - Setting next_dagrun for example_local_kubernetes_executor to None, run_after=None
[2023-07-11T23:43:15.643+0000] {processor.py:179} INFO - Processing /home/airflow/.local/lib/python3.7/site-packages/airflow/example_dags/example_local_kubernetes_executor.py took 0.184 seconds
[2023-07-11T23:43:46.276+0000] {processor.py:157} INFO - Started process (PID=1177) to work on /home/airflow/.local/lib/python3.7/site-packages/airflow/example_dags/example_local_kubernetes_executor.py
[2023-07-11T23:43:46.279+0000] {processor.py:826} INFO - Processing file /home/airflow/.local/lib/python3.7/site-packages/airflow/example_dags/example_local_kubernetes_executor.py for tasks to queue
[2023-07-11T23:43:46.279+0000] {logging_mixin.py:150} INFO - [2023-07-11T23:43:46.279+0000] {dagbag.py:541} INFO - Filling up the DagBag from /home/airflow/.local/lib/python3.7/site-packages/airflow/example_dags/example_local_kubernetes_executor.py
[2023-07-11T23:43:46.410+0000] {processor.py:836} INFO - DAG(s) dict_keys(['example_local_kubernetes_executor']) retrieved from /home/airflow/.local/lib/python3.7/site-packages/airflow/example_dags/example_local_kubernetes_executor.py
[2023-07-11T23:43:46.432+0000] {logging_mixin.py:150} INFO - [2023-07-11T23:43:46.432+0000] {dag.py:2742} INFO - Sync 1 DAGs
[2023-07-11T23:43:46.448+0000] {logging_mixin.py:150} INFO - [2023-07-11T23:43:46.448+0000] {dag.py:3508} INFO - Setting next_dagrun for example_local_kubernetes_executor to None, run_after=None
[2023-07-11T23:43:46.461+0000] {processor.py:179} INFO - Processing /home/airflow/.local/lib/python3.7/site-packages/airflow/example_dags/example_local_kubernetes_executor.py took 0.187 seconds
[2023-07-11T23:44:16.499+0000] {processor.py:157} INFO - Started process (PID=1247) to work on /home/airflow/.local/lib/python3.7/site-packages/airflow/example_dags/example_local_kubernetes_executor.py
[2023-07-11T23:44:16.500+0000] {processor.py:826} INFO - Processing file /home/airflow/.local/lib/python3.7/site-packages/airflow/example_dags/example_local_kubernetes_executor.py for tasks to queue
[2023-07-11T23:44:16.500+0000] {logging_mixin.py:150} INFO - [2023-07-11T23:44:16.500+0000] {dagbag.py:541} INFO - Filling up the DagBag from /home/airflow/.local/lib/python3.7/site-packages/airflow/example_dags/example_local_kubernetes_executor.py
[2023-07-11T23:44:16.696+0000] {processor.py:836} INFO - DAG(s) dict_keys(['example_local_kubernetes_executor']) retrieved from /home/airflow/.local/lib/python3.7/site-packages/airflow/example_dags/example_local_kubernetes_executor.py
[2023-07-11T23:44:16.723+0000] {logging_mixin.py:150} INFO - [2023-07-11T23:44:16.723+0000] {dag.py:2742} INFO - Sync 1 DAGs
[2023-07-11T23:44:16.741+0000] {logging_mixin.py:150} INFO - [2023-07-11T23:44:16.741+0000] {dag.py:3508} INFO - Setting next_dagrun for example_local_kubernetes_executor to None, run_after=None
[2023-07-11T23:44:16.753+0000] {processor.py:179} INFO - Processing /home/airflow/.local/lib/python3.7/site-packages/airflow/example_dags/example_local_kubernetes_executor.py took 0.255 seconds
[2023-07-11T23:44:46.901+0000] {processor.py:157} INFO - Started process (PID=1317) to work on /home/airflow/.local/lib/python3.7/site-packages/airflow/example_dags/example_local_kubernetes_executor.py
[2023-07-11T23:44:46.902+0000] {processor.py:826} INFO - Processing file /home/airflow/.local/lib/python3.7/site-packages/airflow/example_dags/example_local_kubernetes_executor.py for tasks to queue
[2023-07-11T23:44:46.902+0000] {logging_mixin.py:150} INFO - [2023-07-11T23:44:46.902+0000] {dagbag.py:541} INFO - Filling up the DagBag from /home/airflow/.local/lib/python3.7/site-packages/airflow/example_dags/example_local_kubernetes_executor.py
[2023-07-11T23:44:47.101+0000] {processor.py:836} INFO - DAG(s) dict_keys(['example_local_kubernetes_executor']) retrieved from /home/airflow/.local/lib/python3.7/site-packages/airflow/example_dags/example_local_kubernetes_executor.py
[2023-07-11T23:44:47.127+0000] {logging_mixin.py:150} INFO - [2023-07-11T23:44:47.127+0000] {dag.py:2742} INFO - Sync 1 DAGs
[2023-07-11T23:44:47.144+0000] {logging_mixin.py:150} INFO - [2023-07-11T23:44:47.143+0000] {dag.py:3508} INFO - Setting next_dagrun for example_local_kubernetes_executor to None, run_after=None
[2023-07-11T23:44:47.155+0000] {processor.py:179} INFO - Processing /home/airflow/.local/lib/python3.7/site-packages/airflow/example_dags/example_local_kubernetes_executor.py took 0.255 seconds
[2023-07-11T23:45:17.387+0000] {processor.py:157} INFO - Started process (PID=1387) to work on /home/airflow/.local/lib/python3.7/site-packages/airflow/example_dags/example_local_kubernetes_executor.py
[2023-07-11T23:45:17.387+0000] {processor.py:826} INFO - Processing file /home/airflow/.local/lib/python3.7/site-packages/airflow/example_dags/example_local_kubernetes_executor.py for tasks to queue
[2023-07-11T23:45:17.388+0000] {logging_mixin.py:150} INFO - [2023-07-11T23:45:17.388+0000] {dagbag.py:541} INFO - Filling up the DagBag from /home/airflow/.local/lib/python3.7/site-packages/airflow/example_dags/example_local_kubernetes_executor.py
[2023-07-11T23:45:17.589+0000] {processor.py:836} INFO - DAG(s) dict_keys(['example_local_kubernetes_executor']) retrieved from /home/airflow/.local/lib/python3.7/site-packages/airflow/example_dags/example_local_kubernetes_executor.py
[2023-07-11T23:45:17.615+0000] {logging_mixin.py:150} INFO - [2023-07-11T23:45:17.615+0000] {dag.py:2742} INFO - Sync 1 DAGs
[2023-07-11T23:45:17.632+0000] {logging_mixin.py:150} INFO - [2023-07-11T23:45:17.632+0000] {dag.py:3508} INFO - Setting next_dagrun for example_local_kubernetes_executor to None, run_after=None
[2023-07-11T23:45:17.643+0000] {processor.py:179} INFO - Processing /home/airflow/.local/lib/python3.7/site-packages/airflow/example_dags/example_local_kubernetes_executor.py took 0.258 seconds
[2023-07-11T23:45:48.291+0000] {processor.py:157} INFO - Started process (PID=1457) to work on /home/airflow/.local/lib/python3.7/site-packages/airflow/example_dags/example_local_kubernetes_executor.py
[2023-07-11T23:45:48.294+0000] {processor.py:826} INFO - Processing file /home/airflow/.local/lib/python3.7/site-packages/airflow/example_dags/example_local_kubernetes_executor.py for tasks to queue
[2023-07-11T23:45:48.294+0000] {logging_mixin.py:150} INFO - [2023-07-11T23:45:48.294+0000] {dagbag.py:541} INFO - Filling up the DagBag from /home/airflow/.local/lib/python3.7/site-packages/airflow/example_dags/example_local_kubernetes_executor.py
[2023-07-11T23:45:48.430+0000] {processor.py:836} INFO - DAG(s) dict_keys(['example_local_kubernetes_executor']) retrieved from /home/airflow/.local/lib/python3.7/site-packages/airflow/example_dags/example_local_kubernetes_executor.py
[2023-07-11T23:45:48.452+0000] {logging_mixin.py:150} INFO - [2023-07-11T23:45:48.452+0000] {dag.py:2742} INFO - Sync 1 DAGs
[2023-07-11T23:45:48.470+0000] {logging_mixin.py:150} INFO - [2023-07-11T23:45:48.470+0000] {dag.py:3508} INFO - Setting next_dagrun for example_local_kubernetes_executor to None, run_after=None
[2023-07-11T23:45:48.483+0000] {processor.py:179} INFO - Processing /home/airflow/.local/lib/python3.7/site-packages/airflow/example_dags/example_local_kubernetes_executor.py took 0.194 seconds
[2023-07-11T23:46:18.532+0000] {processor.py:157} INFO - Started process (PID=1527) to work on /home/airflow/.local/lib/python3.7/site-packages/airflow/example_dags/example_local_kubernetes_executor.py
[2023-07-11T23:46:18.533+0000] {processor.py:826} INFO - Processing file /home/airflow/.local/lib/python3.7/site-packages/airflow/example_dags/example_local_kubernetes_executor.py for tasks to queue
[2023-07-11T23:46:18.533+0000] {logging_mixin.py:150} INFO - [2023-07-11T23:46:18.533+0000] {dagbag.py:541} INFO - Filling up the DagBag from /home/airflow/.local/lib/python3.7/site-packages/airflow/example_dags/example_local_kubernetes_executor.py
[2023-07-11T23:46:18.727+0000] {processor.py:836} INFO - DAG(s) dict_keys(['example_local_kubernetes_executor']) retrieved from /home/airflow/.local/lib/python3.7/site-packages/airflow/example_dags/example_local_kubernetes_executor.py
[2023-07-11T23:46:18.753+0000] {logging_mixin.py:150} INFO - [2023-07-11T23:46:18.753+0000] {dag.py:2742} INFO - Sync 1 DAGs
[2023-07-11T23:46:18.770+0000] {logging_mixin.py:150} INFO - [2023-07-11T23:46:18.769+0000] {dag.py:3508} INFO - Setting next_dagrun for example_local_kubernetes_executor to None, run_after=None
[2023-07-11T23:46:18.782+0000] {processor.py:179} INFO - Processing /home/airflow/.local/lib/python3.7/site-packages/airflow/example_dags/example_local_kubernetes_executor.py took 0.251 seconds
[2023-07-11T23:46:49.618+0000] {processor.py:157} INFO - Started process (PID=1597) to work on /home/airflow/.local/lib/python3.7/site-packages/airflow/example_dags/example_local_kubernetes_executor.py
[2023-07-11T23:46:49.618+0000] {processor.py:826} INFO - Processing file /home/airflow/.local/lib/python3.7/site-packages/airflow/example_dags/example_local_kubernetes_executor.py for tasks to queue
[2023-07-11T23:46:49.619+0000] {logging_mixin.py:150} INFO - [2023-07-11T23:46:49.619+0000] {dagbag.py:541} INFO - Filling up the DagBag from /home/airflow/.local/lib/python3.7/site-packages/airflow/example_dags/example_local_kubernetes_executor.py
[2023-07-11T23:46:49.815+0000] {processor.py:836} INFO - DAG(s) dict_keys(['example_local_kubernetes_executor']) retrieved from /home/airflow/.local/lib/python3.7/site-packages/airflow/example_dags/example_local_kubernetes_executor.py
[2023-07-11T23:46:49.840+0000] {logging_mixin.py:150} INFO - [2023-07-11T23:46:49.840+0000] {dag.py:2742} INFO - Sync 1 DAGs
[2023-07-11T23:46:49.856+0000] {logging_mixin.py:150} INFO - [2023-07-11T23:46:49.856+0000] {dag.py:3508} INFO - Setting next_dagrun for example_local_kubernetes_executor to None, run_after=None
[2023-07-11T23:46:49.867+0000] {processor.py:179} INFO - Processing /home/airflow/.local/lib/python3.7/site-packages/airflow/example_dags/example_local_kubernetes_executor.py took 0.251 seconds
[2023-07-11T23:47:19.968+0000] {processor.py:157} INFO - Started process (PID=1667) to work on /home/airflow/.local/lib/python3.7/site-packages/airflow/example_dags/example_local_kubernetes_executor.py
[2023-07-11T23:47:19.969+0000] {processor.py:826} INFO - Processing file /home/airflow/.local/lib/python3.7/site-packages/airflow/example_dags/example_local_kubernetes_executor.py for tasks to queue
[2023-07-11T23:47:19.969+0000] {logging_mixin.py:150} INFO - [2023-07-11T23:47:19.969+0000] {dagbag.py:541} INFO - Filling up the DagBag from /home/airflow/.local/lib/python3.7/site-packages/airflow/example_dags/example_local_kubernetes_executor.py
[2023-07-11T23:47:20.138+0000] {processor.py:836} INFO - DAG(s) dict_keys(['example_local_kubernetes_executor']) retrieved from /home/airflow/.local/lib/python3.7/site-packages/airflow/example_dags/example_local_kubernetes_executor.py
[2023-07-11T23:47:20.160+0000] {logging_mixin.py:150} INFO - [2023-07-11T23:47:20.160+0000] {dag.py:2742} INFO - Sync 1 DAGs
[2023-07-11T23:47:20.178+0000] {logging_mixin.py:150} INFO - [2023-07-11T23:47:20.177+0000] {dag.py:3508} INFO - Setting next_dagrun for example_local_kubernetes_executor to None, run_after=None
[2023-07-11T23:47:20.189+0000] {processor.py:179} INFO - Processing /home/airflow/.local/lib/python3.7/site-packages/airflow/example_dags/example_local_kubernetes_executor.py took 0.223 seconds
