[2023-07-11T23:35:33.304+0000] {processor.py:157} INFO - Started process (PID=64) to work on /home/airflow/.local/lib/python3.7/site-packages/airflow/example_dags/example_skip_dag.py
[2023-07-11T23:35:33.304+0000] {processor.py:826} INFO - Processing file /home/airflow/.local/lib/python3.7/site-packages/airflow/example_dags/example_skip_dag.py for tasks to queue
[2023-07-11T23:35:33.305+0000] {logging_mixin.py:150} INFO - [2023-07-11T23:35:33.305+0000] {dagbag.py:541} INFO - Filling up the DagBag from /home/airflow/.local/lib/python3.7/site-packages/airflow/example_dags/example_skip_dag.py
[2023-07-11T23:35:33.311+0000] {processor.py:836} INFO - DAG(s) dict_keys(['example_skip_dag']) retrieved from /home/airflow/.local/lib/python3.7/site-packages/airflow/example_dags/example_skip_dag.py
[2023-07-11T23:35:33.320+0000] {logging_mixin.py:150} INFO - [2023-07-11T23:35:33.320+0000] {dag.py:2742} INFO - Sync 1 DAGs
[2023-07-11T23:35:33.342+0000] {logging_mixin.py:150} INFO - [2023-07-11T23:35:33.342+0000] {dag.py:3508} INFO - Setting next_dagrun for example_skip_dag to 2023-07-10T23:35:33.342575+00:00, run_after=2023-07-11T23:35:33.342575+00:00
[2023-07-11T23:35:33.358+0000] {processor.py:179} INFO - Processing /home/airflow/.local/lib/python3.7/site-packages/airflow/example_dags/example_skip_dag.py took 0.056 seconds
[2023-07-11T23:36:04.466+0000] {processor.py:157} INFO - Started process (PID=134) to work on /home/airflow/.local/lib/python3.7/site-packages/airflow/example_dags/example_skip_dag.py
[2023-07-11T23:36:04.466+0000] {processor.py:826} INFO - Processing file /home/airflow/.local/lib/python3.7/site-packages/airflow/example_dags/example_skip_dag.py for tasks to queue
[2023-07-11T23:36:04.467+0000] {logging_mixin.py:150} INFO - [2023-07-11T23:36:04.467+0000] {dagbag.py:541} INFO - Filling up the DagBag from /home/airflow/.local/lib/python3.7/site-packages/airflow/example_dags/example_skip_dag.py
[2023-07-11T23:36:04.471+0000] {processor.py:836} INFO - DAG(s) dict_keys(['example_skip_dag']) retrieved from /home/airflow/.local/lib/python3.7/site-packages/airflow/example_dags/example_skip_dag.py
[2023-07-11T23:36:04.489+0000] {logging_mixin.py:150} INFO - [2023-07-11T23:36:04.488+0000] {dag.py:2742} INFO - Sync 1 DAGs
[2023-07-11T23:36:04.508+0000] {logging_mixin.py:150} INFO - [2023-07-11T23:36:04.508+0000] {dag.py:3508} INFO - Setting next_dagrun for example_skip_dag to 2023-07-10T23:36:04.507976+00:00, run_after=2023-07-11T23:36:04.507976+00:00
[2023-07-11T23:36:04.521+0000] {processor.py:179} INFO - Processing /home/airflow/.local/lib/python3.7/site-packages/airflow/example_dags/example_skip_dag.py took 0.057 seconds
[2023-07-11T23:36:35.571+0000] {processor.py:157} INFO - Started process (PID=204) to work on /home/airflow/.local/lib/python3.7/site-packages/airflow/example_dags/example_skip_dag.py
[2023-07-11T23:36:35.572+0000] {processor.py:826} INFO - Processing file /home/airflow/.local/lib/python3.7/site-packages/airflow/example_dags/example_skip_dag.py for tasks to queue
[2023-07-11T23:36:35.573+0000] {logging_mixin.py:150} INFO - [2023-07-11T23:36:35.572+0000] {dagbag.py:541} INFO - Filling up the DagBag from /home/airflow/.local/lib/python3.7/site-packages/airflow/example_dags/example_skip_dag.py
[2023-07-11T23:36:35.577+0000] {processor.py:836} INFO - DAG(s) dict_keys(['example_skip_dag']) retrieved from /home/airflow/.local/lib/python3.7/site-packages/airflow/example_dags/example_skip_dag.py
[2023-07-11T23:36:35.596+0000] {logging_mixin.py:150} INFO - [2023-07-11T23:36:35.596+0000] {dag.py:2742} INFO - Sync 1 DAGs
[2023-07-11T23:36:35.619+0000] {logging_mixin.py:150} INFO - [2023-07-11T23:36:35.619+0000] {dag.py:3508} INFO - Setting next_dagrun for example_skip_dag to 2023-07-10T23:36:35.619042+00:00, run_after=2023-07-11T23:36:35.619042+00:00
[2023-07-11T23:36:35.636+0000] {processor.py:179} INFO - Processing /home/airflow/.local/lib/python3.7/site-packages/airflow/example_dags/example_skip_dag.py took 0.066 seconds
[2023-07-11T23:37:06.754+0000] {processor.py:157} INFO - Started process (PID=274) to work on /home/airflow/.local/lib/python3.7/site-packages/airflow/example_dags/example_skip_dag.py
[2023-07-11T23:37:06.755+0000] {processor.py:826} INFO - Processing file /home/airflow/.local/lib/python3.7/site-packages/airflow/example_dags/example_skip_dag.py for tasks to queue
[2023-07-11T23:37:06.755+0000] {logging_mixin.py:150} INFO - [2023-07-11T23:37:06.755+0000] {dagbag.py:541} INFO - Filling up the DagBag from /home/airflow/.local/lib/python3.7/site-packages/airflow/example_dags/example_skip_dag.py
[2023-07-11T23:37:06.759+0000] {processor.py:836} INFO - DAG(s) dict_keys(['example_skip_dag']) retrieved from /home/airflow/.local/lib/python3.7/site-packages/airflow/example_dags/example_skip_dag.py
[2023-07-11T23:37:06.775+0000] {logging_mixin.py:150} INFO - [2023-07-11T23:37:06.775+0000] {dag.py:2742} INFO - Sync 1 DAGs
[2023-07-11T23:37:06.793+0000] {logging_mixin.py:150} INFO - [2023-07-11T23:37:06.793+0000] {dag.py:3508} INFO - Setting next_dagrun for example_skip_dag to 2023-07-10T23:37:06.793044+00:00, run_after=2023-07-11T23:37:06.793044+00:00
[2023-07-11T23:37:06.806+0000] {processor.py:179} INFO - Processing /home/airflow/.local/lib/python3.7/site-packages/airflow/example_dags/example_skip_dag.py took 0.053 seconds
[2023-07-11T23:37:37.938+0000] {processor.py:157} INFO - Started process (PID=344) to work on /home/airflow/.local/lib/python3.7/site-packages/airflow/example_dags/example_skip_dag.py
[2023-07-11T23:37:37.939+0000] {processor.py:826} INFO - Processing file /home/airflow/.local/lib/python3.7/site-packages/airflow/example_dags/example_skip_dag.py for tasks to queue
[2023-07-11T23:37:37.939+0000] {logging_mixin.py:150} INFO - [2023-07-11T23:37:37.939+0000] {dagbag.py:541} INFO - Filling up the DagBag from /home/airflow/.local/lib/python3.7/site-packages/airflow/example_dags/example_skip_dag.py
[2023-07-11T23:37:37.944+0000] {processor.py:836} INFO - DAG(s) dict_keys(['example_skip_dag']) retrieved from /home/airflow/.local/lib/python3.7/site-packages/airflow/example_dags/example_skip_dag.py
[2023-07-11T23:37:37.963+0000] {logging_mixin.py:150} INFO - [2023-07-11T23:37:37.963+0000] {dag.py:2742} INFO - Sync 1 DAGs
[2023-07-11T23:37:37.985+0000] {logging_mixin.py:150} INFO - [2023-07-11T23:37:37.985+0000] {dag.py:3508} INFO - Setting next_dagrun for example_skip_dag to 2023-07-10T23:37:37.984843+00:00, run_after=2023-07-11T23:37:37.984843+00:00
[2023-07-11T23:37:38.001+0000] {processor.py:179} INFO - Processing /home/airflow/.local/lib/python3.7/site-packages/airflow/example_dags/example_skip_dag.py took 0.065 seconds
[2023-07-11T23:38:09.078+0000] {processor.py:157} INFO - Started process (PID=414) to work on /home/airflow/.local/lib/python3.7/site-packages/airflow/example_dags/example_skip_dag.py
[2023-07-11T23:38:09.079+0000] {processor.py:826} INFO - Processing file /home/airflow/.local/lib/python3.7/site-packages/airflow/example_dags/example_skip_dag.py for tasks to queue
[2023-07-11T23:38:09.079+0000] {logging_mixin.py:150} INFO - [2023-07-11T23:38:09.079+0000] {dagbag.py:541} INFO - Filling up the DagBag from /home/airflow/.local/lib/python3.7/site-packages/airflow/example_dags/example_skip_dag.py
[2023-07-11T23:38:09.084+0000] {processor.py:836} INFO - DAG(s) dict_keys(['example_skip_dag']) retrieved from /home/airflow/.local/lib/python3.7/site-packages/airflow/example_dags/example_skip_dag.py
[2023-07-11T23:38:09.102+0000] {logging_mixin.py:150} INFO - [2023-07-11T23:38:09.102+0000] {dag.py:2742} INFO - Sync 1 DAGs
[2023-07-11T23:38:09.122+0000] {logging_mixin.py:150} INFO - [2023-07-11T23:38:09.122+0000] {dag.py:3508} INFO - Setting next_dagrun for example_skip_dag to 2023-07-10T23:38:09.122172+00:00, run_after=2023-07-11T23:38:09.122172+00:00
[2023-07-11T23:38:09.136+0000] {processor.py:179} INFO - Processing /home/airflow/.local/lib/python3.7/site-packages/airflow/example_dags/example_skip_dag.py took 0.060 seconds
[2023-07-11T23:38:39.565+0000] {processor.py:157} INFO - Started process (PID=484) to work on /home/airflow/.local/lib/python3.7/site-packages/airflow/example_dags/example_skip_dag.py
[2023-07-11T23:38:39.565+0000] {processor.py:826} INFO - Processing file /home/airflow/.local/lib/python3.7/site-packages/airflow/example_dags/example_skip_dag.py for tasks to queue
[2023-07-11T23:38:39.566+0000] {logging_mixin.py:150} INFO - [2023-07-11T23:38:39.565+0000] {dagbag.py:541} INFO - Filling up the DagBag from /home/airflow/.local/lib/python3.7/site-packages/airflow/example_dags/example_skip_dag.py
[2023-07-11T23:38:39.570+0000] {processor.py:836} INFO - DAG(s) dict_keys(['example_skip_dag']) retrieved from /home/airflow/.local/lib/python3.7/site-packages/airflow/example_dags/example_skip_dag.py
[2023-07-11T23:38:39.586+0000] {logging_mixin.py:150} INFO - [2023-07-11T23:38:39.586+0000] {dag.py:2742} INFO - Sync 1 DAGs
[2023-07-11T23:38:39.604+0000] {logging_mixin.py:150} INFO - [2023-07-11T23:38:39.603+0000] {dag.py:3508} INFO - Setting next_dagrun for example_skip_dag to 2023-07-10T23:38:39.603688+00:00, run_after=2023-07-11T23:38:39.603688+00:00
[2023-07-11T23:38:39.616+0000] {processor.py:179} INFO - Processing /home/airflow/.local/lib/python3.7/site-packages/airflow/example_dags/example_skip_dag.py took 0.053 seconds
[2023-07-11T23:39:09.918+0000] {processor.py:157} INFO - Started process (PID=554) to work on /home/airflow/.local/lib/python3.7/site-packages/airflow/example_dags/example_skip_dag.py
[2023-07-11T23:39:09.919+0000] {processor.py:826} INFO - Processing file /home/airflow/.local/lib/python3.7/site-packages/airflow/example_dags/example_skip_dag.py for tasks to queue
[2023-07-11T23:39:09.920+0000] {logging_mixin.py:150} INFO - [2023-07-11T23:39:09.920+0000] {dagbag.py:541} INFO - Filling up the DagBag from /home/airflow/.local/lib/python3.7/site-packages/airflow/example_dags/example_skip_dag.py
[2023-07-11T23:39:09.925+0000] {processor.py:836} INFO - DAG(s) dict_keys(['example_skip_dag']) retrieved from /home/airflow/.local/lib/python3.7/site-packages/airflow/example_dags/example_skip_dag.py
[2023-07-11T23:39:09.946+0000] {logging_mixin.py:150} INFO - [2023-07-11T23:39:09.946+0000] {dag.py:2742} INFO - Sync 1 DAGs
[2023-07-11T23:39:09.967+0000] {logging_mixin.py:150} INFO - [2023-07-11T23:39:09.967+0000] {dag.py:3508} INFO - Setting next_dagrun for example_skip_dag to 2023-07-10T23:39:09.967505+00:00, run_after=2023-07-11T23:39:09.967505+00:00
[2023-07-11T23:39:09.983+0000] {processor.py:179} INFO - Processing /home/airflow/.local/lib/python3.7/site-packages/airflow/example_dags/example_skip_dag.py took 0.067 seconds
[2023-07-11T23:39:40.945+0000] {processor.py:157} INFO - Started process (PID=624) to work on /home/airflow/.local/lib/python3.7/site-packages/airflow/example_dags/example_skip_dag.py
[2023-07-11T23:39:40.945+0000] {processor.py:826} INFO - Processing file /home/airflow/.local/lib/python3.7/site-packages/airflow/example_dags/example_skip_dag.py for tasks to queue
[2023-07-11T23:39:40.946+0000] {logging_mixin.py:150} INFO - [2023-07-11T23:39:40.946+0000] {dagbag.py:541} INFO - Filling up the DagBag from /home/airflow/.local/lib/python3.7/site-packages/airflow/example_dags/example_skip_dag.py
[2023-07-11T23:39:40.950+0000] {processor.py:836} INFO - DAG(s) dict_keys(['example_skip_dag']) retrieved from /home/airflow/.local/lib/python3.7/site-packages/airflow/example_dags/example_skip_dag.py
[2023-07-11T23:39:40.966+0000] {logging_mixin.py:150} INFO - [2023-07-11T23:39:40.966+0000] {dag.py:2742} INFO - Sync 1 DAGs
[2023-07-11T23:39:40.983+0000] {logging_mixin.py:150} INFO - [2023-07-11T23:39:40.983+0000] {dag.py:3508} INFO - Setting next_dagrun for example_skip_dag to 2023-07-10T23:39:40.983554+00:00, run_after=2023-07-11T23:39:40.983554+00:00
[2023-07-11T23:39:40.996+0000] {processor.py:179} INFO - Processing /home/airflow/.local/lib/python3.7/site-packages/airflow/example_dags/example_skip_dag.py took 0.053 seconds
[2023-07-11T23:40:11.249+0000] {processor.py:157} INFO - Started process (PID=694) to work on /home/airflow/.local/lib/python3.7/site-packages/airflow/example_dags/example_skip_dag.py
[2023-07-11T23:40:11.250+0000] {processor.py:826} INFO - Processing file /home/airflow/.local/lib/python3.7/site-packages/airflow/example_dags/example_skip_dag.py for tasks to queue
[2023-07-11T23:40:11.251+0000] {logging_mixin.py:150} INFO - [2023-07-11T23:40:11.250+0000] {dagbag.py:541} INFO - Filling up the DagBag from /home/airflow/.local/lib/python3.7/site-packages/airflow/example_dags/example_skip_dag.py
[2023-07-11T23:40:11.256+0000] {processor.py:836} INFO - DAG(s) dict_keys(['example_skip_dag']) retrieved from /home/airflow/.local/lib/python3.7/site-packages/airflow/example_dags/example_skip_dag.py
[2023-07-11T23:40:11.274+0000] {logging_mixin.py:150} INFO - [2023-07-11T23:40:11.274+0000] {dag.py:2742} INFO - Sync 1 DAGs
[2023-07-11T23:40:11.295+0000] {logging_mixin.py:150} INFO - [2023-07-11T23:40:11.295+0000] {dag.py:3508} INFO - Setting next_dagrun for example_skip_dag to 2023-07-10T23:40:11.295219+00:00, run_after=2023-07-11T23:40:11.295219+00:00
[2023-07-11T23:40:11.313+0000] {processor.py:179} INFO - Processing /home/airflow/.local/lib/python3.7/site-packages/airflow/example_dags/example_skip_dag.py took 0.065 seconds
[2023-07-11T23:40:41.850+0000] {processor.py:157} INFO - Started process (PID=764) to work on /home/airflow/.local/lib/python3.7/site-packages/airflow/example_dags/example_skip_dag.py
[2023-07-11T23:40:41.851+0000] {processor.py:826} INFO - Processing file /home/airflow/.local/lib/python3.7/site-packages/airflow/example_dags/example_skip_dag.py for tasks to queue
[2023-07-11T23:40:41.851+0000] {logging_mixin.py:150} INFO - [2023-07-11T23:40:41.851+0000] {dagbag.py:541} INFO - Filling up the DagBag from /home/airflow/.local/lib/python3.7/site-packages/airflow/example_dags/example_skip_dag.py
[2023-07-11T23:40:41.855+0000] {processor.py:836} INFO - DAG(s) dict_keys(['example_skip_dag']) retrieved from /home/airflow/.local/lib/python3.7/site-packages/airflow/example_dags/example_skip_dag.py
[2023-07-11T23:40:41.872+0000] {logging_mixin.py:150} INFO - [2023-07-11T23:40:41.872+0000] {dag.py:2742} INFO - Sync 1 DAGs
[2023-07-11T23:40:41.891+0000] {logging_mixin.py:150} INFO - [2023-07-11T23:40:41.891+0000] {dag.py:3508} INFO - Setting next_dagrun for example_skip_dag to 2023-07-10T23:40:41.891091+00:00, run_after=2023-07-11T23:40:41.891091+00:00
[2023-07-11T23:40:41.904+0000] {processor.py:179} INFO - Processing /home/airflow/.local/lib/python3.7/site-packages/airflow/example_dags/example_skip_dag.py took 0.056 seconds
[2023-07-11T23:41:12.184+0000] {processor.py:157} INFO - Started process (PID=834) to work on /home/airflow/.local/lib/python3.7/site-packages/airflow/example_dags/example_skip_dag.py
[2023-07-11T23:41:12.184+0000] {processor.py:826} INFO - Processing file /home/airflow/.local/lib/python3.7/site-packages/airflow/example_dags/example_skip_dag.py for tasks to queue
[2023-07-11T23:41:12.184+0000] {logging_mixin.py:150} INFO - [2023-07-11T23:41:12.184+0000] {dagbag.py:541} INFO - Filling up the DagBag from /home/airflow/.local/lib/python3.7/site-packages/airflow/example_dags/example_skip_dag.py
[2023-07-11T23:41:12.189+0000] {processor.py:836} INFO - DAG(s) dict_keys(['example_skip_dag']) retrieved from /home/airflow/.local/lib/python3.7/site-packages/airflow/example_dags/example_skip_dag.py
[2023-07-11T23:41:12.205+0000] {logging_mixin.py:150} INFO - [2023-07-11T23:41:12.205+0000] {dag.py:2742} INFO - Sync 1 DAGs
[2023-07-11T23:41:12.224+0000] {logging_mixin.py:150} INFO - [2023-07-11T23:41:12.224+0000] {dag.py:3508} INFO - Setting next_dagrun for example_skip_dag to 2023-07-10T23:41:12.223940+00:00, run_after=2023-07-11T23:41:12.223940+00:00
[2023-07-11T23:41:12.237+0000] {processor.py:179} INFO - Processing /home/airflow/.local/lib/python3.7/site-packages/airflow/example_dags/example_skip_dag.py took 0.055 seconds
[2023-07-11T23:41:43.346+0000] {processor.py:157} INFO - Started process (PID=904) to work on /home/airflow/.local/lib/python3.7/site-packages/airflow/example_dags/example_skip_dag.py
[2023-07-11T23:41:43.347+0000] {processor.py:826} INFO - Processing file /home/airflow/.local/lib/python3.7/site-packages/airflow/example_dags/example_skip_dag.py for tasks to queue
[2023-07-11T23:41:43.347+0000] {logging_mixin.py:150} INFO - [2023-07-11T23:41:43.347+0000] {dagbag.py:541} INFO - Filling up the DagBag from /home/airflow/.local/lib/python3.7/site-packages/airflow/example_dags/example_skip_dag.py
[2023-07-11T23:41:43.352+0000] {processor.py:836} INFO - DAG(s) dict_keys(['example_skip_dag']) retrieved from /home/airflow/.local/lib/python3.7/site-packages/airflow/example_dags/example_skip_dag.py
[2023-07-11T23:41:43.368+0000] {logging_mixin.py:150} INFO - [2023-07-11T23:41:43.368+0000] {dag.py:2742} INFO - Sync 1 DAGs
[2023-07-11T23:41:43.386+0000] {logging_mixin.py:150} INFO - [2023-07-11T23:41:43.386+0000] {dag.py:3508} INFO - Setting next_dagrun for example_skip_dag to 2023-07-10T23:41:43.386227+00:00, run_after=2023-07-11T23:41:43.386227+00:00
[2023-07-11T23:41:43.399+0000] {processor.py:179} INFO - Processing /home/airflow/.local/lib/python3.7/site-packages/airflow/example_dags/example_skip_dag.py took 0.054 seconds
[2023-07-11T23:42:14.656+0000] {processor.py:157} INFO - Started process (PID=974) to work on /home/airflow/.local/lib/python3.7/site-packages/airflow/example_dags/example_skip_dag.py
[2023-07-11T23:42:14.657+0000] {processor.py:826} INFO - Processing file /home/airflow/.local/lib/python3.7/site-packages/airflow/example_dags/example_skip_dag.py for tasks to queue
[2023-07-11T23:42:14.657+0000] {logging_mixin.py:150} INFO - [2023-07-11T23:42:14.657+0000] {dagbag.py:541} INFO - Filling up the DagBag from /home/airflow/.local/lib/python3.7/site-packages/airflow/example_dags/example_skip_dag.py
[2023-07-11T23:42:14.663+0000] {processor.py:836} INFO - DAG(s) dict_keys(['example_skip_dag']) retrieved from /home/airflow/.local/lib/python3.7/site-packages/airflow/example_dags/example_skip_dag.py
[2023-07-11T23:42:14.685+0000] {logging_mixin.py:150} INFO - [2023-07-11T23:42:14.685+0000] {dag.py:2742} INFO - Sync 1 DAGs
[2023-07-11T23:42:14.706+0000] {logging_mixin.py:150} INFO - [2023-07-11T23:42:14.706+0000] {dag.py:3508} INFO - Setting next_dagrun for example_skip_dag to 2023-07-10T23:42:14.705929+00:00, run_after=2023-07-11T23:42:14.705929+00:00
[2023-07-11T23:42:14.721+0000] {processor.py:179} INFO - Processing /home/airflow/.local/lib/python3.7/site-packages/airflow/example_dags/example_skip_dag.py took 0.068 seconds
[2023-07-11T23:42:44.818+0000] {processor.py:157} INFO - Started process (PID=1044) to work on /home/airflow/.local/lib/python3.7/site-packages/airflow/example_dags/example_skip_dag.py
[2023-07-11T23:42:44.819+0000] {processor.py:826} INFO - Processing file /home/airflow/.local/lib/python3.7/site-packages/airflow/example_dags/example_skip_dag.py for tasks to queue
[2023-07-11T23:42:44.819+0000] {logging_mixin.py:150} INFO - [2023-07-11T23:42:44.819+0000] {dagbag.py:541} INFO - Filling up the DagBag from /home/airflow/.local/lib/python3.7/site-packages/airflow/example_dags/example_skip_dag.py
[2023-07-11T23:42:44.823+0000] {processor.py:836} INFO - DAG(s) dict_keys(['example_skip_dag']) retrieved from /home/airflow/.local/lib/python3.7/site-packages/airflow/example_dags/example_skip_dag.py
[2023-07-11T23:42:44.838+0000] {logging_mixin.py:150} INFO - [2023-07-11T23:42:44.838+0000] {dag.py:2742} INFO - Sync 1 DAGs
[2023-07-11T23:42:44.855+0000] {logging_mixin.py:150} INFO - [2023-07-11T23:42:44.855+0000] {dag.py:3508} INFO - Setting next_dagrun for example_skip_dag to 2023-07-10T23:42:44.854940+00:00, run_after=2023-07-11T23:42:44.854940+00:00
[2023-07-11T23:42:44.866+0000] {processor.py:179} INFO - Processing /home/airflow/.local/lib/python3.7/site-packages/airflow/example_dags/example_skip_dag.py took 0.050 seconds
[2023-07-11T23:43:15.793+0000] {processor.py:157} INFO - Started process (PID=1114) to work on /home/airflow/.local/lib/python3.7/site-packages/airflow/example_dags/example_skip_dag.py
[2023-07-11T23:43:15.794+0000] {processor.py:826} INFO - Processing file /home/airflow/.local/lib/python3.7/site-packages/airflow/example_dags/example_skip_dag.py for tasks to queue
[2023-07-11T23:43:15.794+0000] {logging_mixin.py:150} INFO - [2023-07-11T23:43:15.794+0000] {dagbag.py:541} INFO - Filling up the DagBag from /home/airflow/.local/lib/python3.7/site-packages/airflow/example_dags/example_skip_dag.py
[2023-07-11T23:43:15.798+0000] {processor.py:836} INFO - DAG(s) dict_keys(['example_skip_dag']) retrieved from /home/airflow/.local/lib/python3.7/site-packages/airflow/example_dags/example_skip_dag.py
[2023-07-11T23:43:15.814+0000] {logging_mixin.py:150} INFO - [2023-07-11T23:43:15.814+0000] {dag.py:2742} INFO - Sync 1 DAGs
[2023-07-11T23:43:15.831+0000] {logging_mixin.py:150} INFO - [2023-07-11T23:43:15.831+0000] {dag.py:3508} INFO - Setting next_dagrun for example_skip_dag to 2023-07-10T23:43:15.831055+00:00, run_after=2023-07-11T23:43:15.831055+00:00
[2023-07-11T23:43:15.842+0000] {processor.py:179} INFO - Processing /home/airflow/.local/lib/python3.7/site-packages/airflow/example_dags/example_skip_dag.py took 0.051 seconds
[2023-07-11T23:43:46.629+0000] {processor.py:157} INFO - Started process (PID=1184) to work on /home/airflow/.local/lib/python3.7/site-packages/airflow/example_dags/example_skip_dag.py
[2023-07-11T23:43:46.630+0000] {processor.py:826} INFO - Processing file /home/airflow/.local/lib/python3.7/site-packages/airflow/example_dags/example_skip_dag.py for tasks to queue
[2023-07-11T23:43:46.630+0000] {logging_mixin.py:150} INFO - [2023-07-11T23:43:46.630+0000] {dagbag.py:541} INFO - Filling up the DagBag from /home/airflow/.local/lib/python3.7/site-packages/airflow/example_dags/example_skip_dag.py
[2023-07-11T23:43:46.634+0000] {processor.py:836} INFO - DAG(s) dict_keys(['example_skip_dag']) retrieved from /home/airflow/.local/lib/python3.7/site-packages/airflow/example_dags/example_skip_dag.py
[2023-07-11T23:43:46.649+0000] {logging_mixin.py:150} INFO - [2023-07-11T23:43:46.649+0000] {dag.py:2742} INFO - Sync 1 DAGs
[2023-07-11T23:43:46.667+0000] {logging_mixin.py:150} INFO - [2023-07-11T23:43:46.667+0000] {dag.py:3508} INFO - Setting next_dagrun for example_skip_dag to 2023-07-10T23:43:46.666883+00:00, run_after=2023-07-11T23:43:46.666883+00:00
[2023-07-11T23:43:46.678+0000] {processor.py:179} INFO - Processing /home/airflow/.local/lib/python3.7/site-packages/airflow/example_dags/example_skip_dag.py took 0.051 seconds
[2023-07-11T23:44:16.926+0000] {processor.py:157} INFO - Started process (PID=1254) to work on /home/airflow/.local/lib/python3.7/site-packages/airflow/example_dags/example_skip_dag.py
[2023-07-11T23:44:16.927+0000] {processor.py:826} INFO - Processing file /home/airflow/.local/lib/python3.7/site-packages/airflow/example_dags/example_skip_dag.py for tasks to queue
[2023-07-11T23:44:16.927+0000] {logging_mixin.py:150} INFO - [2023-07-11T23:44:16.927+0000] {dagbag.py:541} INFO - Filling up the DagBag from /home/airflow/.local/lib/python3.7/site-packages/airflow/example_dags/example_skip_dag.py
[2023-07-11T23:44:16.931+0000] {processor.py:836} INFO - DAG(s) dict_keys(['example_skip_dag']) retrieved from /home/airflow/.local/lib/python3.7/site-packages/airflow/example_dags/example_skip_dag.py
[2023-07-11T23:44:16.946+0000] {logging_mixin.py:150} INFO - [2023-07-11T23:44:16.946+0000] {dag.py:2742} INFO - Sync 1 DAGs
[2023-07-11T23:44:16.964+0000] {logging_mixin.py:150} INFO - [2023-07-11T23:44:16.964+0000] {dag.py:3508} INFO - Setting next_dagrun for example_skip_dag to 2023-07-10T23:44:16.964067+00:00, run_after=2023-07-11T23:44:16.964067+00:00
[2023-07-11T23:44:16.976+0000] {processor.py:179} INFO - Processing /home/airflow/.local/lib/python3.7/site-packages/airflow/example_dags/example_skip_dag.py took 0.052 seconds
[2023-07-11T23:44:47.382+0000] {processor.py:157} INFO - Started process (PID=1324) to work on /home/airflow/.local/lib/python3.7/site-packages/airflow/example_dags/example_skip_dag.py
[2023-07-11T23:44:47.382+0000] {processor.py:826} INFO - Processing file /home/airflow/.local/lib/python3.7/site-packages/airflow/example_dags/example_skip_dag.py for tasks to queue
[2023-07-11T23:44:47.383+0000] {logging_mixin.py:150} INFO - [2023-07-11T23:44:47.383+0000] {dagbag.py:541} INFO - Filling up the DagBag from /home/airflow/.local/lib/python3.7/site-packages/airflow/example_dags/example_skip_dag.py
[2023-07-11T23:44:47.387+0000] {processor.py:836} INFO - DAG(s) dict_keys(['example_skip_dag']) retrieved from /home/airflow/.local/lib/python3.7/site-packages/airflow/example_dags/example_skip_dag.py
[2023-07-11T23:44:47.402+0000] {logging_mixin.py:150} INFO - [2023-07-11T23:44:47.402+0000] {dag.py:2742} INFO - Sync 1 DAGs
[2023-07-11T23:44:47.419+0000] {logging_mixin.py:150} INFO - [2023-07-11T23:44:47.419+0000] {dag.py:3508} INFO - Setting next_dagrun for example_skip_dag to 2023-07-10T23:44:47.418880+00:00, run_after=2023-07-11T23:44:47.418880+00:00
[2023-07-11T23:44:47.431+0000] {processor.py:179} INFO - Processing /home/airflow/.local/lib/python3.7/site-packages/airflow/example_dags/example_skip_dag.py took 0.051 seconds
[2023-07-11T23:45:17.830+0000] {processor.py:157} INFO - Started process (PID=1394) to work on /home/airflow/.local/lib/python3.7/site-packages/airflow/example_dags/example_skip_dag.py
[2023-07-11T23:45:17.830+0000] {processor.py:826} INFO - Processing file /home/airflow/.local/lib/python3.7/site-packages/airflow/example_dags/example_skip_dag.py for tasks to queue
[2023-07-11T23:45:17.831+0000] {logging_mixin.py:150} INFO - [2023-07-11T23:45:17.831+0000] {dagbag.py:541} INFO - Filling up the DagBag from /home/airflow/.local/lib/python3.7/site-packages/airflow/example_dags/example_skip_dag.py
[2023-07-11T23:45:17.836+0000] {processor.py:836} INFO - DAG(s) dict_keys(['example_skip_dag']) retrieved from /home/airflow/.local/lib/python3.7/site-packages/airflow/example_dags/example_skip_dag.py
[2023-07-11T23:45:17.852+0000] {logging_mixin.py:150} INFO - [2023-07-11T23:45:17.851+0000] {dag.py:2742} INFO - Sync 1 DAGs
[2023-07-11T23:45:17.870+0000] {logging_mixin.py:150} INFO - [2023-07-11T23:45:17.870+0000] {dag.py:3508} INFO - Setting next_dagrun for example_skip_dag to 2023-07-10T23:45:17.870598+00:00, run_after=2023-07-11T23:45:17.870598+00:00
[2023-07-11T23:45:17.883+0000] {processor.py:179} INFO - Processing /home/airflow/.local/lib/python3.7/site-packages/airflow/example_dags/example_skip_dag.py took 0.055 seconds
[2023-07-11T23:45:48.652+0000] {processor.py:157} INFO - Started process (PID=1464) to work on /home/airflow/.local/lib/python3.7/site-packages/airflow/example_dags/example_skip_dag.py
[2023-07-11T23:45:48.652+0000] {processor.py:826} INFO - Processing file /home/airflow/.local/lib/python3.7/site-packages/airflow/example_dags/example_skip_dag.py for tasks to queue
[2023-07-11T23:45:48.653+0000] {logging_mixin.py:150} INFO - [2023-07-11T23:45:48.653+0000] {dagbag.py:541} INFO - Filling up the DagBag from /home/airflow/.local/lib/python3.7/site-packages/airflow/example_dags/example_skip_dag.py
[2023-07-11T23:45:48.657+0000] {processor.py:836} INFO - DAG(s) dict_keys(['example_skip_dag']) retrieved from /home/airflow/.local/lib/python3.7/site-packages/airflow/example_dags/example_skip_dag.py
[2023-07-11T23:45:48.675+0000] {logging_mixin.py:150} INFO - [2023-07-11T23:45:48.674+0000] {dag.py:2742} INFO - Sync 1 DAGs
[2023-07-11T23:45:48.693+0000] {logging_mixin.py:150} INFO - [2023-07-11T23:45:48.692+0000] {dag.py:3508} INFO - Setting next_dagrun for example_skip_dag to 2023-07-10T23:45:48.692836+00:00, run_after=2023-07-11T23:45:48.692836+00:00
[2023-07-11T23:45:48.704+0000] {processor.py:179} INFO - Processing /home/airflow/.local/lib/python3.7/site-packages/airflow/example_dags/example_skip_dag.py took 0.055 seconds
[2023-07-11T23:46:19.007+0000] {processor.py:157} INFO - Started process (PID=1534) to work on /home/airflow/.local/lib/python3.7/site-packages/airflow/example_dags/example_skip_dag.py
[2023-07-11T23:46:19.008+0000] {processor.py:826} INFO - Processing file /home/airflow/.local/lib/python3.7/site-packages/airflow/example_dags/example_skip_dag.py for tasks to queue
[2023-07-11T23:46:19.008+0000] {logging_mixin.py:150} INFO - [2023-07-11T23:46:19.008+0000] {dagbag.py:541} INFO - Filling up the DagBag from /home/airflow/.local/lib/python3.7/site-packages/airflow/example_dags/example_skip_dag.py
[2023-07-11T23:46:19.013+0000] {processor.py:836} INFO - DAG(s) dict_keys(['example_skip_dag']) retrieved from /home/airflow/.local/lib/python3.7/site-packages/airflow/example_dags/example_skip_dag.py
[2023-07-11T23:46:19.029+0000] {logging_mixin.py:150} INFO - [2023-07-11T23:46:19.029+0000] {dag.py:2742} INFO - Sync 1 DAGs
[2023-07-11T23:46:19.047+0000] {logging_mixin.py:150} INFO - [2023-07-11T23:46:19.047+0000] {dag.py:3508} INFO - Setting next_dagrun for example_skip_dag to 2023-07-10T23:46:19.047237+00:00, run_after=2023-07-11T23:46:19.047237+00:00
[2023-07-11T23:46:19.060+0000] {processor.py:179} INFO - Processing /home/airflow/.local/lib/python3.7/site-packages/airflow/example_dags/example_skip_dag.py took 0.054 seconds
[2023-07-11T23:46:50.044+0000] {processor.py:157} INFO - Started process (PID=1604) to work on /home/airflow/.local/lib/python3.7/site-packages/airflow/example_dags/example_skip_dag.py
[2023-07-11T23:46:50.044+0000] {processor.py:826} INFO - Processing file /home/airflow/.local/lib/python3.7/site-packages/airflow/example_dags/example_skip_dag.py for tasks to queue
[2023-07-11T23:46:50.045+0000] {logging_mixin.py:150} INFO - [2023-07-11T23:46:50.045+0000] {dagbag.py:541} INFO - Filling up the DagBag from /home/airflow/.local/lib/python3.7/site-packages/airflow/example_dags/example_skip_dag.py
[2023-07-11T23:46:50.049+0000] {processor.py:836} INFO - DAG(s) dict_keys(['example_skip_dag']) retrieved from /home/airflow/.local/lib/python3.7/site-packages/airflow/example_dags/example_skip_dag.py
[2023-07-11T23:46:50.064+0000] {logging_mixin.py:150} INFO - [2023-07-11T23:46:50.064+0000] {dag.py:2742} INFO - Sync 1 DAGs
[2023-07-11T23:46:50.082+0000] {logging_mixin.py:150} INFO - [2023-07-11T23:46:50.082+0000] {dag.py:3508} INFO - Setting next_dagrun for example_skip_dag to 2023-07-10T23:46:50.082428+00:00, run_after=2023-07-11T23:46:50.082428+00:00
[2023-07-11T23:46:50.094+0000] {processor.py:179} INFO - Processing /home/airflow/.local/lib/python3.7/site-packages/airflow/example_dags/example_skip_dag.py took 0.052 seconds
[2023-07-11T23:47:20.361+0000] {processor.py:157} INFO - Started process (PID=1674) to work on /home/airflow/.local/lib/python3.7/site-packages/airflow/example_dags/example_skip_dag.py
[2023-07-11T23:47:20.362+0000] {processor.py:826} INFO - Processing file /home/airflow/.local/lib/python3.7/site-packages/airflow/example_dags/example_skip_dag.py for tasks to queue
[2023-07-11T23:47:20.362+0000] {logging_mixin.py:150} INFO - [2023-07-11T23:47:20.362+0000] {dagbag.py:541} INFO - Filling up the DagBag from /home/airflow/.local/lib/python3.7/site-packages/airflow/example_dags/example_skip_dag.py
[2023-07-11T23:47:20.366+0000] {processor.py:836} INFO - DAG(s) dict_keys(['example_skip_dag']) retrieved from /home/airflow/.local/lib/python3.7/site-packages/airflow/example_dags/example_skip_dag.py
[2023-07-11T23:47:20.385+0000] {logging_mixin.py:150} INFO - [2023-07-11T23:47:20.385+0000] {dag.py:2742} INFO - Sync 1 DAGs
[2023-07-11T23:47:20.402+0000] {logging_mixin.py:150} INFO - [2023-07-11T23:47:20.402+0000] {dag.py:3508} INFO - Setting next_dagrun for example_skip_dag to 2023-07-10T23:47:20.402200+00:00, run_after=2023-07-11T23:47:20.402200+00:00
[2023-07-11T23:47:20.413+0000] {processor.py:179} INFO - Processing /home/airflow/.local/lib/python3.7/site-packages/airflow/example_dags/example_skip_dag.py took 0.054 seconds
