[2023-07-11T23:35:31.850+0000] {processor.py:157} INFO - Started process (PID=43) to work on /home/airflow/.local/lib/python3.7/site-packages/airflow/example_dags/example_branch_labels.py
[2023-07-11T23:35:31.851+0000] {processor.py:826} INFO - Processing file /home/airflow/.local/lib/python3.7/site-packages/airflow/example_dags/example_branch_labels.py for tasks to queue
[2023-07-11T23:35:31.852+0000] {logging_mixin.py:150} INFO - [2023-07-11T23:35:31.851+0000] {dagbag.py:541} INFO - Filling up the DagBag from /home/airflow/.local/lib/python3.7/site-packages/airflow/example_dags/example_branch_labels.py
[2023-07-11T23:35:31.862+0000] {processor.py:836} INFO - DAG(s) dict_keys(['example_branch_labels']) retrieved from /home/airflow/.local/lib/python3.7/site-packages/airflow/example_dags/example_branch_labels.py
[2023-07-11T23:35:31.873+0000] {logging_mixin.py:150} INFO - [2023-07-11T23:35:31.873+0000] {dag.py:2742} INFO - Sync 1 DAGs
[2023-07-11T23:35:31.898+0000] {logging_mixin.py:150} INFO - [2023-07-11T23:35:31.898+0000] {dag.py:3508} INFO - Setting next_dagrun for example_branch_labels to 2023-07-10T00:00:00+00:00, run_after=2023-07-11T00:00:00+00:00
[2023-07-11T23:35:31.916+0000] {processor.py:179} INFO - Processing /home/airflow/.local/lib/python3.7/site-packages/airflow/example_dags/example_branch_labels.py took 0.068 seconds
[2023-07-11T23:36:02.487+0000] {processor.py:157} INFO - Started process (PID=113) to work on /home/airflow/.local/lib/python3.7/site-packages/airflow/example_dags/example_branch_labels.py
[2023-07-11T23:36:02.488+0000] {processor.py:826} INFO - Processing file /home/airflow/.local/lib/python3.7/site-packages/airflow/example_dags/example_branch_labels.py for tasks to queue
[2023-07-11T23:36:02.488+0000] {logging_mixin.py:150} INFO - [2023-07-11T23:36:02.488+0000] {dagbag.py:541} INFO - Filling up the DagBag from /home/airflow/.local/lib/python3.7/site-packages/airflow/example_dags/example_branch_labels.py
[2023-07-11T23:36:02.493+0000] {processor.py:836} INFO - DAG(s) dict_keys(['example_branch_labels']) retrieved from /home/airflow/.local/lib/python3.7/site-packages/airflow/example_dags/example_branch_labels.py
[2023-07-11T23:36:02.509+0000] {logging_mixin.py:150} INFO - [2023-07-11T23:36:02.509+0000] {dag.py:2742} INFO - Sync 1 DAGs
[2023-07-11T23:36:02.527+0000] {logging_mixin.py:150} INFO - [2023-07-11T23:36:02.527+0000] {dag.py:3508} INFO - Setting next_dagrun for example_branch_labels to 2023-07-10T00:00:00+00:00, run_after=2023-07-11T00:00:00+00:00
[2023-07-11T23:36:02.541+0000] {processor.py:179} INFO - Processing /home/airflow/.local/lib/python3.7/site-packages/airflow/example_dags/example_branch_labels.py took 0.055 seconds
[2023-07-11T23:36:32.628+0000] {processor.py:157} INFO - Started process (PID=183) to work on /home/airflow/.local/lib/python3.7/site-packages/airflow/example_dags/example_branch_labels.py
[2023-07-11T23:36:32.629+0000] {processor.py:826} INFO - Processing file /home/airflow/.local/lib/python3.7/site-packages/airflow/example_dags/example_branch_labels.py for tasks to queue
[2023-07-11T23:36:32.629+0000] {logging_mixin.py:150} INFO - [2023-07-11T23:36:32.629+0000] {dagbag.py:541} INFO - Filling up the DagBag from /home/airflow/.local/lib/python3.7/site-packages/airflow/example_dags/example_branch_labels.py
[2023-07-11T23:36:32.634+0000] {processor.py:836} INFO - DAG(s) dict_keys(['example_branch_labels']) retrieved from /home/airflow/.local/lib/python3.7/site-packages/airflow/example_dags/example_branch_labels.py
[2023-07-11T23:36:32.652+0000] {logging_mixin.py:150} INFO - [2023-07-11T23:36:32.652+0000] {dag.py:2742} INFO - Sync 1 DAGs
[2023-07-11T23:36:32.671+0000] {logging_mixin.py:150} INFO - [2023-07-11T23:36:32.671+0000] {dag.py:3508} INFO - Setting next_dagrun for example_branch_labels to 2023-07-10T00:00:00+00:00, run_after=2023-07-11T00:00:00+00:00
[2023-07-11T23:36:32.683+0000] {processor.py:179} INFO - Processing /home/airflow/.local/lib/python3.7/site-packages/airflow/example_dags/example_branch_labels.py took 0.057 seconds
[2023-07-11T23:37:02.790+0000] {processor.py:157} INFO - Started process (PID=253) to work on /home/airflow/.local/lib/python3.7/site-packages/airflow/example_dags/example_branch_labels.py
[2023-07-11T23:37:02.791+0000] {processor.py:826} INFO - Processing file /home/airflow/.local/lib/python3.7/site-packages/airflow/example_dags/example_branch_labels.py for tasks to queue
[2023-07-11T23:37:02.791+0000] {logging_mixin.py:150} INFO - [2023-07-11T23:37:02.791+0000] {dagbag.py:541} INFO - Filling up the DagBag from /home/airflow/.local/lib/python3.7/site-packages/airflow/example_dags/example_branch_labels.py
[2023-07-11T23:37:02.796+0000] {processor.py:836} INFO - DAG(s) dict_keys(['example_branch_labels']) retrieved from /home/airflow/.local/lib/python3.7/site-packages/airflow/example_dags/example_branch_labels.py
[2023-07-11T23:37:02.813+0000] {logging_mixin.py:150} INFO - [2023-07-11T23:37:02.813+0000] {dag.py:2742} INFO - Sync 1 DAGs
[2023-07-11T23:37:02.830+0000] {logging_mixin.py:150} INFO - [2023-07-11T23:37:02.830+0000] {dag.py:3508} INFO - Setting next_dagrun for example_branch_labels to 2023-07-10T00:00:00+00:00, run_after=2023-07-11T00:00:00+00:00
[2023-07-11T23:37:02.842+0000] {processor.py:179} INFO - Processing /home/airflow/.local/lib/python3.7/site-packages/airflow/example_dags/example_branch_labels.py took 0.053 seconds
[2023-07-11T23:37:32.888+0000] {processor.py:157} INFO - Started process (PID=323) to work on /home/airflow/.local/lib/python3.7/site-packages/airflow/example_dags/example_branch_labels.py
[2023-07-11T23:37:32.889+0000] {processor.py:826} INFO - Processing file /home/airflow/.local/lib/python3.7/site-packages/airflow/example_dags/example_branch_labels.py for tasks to queue
[2023-07-11T23:37:32.889+0000] {logging_mixin.py:150} INFO - [2023-07-11T23:37:32.889+0000] {dagbag.py:541} INFO - Filling up the DagBag from /home/airflow/.local/lib/python3.7/site-packages/airflow/example_dags/example_branch_labels.py
[2023-07-11T23:37:32.895+0000] {processor.py:836} INFO - DAG(s) dict_keys(['example_branch_labels']) retrieved from /home/airflow/.local/lib/python3.7/site-packages/airflow/example_dags/example_branch_labels.py
[2023-07-11T23:37:32.913+0000] {logging_mixin.py:150} INFO - [2023-07-11T23:37:32.913+0000] {dag.py:2742} INFO - Sync 1 DAGs
[2023-07-11T23:37:32.934+0000] {logging_mixin.py:150} INFO - [2023-07-11T23:37:32.934+0000] {dag.py:3508} INFO - Setting next_dagrun for example_branch_labels to 2023-07-10T00:00:00+00:00, run_after=2023-07-11T00:00:00+00:00
[2023-07-11T23:37:32.948+0000] {processor.py:179} INFO - Processing /home/airflow/.local/lib/python3.7/site-packages/airflow/example_dags/example_branch_labels.py took 0.062 seconds
[2023-07-11T23:38:03.069+0000] {processor.py:157} INFO - Started process (PID=393) to work on /home/airflow/.local/lib/python3.7/site-packages/airflow/example_dags/example_branch_labels.py
[2023-07-11T23:38:03.070+0000] {processor.py:826} INFO - Processing file /home/airflow/.local/lib/python3.7/site-packages/airflow/example_dags/example_branch_labels.py for tasks to queue
[2023-07-11T23:38:03.070+0000] {logging_mixin.py:150} INFO - [2023-07-11T23:38:03.070+0000] {dagbag.py:541} INFO - Filling up the DagBag from /home/airflow/.local/lib/python3.7/site-packages/airflow/example_dags/example_branch_labels.py
[2023-07-11T23:38:03.075+0000] {processor.py:836} INFO - DAG(s) dict_keys(['example_branch_labels']) retrieved from /home/airflow/.local/lib/python3.7/site-packages/airflow/example_dags/example_branch_labels.py
[2023-07-11T23:38:03.092+0000] {logging_mixin.py:150} INFO - [2023-07-11T23:38:03.092+0000] {dag.py:2742} INFO - Sync 1 DAGs
[2023-07-11T23:38:03.111+0000] {logging_mixin.py:150} INFO - [2023-07-11T23:38:03.111+0000] {dag.py:3508} INFO - Setting next_dagrun for example_branch_labels to 2023-07-10T00:00:00+00:00, run_after=2023-07-11T00:00:00+00:00
[2023-07-11T23:38:03.123+0000] {processor.py:179} INFO - Processing /home/airflow/.local/lib/python3.7/site-packages/airflow/example_dags/example_branch_labels.py took 0.056 seconds
[2023-07-11T23:38:33.549+0000] {processor.py:157} INFO - Started process (PID=463) to work on /home/airflow/.local/lib/python3.7/site-packages/airflow/example_dags/example_branch_labels.py
[2023-07-11T23:38:33.550+0000] {processor.py:826} INFO - Processing file /home/airflow/.local/lib/python3.7/site-packages/airflow/example_dags/example_branch_labels.py for tasks to queue
[2023-07-11T23:38:33.550+0000] {logging_mixin.py:150} INFO - [2023-07-11T23:38:33.550+0000] {dagbag.py:541} INFO - Filling up the DagBag from /home/airflow/.local/lib/python3.7/site-packages/airflow/example_dags/example_branch_labels.py
[2023-07-11T23:38:33.557+0000] {processor.py:836} INFO - DAG(s) dict_keys(['example_branch_labels']) retrieved from /home/airflow/.local/lib/python3.7/site-packages/airflow/example_dags/example_branch_labels.py
[2023-07-11T23:38:33.582+0000] {logging_mixin.py:150} INFO - [2023-07-11T23:38:33.582+0000] {dag.py:2742} INFO - Sync 1 DAGs
[2023-07-11T23:38:33.610+0000] {logging_mixin.py:150} INFO - [2023-07-11T23:38:33.609+0000] {dag.py:3508} INFO - Setting next_dagrun for example_branch_labels to 2023-07-10T00:00:00+00:00, run_after=2023-07-11T00:00:00+00:00
[2023-07-11T23:38:33.626+0000] {processor.py:179} INFO - Processing /home/airflow/.local/lib/python3.7/site-packages/airflow/example_dags/example_branch_labels.py took 0.080 seconds
[2023-07-11T23:39:03.666+0000] {processor.py:157} INFO - Started process (PID=533) to work on /home/airflow/.local/lib/python3.7/site-packages/airflow/example_dags/example_branch_labels.py
[2023-07-11T23:39:03.667+0000] {processor.py:826} INFO - Processing file /home/airflow/.local/lib/python3.7/site-packages/airflow/example_dags/example_branch_labels.py for tasks to queue
[2023-07-11T23:39:03.667+0000] {logging_mixin.py:150} INFO - [2023-07-11T23:39:03.667+0000] {dagbag.py:541} INFO - Filling up the DagBag from /home/airflow/.local/lib/python3.7/site-packages/airflow/example_dags/example_branch_labels.py
[2023-07-11T23:39:03.672+0000] {processor.py:836} INFO - DAG(s) dict_keys(['example_branch_labels']) retrieved from /home/airflow/.local/lib/python3.7/site-packages/airflow/example_dags/example_branch_labels.py
[2023-07-11T23:39:03.689+0000] {logging_mixin.py:150} INFO - [2023-07-11T23:39:03.689+0000] {dag.py:2742} INFO - Sync 1 DAGs
[2023-07-11T23:39:03.709+0000] {logging_mixin.py:150} INFO - [2023-07-11T23:39:03.709+0000] {dag.py:3508} INFO - Setting next_dagrun for example_branch_labels to 2023-07-10T00:00:00+00:00, run_after=2023-07-11T00:00:00+00:00
[2023-07-11T23:39:03.722+0000] {processor.py:179} INFO - Processing /home/airflow/.local/lib/python3.7/site-packages/airflow/example_dags/example_branch_labels.py took 0.057 seconds
[2023-07-11T23:39:33.964+0000] {processor.py:157} INFO - Started process (PID=603) to work on /home/airflow/.local/lib/python3.7/site-packages/airflow/example_dags/example_branch_labels.py
[2023-07-11T23:39:33.965+0000] {processor.py:826} INFO - Processing file /home/airflow/.local/lib/python3.7/site-packages/airflow/example_dags/example_branch_labels.py for tasks to queue
[2023-07-11T23:39:33.965+0000] {logging_mixin.py:150} INFO - [2023-07-11T23:39:33.965+0000] {dagbag.py:541} INFO - Filling up the DagBag from /home/airflow/.local/lib/python3.7/site-packages/airflow/example_dags/example_branch_labels.py
[2023-07-11T23:39:33.971+0000] {processor.py:836} INFO - DAG(s) dict_keys(['example_branch_labels']) retrieved from /home/airflow/.local/lib/python3.7/site-packages/airflow/example_dags/example_branch_labels.py
[2023-07-11T23:39:33.987+0000] {logging_mixin.py:150} INFO - [2023-07-11T23:39:33.987+0000] {dag.py:2742} INFO - Sync 1 DAGs
[2023-07-11T23:39:34.006+0000] {logging_mixin.py:150} INFO - [2023-07-11T23:39:34.005+0000] {dag.py:3508} INFO - Setting next_dagrun for example_branch_labels to 2023-07-10T00:00:00+00:00, run_after=2023-07-11T00:00:00+00:00
[2023-07-11T23:39:34.017+0000] {processor.py:179} INFO - Processing /home/airflow/.local/lib/python3.7/site-packages/airflow/example_dags/example_branch_labels.py took 0.055 seconds
[2023-07-11T23:40:04.323+0000] {processor.py:157} INFO - Started process (PID=673) to work on /home/airflow/.local/lib/python3.7/site-packages/airflow/example_dags/example_branch_labels.py
[2023-07-11T23:40:04.323+0000] {processor.py:826} INFO - Processing file /home/airflow/.local/lib/python3.7/site-packages/airflow/example_dags/example_branch_labels.py for tasks to queue
[2023-07-11T23:40:04.324+0000] {logging_mixin.py:150} INFO - [2023-07-11T23:40:04.323+0000] {dagbag.py:541} INFO - Filling up the DagBag from /home/airflow/.local/lib/python3.7/site-packages/airflow/example_dags/example_branch_labels.py
[2023-07-11T23:40:04.328+0000] {processor.py:836} INFO - DAG(s) dict_keys(['example_branch_labels']) retrieved from /home/airflow/.local/lib/python3.7/site-packages/airflow/example_dags/example_branch_labels.py
[2023-07-11T23:40:04.345+0000] {logging_mixin.py:150} INFO - [2023-07-11T23:40:04.345+0000] {dag.py:2742} INFO - Sync 1 DAGs
[2023-07-11T23:40:04.364+0000] {logging_mixin.py:150} INFO - [2023-07-11T23:40:04.364+0000] {dag.py:3508} INFO - Setting next_dagrun for example_branch_labels to 2023-07-10T00:00:00+00:00, run_after=2023-07-11T00:00:00+00:00
[2023-07-11T23:40:04.377+0000] {processor.py:179} INFO - Processing /home/airflow/.local/lib/python3.7/site-packages/airflow/example_dags/example_branch_labels.py took 0.056 seconds
[2023-07-11T23:40:34.773+0000] {processor.py:157} INFO - Started process (PID=743) to work on /home/airflow/.local/lib/python3.7/site-packages/airflow/example_dags/example_branch_labels.py
[2023-07-11T23:40:34.773+0000] {processor.py:826} INFO - Processing file /home/airflow/.local/lib/python3.7/site-packages/airflow/example_dags/example_branch_labels.py for tasks to queue
[2023-07-11T23:40:34.774+0000] {logging_mixin.py:150} INFO - [2023-07-11T23:40:34.774+0000] {dagbag.py:541} INFO - Filling up the DagBag from /home/airflow/.local/lib/python3.7/site-packages/airflow/example_dags/example_branch_labels.py
[2023-07-11T23:40:34.779+0000] {processor.py:836} INFO - DAG(s) dict_keys(['example_branch_labels']) retrieved from /home/airflow/.local/lib/python3.7/site-packages/airflow/example_dags/example_branch_labels.py
[2023-07-11T23:40:34.798+0000] {logging_mixin.py:150} INFO - [2023-07-11T23:40:34.798+0000] {dag.py:2742} INFO - Sync 1 DAGs
[2023-07-11T23:40:34.821+0000] {logging_mixin.py:150} INFO - [2023-07-11T23:40:34.821+0000] {dag.py:3508} INFO - Setting next_dagrun for example_branch_labels to 2023-07-10T00:00:00+00:00, run_after=2023-07-11T00:00:00+00:00
[2023-07-11T23:40:34.837+0000] {processor.py:179} INFO - Processing /home/airflow/.local/lib/python3.7/site-packages/airflow/example_dags/example_branch_labels.py took 0.066 seconds
[2023-07-11T23:41:05.031+0000] {processor.py:157} INFO - Started process (PID=813) to work on /home/airflow/.local/lib/python3.7/site-packages/airflow/example_dags/example_branch_labels.py
[2023-07-11T23:41:05.031+0000] {processor.py:826} INFO - Processing file /home/airflow/.local/lib/python3.7/site-packages/airflow/example_dags/example_branch_labels.py for tasks to queue
[2023-07-11T23:41:05.032+0000] {logging_mixin.py:150} INFO - [2023-07-11T23:41:05.032+0000] {dagbag.py:541} INFO - Filling up the DagBag from /home/airflow/.local/lib/python3.7/site-packages/airflow/example_dags/example_branch_labels.py
[2023-07-11T23:41:05.039+0000] {processor.py:836} INFO - DAG(s) dict_keys(['example_branch_labels']) retrieved from /home/airflow/.local/lib/python3.7/site-packages/airflow/example_dags/example_branch_labels.py
[2023-07-11T23:41:05.061+0000] {logging_mixin.py:150} INFO - [2023-07-11T23:41:05.060+0000] {dag.py:2742} INFO - Sync 1 DAGs
[2023-07-11T23:41:05.082+0000] {logging_mixin.py:150} INFO - [2023-07-11T23:41:05.082+0000] {dag.py:3508} INFO - Setting next_dagrun for example_branch_labels to 2023-07-10T00:00:00+00:00, run_after=2023-07-11T00:00:00+00:00
[2023-07-11T23:41:05.097+0000] {processor.py:179} INFO - Processing /home/airflow/.local/lib/python3.7/site-packages/airflow/example_dags/example_branch_labels.py took 0.069 seconds
[2023-07-11T23:41:35.270+0000] {processor.py:157} INFO - Started process (PID=883) to work on /home/airflow/.local/lib/python3.7/site-packages/airflow/example_dags/example_branch_labels.py
[2023-07-11T23:41:35.271+0000] {processor.py:826} INFO - Processing file /home/airflow/.local/lib/python3.7/site-packages/airflow/example_dags/example_branch_labels.py for tasks to queue
[2023-07-11T23:41:35.272+0000] {logging_mixin.py:150} INFO - [2023-07-11T23:41:35.271+0000] {dagbag.py:541} INFO - Filling up the DagBag from /home/airflow/.local/lib/python3.7/site-packages/airflow/example_dags/example_branch_labels.py
[2023-07-11T23:41:35.278+0000] {processor.py:836} INFO - DAG(s) dict_keys(['example_branch_labels']) retrieved from /home/airflow/.local/lib/python3.7/site-packages/airflow/example_dags/example_branch_labels.py
[2023-07-11T23:41:35.300+0000] {logging_mixin.py:150} INFO - [2023-07-11T23:41:35.300+0000] {dag.py:2742} INFO - Sync 1 DAGs
[2023-07-11T23:41:35.321+0000] {logging_mixin.py:150} INFO - [2023-07-11T23:41:35.321+0000] {dag.py:3508} INFO - Setting next_dagrun for example_branch_labels to 2023-07-10T00:00:00+00:00, run_after=2023-07-11T00:00:00+00:00
[2023-07-11T23:41:35.335+0000] {processor.py:179} INFO - Processing /home/airflow/.local/lib/python3.7/site-packages/airflow/example_dags/example_branch_labels.py took 0.067 seconds
[2023-07-11T23:42:05.448+0000] {processor.py:157} INFO - Started process (PID=953) to work on /home/airflow/.local/lib/python3.7/site-packages/airflow/example_dags/example_branch_labels.py
[2023-07-11T23:42:05.449+0000] {processor.py:826} INFO - Processing file /home/airflow/.local/lib/python3.7/site-packages/airflow/example_dags/example_branch_labels.py for tasks to queue
[2023-07-11T23:42:05.449+0000] {logging_mixin.py:150} INFO - [2023-07-11T23:42:05.449+0000] {dagbag.py:541} INFO - Filling up the DagBag from /home/airflow/.local/lib/python3.7/site-packages/airflow/example_dags/example_branch_labels.py
[2023-07-11T23:42:05.454+0000] {processor.py:836} INFO - DAG(s) dict_keys(['example_branch_labels']) retrieved from /home/airflow/.local/lib/python3.7/site-packages/airflow/example_dags/example_branch_labels.py
[2023-07-11T23:42:05.472+0000] {logging_mixin.py:150} INFO - [2023-07-11T23:42:05.471+0000] {dag.py:2742} INFO - Sync 1 DAGs
[2023-07-11T23:42:05.490+0000] {logging_mixin.py:150} INFO - [2023-07-11T23:42:05.490+0000] {dag.py:3508} INFO - Setting next_dagrun for example_branch_labels to 2023-07-10T00:00:00+00:00, run_after=2023-07-11T00:00:00+00:00
[2023-07-11T23:42:05.502+0000] {processor.py:179} INFO - Processing /home/airflow/.local/lib/python3.7/site-packages/airflow/example_dags/example_branch_labels.py took 0.056 seconds
[2023-07-11T23:42:35.750+0000] {processor.py:157} INFO - Started process (PID=1023) to work on /home/airflow/.local/lib/python3.7/site-packages/airflow/example_dags/example_branch_labels.py
[2023-07-11T23:42:35.751+0000] {processor.py:826} INFO - Processing file /home/airflow/.local/lib/python3.7/site-packages/airflow/example_dags/example_branch_labels.py for tasks to queue
[2023-07-11T23:42:35.752+0000] {logging_mixin.py:150} INFO - [2023-07-11T23:42:35.751+0000] {dagbag.py:541} INFO - Filling up the DagBag from /home/airflow/.local/lib/python3.7/site-packages/airflow/example_dags/example_branch_labels.py
[2023-07-11T23:42:35.758+0000] {processor.py:836} INFO - DAG(s) dict_keys(['example_branch_labels']) retrieved from /home/airflow/.local/lib/python3.7/site-packages/airflow/example_dags/example_branch_labels.py
[2023-07-11T23:42:35.779+0000] {logging_mixin.py:150} INFO - [2023-07-11T23:42:35.779+0000] {dag.py:2742} INFO - Sync 1 DAGs
[2023-07-11T23:42:35.801+0000] {logging_mixin.py:150} INFO - [2023-07-11T23:42:35.801+0000] {dag.py:3508} INFO - Setting next_dagrun for example_branch_labels to 2023-07-10T00:00:00+00:00, run_after=2023-07-11T00:00:00+00:00
[2023-07-11T23:42:35.816+0000] {processor.py:179} INFO - Processing /home/airflow/.local/lib/python3.7/site-packages/airflow/example_dags/example_branch_labels.py took 0.068 seconds
[2023-07-11T23:43:05.938+0000] {processor.py:157} INFO - Started process (PID=1093) to work on /home/airflow/.local/lib/python3.7/site-packages/airflow/example_dags/example_branch_labels.py
[2023-07-11T23:43:05.939+0000] {processor.py:826} INFO - Processing file /home/airflow/.local/lib/python3.7/site-packages/airflow/example_dags/example_branch_labels.py for tasks to queue
[2023-07-11T23:43:05.939+0000] {logging_mixin.py:150} INFO - [2023-07-11T23:43:05.939+0000] {dagbag.py:541} INFO - Filling up the DagBag from /home/airflow/.local/lib/python3.7/site-packages/airflow/example_dags/example_branch_labels.py
[2023-07-11T23:43:05.944+0000] {processor.py:836} INFO - DAG(s) dict_keys(['example_branch_labels']) retrieved from /home/airflow/.local/lib/python3.7/site-packages/airflow/example_dags/example_branch_labels.py
[2023-07-11T23:43:05.961+0000] {logging_mixin.py:150} INFO - [2023-07-11T23:43:05.960+0000] {dag.py:2742} INFO - Sync 1 DAGs
[2023-07-11T23:43:05.979+0000] {logging_mixin.py:150} INFO - [2023-07-11T23:43:05.979+0000] {dag.py:3508} INFO - Setting next_dagrun for example_branch_labels to 2023-07-10T00:00:00+00:00, run_after=2023-07-11T00:00:00+00:00
[2023-07-11T23:43:05.990+0000] {processor.py:179} INFO - Processing /home/airflow/.local/lib/python3.7/site-packages/airflow/example_dags/example_branch_labels.py took 0.054 seconds
[2023-07-11T23:43:36.706+0000] {processor.py:157} INFO - Started process (PID=1163) to work on /home/airflow/.local/lib/python3.7/site-packages/airflow/example_dags/example_branch_labels.py
[2023-07-11T23:43:36.707+0000] {processor.py:826} INFO - Processing file /home/airflow/.local/lib/python3.7/site-packages/airflow/example_dags/example_branch_labels.py for tasks to queue
[2023-07-11T23:43:36.707+0000] {logging_mixin.py:150} INFO - [2023-07-11T23:43:36.707+0000] {dagbag.py:541} INFO - Filling up the DagBag from /home/airflow/.local/lib/python3.7/site-packages/airflow/example_dags/example_branch_labels.py
[2023-07-11T23:43:36.712+0000] {processor.py:836} INFO - DAG(s) dict_keys(['example_branch_labels']) retrieved from /home/airflow/.local/lib/python3.7/site-packages/airflow/example_dags/example_branch_labels.py
[2023-07-11T23:43:36.728+0000] {logging_mixin.py:150} INFO - [2023-07-11T23:43:36.728+0000] {dag.py:2742} INFO - Sync 1 DAGs
[2023-07-11T23:43:36.749+0000] {logging_mixin.py:150} INFO - [2023-07-11T23:43:36.749+0000] {dag.py:3508} INFO - Setting next_dagrun for example_branch_labels to 2023-07-10T00:00:00+00:00, run_after=2023-07-11T00:00:00+00:00
[2023-07-11T23:43:36.763+0000] {processor.py:179} INFO - Processing /home/airflow/.local/lib/python3.7/site-packages/airflow/example_dags/example_branch_labels.py took 0.058 seconds
[2023-07-11T23:44:06.891+0000] {processor.py:157} INFO - Started process (PID=1233) to work on /home/airflow/.local/lib/python3.7/site-packages/airflow/example_dags/example_branch_labels.py
[2023-07-11T23:44:06.891+0000] {processor.py:826} INFO - Processing file /home/airflow/.local/lib/python3.7/site-packages/airflow/example_dags/example_branch_labels.py for tasks to queue
[2023-07-11T23:44:06.892+0000] {logging_mixin.py:150} INFO - [2023-07-11T23:44:06.892+0000] {dagbag.py:541} INFO - Filling up the DagBag from /home/airflow/.local/lib/python3.7/site-packages/airflow/example_dags/example_branch_labels.py
[2023-07-11T23:44:06.897+0000] {processor.py:836} INFO - DAG(s) dict_keys(['example_branch_labels']) retrieved from /home/airflow/.local/lib/python3.7/site-packages/airflow/example_dags/example_branch_labels.py
[2023-07-11T23:44:06.914+0000] {logging_mixin.py:150} INFO - [2023-07-11T23:44:06.914+0000] {dag.py:2742} INFO - Sync 1 DAGs
[2023-07-11T23:44:06.934+0000] {logging_mixin.py:150} INFO - [2023-07-11T23:44:06.934+0000] {dag.py:3508} INFO - Setting next_dagrun for example_branch_labels to 2023-07-10T00:00:00+00:00, run_after=2023-07-11T00:00:00+00:00
[2023-07-11T23:44:06.948+0000] {processor.py:179} INFO - Processing /home/airflow/.local/lib/python3.7/site-packages/airflow/example_dags/example_branch_labels.py took 0.059 seconds
[2023-07-11T23:44:37.358+0000] {processor.py:157} INFO - Started process (PID=1303) to work on /home/airflow/.local/lib/python3.7/site-packages/airflow/example_dags/example_branch_labels.py
[2023-07-11T23:44:37.359+0000] {processor.py:826} INFO - Processing file /home/airflow/.local/lib/python3.7/site-packages/airflow/example_dags/example_branch_labels.py for tasks to queue
[2023-07-11T23:44:37.359+0000] {logging_mixin.py:150} INFO - [2023-07-11T23:44:37.359+0000] {dagbag.py:541} INFO - Filling up the DagBag from /home/airflow/.local/lib/python3.7/site-packages/airflow/example_dags/example_branch_labels.py
[2023-07-11T23:44:37.367+0000] {processor.py:836} INFO - DAG(s) dict_keys(['example_branch_labels']) retrieved from /home/airflow/.local/lib/python3.7/site-packages/airflow/example_dags/example_branch_labels.py
[2023-07-11T23:44:37.382+0000] {logging_mixin.py:150} INFO - [2023-07-11T23:44:37.382+0000] {dag.py:2742} INFO - Sync 1 DAGs
[2023-07-11T23:44:37.401+0000] {logging_mixin.py:150} INFO - [2023-07-11T23:44:37.401+0000] {dag.py:3508} INFO - Setting next_dagrun for example_branch_labels to 2023-07-10T00:00:00+00:00, run_after=2023-07-11T00:00:00+00:00
[2023-07-11T23:44:37.413+0000] {processor.py:179} INFO - Processing /home/airflow/.local/lib/python3.7/site-packages/airflow/example_dags/example_branch_labels.py took 0.057 seconds
[2023-07-11T23:45:07.715+0000] {processor.py:157} INFO - Started process (PID=1373) to work on /home/airflow/.local/lib/python3.7/site-packages/airflow/example_dags/example_branch_labels.py
[2023-07-11T23:45:07.716+0000] {processor.py:826} INFO - Processing file /home/airflow/.local/lib/python3.7/site-packages/airflow/example_dags/example_branch_labels.py for tasks to queue
[2023-07-11T23:45:07.717+0000] {logging_mixin.py:150} INFO - [2023-07-11T23:45:07.717+0000] {dagbag.py:541} INFO - Filling up the DagBag from /home/airflow/.local/lib/python3.7/site-packages/airflow/example_dags/example_branch_labels.py
[2023-07-11T23:45:07.723+0000] {processor.py:836} INFO - DAG(s) dict_keys(['example_branch_labels']) retrieved from /home/airflow/.local/lib/python3.7/site-packages/airflow/example_dags/example_branch_labels.py
[2023-07-11T23:45:07.741+0000] {logging_mixin.py:150} INFO - [2023-07-11T23:45:07.741+0000] {dag.py:2742} INFO - Sync 1 DAGs
[2023-07-11T23:45:07.762+0000] {logging_mixin.py:150} INFO - [2023-07-11T23:45:07.762+0000] {dag.py:3508} INFO - Setting next_dagrun for example_branch_labels to 2023-07-10T00:00:00+00:00, run_after=2023-07-11T00:00:00+00:00
[2023-07-11T23:45:07.775+0000] {processor.py:179} INFO - Processing /home/airflow/.local/lib/python3.7/site-packages/airflow/example_dags/example_branch_labels.py took 0.062 seconds
[2023-07-11T23:45:37.814+0000] {processor.py:157} INFO - Started process (PID=1443) to work on /home/airflow/.local/lib/python3.7/site-packages/airflow/example_dags/example_branch_labels.py
[2023-07-11T23:45:37.815+0000] {processor.py:826} INFO - Processing file /home/airflow/.local/lib/python3.7/site-packages/airflow/example_dags/example_branch_labels.py for tasks to queue
[2023-07-11T23:45:37.815+0000] {logging_mixin.py:150} INFO - [2023-07-11T23:45:37.815+0000] {dagbag.py:541} INFO - Filling up the DagBag from /home/airflow/.local/lib/python3.7/site-packages/airflow/example_dags/example_branch_labels.py
[2023-07-11T23:45:37.820+0000] {processor.py:836} INFO - DAG(s) dict_keys(['example_branch_labels']) retrieved from /home/airflow/.local/lib/python3.7/site-packages/airflow/example_dags/example_branch_labels.py
[2023-07-11T23:45:37.835+0000] {logging_mixin.py:150} INFO - [2023-07-11T23:45:37.835+0000] {dag.py:2742} INFO - Sync 1 DAGs
[2023-07-11T23:45:37.854+0000] {logging_mixin.py:150} INFO - [2023-07-11T23:45:37.854+0000] {dag.py:3508} INFO - Setting next_dagrun for example_branch_labels to 2023-07-10T00:00:00+00:00, run_after=2023-07-11T00:00:00+00:00
[2023-07-11T23:45:37.865+0000] {processor.py:179} INFO - Processing /home/airflow/.local/lib/python3.7/site-packages/airflow/example_dags/example_branch_labels.py took 0.053 seconds
[2023-07-11T23:46:07.989+0000] {processor.py:157} INFO - Started process (PID=1513) to work on /home/airflow/.local/lib/python3.7/site-packages/airflow/example_dags/example_branch_labels.py
[2023-07-11T23:46:07.990+0000] {processor.py:826} INFO - Processing file /home/airflow/.local/lib/python3.7/site-packages/airflow/example_dags/example_branch_labels.py for tasks to queue
[2023-07-11T23:46:07.990+0000] {logging_mixin.py:150} INFO - [2023-07-11T23:46:07.990+0000] {dagbag.py:541} INFO - Filling up the DagBag from /home/airflow/.local/lib/python3.7/site-packages/airflow/example_dags/example_branch_labels.py
[2023-07-11T23:46:07.995+0000] {processor.py:836} INFO - DAG(s) dict_keys(['example_branch_labels']) retrieved from /home/airflow/.local/lib/python3.7/site-packages/airflow/example_dags/example_branch_labels.py
[2023-07-11T23:46:08.012+0000] {logging_mixin.py:150} INFO - [2023-07-11T23:46:08.012+0000] {dag.py:2742} INFO - Sync 1 DAGs
[2023-07-11T23:46:08.031+0000] {logging_mixin.py:150} INFO - [2023-07-11T23:46:08.030+0000] {dag.py:3508} INFO - Setting next_dagrun for example_branch_labels to 2023-07-10T00:00:00+00:00, run_after=2023-07-11T00:00:00+00:00
[2023-07-11T23:46:08.041+0000] {processor.py:179} INFO - Processing /home/airflow/.local/lib/python3.7/site-packages/airflow/example_dags/example_branch_labels.py took 0.054 seconds
[2023-07-11T23:46:38.089+0000] {processor.py:157} INFO - Started process (PID=1583) to work on /home/airflow/.local/lib/python3.7/site-packages/airflow/example_dags/example_branch_labels.py
[2023-07-11T23:46:38.091+0000] {processor.py:826} INFO - Processing file /home/airflow/.local/lib/python3.7/site-packages/airflow/example_dags/example_branch_labels.py for tasks to queue
[2023-07-11T23:46:38.091+0000] {logging_mixin.py:150} INFO - [2023-07-11T23:46:38.091+0000] {dagbag.py:541} INFO - Filling up the DagBag from /home/airflow/.local/lib/python3.7/site-packages/airflow/example_dags/example_branch_labels.py
[2023-07-11T23:46:38.097+0000] {processor.py:836} INFO - DAG(s) dict_keys(['example_branch_labels']) retrieved from /home/airflow/.local/lib/python3.7/site-packages/airflow/example_dags/example_branch_labels.py
[2023-07-11T23:46:38.113+0000] {logging_mixin.py:150} INFO - [2023-07-11T23:46:38.113+0000] {dag.py:2742} INFO - Sync 1 DAGs
[2023-07-11T23:46:38.131+0000] {logging_mixin.py:150} INFO - [2023-07-11T23:46:38.131+0000] {dag.py:3508} INFO - Setting next_dagrun for example_branch_labels to 2023-07-10T00:00:00+00:00, run_after=2023-07-11T00:00:00+00:00
[2023-07-11T23:46:38.142+0000] {processor.py:179} INFO - Processing /home/airflow/.local/lib/python3.7/site-packages/airflow/example_dags/example_branch_labels.py took 0.054 seconds
[2023-07-11T23:47:08.448+0000] {processor.py:157} INFO - Started process (PID=1653) to work on /home/airflow/.local/lib/python3.7/site-packages/airflow/example_dags/example_branch_labels.py
[2023-07-11T23:47:08.449+0000] {processor.py:826} INFO - Processing file /home/airflow/.local/lib/python3.7/site-packages/airflow/example_dags/example_branch_labels.py for tasks to queue
[2023-07-11T23:47:08.450+0000] {logging_mixin.py:150} INFO - [2023-07-11T23:47:08.450+0000] {dagbag.py:541} INFO - Filling up the DagBag from /home/airflow/.local/lib/python3.7/site-packages/airflow/example_dags/example_branch_labels.py
[2023-07-11T23:47:08.456+0000] {processor.py:836} INFO - DAG(s) dict_keys(['example_branch_labels']) retrieved from /home/airflow/.local/lib/python3.7/site-packages/airflow/example_dags/example_branch_labels.py
[2023-07-11T23:47:08.471+0000] {logging_mixin.py:150} INFO - [2023-07-11T23:47:08.471+0000] {dag.py:2742} INFO - Sync 1 DAGs
[2023-07-11T23:47:08.490+0000] {logging_mixin.py:150} INFO - [2023-07-11T23:47:08.490+0000] {dag.py:3508} INFO - Setting next_dagrun for example_branch_labels to 2023-07-10T00:00:00+00:00, run_after=2023-07-11T00:00:00+00:00
[2023-07-11T23:47:08.500+0000] {processor.py:179} INFO - Processing /home/airflow/.local/lib/python3.7/site-packages/airflow/example_dags/example_branch_labels.py took 0.054 seconds
