[2023-07-11T23:35:33.690+0000] {processor.py:157} INFO - Started process (PID=73) to work on /home/airflow/.local/lib/python3.7/site-packages/airflow/example_dags/example_complex.py
[2023-07-11T23:35:33.690+0000] {processor.py:826} INFO - Processing file /home/airflow/.local/lib/python3.7/site-packages/airflow/example_dags/example_complex.py for tasks to queue
[2023-07-11T23:35:33.691+0000] {logging_mixin.py:150} INFO - [2023-07-11T23:35:33.691+0000] {dagbag.py:541} INFO - Filling up the DagBag from /home/airflow/.local/lib/python3.7/site-packages/airflow/example_dags/example_complex.py
[2023-07-11T23:35:33.702+0000] {processor.py:836} INFO - DAG(s) dict_keys(['example_complex']) retrieved from /home/airflow/.local/lib/python3.7/site-packages/airflow/example_dags/example_complex.py
[2023-07-11T23:35:33.716+0000] {logging_mixin.py:150} INFO - [2023-07-11T23:35:33.716+0000] {dag.py:2742} INFO - Sync 1 DAGs
[2023-07-11T23:35:33.748+0000] {logging_mixin.py:150} INFO - [2023-07-11T23:35:33.748+0000] {dag.py:3508} INFO - Setting next_dagrun for example_complex to None, run_after=None
[2023-07-11T23:35:33.768+0000] {processor.py:179} INFO - Processing /home/airflow/.local/lib/python3.7/site-packages/airflow/example_dags/example_complex.py took 0.081 seconds
[2023-07-11T23:36:04.889+0000] {processor.py:157} INFO - Started process (PID=143) to work on /home/airflow/.local/lib/python3.7/site-packages/airflow/example_dags/example_complex.py
[2023-07-11T23:36:04.890+0000] {processor.py:826} INFO - Processing file /home/airflow/.local/lib/python3.7/site-packages/airflow/example_dags/example_complex.py for tasks to queue
[2023-07-11T23:36:04.890+0000] {logging_mixin.py:150} INFO - [2023-07-11T23:36:04.890+0000] {dagbag.py:541} INFO - Filling up the DagBag from /home/airflow/.local/lib/python3.7/site-packages/airflow/example_dags/example_complex.py
[2023-07-11T23:36:04.898+0000] {processor.py:836} INFO - DAG(s) dict_keys(['example_complex']) retrieved from /home/airflow/.local/lib/python3.7/site-packages/airflow/example_dags/example_complex.py
[2023-07-11T23:36:04.920+0000] {logging_mixin.py:150} INFO - [2023-07-11T23:36:04.920+0000] {dag.py:2742} INFO - Sync 1 DAGs
[2023-07-11T23:36:04.937+0000] {logging_mixin.py:150} INFO - [2023-07-11T23:36:04.937+0000] {dag.py:3508} INFO - Setting next_dagrun for example_complex to None, run_after=None
[2023-07-11T23:36:04.949+0000] {processor.py:179} INFO - Processing /home/airflow/.local/lib/python3.7/site-packages/airflow/example_dags/example_complex.py took 0.062 seconds
[2023-07-11T23:36:36.040+0000] {processor.py:157} INFO - Started process (PID=213) to work on /home/airflow/.local/lib/python3.7/site-packages/airflow/example_dags/example_complex.py
[2023-07-11T23:36:36.040+0000] {processor.py:826} INFO - Processing file /home/airflow/.local/lib/python3.7/site-packages/airflow/example_dags/example_complex.py for tasks to queue
[2023-07-11T23:36:36.041+0000] {logging_mixin.py:150} INFO - [2023-07-11T23:36:36.041+0000] {dagbag.py:541} INFO - Filling up the DagBag from /home/airflow/.local/lib/python3.7/site-packages/airflow/example_dags/example_complex.py
[2023-07-11T23:36:36.049+0000] {processor.py:836} INFO - DAG(s) dict_keys(['example_complex']) retrieved from /home/airflow/.local/lib/python3.7/site-packages/airflow/example_dags/example_complex.py
[2023-07-11T23:36:36.071+0000] {logging_mixin.py:150} INFO - [2023-07-11T23:36:36.071+0000] {dag.py:2742} INFO - Sync 1 DAGs
[2023-07-11T23:36:36.088+0000] {logging_mixin.py:150} INFO - [2023-07-11T23:36:36.088+0000] {dag.py:3508} INFO - Setting next_dagrun for example_complex to None, run_after=None
[2023-07-11T23:36:36.101+0000] {processor.py:179} INFO - Processing /home/airflow/.local/lib/python3.7/site-packages/airflow/example_dags/example_complex.py took 0.063 seconds
[2023-07-11T23:37:07.125+0000] {processor.py:157} INFO - Started process (PID=283) to work on /home/airflow/.local/lib/python3.7/site-packages/airflow/example_dags/example_complex.py
[2023-07-11T23:37:07.125+0000] {processor.py:826} INFO - Processing file /home/airflow/.local/lib/python3.7/site-packages/airflow/example_dags/example_complex.py for tasks to queue
[2023-07-11T23:37:07.126+0000] {logging_mixin.py:150} INFO - [2023-07-11T23:37:07.126+0000] {dagbag.py:541} INFO - Filling up the DagBag from /home/airflow/.local/lib/python3.7/site-packages/airflow/example_dags/example_complex.py
[2023-07-11T23:37:07.133+0000] {processor.py:836} INFO - DAG(s) dict_keys(['example_complex']) retrieved from /home/airflow/.local/lib/python3.7/site-packages/airflow/example_dags/example_complex.py
[2023-07-11T23:37:07.155+0000] {logging_mixin.py:150} INFO - [2023-07-11T23:37:07.155+0000] {dag.py:2742} INFO - Sync 1 DAGs
[2023-07-11T23:37:07.175+0000] {logging_mixin.py:150} INFO - [2023-07-11T23:37:07.175+0000] {dag.py:3508} INFO - Setting next_dagrun for example_complex to None, run_after=None
[2023-07-11T23:37:07.189+0000] {processor.py:179} INFO - Processing /home/airflow/.local/lib/python3.7/site-packages/airflow/example_dags/example_complex.py took 0.066 seconds
[2023-07-11T23:37:38.427+0000] {processor.py:157} INFO - Started process (PID=353) to work on /home/airflow/.local/lib/python3.7/site-packages/airflow/example_dags/example_complex.py
[2023-07-11T23:37:38.427+0000] {processor.py:826} INFO - Processing file /home/airflow/.local/lib/python3.7/site-packages/airflow/example_dags/example_complex.py for tasks to queue
[2023-07-11T23:37:38.428+0000] {logging_mixin.py:150} INFO - [2023-07-11T23:37:38.428+0000] {dagbag.py:541} INFO - Filling up the DagBag from /home/airflow/.local/lib/python3.7/site-packages/airflow/example_dags/example_complex.py
[2023-07-11T23:37:38.436+0000] {processor.py:836} INFO - DAG(s) dict_keys(['example_complex']) retrieved from /home/airflow/.local/lib/python3.7/site-packages/airflow/example_dags/example_complex.py
[2023-07-11T23:37:38.459+0000] {logging_mixin.py:150} INFO - [2023-07-11T23:37:38.459+0000] {dag.py:2742} INFO - Sync 1 DAGs
[2023-07-11T23:37:38.478+0000] {logging_mixin.py:150} INFO - [2023-07-11T23:37:38.477+0000] {dag.py:3508} INFO - Setting next_dagrun for example_complex to None, run_after=None
[2023-07-11T23:37:38.490+0000] {processor.py:179} INFO - Processing /home/airflow/.local/lib/python3.7/site-packages/airflow/example_dags/example_complex.py took 0.065 seconds
[2023-07-11T23:38:09.484+0000] {processor.py:157} INFO - Started process (PID=423) to work on /home/airflow/.local/lib/python3.7/site-packages/airflow/example_dags/example_complex.py
[2023-07-11T23:38:09.485+0000] {processor.py:826} INFO - Processing file /home/airflow/.local/lib/python3.7/site-packages/airflow/example_dags/example_complex.py for tasks to queue
[2023-07-11T23:38:09.485+0000] {logging_mixin.py:150} INFO - [2023-07-11T23:38:09.485+0000] {dagbag.py:541} INFO - Filling up the DagBag from /home/airflow/.local/lib/python3.7/site-packages/airflow/example_dags/example_complex.py
[2023-07-11T23:38:09.493+0000] {processor.py:836} INFO - DAG(s) dict_keys(['example_complex']) retrieved from /home/airflow/.local/lib/python3.7/site-packages/airflow/example_dags/example_complex.py
[2023-07-11T23:38:09.518+0000] {logging_mixin.py:150} INFO - [2023-07-11T23:38:09.518+0000] {dag.py:2742} INFO - Sync 1 DAGs
[2023-07-11T23:38:09.537+0000] {logging_mixin.py:150} INFO - [2023-07-11T23:38:09.537+0000] {dag.py:3508} INFO - Setting next_dagrun for example_complex to None, run_after=None
[2023-07-11T23:38:09.551+0000] {processor.py:179} INFO - Processing /home/airflow/.local/lib/python3.7/site-packages/airflow/example_dags/example_complex.py took 0.069 seconds
[2023-07-11T23:38:39.951+0000] {processor.py:157} INFO - Started process (PID=493) to work on /home/airflow/.local/lib/python3.7/site-packages/airflow/example_dags/example_complex.py
[2023-07-11T23:38:39.952+0000] {processor.py:826} INFO - Processing file /home/airflow/.local/lib/python3.7/site-packages/airflow/example_dags/example_complex.py for tasks to queue
[2023-07-11T23:38:39.952+0000] {logging_mixin.py:150} INFO - [2023-07-11T23:38:39.952+0000] {dagbag.py:541} INFO - Filling up the DagBag from /home/airflow/.local/lib/python3.7/site-packages/airflow/example_dags/example_complex.py
[2023-07-11T23:38:39.961+0000] {processor.py:836} INFO - DAG(s) dict_keys(['example_complex']) retrieved from /home/airflow/.local/lib/python3.7/site-packages/airflow/example_dags/example_complex.py
[2023-07-11T23:38:39.984+0000] {logging_mixin.py:150} INFO - [2023-07-11T23:38:39.984+0000] {dag.py:2742} INFO - Sync 1 DAGs
[2023-07-11T23:38:40.002+0000] {logging_mixin.py:150} INFO - [2023-07-11T23:38:40.002+0000] {dag.py:3508} INFO - Setting next_dagrun for example_complex to None, run_after=None
[2023-07-11T23:38:40.016+0000] {processor.py:179} INFO - Processing /home/airflow/.local/lib/python3.7/site-packages/airflow/example_dags/example_complex.py took 0.067 seconds
[2023-07-11T23:39:10.330+0000] {processor.py:157} INFO - Started process (PID=563) to work on /home/airflow/.local/lib/python3.7/site-packages/airflow/example_dags/example_complex.py
[2023-07-11T23:39:10.331+0000] {processor.py:826} INFO - Processing file /home/airflow/.local/lib/python3.7/site-packages/airflow/example_dags/example_complex.py for tasks to queue
[2023-07-11T23:39:10.331+0000] {logging_mixin.py:150} INFO - [2023-07-11T23:39:10.331+0000] {dagbag.py:541} INFO - Filling up the DagBag from /home/airflow/.local/lib/python3.7/site-packages/airflow/example_dags/example_complex.py
[2023-07-11T23:39:10.339+0000] {processor.py:836} INFO - DAG(s) dict_keys(['example_complex']) retrieved from /home/airflow/.local/lib/python3.7/site-packages/airflow/example_dags/example_complex.py
[2023-07-11T23:39:10.362+0000] {logging_mixin.py:150} INFO - [2023-07-11T23:39:10.361+0000] {dag.py:2742} INFO - Sync 1 DAGs
[2023-07-11T23:39:10.379+0000] {logging_mixin.py:150} INFO - [2023-07-11T23:39:10.379+0000] {dag.py:3508} INFO - Setting next_dagrun for example_complex to None, run_after=None
[2023-07-11T23:39:10.392+0000] {processor.py:179} INFO - Processing /home/airflow/.local/lib/python3.7/site-packages/airflow/example_dags/example_complex.py took 0.063 seconds
[2023-07-11T23:39:41.385+0000] {processor.py:157} INFO - Started process (PID=633) to work on /home/airflow/.local/lib/python3.7/site-packages/airflow/example_dags/example_complex.py
[2023-07-11T23:39:41.386+0000] {processor.py:826} INFO - Processing file /home/airflow/.local/lib/python3.7/site-packages/airflow/example_dags/example_complex.py for tasks to queue
[2023-07-11T23:39:41.386+0000] {logging_mixin.py:150} INFO - [2023-07-11T23:39:41.386+0000] {dagbag.py:541} INFO - Filling up the DagBag from /home/airflow/.local/lib/python3.7/site-packages/airflow/example_dags/example_complex.py
[2023-07-11T23:39:41.393+0000] {processor.py:836} INFO - DAG(s) dict_keys(['example_complex']) retrieved from /home/airflow/.local/lib/python3.7/site-packages/airflow/example_dags/example_complex.py
[2023-07-11T23:39:41.418+0000] {logging_mixin.py:150} INFO - [2023-07-11T23:39:41.418+0000] {dag.py:2742} INFO - Sync 1 DAGs
[2023-07-11T23:39:41.436+0000] {logging_mixin.py:150} INFO - [2023-07-11T23:39:41.436+0000] {dag.py:3508} INFO - Setting next_dagrun for example_complex to None, run_after=None
[2023-07-11T23:39:41.449+0000] {processor.py:179} INFO - Processing /home/airflow/.local/lib/python3.7/site-packages/airflow/example_dags/example_complex.py took 0.066 seconds
[2023-07-11T23:40:11.687+0000] {processor.py:157} INFO - Started process (PID=703) to work on /home/airflow/.local/lib/python3.7/site-packages/airflow/example_dags/example_complex.py
[2023-07-11T23:40:11.687+0000] {processor.py:826} INFO - Processing file /home/airflow/.local/lib/python3.7/site-packages/airflow/example_dags/example_complex.py for tasks to queue
[2023-07-11T23:40:11.688+0000] {logging_mixin.py:150} INFO - [2023-07-11T23:40:11.688+0000] {dagbag.py:541} INFO - Filling up the DagBag from /home/airflow/.local/lib/python3.7/site-packages/airflow/example_dags/example_complex.py
[2023-07-11T23:40:11.696+0000] {processor.py:836} INFO - DAG(s) dict_keys(['example_complex']) retrieved from /home/airflow/.local/lib/python3.7/site-packages/airflow/example_dags/example_complex.py
[2023-07-11T23:40:11.721+0000] {logging_mixin.py:150} INFO - [2023-07-11T23:40:11.721+0000] {dag.py:2742} INFO - Sync 1 DAGs
[2023-07-11T23:40:11.742+0000] {logging_mixin.py:150} INFO - [2023-07-11T23:40:11.742+0000] {dag.py:3508} INFO - Setting next_dagrun for example_complex to None, run_after=None
[2023-07-11T23:40:11.761+0000] {processor.py:179} INFO - Processing /home/airflow/.local/lib/python3.7/site-packages/airflow/example_dags/example_complex.py took 0.076 seconds
[2023-07-11T23:40:42.312+0000] {processor.py:157} INFO - Started process (PID=773) to work on /home/airflow/.local/lib/python3.7/site-packages/airflow/example_dags/example_complex.py
[2023-07-11T23:40:42.312+0000] {processor.py:826} INFO - Processing file /home/airflow/.local/lib/python3.7/site-packages/airflow/example_dags/example_complex.py for tasks to queue
[2023-07-11T23:40:42.313+0000] {logging_mixin.py:150} INFO - [2023-07-11T23:40:42.312+0000] {dagbag.py:541} INFO - Filling up the DagBag from /home/airflow/.local/lib/python3.7/site-packages/airflow/example_dags/example_complex.py
[2023-07-11T23:40:42.321+0000] {processor.py:836} INFO - DAG(s) dict_keys(['example_complex']) retrieved from /home/airflow/.local/lib/python3.7/site-packages/airflow/example_dags/example_complex.py
[2023-07-11T23:40:42.344+0000] {logging_mixin.py:150} INFO - [2023-07-11T23:40:42.344+0000] {dag.py:2742} INFO - Sync 1 DAGs
[2023-07-11T23:40:42.361+0000] {logging_mixin.py:150} INFO - [2023-07-11T23:40:42.361+0000] {dag.py:3508} INFO - Setting next_dagrun for example_complex to None, run_after=None
[2023-07-11T23:40:42.375+0000] {processor.py:179} INFO - Processing /home/airflow/.local/lib/python3.7/site-packages/airflow/example_dags/example_complex.py took 0.065 seconds
[2023-07-11T23:41:12.554+0000] {processor.py:157} INFO - Started process (PID=843) to work on /home/airflow/.local/lib/python3.7/site-packages/airflow/example_dags/example_complex.py
[2023-07-11T23:41:12.554+0000] {processor.py:826} INFO - Processing file /home/airflow/.local/lib/python3.7/site-packages/airflow/example_dags/example_complex.py for tasks to queue
[2023-07-11T23:41:12.555+0000] {logging_mixin.py:150} INFO - [2023-07-11T23:41:12.555+0000] {dagbag.py:541} INFO - Filling up the DagBag from /home/airflow/.local/lib/python3.7/site-packages/airflow/example_dags/example_complex.py
[2023-07-11T23:41:12.563+0000] {processor.py:836} INFO - DAG(s) dict_keys(['example_complex']) retrieved from /home/airflow/.local/lib/python3.7/site-packages/airflow/example_dags/example_complex.py
[2023-07-11T23:41:12.586+0000] {logging_mixin.py:150} INFO - [2023-07-11T23:41:12.585+0000] {dag.py:2742} INFO - Sync 1 DAGs
[2023-07-11T23:41:12.603+0000] {logging_mixin.py:150} INFO - [2023-07-11T23:41:12.603+0000] {dag.py:3508} INFO - Setting next_dagrun for example_complex to None, run_after=None
[2023-07-11T23:41:12.616+0000] {processor.py:179} INFO - Processing /home/airflow/.local/lib/python3.7/site-packages/airflow/example_dags/example_complex.py took 0.064 seconds
[2023-07-11T23:41:43.784+0000] {processor.py:157} INFO - Started process (PID=913) to work on /home/airflow/.local/lib/python3.7/site-packages/airflow/example_dags/example_complex.py
[2023-07-11T23:41:43.785+0000] {processor.py:826} INFO - Processing file /home/airflow/.local/lib/python3.7/site-packages/airflow/example_dags/example_complex.py for tasks to queue
[2023-07-11T23:41:43.785+0000] {logging_mixin.py:150} INFO - [2023-07-11T23:41:43.785+0000] {dagbag.py:541} INFO - Filling up the DagBag from /home/airflow/.local/lib/python3.7/site-packages/airflow/example_dags/example_complex.py
[2023-07-11T23:41:43.793+0000] {processor.py:836} INFO - DAG(s) dict_keys(['example_complex']) retrieved from /home/airflow/.local/lib/python3.7/site-packages/airflow/example_dags/example_complex.py
[2023-07-11T23:41:43.816+0000] {logging_mixin.py:150} INFO - [2023-07-11T23:41:43.815+0000] {dag.py:2742} INFO - Sync 1 DAGs
[2023-07-11T23:41:43.833+0000] {logging_mixin.py:150} INFO - [2023-07-11T23:41:43.833+0000] {dag.py:3508} INFO - Setting next_dagrun for example_complex to None, run_after=None
[2023-07-11T23:41:43.847+0000] {processor.py:179} INFO - Processing /home/airflow/.local/lib/python3.7/site-packages/airflow/example_dags/example_complex.py took 0.065 seconds
[2023-07-11T23:42:15.047+0000] {processor.py:157} INFO - Started process (PID=983) to work on /home/airflow/.local/lib/python3.7/site-packages/airflow/example_dags/example_complex.py
[2023-07-11T23:42:15.048+0000] {processor.py:826} INFO - Processing file /home/airflow/.local/lib/python3.7/site-packages/airflow/example_dags/example_complex.py for tasks to queue
[2023-07-11T23:42:15.048+0000] {logging_mixin.py:150} INFO - [2023-07-11T23:42:15.048+0000] {dagbag.py:541} INFO - Filling up the DagBag from /home/airflow/.local/lib/python3.7/site-packages/airflow/example_dags/example_complex.py
[2023-07-11T23:42:15.056+0000] {processor.py:836} INFO - DAG(s) dict_keys(['example_complex']) retrieved from /home/airflow/.local/lib/python3.7/site-packages/airflow/example_dags/example_complex.py
[2023-07-11T23:42:15.078+0000] {logging_mixin.py:150} INFO - [2023-07-11T23:42:15.078+0000] {dag.py:2742} INFO - Sync 1 DAGs
[2023-07-11T23:42:15.096+0000] {logging_mixin.py:150} INFO - [2023-07-11T23:42:15.096+0000] {dag.py:3508} INFO - Setting next_dagrun for example_complex to None, run_after=None
[2023-07-11T23:42:15.109+0000] {processor.py:179} INFO - Processing /home/airflow/.local/lib/python3.7/site-packages/airflow/example_dags/example_complex.py took 0.063 seconds
[2023-07-11T23:42:45.387+0000] {processor.py:157} INFO - Started process (PID=1053) to work on /home/airflow/.local/lib/python3.7/site-packages/airflow/example_dags/example_complex.py
[2023-07-11T23:42:45.387+0000] {processor.py:826} INFO - Processing file /home/airflow/.local/lib/python3.7/site-packages/airflow/example_dags/example_complex.py for tasks to queue
[2023-07-11T23:42:45.388+0000] {logging_mixin.py:150} INFO - [2023-07-11T23:42:45.387+0000] {dagbag.py:541} INFO - Filling up the DagBag from /home/airflow/.local/lib/python3.7/site-packages/airflow/example_dags/example_complex.py
[2023-07-11T23:42:45.396+0000] {processor.py:836} INFO - DAG(s) dict_keys(['example_complex']) retrieved from /home/airflow/.local/lib/python3.7/site-packages/airflow/example_dags/example_complex.py
[2023-07-11T23:42:45.420+0000] {logging_mixin.py:150} INFO - [2023-07-11T23:42:45.420+0000] {dag.py:2742} INFO - Sync 1 DAGs
[2023-07-11T23:42:45.439+0000] {logging_mixin.py:150} INFO - [2023-07-11T23:42:45.439+0000] {dag.py:3508} INFO - Setting next_dagrun for example_complex to None, run_after=None
[2023-07-11T23:42:45.454+0000] {processor.py:179} INFO - Processing /home/airflow/.local/lib/python3.7/site-packages/airflow/example_dags/example_complex.py took 0.069 seconds
[2023-07-11T23:43:16.143+0000] {processor.py:157} INFO - Started process (PID=1123) to work on /home/airflow/.local/lib/python3.7/site-packages/airflow/example_dags/example_complex.py
[2023-07-11T23:43:16.144+0000] {processor.py:826} INFO - Processing file /home/airflow/.local/lib/python3.7/site-packages/airflow/example_dags/example_complex.py for tasks to queue
[2023-07-11T23:43:16.144+0000] {logging_mixin.py:150} INFO - [2023-07-11T23:43:16.144+0000] {dagbag.py:541} INFO - Filling up the DagBag from /home/airflow/.local/lib/python3.7/site-packages/airflow/example_dags/example_complex.py
[2023-07-11T23:43:16.151+0000] {processor.py:836} INFO - DAG(s) dict_keys(['example_complex']) retrieved from /home/airflow/.local/lib/python3.7/site-packages/airflow/example_dags/example_complex.py
[2023-07-11T23:43:16.173+0000] {logging_mixin.py:150} INFO - [2023-07-11T23:43:16.173+0000] {dag.py:2742} INFO - Sync 1 DAGs
[2023-07-11T23:43:16.191+0000] {logging_mixin.py:150} INFO - [2023-07-11T23:43:16.190+0000] {dag.py:3508} INFO - Setting next_dagrun for example_complex to None, run_after=None
[2023-07-11T23:43:16.202+0000] {processor.py:179} INFO - Processing /home/airflow/.local/lib/python3.7/site-packages/airflow/example_dags/example_complex.py took 0.061 seconds
[2023-07-11T23:43:46.979+0000] {processor.py:157} INFO - Started process (PID=1193) to work on /home/airflow/.local/lib/python3.7/site-packages/airflow/example_dags/example_complex.py
[2023-07-11T23:43:46.980+0000] {processor.py:826} INFO - Processing file /home/airflow/.local/lib/python3.7/site-packages/airflow/example_dags/example_complex.py for tasks to queue
[2023-07-11T23:43:46.980+0000] {logging_mixin.py:150} INFO - [2023-07-11T23:43:46.980+0000] {dagbag.py:541} INFO - Filling up the DagBag from /home/airflow/.local/lib/python3.7/site-packages/airflow/example_dags/example_complex.py
[2023-07-11T23:43:46.988+0000] {processor.py:836} INFO - DAG(s) dict_keys(['example_complex']) retrieved from /home/airflow/.local/lib/python3.7/site-packages/airflow/example_dags/example_complex.py
[2023-07-11T23:43:47.010+0000] {logging_mixin.py:150} INFO - [2023-07-11T23:43:47.010+0000] {dag.py:2742} INFO - Sync 1 DAGs
[2023-07-11T23:43:47.027+0000] {logging_mixin.py:150} INFO - [2023-07-11T23:43:47.026+0000] {dag.py:3508} INFO - Setting next_dagrun for example_complex to None, run_after=None
[2023-07-11T23:43:47.038+0000] {processor.py:179} INFO - Processing /home/airflow/.local/lib/python3.7/site-packages/airflow/example_dags/example_complex.py took 0.061 seconds
[2023-07-11T23:44:17.314+0000] {processor.py:157} INFO - Started process (PID=1263) to work on /home/airflow/.local/lib/python3.7/site-packages/airflow/example_dags/example_complex.py
[2023-07-11T23:44:17.314+0000] {processor.py:826} INFO - Processing file /home/airflow/.local/lib/python3.7/site-packages/airflow/example_dags/example_complex.py for tasks to queue
[2023-07-11T23:44:17.315+0000] {logging_mixin.py:150} INFO - [2023-07-11T23:44:17.315+0000] {dagbag.py:541} INFO - Filling up the DagBag from /home/airflow/.local/lib/python3.7/site-packages/airflow/example_dags/example_complex.py
[2023-07-11T23:44:17.323+0000] {processor.py:836} INFO - DAG(s) dict_keys(['example_complex']) retrieved from /home/airflow/.local/lib/python3.7/site-packages/airflow/example_dags/example_complex.py
[2023-07-11T23:44:17.347+0000] {logging_mixin.py:150} INFO - [2023-07-11T23:44:17.347+0000] {dag.py:2742} INFO - Sync 1 DAGs
[2023-07-11T23:44:17.365+0000] {logging_mixin.py:150} INFO - [2023-07-11T23:44:17.365+0000] {dag.py:3508} INFO - Setting next_dagrun for example_complex to None, run_after=None
[2023-07-11T23:44:17.378+0000] {processor.py:179} INFO - Processing /home/airflow/.local/lib/python3.7/site-packages/airflow/example_dags/example_complex.py took 0.066 seconds
[2023-07-11T23:44:47.728+0000] {processor.py:157} INFO - Started process (PID=1333) to work on /home/airflow/.local/lib/python3.7/site-packages/airflow/example_dags/example_complex.py
[2023-07-11T23:44:47.728+0000] {processor.py:826} INFO - Processing file /home/airflow/.local/lib/python3.7/site-packages/airflow/example_dags/example_complex.py for tasks to queue
[2023-07-11T23:44:47.729+0000] {logging_mixin.py:150} INFO - [2023-07-11T23:44:47.728+0000] {dagbag.py:541} INFO - Filling up the DagBag from /home/airflow/.local/lib/python3.7/site-packages/airflow/example_dags/example_complex.py
[2023-07-11T23:44:47.736+0000] {processor.py:836} INFO - DAG(s) dict_keys(['example_complex']) retrieved from /home/airflow/.local/lib/python3.7/site-packages/airflow/example_dags/example_complex.py
[2023-07-11T23:44:47.759+0000] {logging_mixin.py:150} INFO - [2023-07-11T23:44:47.759+0000] {dag.py:2742} INFO - Sync 1 DAGs
[2023-07-11T23:44:47.782+0000] {logging_mixin.py:150} INFO - [2023-07-11T23:44:47.782+0000] {dag.py:3508} INFO - Setting next_dagrun for example_complex to None, run_after=None
[2023-07-11T23:44:47.794+0000] {processor.py:179} INFO - Processing /home/airflow/.local/lib/python3.7/site-packages/airflow/example_dags/example_complex.py took 0.068 seconds
[2023-07-11T23:45:18.229+0000] {processor.py:157} INFO - Started process (PID=1403) to work on /home/airflow/.local/lib/python3.7/site-packages/airflow/example_dags/example_complex.py
[2023-07-11T23:45:18.230+0000] {processor.py:826} INFO - Processing file /home/airflow/.local/lib/python3.7/site-packages/airflow/example_dags/example_complex.py for tasks to queue
[2023-07-11T23:45:18.230+0000] {logging_mixin.py:150} INFO - [2023-07-11T23:45:18.230+0000] {dagbag.py:541} INFO - Filling up the DagBag from /home/airflow/.local/lib/python3.7/site-packages/airflow/example_dags/example_complex.py
[2023-07-11T23:45:18.238+0000] {processor.py:836} INFO - DAG(s) dict_keys(['example_complex']) retrieved from /home/airflow/.local/lib/python3.7/site-packages/airflow/example_dags/example_complex.py
[2023-07-11T23:45:18.260+0000] {logging_mixin.py:150} INFO - [2023-07-11T23:45:18.260+0000] {dag.py:2742} INFO - Sync 1 DAGs
[2023-07-11T23:45:18.278+0000] {logging_mixin.py:150} INFO - [2023-07-11T23:45:18.277+0000] {dag.py:3508} INFO - Setting next_dagrun for example_complex to None, run_after=None
[2023-07-11T23:45:18.291+0000] {processor.py:179} INFO - Processing /home/airflow/.local/lib/python3.7/site-packages/airflow/example_dags/example_complex.py took 0.063 seconds
[2023-07-11T23:45:49.027+0000] {processor.py:157} INFO - Started process (PID=1473) to work on /home/airflow/.local/lib/python3.7/site-packages/airflow/example_dags/example_complex.py
[2023-07-11T23:45:49.027+0000] {processor.py:826} INFO - Processing file /home/airflow/.local/lib/python3.7/site-packages/airflow/example_dags/example_complex.py for tasks to queue
[2023-07-11T23:45:49.028+0000] {logging_mixin.py:150} INFO - [2023-07-11T23:45:49.027+0000] {dagbag.py:541} INFO - Filling up the DagBag from /home/airflow/.local/lib/python3.7/site-packages/airflow/example_dags/example_complex.py
[2023-07-11T23:45:49.035+0000] {processor.py:836} INFO - DAG(s) dict_keys(['example_complex']) retrieved from /home/airflow/.local/lib/python3.7/site-packages/airflow/example_dags/example_complex.py
[2023-07-11T23:45:49.057+0000] {logging_mixin.py:150} INFO - [2023-07-11T23:45:49.057+0000] {dag.py:2742} INFO - Sync 1 DAGs
[2023-07-11T23:45:49.076+0000] {logging_mixin.py:150} INFO - [2023-07-11T23:45:49.075+0000] {dag.py:3508} INFO - Setting next_dagrun for example_complex to None, run_after=None
[2023-07-11T23:45:49.088+0000] {processor.py:179} INFO - Processing /home/airflow/.local/lib/python3.7/site-packages/airflow/example_dags/example_complex.py took 0.063 seconds
[2023-07-11T23:46:19.514+0000] {processor.py:157} INFO - Started process (PID=1543) to work on /home/airflow/.local/lib/python3.7/site-packages/airflow/example_dags/example_complex.py
[2023-07-11T23:46:19.514+0000] {processor.py:826} INFO - Processing file /home/airflow/.local/lib/python3.7/site-packages/airflow/example_dags/example_complex.py for tasks to queue
[2023-07-11T23:46:19.515+0000] {logging_mixin.py:150} INFO - [2023-07-11T23:46:19.515+0000] {dagbag.py:541} INFO - Filling up the DagBag from /home/airflow/.local/lib/python3.7/site-packages/airflow/example_dags/example_complex.py
[2023-07-11T23:46:19.523+0000] {processor.py:836} INFO - DAG(s) dict_keys(['example_complex']) retrieved from /home/airflow/.local/lib/python3.7/site-packages/airflow/example_dags/example_complex.py
[2023-07-11T23:46:19.547+0000] {logging_mixin.py:150} INFO - [2023-07-11T23:46:19.547+0000] {dag.py:2742} INFO - Sync 1 DAGs
[2023-07-11T23:46:19.565+0000] {logging_mixin.py:150} INFO - [2023-07-11T23:46:19.565+0000] {dag.py:3508} INFO - Setting next_dagrun for example_complex to None, run_after=None
[2023-07-11T23:46:19.577+0000] {processor.py:179} INFO - Processing /home/airflow/.local/lib/python3.7/site-packages/airflow/example_dags/example_complex.py took 0.065 seconds
[2023-07-11T23:46:50.439+0000] {processor.py:157} INFO - Started process (PID=1613) to work on /home/airflow/.local/lib/python3.7/site-packages/airflow/example_dags/example_complex.py
[2023-07-11T23:46:50.439+0000] {processor.py:826} INFO - Processing file /home/airflow/.local/lib/python3.7/site-packages/airflow/example_dags/example_complex.py for tasks to queue
[2023-07-11T23:46:50.440+0000] {logging_mixin.py:150} INFO - [2023-07-11T23:46:50.440+0000] {dagbag.py:541} INFO - Filling up the DagBag from /home/airflow/.local/lib/python3.7/site-packages/airflow/example_dags/example_complex.py
[2023-07-11T23:46:50.448+0000] {processor.py:836} INFO - DAG(s) dict_keys(['example_complex']) retrieved from /home/airflow/.local/lib/python3.7/site-packages/airflow/example_dags/example_complex.py
[2023-07-11T23:46:50.472+0000] {logging_mixin.py:150} INFO - [2023-07-11T23:46:50.472+0000] {dag.py:2742} INFO - Sync 1 DAGs
[2023-07-11T23:46:50.489+0000] {logging_mixin.py:150} INFO - [2023-07-11T23:46:50.489+0000] {dag.py:3508} INFO - Setting next_dagrun for example_complex to None, run_after=None
[2023-07-11T23:46:50.500+0000] {processor.py:179} INFO - Processing /home/airflow/.local/lib/python3.7/site-packages/airflow/example_dags/example_complex.py took 0.064 seconds
[2023-07-11T23:47:20.738+0000] {processor.py:157} INFO - Started process (PID=1683) to work on /home/airflow/.local/lib/python3.7/site-packages/airflow/example_dags/example_complex.py
[2023-07-11T23:47:20.738+0000] {processor.py:826} INFO - Processing file /home/airflow/.local/lib/python3.7/site-packages/airflow/example_dags/example_complex.py for tasks to queue
[2023-07-11T23:47:20.739+0000] {logging_mixin.py:150} INFO - [2023-07-11T23:47:20.738+0000] {dagbag.py:541} INFO - Filling up the DagBag from /home/airflow/.local/lib/python3.7/site-packages/airflow/example_dags/example_complex.py
[2023-07-11T23:47:20.746+0000] {processor.py:836} INFO - DAG(s) dict_keys(['example_complex']) retrieved from /home/airflow/.local/lib/python3.7/site-packages/airflow/example_dags/example_complex.py
[2023-07-11T23:47:20.768+0000] {logging_mixin.py:150} INFO - [2023-07-11T23:47:20.768+0000] {dag.py:2742} INFO - Sync 1 DAGs
[2023-07-11T23:47:20.786+0000] {logging_mixin.py:150} INFO - [2023-07-11T23:47:20.786+0000] {dag.py:3508} INFO - Setting next_dagrun for example_complex to None, run_after=None
[2023-07-11T23:47:20.797+0000] {processor.py:179} INFO - Processing /home/airflow/.local/lib/python3.7/site-packages/airflow/example_dags/example_complex.py took 0.061 seconds
