[2023-07-11T23:35:33.197+0000] {processor.py:157} INFO - Started process (PID=61) to work on /home/airflow/.local/lib/python3.7/site-packages/airflow/example_dags/example_branch_day_of_week_operator.py
[2023-07-11T23:35:33.197+0000] {processor.py:826} INFO - Processing file /home/airflow/.local/lib/python3.7/site-packages/airflow/example_dags/example_branch_day_of_week_operator.py for tasks to queue
[2023-07-11T23:35:33.198+0000] {logging_mixin.py:150} INFO - [2023-07-11T23:35:33.198+0000] {dagbag.py:541} INFO - Filling up the DagBag from /home/airflow/.local/lib/python3.7/site-packages/airflow/example_dags/example_branch_day_of_week_operator.py
[2023-07-11T23:35:33.205+0000] {processor.py:836} INFO - DAG(s) dict_keys(['example_weekday_branch_operator']) retrieved from /home/airflow/.local/lib/python3.7/site-packages/airflow/example_dags/example_branch_day_of_week_operator.py
[2023-07-11T23:35:33.215+0000] {logging_mixin.py:150} INFO - [2023-07-11T23:35:33.215+0000] {dag.py:2742} INFO - Sync 1 DAGs
[2023-07-11T23:35:33.239+0000] {logging_mixin.py:150} INFO - [2023-07-11T23:35:33.238+0000] {dag.py:3508} INFO - Setting next_dagrun for example_weekday_branch_operator to 2023-07-10T00:00:00+00:00, run_after=2023-07-11T00:00:00+00:00
[2023-07-11T23:35:33.256+0000] {processor.py:179} INFO - Processing /home/airflow/.local/lib/python3.7/site-packages/airflow/example_dags/example_branch_day_of_week_operator.py took 0.062 seconds
[2023-07-11T23:36:04.320+0000] {processor.py:157} INFO - Started process (PID=131) to work on /home/airflow/.local/lib/python3.7/site-packages/airflow/example_dags/example_branch_day_of_week_operator.py
[2023-07-11T23:36:04.320+0000] {processor.py:826} INFO - Processing file /home/airflow/.local/lib/python3.7/site-packages/airflow/example_dags/example_branch_day_of_week_operator.py for tasks to queue
[2023-07-11T23:36:04.321+0000] {logging_mixin.py:150} INFO - [2023-07-11T23:36:04.321+0000] {dagbag.py:541} INFO - Filling up the DagBag from /home/airflow/.local/lib/python3.7/site-packages/airflow/example_dags/example_branch_day_of_week_operator.py
[2023-07-11T23:36:04.325+0000] {processor.py:836} INFO - DAG(s) dict_keys(['example_weekday_branch_operator']) retrieved from /home/airflow/.local/lib/python3.7/site-packages/airflow/example_dags/example_branch_day_of_week_operator.py
[2023-07-11T23:36:04.341+0000] {logging_mixin.py:150} INFO - [2023-07-11T23:36:04.341+0000] {dag.py:2742} INFO - Sync 1 DAGs
[2023-07-11T23:36:04.359+0000] {logging_mixin.py:150} INFO - [2023-07-11T23:36:04.359+0000] {dag.py:3508} INFO - Setting next_dagrun for example_weekday_branch_operator to 2023-07-10T00:00:00+00:00, run_after=2023-07-11T00:00:00+00:00
[2023-07-11T23:36:04.373+0000] {processor.py:179} INFO - Processing /home/airflow/.local/lib/python3.7/site-packages/airflow/example_dags/example_branch_day_of_week_operator.py took 0.054 seconds
[2023-07-11T23:36:35.471+0000] {processor.py:157} INFO - Started process (PID=201) to work on /home/airflow/.local/lib/python3.7/site-packages/airflow/example_dags/example_branch_day_of_week_operator.py
[2023-07-11T23:36:35.471+0000] {processor.py:826} INFO - Processing file /home/airflow/.local/lib/python3.7/site-packages/airflow/example_dags/example_branch_day_of_week_operator.py for tasks to queue
[2023-07-11T23:36:35.472+0000] {logging_mixin.py:150} INFO - [2023-07-11T23:36:35.472+0000] {dagbag.py:541} INFO - Filling up the DagBag from /home/airflow/.local/lib/python3.7/site-packages/airflow/example_dags/example_branch_day_of_week_operator.py
[2023-07-11T23:36:35.478+0000] {processor.py:836} INFO - DAG(s) dict_keys(['example_weekday_branch_operator']) retrieved from /home/airflow/.local/lib/python3.7/site-packages/airflow/example_dags/example_branch_day_of_week_operator.py
[2023-07-11T23:36:35.495+0000] {logging_mixin.py:150} INFO - [2023-07-11T23:36:35.495+0000] {dag.py:2742} INFO - Sync 1 DAGs
[2023-07-11T23:36:35.516+0000] {logging_mixin.py:150} INFO - [2023-07-11T23:36:35.516+0000] {dag.py:3508} INFO - Setting next_dagrun for example_weekday_branch_operator to 2023-07-10T00:00:00+00:00, run_after=2023-07-11T00:00:00+00:00
[2023-07-11T23:36:35.532+0000] {processor.py:179} INFO - Processing /home/airflow/.local/lib/python3.7/site-packages/airflow/example_dags/example_branch_day_of_week_operator.py took 0.064 seconds
[2023-07-11T23:37:06.663+0000] {processor.py:157} INFO - Started process (PID=271) to work on /home/airflow/.local/lib/python3.7/site-packages/airflow/example_dags/example_branch_day_of_week_operator.py
[2023-07-11T23:37:06.663+0000] {processor.py:826} INFO - Processing file /home/airflow/.local/lib/python3.7/site-packages/airflow/example_dags/example_branch_day_of_week_operator.py for tasks to queue
[2023-07-11T23:37:06.664+0000] {logging_mixin.py:150} INFO - [2023-07-11T23:37:06.664+0000] {dagbag.py:541} INFO - Filling up the DagBag from /home/airflow/.local/lib/python3.7/site-packages/airflow/example_dags/example_branch_day_of_week_operator.py
[2023-07-11T23:37:06.668+0000] {processor.py:836} INFO - DAG(s) dict_keys(['example_weekday_branch_operator']) retrieved from /home/airflow/.local/lib/python3.7/site-packages/airflow/example_dags/example_branch_day_of_week_operator.py
[2023-07-11T23:37:06.684+0000] {logging_mixin.py:150} INFO - [2023-07-11T23:37:06.684+0000] {dag.py:2742} INFO - Sync 1 DAGs
[2023-07-11T23:37:06.701+0000] {logging_mixin.py:150} INFO - [2023-07-11T23:37:06.701+0000] {dag.py:3508} INFO - Setting next_dagrun for example_weekday_branch_operator to 2023-07-10T00:00:00+00:00, run_after=2023-07-11T00:00:00+00:00
[2023-07-11T23:37:06.712+0000] {processor.py:179} INFO - Processing /home/airflow/.local/lib/python3.7/site-packages/airflow/example_dags/example_branch_day_of_week_operator.py took 0.051 seconds
[2023-07-11T23:37:37.846+0000] {processor.py:157} INFO - Started process (PID=341) to work on /home/airflow/.local/lib/python3.7/site-packages/airflow/example_dags/example_branch_day_of_week_operator.py
[2023-07-11T23:37:37.847+0000] {processor.py:826} INFO - Processing file /home/airflow/.local/lib/python3.7/site-packages/airflow/example_dags/example_branch_day_of_week_operator.py for tasks to queue
[2023-07-11T23:37:37.847+0000] {logging_mixin.py:150} INFO - [2023-07-11T23:37:37.847+0000] {dagbag.py:541} INFO - Filling up the DagBag from /home/airflow/.local/lib/python3.7/site-packages/airflow/example_dags/example_branch_day_of_week_operator.py
[2023-07-11T23:37:37.852+0000] {processor.py:836} INFO - DAG(s) dict_keys(['example_weekday_branch_operator']) retrieved from /home/airflow/.local/lib/python3.7/site-packages/airflow/example_dags/example_branch_day_of_week_operator.py
[2023-07-11T23:37:37.868+0000] {logging_mixin.py:150} INFO - [2023-07-11T23:37:37.868+0000] {dag.py:2742} INFO - Sync 1 DAGs
[2023-07-11T23:37:37.886+0000] {logging_mixin.py:150} INFO - [2023-07-11T23:37:37.886+0000] {dag.py:3508} INFO - Setting next_dagrun for example_weekday_branch_operator to 2023-07-10T00:00:00+00:00, run_after=2023-07-11T00:00:00+00:00
[2023-07-11T23:37:37.899+0000] {processor.py:179} INFO - Processing /home/airflow/.local/lib/python3.7/site-packages/airflow/example_dags/example_branch_day_of_week_operator.py took 0.055 seconds
[2023-07-11T23:38:08.982+0000] {processor.py:157} INFO - Started process (PID=411) to work on /home/airflow/.local/lib/python3.7/site-packages/airflow/example_dags/example_branch_day_of_week_operator.py
[2023-07-11T23:38:08.982+0000] {processor.py:826} INFO - Processing file /home/airflow/.local/lib/python3.7/site-packages/airflow/example_dags/example_branch_day_of_week_operator.py for tasks to queue
[2023-07-11T23:38:08.983+0000] {logging_mixin.py:150} INFO - [2023-07-11T23:38:08.983+0000] {dagbag.py:541} INFO - Filling up the DagBag from /home/airflow/.local/lib/python3.7/site-packages/airflow/example_dags/example_branch_day_of_week_operator.py
[2023-07-11T23:38:08.987+0000] {processor.py:836} INFO - DAG(s) dict_keys(['example_weekday_branch_operator']) retrieved from /home/airflow/.local/lib/python3.7/site-packages/airflow/example_dags/example_branch_day_of_week_operator.py
[2023-07-11T23:38:09.004+0000] {logging_mixin.py:150} INFO - [2023-07-11T23:38:09.004+0000] {dag.py:2742} INFO - Sync 1 DAGs
[2023-07-11T23:38:09.025+0000] {logging_mixin.py:150} INFO - [2023-07-11T23:38:09.025+0000] {dag.py:3508} INFO - Setting next_dagrun for example_weekday_branch_operator to 2023-07-10T00:00:00+00:00, run_after=2023-07-11T00:00:00+00:00
[2023-07-11T23:38:09.039+0000] {processor.py:179} INFO - Processing /home/airflow/.local/lib/python3.7/site-packages/airflow/example_dags/example_branch_day_of_week_operator.py took 0.059 seconds
[2023-07-11T23:38:39.477+0000] {processor.py:157} INFO - Started process (PID=481) to work on /home/airflow/.local/lib/python3.7/site-packages/airflow/example_dags/example_branch_day_of_week_operator.py
[2023-07-11T23:38:39.477+0000] {processor.py:826} INFO - Processing file /home/airflow/.local/lib/python3.7/site-packages/airflow/example_dags/example_branch_day_of_week_operator.py for tasks to queue
[2023-07-11T23:38:39.478+0000] {logging_mixin.py:150} INFO - [2023-07-11T23:38:39.478+0000] {dagbag.py:541} INFO - Filling up the DagBag from /home/airflow/.local/lib/python3.7/site-packages/airflow/example_dags/example_branch_day_of_week_operator.py
[2023-07-11T23:38:39.482+0000] {processor.py:836} INFO - DAG(s) dict_keys(['example_weekday_branch_operator']) retrieved from /home/airflow/.local/lib/python3.7/site-packages/airflow/example_dags/example_branch_day_of_week_operator.py
[2023-07-11T23:38:39.498+0000] {logging_mixin.py:150} INFO - [2023-07-11T23:38:39.498+0000] {dag.py:2742} INFO - Sync 1 DAGs
[2023-07-11T23:38:39.516+0000] {logging_mixin.py:150} INFO - [2023-07-11T23:38:39.515+0000] {dag.py:3508} INFO - Setting next_dagrun for example_weekday_branch_operator to 2023-07-10T00:00:00+00:00, run_after=2023-07-11T00:00:00+00:00
[2023-07-11T23:38:39.528+0000] {processor.py:179} INFO - Processing /home/airflow/.local/lib/python3.7/site-packages/airflow/example_dags/example_branch_day_of_week_operator.py took 0.053 seconds
[2023-07-11T23:39:09.805+0000] {processor.py:157} INFO - Started process (PID=551) to work on /home/airflow/.local/lib/python3.7/site-packages/airflow/example_dags/example_branch_day_of_week_operator.py
[2023-07-11T23:39:09.806+0000] {processor.py:826} INFO - Processing file /home/airflow/.local/lib/python3.7/site-packages/airflow/example_dags/example_branch_day_of_week_operator.py for tasks to queue
[2023-07-11T23:39:09.806+0000] {logging_mixin.py:150} INFO - [2023-07-11T23:39:09.806+0000] {dagbag.py:541} INFO - Filling up the DagBag from /home/airflow/.local/lib/python3.7/site-packages/airflow/example_dags/example_branch_day_of_week_operator.py
[2023-07-11T23:39:09.812+0000] {processor.py:836} INFO - DAG(s) dict_keys(['example_weekday_branch_operator']) retrieved from /home/airflow/.local/lib/python3.7/site-packages/airflow/example_dags/example_branch_day_of_week_operator.py
[2023-07-11T23:39:09.833+0000] {logging_mixin.py:150} INFO - [2023-07-11T23:39:09.832+0000] {dag.py:2742} INFO - Sync 1 DAGs
[2023-07-11T23:39:09.852+0000] {logging_mixin.py:150} INFO - [2023-07-11T23:39:09.852+0000] {dag.py:3508} INFO - Setting next_dagrun for example_weekday_branch_operator to 2023-07-10T00:00:00+00:00, run_after=2023-07-11T00:00:00+00:00
[2023-07-11T23:39:09.865+0000] {processor.py:179} INFO - Processing /home/airflow/.local/lib/python3.7/site-packages/airflow/example_dags/example_branch_day_of_week_operator.py took 0.063 seconds
[2023-07-11T23:39:40.849+0000] {processor.py:157} INFO - Started process (PID=621) to work on /home/airflow/.local/lib/python3.7/site-packages/airflow/example_dags/example_branch_day_of_week_operator.py
[2023-07-11T23:39:40.849+0000] {processor.py:826} INFO - Processing file /home/airflow/.local/lib/python3.7/site-packages/airflow/example_dags/example_branch_day_of_week_operator.py for tasks to queue
[2023-07-11T23:39:40.850+0000] {logging_mixin.py:150} INFO - [2023-07-11T23:39:40.850+0000] {dagbag.py:541} INFO - Filling up the DagBag from /home/airflow/.local/lib/python3.7/site-packages/airflow/example_dags/example_branch_day_of_week_operator.py
[2023-07-11T23:39:40.855+0000] {processor.py:836} INFO - DAG(s) dict_keys(['example_weekday_branch_operator']) retrieved from /home/airflow/.local/lib/python3.7/site-packages/airflow/example_dags/example_branch_day_of_week_operator.py
[2023-07-11T23:39:40.870+0000] {logging_mixin.py:150} INFO - [2023-07-11T23:39:40.870+0000] {dag.py:2742} INFO - Sync 1 DAGs
[2023-07-11T23:39:40.892+0000] {logging_mixin.py:150} INFO - [2023-07-11T23:39:40.892+0000] {dag.py:3508} INFO - Setting next_dagrun for example_weekday_branch_operator to 2023-07-10T00:00:00+00:00, run_after=2023-07-11T00:00:00+00:00
[2023-07-11T23:39:40.906+0000] {processor.py:179} INFO - Processing /home/airflow/.local/lib/python3.7/site-packages/airflow/example_dags/example_branch_day_of_week_operator.py took 0.059 seconds
[2023-07-11T23:40:11.138+0000] {processor.py:157} INFO - Started process (PID=691) to work on /home/airflow/.local/lib/python3.7/site-packages/airflow/example_dags/example_branch_day_of_week_operator.py
[2023-07-11T23:40:11.139+0000] {processor.py:826} INFO - Processing file /home/airflow/.local/lib/python3.7/site-packages/airflow/example_dags/example_branch_day_of_week_operator.py for tasks to queue
[2023-07-11T23:40:11.139+0000] {logging_mixin.py:150} INFO - [2023-07-11T23:40:11.139+0000] {dagbag.py:541} INFO - Filling up the DagBag from /home/airflow/.local/lib/python3.7/site-packages/airflow/example_dags/example_branch_day_of_week_operator.py
[2023-07-11T23:40:11.145+0000] {processor.py:836} INFO - DAG(s) dict_keys(['example_weekday_branch_operator']) retrieved from /home/airflow/.local/lib/python3.7/site-packages/airflow/example_dags/example_branch_day_of_week_operator.py
[2023-07-11T23:40:11.171+0000] {logging_mixin.py:150} INFO - [2023-07-11T23:40:11.171+0000] {dag.py:2742} INFO - Sync 1 DAGs
[2023-07-11T23:40:11.193+0000] {logging_mixin.py:150} INFO - [2023-07-11T23:40:11.193+0000] {dag.py:3508} INFO - Setting next_dagrun for example_weekday_branch_operator to 2023-07-10T00:00:00+00:00, run_after=2023-07-11T00:00:00+00:00
[2023-07-11T23:40:11.207+0000] {processor.py:179} INFO - Processing /home/airflow/.local/lib/python3.7/site-packages/airflow/example_dags/example_branch_day_of_week_operator.py took 0.070 seconds
[2023-07-11T23:40:41.758+0000] {processor.py:157} INFO - Started process (PID=761) to work on /home/airflow/.local/lib/python3.7/site-packages/airflow/example_dags/example_branch_day_of_week_operator.py
[2023-07-11T23:40:41.758+0000] {processor.py:826} INFO - Processing file /home/airflow/.local/lib/python3.7/site-packages/airflow/example_dags/example_branch_day_of_week_operator.py for tasks to queue
[2023-07-11T23:40:41.759+0000] {logging_mixin.py:150} INFO - [2023-07-11T23:40:41.758+0000] {dagbag.py:541} INFO - Filling up the DagBag from /home/airflow/.local/lib/python3.7/site-packages/airflow/example_dags/example_branch_day_of_week_operator.py
[2023-07-11T23:40:41.763+0000] {processor.py:836} INFO - DAG(s) dict_keys(['example_weekday_branch_operator']) retrieved from /home/airflow/.local/lib/python3.7/site-packages/airflow/example_dags/example_branch_day_of_week_operator.py
[2023-07-11T23:40:41.780+0000] {logging_mixin.py:150} INFO - [2023-07-11T23:40:41.780+0000] {dag.py:2742} INFO - Sync 1 DAGs
[2023-07-11T23:40:41.799+0000] {logging_mixin.py:150} INFO - [2023-07-11T23:40:41.799+0000] {dag.py:3508} INFO - Setting next_dagrun for example_weekday_branch_operator to 2023-07-10T00:00:00+00:00, run_after=2023-07-11T00:00:00+00:00
[2023-07-11T23:40:41.812+0000] {processor.py:179} INFO - Processing /home/airflow/.local/lib/python3.7/site-packages/airflow/example_dags/example_branch_day_of_week_operator.py took 0.057 seconds
[2023-07-11T23:41:12.095+0000] {processor.py:157} INFO - Started process (PID=831) to work on /home/airflow/.local/lib/python3.7/site-packages/airflow/example_dags/example_branch_day_of_week_operator.py
[2023-07-11T23:41:12.095+0000] {processor.py:826} INFO - Processing file /home/airflow/.local/lib/python3.7/site-packages/airflow/example_dags/example_branch_day_of_week_operator.py for tasks to queue
[2023-07-11T23:41:12.096+0000] {logging_mixin.py:150} INFO - [2023-07-11T23:41:12.096+0000] {dagbag.py:541} INFO - Filling up the DagBag from /home/airflow/.local/lib/python3.7/site-packages/airflow/example_dags/example_branch_day_of_week_operator.py
[2023-07-11T23:41:12.100+0000] {processor.py:836} INFO - DAG(s) dict_keys(['example_weekday_branch_operator']) retrieved from /home/airflow/.local/lib/python3.7/site-packages/airflow/example_dags/example_branch_day_of_week_operator.py
[2023-07-11T23:41:12.116+0000] {logging_mixin.py:150} INFO - [2023-07-11T23:41:12.116+0000] {dag.py:2742} INFO - Sync 1 DAGs
[2023-07-11T23:41:12.134+0000] {logging_mixin.py:150} INFO - [2023-07-11T23:41:12.134+0000] {dag.py:3508} INFO - Setting next_dagrun for example_weekday_branch_operator to 2023-07-10T00:00:00+00:00, run_after=2023-07-11T00:00:00+00:00
[2023-07-11T23:41:12.147+0000] {processor.py:179} INFO - Processing /home/airflow/.local/lib/python3.7/site-packages/airflow/example_dags/example_branch_day_of_week_operator.py took 0.054 seconds
[2023-07-11T23:41:43.259+0000] {processor.py:157} INFO - Started process (PID=901) to work on /home/airflow/.local/lib/python3.7/site-packages/airflow/example_dags/example_branch_day_of_week_operator.py
[2023-07-11T23:41:43.259+0000] {processor.py:826} INFO - Processing file /home/airflow/.local/lib/python3.7/site-packages/airflow/example_dags/example_branch_day_of_week_operator.py for tasks to queue
[2023-07-11T23:41:43.259+0000] {logging_mixin.py:150} INFO - [2023-07-11T23:41:43.259+0000] {dagbag.py:541} INFO - Filling up the DagBag from /home/airflow/.local/lib/python3.7/site-packages/airflow/example_dags/example_branch_day_of_week_operator.py
[2023-07-11T23:41:43.264+0000] {processor.py:836} INFO - DAG(s) dict_keys(['example_weekday_branch_operator']) retrieved from /home/airflow/.local/lib/python3.7/site-packages/airflow/example_dags/example_branch_day_of_week_operator.py
[2023-07-11T23:41:43.281+0000] {logging_mixin.py:150} INFO - [2023-07-11T23:41:43.280+0000] {dag.py:2742} INFO - Sync 1 DAGs
[2023-07-11T23:41:43.298+0000] {logging_mixin.py:150} INFO - [2023-07-11T23:41:43.298+0000] {dag.py:3508} INFO - Setting next_dagrun for example_weekday_branch_operator to 2023-07-10T00:00:00+00:00, run_after=2023-07-11T00:00:00+00:00
[2023-07-11T23:41:43.310+0000] {processor.py:179} INFO - Processing /home/airflow/.local/lib/python3.7/site-packages/airflow/example_dags/example_branch_day_of_week_operator.py took 0.054 seconds
[2023-07-11T23:42:14.541+0000] {processor.py:157} INFO - Started process (PID=971) to work on /home/airflow/.local/lib/python3.7/site-packages/airflow/example_dags/example_branch_day_of_week_operator.py
[2023-07-11T23:42:14.541+0000] {processor.py:826} INFO - Processing file /home/airflow/.local/lib/python3.7/site-packages/airflow/example_dags/example_branch_day_of_week_operator.py for tasks to queue
[2023-07-11T23:42:14.542+0000] {logging_mixin.py:150} INFO - [2023-07-11T23:42:14.542+0000] {dagbag.py:541} INFO - Filling up the DagBag from /home/airflow/.local/lib/python3.7/site-packages/airflow/example_dags/example_branch_day_of_week_operator.py
[2023-07-11T23:42:14.548+0000] {processor.py:836} INFO - DAG(s) dict_keys(['example_weekday_branch_operator']) retrieved from /home/airflow/.local/lib/python3.7/site-packages/airflow/example_dags/example_branch_day_of_week_operator.py
[2023-07-11T23:42:14.569+0000] {logging_mixin.py:150} INFO - [2023-07-11T23:42:14.569+0000] {dag.py:2742} INFO - Sync 1 DAGs
[2023-07-11T23:42:14.589+0000] {logging_mixin.py:150} INFO - [2023-07-11T23:42:14.589+0000] {dag.py:3508} INFO - Setting next_dagrun for example_weekday_branch_operator to 2023-07-10T00:00:00+00:00, run_after=2023-07-11T00:00:00+00:00
[2023-07-11T23:42:14.604+0000] {processor.py:179} INFO - Processing /home/airflow/.local/lib/python3.7/site-packages/airflow/example_dags/example_branch_day_of_week_operator.py took 0.065 seconds
[2023-07-11T23:42:44.736+0000] {processor.py:157} INFO - Started process (PID=1041) to work on /home/airflow/.local/lib/python3.7/site-packages/airflow/example_dags/example_branch_day_of_week_operator.py
[2023-07-11T23:42:44.737+0000] {processor.py:826} INFO - Processing file /home/airflow/.local/lib/python3.7/site-packages/airflow/example_dags/example_branch_day_of_week_operator.py for tasks to queue
[2023-07-11T23:42:44.737+0000] {logging_mixin.py:150} INFO - [2023-07-11T23:42:44.737+0000] {dagbag.py:541} INFO - Filling up the DagBag from /home/airflow/.local/lib/python3.7/site-packages/airflow/example_dags/example_branch_day_of_week_operator.py
[2023-07-11T23:42:44.741+0000] {processor.py:836} INFO - DAG(s) dict_keys(['example_weekday_branch_operator']) retrieved from /home/airflow/.local/lib/python3.7/site-packages/airflow/example_dags/example_branch_day_of_week_operator.py
[2023-07-11T23:42:44.756+0000] {logging_mixin.py:150} INFO - [2023-07-11T23:42:44.756+0000] {dag.py:2742} INFO - Sync 1 DAGs
[2023-07-11T23:42:44.773+0000] {logging_mixin.py:150} INFO - [2023-07-11T23:42:44.773+0000] {dag.py:3508} INFO - Setting next_dagrun for example_weekday_branch_operator to 2023-07-10T00:00:00+00:00, run_after=2023-07-11T00:00:00+00:00
[2023-07-11T23:42:44.784+0000] {processor.py:179} INFO - Processing /home/airflow/.local/lib/python3.7/site-packages/airflow/example_dags/example_branch_day_of_week_operator.py took 0.049 seconds
[2023-07-11T23:43:15.723+0000] {processor.py:157} INFO - Started process (PID=1111) to work on /home/airflow/.local/lib/python3.7/site-packages/airflow/example_dags/example_branch_day_of_week_operator.py
[2023-07-11T23:43:15.723+0000] {processor.py:826} INFO - Processing file /home/airflow/.local/lib/python3.7/site-packages/airflow/example_dags/example_branch_day_of_week_operator.py for tasks to queue
[2023-07-11T23:43:15.724+0000] {logging_mixin.py:150} INFO - [2023-07-11T23:43:15.723+0000] {dagbag.py:541} INFO - Filling up the DagBag from /home/airflow/.local/lib/python3.7/site-packages/airflow/example_dags/example_branch_day_of_week_operator.py
[2023-07-11T23:43:15.728+0000] {processor.py:836} INFO - DAG(s) dict_keys(['example_weekday_branch_operator']) retrieved from /home/airflow/.local/lib/python3.7/site-packages/airflow/example_dags/example_branch_day_of_week_operator.py
[2023-07-11T23:43:15.743+0000] {logging_mixin.py:150} INFO - [2023-07-11T23:43:15.743+0000] {dag.py:2742} INFO - Sync 1 DAGs
[2023-07-11T23:43:15.760+0000] {logging_mixin.py:150} INFO - [2023-07-11T23:43:15.760+0000] {dag.py:3508} INFO - Setting next_dagrun for example_weekday_branch_operator to 2023-07-10T00:00:00+00:00, run_after=2023-07-11T00:00:00+00:00
[2023-07-11T23:43:15.772+0000] {processor.py:179} INFO - Processing /home/airflow/.local/lib/python3.7/site-packages/airflow/example_dags/example_branch_day_of_week_operator.py took 0.051 seconds
[2023-07-11T23:43:46.547+0000] {processor.py:157} INFO - Started process (PID=1181) to work on /home/airflow/.local/lib/python3.7/site-packages/airflow/example_dags/example_branch_day_of_week_operator.py
[2023-07-11T23:43:46.547+0000] {processor.py:826} INFO - Processing file /home/airflow/.local/lib/python3.7/site-packages/airflow/example_dags/example_branch_day_of_week_operator.py for tasks to queue
[2023-07-11T23:43:46.548+0000] {logging_mixin.py:150} INFO - [2023-07-11T23:43:46.548+0000] {dagbag.py:541} INFO - Filling up the DagBag from /home/airflow/.local/lib/python3.7/site-packages/airflow/example_dags/example_branch_day_of_week_operator.py
[2023-07-11T23:43:46.552+0000] {processor.py:836} INFO - DAG(s) dict_keys(['example_weekday_branch_operator']) retrieved from /home/airflow/.local/lib/python3.7/site-packages/airflow/example_dags/example_branch_day_of_week_operator.py
[2023-07-11T23:43:46.567+0000] {logging_mixin.py:150} INFO - [2023-07-11T23:43:46.567+0000] {dag.py:2742} INFO - Sync 1 DAGs
[2023-07-11T23:43:46.584+0000] {logging_mixin.py:150} INFO - [2023-07-11T23:43:46.584+0000] {dag.py:3508} INFO - Setting next_dagrun for example_weekday_branch_operator to 2023-07-10T00:00:00+00:00, run_after=2023-07-11T00:00:00+00:00
[2023-07-11T23:43:46.596+0000] {processor.py:179} INFO - Processing /home/airflow/.local/lib/python3.7/site-packages/airflow/example_dags/example_branch_day_of_week_operator.py took 0.051 seconds
[2023-07-11T23:44:16.841+0000] {processor.py:157} INFO - Started process (PID=1251) to work on /home/airflow/.local/lib/python3.7/site-packages/airflow/example_dags/example_branch_day_of_week_operator.py
[2023-07-11T23:44:16.842+0000] {processor.py:826} INFO - Processing file /home/airflow/.local/lib/python3.7/site-packages/airflow/example_dags/example_branch_day_of_week_operator.py for tasks to queue
[2023-07-11T23:44:16.842+0000] {logging_mixin.py:150} INFO - [2023-07-11T23:44:16.842+0000] {dagbag.py:541} INFO - Filling up the DagBag from /home/airflow/.local/lib/python3.7/site-packages/airflow/example_dags/example_branch_day_of_week_operator.py
[2023-07-11T23:44:16.847+0000] {processor.py:836} INFO - DAG(s) dict_keys(['example_weekday_branch_operator']) retrieved from /home/airflow/.local/lib/python3.7/site-packages/airflow/example_dags/example_branch_day_of_week_operator.py
[2023-07-11T23:44:16.861+0000] {logging_mixin.py:150} INFO - [2023-07-11T23:44:16.861+0000] {dag.py:2742} INFO - Sync 1 DAGs
[2023-07-11T23:44:16.879+0000] {logging_mixin.py:150} INFO - [2023-07-11T23:44:16.879+0000] {dag.py:3508} INFO - Setting next_dagrun for example_weekday_branch_operator to 2023-07-10T00:00:00+00:00, run_after=2023-07-11T00:00:00+00:00
[2023-07-11T23:44:16.890+0000] {processor.py:179} INFO - Processing /home/airflow/.local/lib/python3.7/site-packages/airflow/example_dags/example_branch_day_of_week_operator.py took 0.050 seconds
[2023-07-11T23:44:47.298+0000] {processor.py:157} INFO - Started process (PID=1321) to work on /home/airflow/.local/lib/python3.7/site-packages/airflow/example_dags/example_branch_day_of_week_operator.py
[2023-07-11T23:44:47.299+0000] {processor.py:826} INFO - Processing file /home/airflow/.local/lib/python3.7/site-packages/airflow/example_dags/example_branch_day_of_week_operator.py for tasks to queue
[2023-07-11T23:44:47.299+0000] {logging_mixin.py:150} INFO - [2023-07-11T23:44:47.299+0000] {dagbag.py:541} INFO - Filling up the DagBag from /home/airflow/.local/lib/python3.7/site-packages/airflow/example_dags/example_branch_day_of_week_operator.py
[2023-07-11T23:44:47.303+0000] {processor.py:836} INFO - DAG(s) dict_keys(['example_weekday_branch_operator']) retrieved from /home/airflow/.local/lib/python3.7/site-packages/airflow/example_dags/example_branch_day_of_week_operator.py
[2023-07-11T23:44:47.319+0000] {logging_mixin.py:150} INFO - [2023-07-11T23:44:47.319+0000] {dag.py:2742} INFO - Sync 1 DAGs
[2023-07-11T23:44:47.337+0000] {logging_mixin.py:150} INFO - [2023-07-11T23:44:47.337+0000] {dag.py:3508} INFO - Setting next_dagrun for example_weekday_branch_operator to 2023-07-10T00:00:00+00:00, run_after=2023-07-11T00:00:00+00:00
[2023-07-11T23:44:47.349+0000] {processor.py:179} INFO - Processing /home/airflow/.local/lib/python3.7/site-packages/airflow/example_dags/example_branch_day_of_week_operator.py took 0.053 seconds
[2023-07-11T23:45:17.738+0000] {processor.py:157} INFO - Started process (PID=1391) to work on /home/airflow/.local/lib/python3.7/site-packages/airflow/example_dags/example_branch_day_of_week_operator.py
[2023-07-11T23:45:17.738+0000] {processor.py:826} INFO - Processing file /home/airflow/.local/lib/python3.7/site-packages/airflow/example_dags/example_branch_day_of_week_operator.py for tasks to queue
[2023-07-11T23:45:17.739+0000] {logging_mixin.py:150} INFO - [2023-07-11T23:45:17.738+0000] {dagbag.py:541} INFO - Filling up the DagBag from /home/airflow/.local/lib/python3.7/site-packages/airflow/example_dags/example_branch_day_of_week_operator.py
[2023-07-11T23:45:17.743+0000] {processor.py:836} INFO - DAG(s) dict_keys(['example_weekday_branch_operator']) retrieved from /home/airflow/.local/lib/python3.7/site-packages/airflow/example_dags/example_branch_day_of_week_operator.py
[2023-07-11T23:45:17.759+0000] {logging_mixin.py:150} INFO - [2023-07-11T23:45:17.759+0000] {dag.py:2742} INFO - Sync 1 DAGs
[2023-07-11T23:45:17.778+0000] {logging_mixin.py:150} INFO - [2023-07-11T23:45:17.778+0000] {dag.py:3508} INFO - Setting next_dagrun for example_weekday_branch_operator to 2023-07-10T00:00:00+00:00, run_after=2023-07-11T00:00:00+00:00
[2023-07-11T23:45:17.791+0000] {processor.py:179} INFO - Processing /home/airflow/.local/lib/python3.7/site-packages/airflow/example_dags/example_branch_day_of_week_operator.py took 0.055 seconds
[2023-07-11T23:45:48.567+0000] {processor.py:157} INFO - Started process (PID=1461) to work on /home/airflow/.local/lib/python3.7/site-packages/airflow/example_dags/example_branch_day_of_week_operator.py
[2023-07-11T23:45:48.567+0000] {processor.py:826} INFO - Processing file /home/airflow/.local/lib/python3.7/site-packages/airflow/example_dags/example_branch_day_of_week_operator.py for tasks to queue
[2023-07-11T23:45:48.568+0000] {logging_mixin.py:150} INFO - [2023-07-11T23:45:48.568+0000] {dagbag.py:541} INFO - Filling up the DagBag from /home/airflow/.local/lib/python3.7/site-packages/airflow/example_dags/example_branch_day_of_week_operator.py
[2023-07-11T23:45:48.572+0000] {processor.py:836} INFO - DAG(s) dict_keys(['example_weekday_branch_operator']) retrieved from /home/airflow/.local/lib/python3.7/site-packages/airflow/example_dags/example_branch_day_of_week_operator.py
[2023-07-11T23:45:48.588+0000] {logging_mixin.py:150} INFO - [2023-07-11T23:45:48.587+0000] {dag.py:2742} INFO - Sync 1 DAGs
[2023-07-11T23:45:48.606+0000] {logging_mixin.py:150} INFO - [2023-07-11T23:45:48.606+0000] {dag.py:3508} INFO - Setting next_dagrun for example_weekday_branch_operator to 2023-07-10T00:00:00+00:00, run_after=2023-07-11T00:00:00+00:00
[2023-07-11T23:45:48.617+0000] {processor.py:179} INFO - Processing /home/airflow/.local/lib/python3.7/site-packages/airflow/example_dags/example_branch_day_of_week_operator.py took 0.052 seconds
[2023-07-11T23:46:18.926+0000] {processor.py:157} INFO - Started process (PID=1531) to work on /home/airflow/.local/lib/python3.7/site-packages/airflow/example_dags/example_branch_day_of_week_operator.py
[2023-07-11T23:46:18.926+0000] {processor.py:826} INFO - Processing file /home/airflow/.local/lib/python3.7/site-packages/airflow/example_dags/example_branch_day_of_week_operator.py for tasks to queue
[2023-07-11T23:46:18.927+0000] {logging_mixin.py:150} INFO - [2023-07-11T23:46:18.927+0000] {dagbag.py:541} INFO - Filling up the DagBag from /home/airflow/.local/lib/python3.7/site-packages/airflow/example_dags/example_branch_day_of_week_operator.py
[2023-07-11T23:46:18.931+0000] {processor.py:836} INFO - DAG(s) dict_keys(['example_weekday_branch_operator']) retrieved from /home/airflow/.local/lib/python3.7/site-packages/airflow/example_dags/example_branch_day_of_week_operator.py
[2023-07-11T23:46:18.947+0000] {logging_mixin.py:150} INFO - [2023-07-11T23:46:18.947+0000] {dag.py:2742} INFO - Sync 1 DAGs
[2023-07-11T23:46:18.966+0000] {logging_mixin.py:150} INFO - [2023-07-11T23:46:18.966+0000] {dag.py:3508} INFO - Setting next_dagrun for example_weekday_branch_operator to 2023-07-10T00:00:00+00:00, run_after=2023-07-11T00:00:00+00:00
[2023-07-11T23:46:18.977+0000] {processor.py:179} INFO - Processing /home/airflow/.local/lib/python3.7/site-packages/airflow/example_dags/example_branch_day_of_week_operator.py took 0.053 seconds
[2023-07-11T23:46:49.956+0000] {processor.py:157} INFO - Started process (PID=1601) to work on /home/airflow/.local/lib/python3.7/site-packages/airflow/example_dags/example_branch_day_of_week_operator.py
[2023-07-11T23:46:49.957+0000] {processor.py:826} INFO - Processing file /home/airflow/.local/lib/python3.7/site-packages/airflow/example_dags/example_branch_day_of_week_operator.py for tasks to queue
[2023-07-11T23:46:49.957+0000] {logging_mixin.py:150} INFO - [2023-07-11T23:46:49.957+0000] {dagbag.py:541} INFO - Filling up the DagBag from /home/airflow/.local/lib/python3.7/site-packages/airflow/example_dags/example_branch_day_of_week_operator.py
[2023-07-11T23:46:49.961+0000] {processor.py:836} INFO - DAG(s) dict_keys(['example_weekday_branch_operator']) retrieved from /home/airflow/.local/lib/python3.7/site-packages/airflow/example_dags/example_branch_day_of_week_operator.py
[2023-07-11T23:46:49.978+0000] {logging_mixin.py:150} INFO - [2023-07-11T23:46:49.978+0000] {dag.py:2742} INFO - Sync 1 DAGs
[2023-07-11T23:46:49.997+0000] {logging_mixin.py:150} INFO - [2023-07-11T23:46:49.997+0000] {dag.py:3508} INFO - Setting next_dagrun for example_weekday_branch_operator to 2023-07-10T00:00:00+00:00, run_after=2023-07-11T00:00:00+00:00
[2023-07-11T23:46:50.008+0000] {processor.py:179} INFO - Processing /home/airflow/.local/lib/python3.7/site-packages/airflow/example_dags/example_branch_day_of_week_operator.py took 0.054 seconds
[2023-07-11T23:47:20.277+0000] {processor.py:157} INFO - Started process (PID=1671) to work on /home/airflow/.local/lib/python3.7/site-packages/airflow/example_dags/example_branch_day_of_week_operator.py
[2023-07-11T23:47:20.277+0000] {processor.py:826} INFO - Processing file /home/airflow/.local/lib/python3.7/site-packages/airflow/example_dags/example_branch_day_of_week_operator.py for tasks to queue
[2023-07-11T23:47:20.278+0000] {logging_mixin.py:150} INFO - [2023-07-11T23:47:20.278+0000] {dagbag.py:541} INFO - Filling up the DagBag from /home/airflow/.local/lib/python3.7/site-packages/airflow/example_dags/example_branch_day_of_week_operator.py
[2023-07-11T23:47:20.282+0000] {processor.py:836} INFO - DAG(s) dict_keys(['example_weekday_branch_operator']) retrieved from /home/airflow/.local/lib/python3.7/site-packages/airflow/example_dags/example_branch_day_of_week_operator.py
[2023-07-11T23:47:20.298+0000] {logging_mixin.py:150} INFO - [2023-07-11T23:47:20.297+0000] {dag.py:2742} INFO - Sync 1 DAGs
[2023-07-11T23:47:20.316+0000] {logging_mixin.py:150} INFO - [2023-07-11T23:47:20.316+0000] {dag.py:3508} INFO - Setting next_dagrun for example_weekday_branch_operator to 2023-07-10T00:00:00+00:00, run_after=2023-07-11T00:00:00+00:00
[2023-07-11T23:47:20.328+0000] {processor.py:179} INFO - Processing /home/airflow/.local/lib/python3.7/site-packages/airflow/example_dags/example_branch_day_of_week_operator.py took 0.053 seconds
