[2023-07-11T23:35:32.634+0000] {processor.py:157} INFO - Started process (PID=58) to work on /home/airflow/.local/lib/python3.7/site-packages/airflow/example_dags/example_kubernetes_executor.py
[2023-07-11T23:35:32.635+0000] {processor.py:826} INFO - Processing file /home/airflow/.local/lib/python3.7/site-packages/airflow/example_dags/example_kubernetes_executor.py for tasks to queue
[2023-07-11T23:35:32.635+0000] {logging_mixin.py:150} INFO - [2023-07-11T23:35:32.635+0000] {dagbag.py:541} INFO - Filling up the DagBag from /home/airflow/.local/lib/python3.7/site-packages/airflow/example_dags/example_kubernetes_executor.py
[2023-07-11T23:35:33.043+0000] {processor.py:836} INFO - DAG(s) dict_keys(['example_kubernetes_executor']) retrieved from /home/airflow/.local/lib/python3.7/site-packages/airflow/example_dags/example_kubernetes_executor.py
[2023-07-11T23:35:33.053+0000] {logging_mixin.py:150} INFO - [2023-07-11T23:35:33.052+0000] {dag.py:2742} INFO - Sync 1 DAGs
[2023-07-11T23:35:33.075+0000] {logging_mixin.py:150} INFO - [2023-07-11T23:35:33.074+0000] {dag.py:3508} INFO - Setting next_dagrun for example_kubernetes_executor to None, run_after=None
[2023-07-11T23:35:33.090+0000] {processor.py:179} INFO - Processing /home/airflow/.local/lib/python3.7/site-packages/airflow/example_dags/example_kubernetes_executor.py took 0.458 seconds
[2023-07-11T23:36:04.017+0000] {processor.py:157} INFO - Started process (PID=128) to work on /home/airflow/.local/lib/python3.7/site-packages/airflow/example_dags/example_kubernetes_executor.py
[2023-07-11T23:36:04.018+0000] {processor.py:826} INFO - Processing file /home/airflow/.local/lib/python3.7/site-packages/airflow/example_dags/example_kubernetes_executor.py for tasks to queue
[2023-07-11T23:36:04.018+0000] {logging_mixin.py:150} INFO - [2023-07-11T23:36:04.018+0000] {dagbag.py:541} INFO - Filling up the DagBag from /home/airflow/.local/lib/python3.7/site-packages/airflow/example_dags/example_kubernetes_executor.py
[2023-07-11T23:36:04.170+0000] {processor.py:836} INFO - DAG(s) dict_keys(['example_kubernetes_executor']) retrieved from /home/airflow/.local/lib/python3.7/site-packages/airflow/example_dags/example_kubernetes_executor.py
[2023-07-11T23:36:04.200+0000] {logging_mixin.py:150} INFO - [2023-07-11T23:36:04.199+0000] {dag.py:2742} INFO - Sync 1 DAGs
[2023-07-11T23:36:04.216+0000] {logging_mixin.py:150} INFO - [2023-07-11T23:36:04.216+0000] {dag.py:3508} INFO - Setting next_dagrun for example_kubernetes_executor to None, run_after=None
[2023-07-11T23:36:04.228+0000] {processor.py:179} INFO - Processing /home/airflow/.local/lib/python3.7/site-packages/airflow/example_dags/example_kubernetes_executor.py took 0.213 seconds
[2023-07-11T23:36:35.084+0000] {processor.py:157} INFO - Started process (PID=198) to work on /home/airflow/.local/lib/python3.7/site-packages/airflow/example_dags/example_kubernetes_executor.py
[2023-07-11T23:36:35.085+0000] {processor.py:826} INFO - Processing file /home/airflow/.local/lib/python3.7/site-packages/airflow/example_dags/example_kubernetes_executor.py for tasks to queue
[2023-07-11T23:36:35.085+0000] {logging_mixin.py:150} INFO - [2023-07-11T23:36:35.085+0000] {dagbag.py:541} INFO - Filling up the DagBag from /home/airflow/.local/lib/python3.7/site-packages/airflow/example_dags/example_kubernetes_executor.py
[2023-07-11T23:36:35.303+0000] {processor.py:836} INFO - DAG(s) dict_keys(['example_kubernetes_executor']) retrieved from /home/airflow/.local/lib/python3.7/site-packages/airflow/example_dags/example_kubernetes_executor.py
[2023-07-11T23:36:35.330+0000] {logging_mixin.py:150} INFO - [2023-07-11T23:36:35.330+0000] {dag.py:2742} INFO - Sync 1 DAGs
[2023-07-11T23:36:35.351+0000] {logging_mixin.py:150} INFO - [2023-07-11T23:36:35.351+0000] {dag.py:3508} INFO - Setting next_dagrun for example_kubernetes_executor to None, run_after=None
[2023-07-11T23:36:35.367+0000] {processor.py:179} INFO - Processing /home/airflow/.local/lib/python3.7/site-packages/airflow/example_dags/example_kubernetes_executor.py took 0.284 seconds
[2023-07-11T23:37:06.353+0000] {processor.py:157} INFO - Started process (PID=268) to work on /home/airflow/.local/lib/python3.7/site-packages/airflow/example_dags/example_kubernetes_executor.py
[2023-07-11T23:37:06.353+0000] {processor.py:826} INFO - Processing file /home/airflow/.local/lib/python3.7/site-packages/airflow/example_dags/example_kubernetes_executor.py for tasks to queue
[2023-07-11T23:37:06.354+0000] {logging_mixin.py:150} INFO - [2023-07-11T23:37:06.354+0000] {dagbag.py:541} INFO - Filling up the DagBag from /home/airflow/.local/lib/python3.7/site-packages/airflow/example_dags/example_kubernetes_executor.py
[2023-07-11T23:37:06.506+0000] {processor.py:836} INFO - DAG(s) dict_keys(['example_kubernetes_executor']) retrieved from /home/airflow/.local/lib/python3.7/site-packages/airflow/example_dags/example_kubernetes_executor.py
[2023-07-11T23:37:06.537+0000] {logging_mixin.py:150} INFO - [2023-07-11T23:37:06.536+0000] {dag.py:2742} INFO - Sync 1 DAGs
[2023-07-11T23:37:06.555+0000] {logging_mixin.py:150} INFO - [2023-07-11T23:37:06.555+0000] {dag.py:3508} INFO - Setting next_dagrun for example_kubernetes_executor to None, run_after=None
[2023-07-11T23:37:06.568+0000] {processor.py:179} INFO - Processing /home/airflow/.local/lib/python3.7/site-packages/airflow/example_dags/example_kubernetes_executor.py took 0.218 seconds
[2023-07-11T23:37:37.471+0000] {processor.py:157} INFO - Started process (PID=338) to work on /home/airflow/.local/lib/python3.7/site-packages/airflow/example_dags/example_kubernetes_executor.py
[2023-07-11T23:37:37.471+0000] {processor.py:826} INFO - Processing file /home/airflow/.local/lib/python3.7/site-packages/airflow/example_dags/example_kubernetes_executor.py for tasks to queue
[2023-07-11T23:37:37.472+0000] {logging_mixin.py:150} INFO - [2023-07-11T23:37:37.472+0000] {dagbag.py:541} INFO - Filling up the DagBag from /home/airflow/.local/lib/python3.7/site-packages/airflow/example_dags/example_kubernetes_executor.py
[2023-07-11T23:37:37.681+0000] {processor.py:836} INFO - DAG(s) dict_keys(['example_kubernetes_executor']) retrieved from /home/airflow/.local/lib/python3.7/site-packages/airflow/example_dags/example_kubernetes_executor.py
[2023-07-11T23:37:37.713+0000] {logging_mixin.py:150} INFO - [2023-07-11T23:37:37.713+0000] {dag.py:2742} INFO - Sync 1 DAGs
[2023-07-11T23:37:37.732+0000] {logging_mixin.py:150} INFO - [2023-07-11T23:37:37.731+0000] {dag.py:3508} INFO - Setting next_dagrun for example_kubernetes_executor to None, run_after=None
[2023-07-11T23:37:37.747+0000] {processor.py:179} INFO - Processing /home/airflow/.local/lib/python3.7/site-packages/airflow/example_dags/example_kubernetes_executor.py took 0.277 seconds
[2023-07-11T23:38:08.583+0000] {processor.py:157} INFO - Started process (PID=408) to work on /home/airflow/.local/lib/python3.7/site-packages/airflow/example_dags/example_kubernetes_executor.py
[2023-07-11T23:38:08.584+0000] {processor.py:826} INFO - Processing file /home/airflow/.local/lib/python3.7/site-packages/airflow/example_dags/example_kubernetes_executor.py for tasks to queue
[2023-07-11T23:38:08.584+0000] {logging_mixin.py:150} INFO - [2023-07-11T23:38:08.584+0000] {dagbag.py:541} INFO - Filling up the DagBag from /home/airflow/.local/lib/python3.7/site-packages/airflow/example_dags/example_kubernetes_executor.py
[2023-07-11T23:38:08.820+0000] {processor.py:836} INFO - DAG(s) dict_keys(['example_kubernetes_executor']) retrieved from /home/airflow/.local/lib/python3.7/site-packages/airflow/example_dags/example_kubernetes_executor.py
[2023-07-11T23:38:08.852+0000] {logging_mixin.py:150} INFO - [2023-07-11T23:38:08.852+0000] {dag.py:2742} INFO - Sync 1 DAGs
[2023-07-11T23:38:08.874+0000] {logging_mixin.py:150} INFO - [2023-07-11T23:38:08.874+0000] {dag.py:3508} INFO - Setting next_dagrun for example_kubernetes_executor to None, run_after=None
[2023-07-11T23:38:08.887+0000] {processor.py:179} INFO - Processing /home/airflow/.local/lib/python3.7/site-packages/airflow/example_dags/example_kubernetes_executor.py took 0.307 seconds
[2023-07-11T23:38:39.137+0000] {processor.py:157} INFO - Started process (PID=478) to work on /home/airflow/.local/lib/python3.7/site-packages/airflow/example_dags/example_kubernetes_executor.py
[2023-07-11T23:38:39.138+0000] {processor.py:826} INFO - Processing file /home/airflow/.local/lib/python3.7/site-packages/airflow/example_dags/example_kubernetes_executor.py for tasks to queue
[2023-07-11T23:38:39.138+0000] {logging_mixin.py:150} INFO - [2023-07-11T23:38:39.138+0000] {dagbag.py:541} INFO - Filling up the DagBag from /home/airflow/.local/lib/python3.7/site-packages/airflow/example_dags/example_kubernetes_executor.py
[2023-07-11T23:38:39.332+0000] {processor.py:836} INFO - DAG(s) dict_keys(['example_kubernetes_executor']) retrieved from /home/airflow/.local/lib/python3.7/site-packages/airflow/example_dags/example_kubernetes_executor.py
[2023-07-11T23:38:39.356+0000] {logging_mixin.py:150} INFO - [2023-07-11T23:38:39.356+0000] {dag.py:2742} INFO - Sync 1 DAGs
[2023-07-11T23:38:39.373+0000] {logging_mixin.py:150} INFO - [2023-07-11T23:38:39.373+0000] {dag.py:3508} INFO - Setting next_dagrun for example_kubernetes_executor to None, run_after=None
[2023-07-11T23:38:39.384+0000] {processor.py:179} INFO - Processing /home/airflow/.local/lib/python3.7/site-packages/airflow/example_dags/example_kubernetes_executor.py took 0.249 seconds
[2023-07-11T23:39:09.470+0000] {processor.py:157} INFO - Started process (PID=548) to work on /home/airflow/.local/lib/python3.7/site-packages/airflow/example_dags/example_kubernetes_executor.py
[2023-07-11T23:39:09.471+0000] {processor.py:826} INFO - Processing file /home/airflow/.local/lib/python3.7/site-packages/airflow/example_dags/example_kubernetes_executor.py for tasks to queue
[2023-07-11T23:39:09.471+0000] {logging_mixin.py:150} INFO - [2023-07-11T23:39:09.471+0000] {dagbag.py:541} INFO - Filling up the DagBag from /home/airflow/.local/lib/python3.7/site-packages/airflow/example_dags/example_kubernetes_executor.py
[2023-07-11T23:39:09.638+0000] {processor.py:836} INFO - DAG(s) dict_keys(['example_kubernetes_executor']) retrieved from /home/airflow/.local/lib/python3.7/site-packages/airflow/example_dags/example_kubernetes_executor.py
[2023-07-11T23:39:09.672+0000] {logging_mixin.py:150} INFO - [2023-07-11T23:39:09.672+0000] {dag.py:2742} INFO - Sync 1 DAGs
[2023-07-11T23:39:09.692+0000] {logging_mixin.py:150} INFO - [2023-07-11T23:39:09.692+0000] {dag.py:3508} INFO - Setting next_dagrun for example_kubernetes_executor to None, run_after=None
[2023-07-11T23:39:09.707+0000] {processor.py:179} INFO - Processing /home/airflow/.local/lib/python3.7/site-packages/airflow/example_dags/example_kubernetes_executor.py took 0.240 seconds
[2023-07-11T23:39:40.518+0000] {processor.py:157} INFO - Started process (PID=618) to work on /home/airflow/.local/lib/python3.7/site-packages/airflow/example_dags/example_kubernetes_executor.py
[2023-07-11T23:39:40.519+0000] {processor.py:826} INFO - Processing file /home/airflow/.local/lib/python3.7/site-packages/airflow/example_dags/example_kubernetes_executor.py for tasks to queue
[2023-07-11T23:39:40.520+0000] {logging_mixin.py:150} INFO - [2023-07-11T23:39:40.520+0000] {dagbag.py:541} INFO - Filling up the DagBag from /home/airflow/.local/lib/python3.7/site-packages/airflow/example_dags/example_kubernetes_executor.py
[2023-07-11T23:39:40.713+0000] {processor.py:836} INFO - DAG(s) dict_keys(['example_kubernetes_executor']) retrieved from /home/airflow/.local/lib/python3.7/site-packages/airflow/example_dags/example_kubernetes_executor.py
[2023-07-11T23:39:40.737+0000] {logging_mixin.py:150} INFO - [2023-07-11T23:39:40.737+0000] {dag.py:2742} INFO - Sync 1 DAGs
[2023-07-11T23:39:40.755+0000] {logging_mixin.py:150} INFO - [2023-07-11T23:39:40.755+0000] {dag.py:3508} INFO - Setting next_dagrun for example_kubernetes_executor to None, run_after=None
[2023-07-11T23:39:40.767+0000] {processor.py:179} INFO - Processing /home/airflow/.local/lib/python3.7/site-packages/airflow/example_dags/example_kubernetes_executor.py took 0.251 seconds
[2023-07-11T23:40:10.824+0000] {processor.py:157} INFO - Started process (PID=688) to work on /home/airflow/.local/lib/python3.7/site-packages/airflow/example_dags/example_kubernetes_executor.py
[2023-07-11T23:40:10.825+0000] {processor.py:826} INFO - Processing file /home/airflow/.local/lib/python3.7/site-packages/airflow/example_dags/example_kubernetes_executor.py for tasks to queue
[2023-07-11T23:40:10.825+0000] {logging_mixin.py:150} INFO - [2023-07-11T23:40:10.825+0000] {dagbag.py:541} INFO - Filling up the DagBag from /home/airflow/.local/lib/python3.7/site-packages/airflow/example_dags/example_kubernetes_executor.py
[2023-07-11T23:40:10.977+0000] {processor.py:836} INFO - DAG(s) dict_keys(['example_kubernetes_executor']) retrieved from /home/airflow/.local/lib/python3.7/site-packages/airflow/example_dags/example_kubernetes_executor.py
[2023-07-11T23:40:11.005+0000] {logging_mixin.py:150} INFO - [2023-07-11T23:40:11.005+0000] {dag.py:2742} INFO - Sync 1 DAGs
[2023-07-11T23:40:11.025+0000] {logging_mixin.py:150} INFO - [2023-07-11T23:40:11.025+0000] {dag.py:3508} INFO - Setting next_dagrun for example_kubernetes_executor to None, run_after=None
[2023-07-11T23:40:11.040+0000] {processor.py:179} INFO - Processing /home/airflow/.local/lib/python3.7/site-packages/airflow/example_dags/example_kubernetes_executor.py took 0.218 seconds
[2023-07-11T23:40:41.420+0000] {processor.py:157} INFO - Started process (PID=758) to work on /home/airflow/.local/lib/python3.7/site-packages/airflow/example_dags/example_kubernetes_executor.py
[2023-07-11T23:40:41.421+0000] {processor.py:826} INFO - Processing file /home/airflow/.local/lib/python3.7/site-packages/airflow/example_dags/example_kubernetes_executor.py for tasks to queue
[2023-07-11T23:40:41.421+0000] {logging_mixin.py:150} INFO - [2023-07-11T23:40:41.421+0000] {dagbag.py:541} INFO - Filling up the DagBag from /home/airflow/.local/lib/python3.7/site-packages/airflow/example_dags/example_kubernetes_executor.py
[2023-07-11T23:40:41.606+0000] {processor.py:836} INFO - DAG(s) dict_keys(['example_kubernetes_executor']) retrieved from /home/airflow/.local/lib/python3.7/site-packages/airflow/example_dags/example_kubernetes_executor.py
[2023-07-11T23:40:41.632+0000] {logging_mixin.py:150} INFO - [2023-07-11T23:40:41.631+0000] {dag.py:2742} INFO - Sync 1 DAGs
[2023-07-11T23:40:41.649+0000] {logging_mixin.py:150} INFO - [2023-07-11T23:40:41.649+0000] {dag.py:3508} INFO - Setting next_dagrun for example_kubernetes_executor to None, run_after=None
[2023-07-11T23:40:41.661+0000] {processor.py:179} INFO - Processing /home/airflow/.local/lib/python3.7/site-packages/airflow/example_dags/example_kubernetes_executor.py took 0.243 seconds
[2023-07-11T23:41:11.733+0000] {processor.py:157} INFO - Started process (PID=828) to work on /home/airflow/.local/lib/python3.7/site-packages/airflow/example_dags/example_kubernetes_executor.py
[2023-07-11T23:41:11.734+0000] {processor.py:826} INFO - Processing file /home/airflow/.local/lib/python3.7/site-packages/airflow/example_dags/example_kubernetes_executor.py for tasks to queue
[2023-07-11T23:41:11.735+0000] {logging_mixin.py:150} INFO - [2023-07-11T23:41:11.734+0000] {dagbag.py:541} INFO - Filling up the DagBag from /home/airflow/.local/lib/python3.7/site-packages/airflow/example_dags/example_kubernetes_executor.py
[2023-07-11T23:41:11.947+0000] {processor.py:836} INFO - DAG(s) dict_keys(['example_kubernetes_executor']) retrieved from /home/airflow/.local/lib/python3.7/site-packages/airflow/example_dags/example_kubernetes_executor.py
[2023-07-11T23:41:11.971+0000] {logging_mixin.py:150} INFO - [2023-07-11T23:41:11.971+0000] {dag.py:2742} INFO - Sync 1 DAGs
[2023-07-11T23:41:11.988+0000] {logging_mixin.py:150} INFO - [2023-07-11T23:41:11.988+0000] {dag.py:3508} INFO - Setting next_dagrun for example_kubernetes_executor to None, run_after=None
[2023-07-11T23:41:12.000+0000] {processor.py:179} INFO - Processing /home/airflow/.local/lib/python3.7/site-packages/airflow/example_dags/example_kubernetes_executor.py took 0.270 seconds
[2023-07-11T23:41:42.917+0000] {processor.py:157} INFO - Started process (PID=898) to work on /home/airflow/.local/lib/python3.7/site-packages/airflow/example_dags/example_kubernetes_executor.py
[2023-07-11T23:41:42.918+0000] {processor.py:826} INFO - Processing file /home/airflow/.local/lib/python3.7/site-packages/airflow/example_dags/example_kubernetes_executor.py for tasks to queue
[2023-07-11T23:41:42.918+0000] {logging_mixin.py:150} INFO - [2023-07-11T23:41:42.918+0000] {dagbag.py:541} INFO - Filling up the DagBag from /home/airflow/.local/lib/python3.7/site-packages/airflow/example_dags/example_kubernetes_executor.py
[2023-07-11T23:41:43.107+0000] {processor.py:836} INFO - DAG(s) dict_keys(['example_kubernetes_executor']) retrieved from /home/airflow/.local/lib/python3.7/site-packages/airflow/example_dags/example_kubernetes_executor.py
[2023-07-11T23:41:43.132+0000] {logging_mixin.py:150} INFO - [2023-07-11T23:41:43.132+0000] {dag.py:2742} INFO - Sync 1 DAGs
[2023-07-11T23:41:43.148+0000] {logging_mixin.py:150} INFO - [2023-07-11T23:41:43.148+0000] {dag.py:3508} INFO - Setting next_dagrun for example_kubernetes_executor to None, run_after=None
[2023-07-11T23:41:43.160+0000] {processor.py:179} INFO - Processing /home/airflow/.local/lib/python3.7/site-packages/airflow/example_dags/example_kubernetes_executor.py took 0.244 seconds
[2023-07-11T23:42:14.103+0000] {processor.py:157} INFO - Started process (PID=968) to work on /home/airflow/.local/lib/python3.7/site-packages/airflow/example_dags/example_kubernetes_executor.py
[2023-07-11T23:42:14.104+0000] {processor.py:826} INFO - Processing file /home/airflow/.local/lib/python3.7/site-packages/airflow/example_dags/example_kubernetes_executor.py for tasks to queue
[2023-07-11T23:42:14.105+0000] {logging_mixin.py:150} INFO - [2023-07-11T23:42:14.105+0000] {dagbag.py:541} INFO - Filling up the DagBag from /home/airflow/.local/lib/python3.7/site-packages/airflow/example_dags/example_kubernetes_executor.py
[2023-07-11T23:42:14.351+0000] {processor.py:836} INFO - DAG(s) dict_keys(['example_kubernetes_executor']) retrieved from /home/airflow/.local/lib/python3.7/site-packages/airflow/example_dags/example_kubernetes_executor.py
[2023-07-11T23:42:14.389+0000] {logging_mixin.py:150} INFO - [2023-07-11T23:42:14.388+0000] {dag.py:2742} INFO - Sync 1 DAGs
[2023-07-11T23:42:14.408+0000] {logging_mixin.py:150} INFO - [2023-07-11T23:42:14.407+0000] {dag.py:3508} INFO - Setting next_dagrun for example_kubernetes_executor to None, run_after=None
[2023-07-11T23:42:14.424+0000] {processor.py:179} INFO - Processing /home/airflow/.local/lib/python3.7/site-packages/airflow/example_dags/example_kubernetes_executor.py took 0.323 seconds
[2023-07-11T23:42:44.442+0000] {processor.py:157} INFO - Started process (PID=1037) to work on /home/airflow/.local/lib/python3.7/site-packages/airflow/example_dags/example_kubernetes_executor.py
[2023-07-11T23:42:44.444+0000] {processor.py:826} INFO - Processing file /home/airflow/.local/lib/python3.7/site-packages/airflow/example_dags/example_kubernetes_executor.py for tasks to queue
[2023-07-11T23:42:44.445+0000] {logging_mixin.py:150} INFO - [2023-07-11T23:42:44.445+0000] {dagbag.py:541} INFO - Filling up the DagBag from /home/airflow/.local/lib/python3.7/site-packages/airflow/example_dags/example_kubernetes_executor.py
[2023-07-11T23:42:44.592+0000] {processor.py:836} INFO - DAG(s) dict_keys(['example_kubernetes_executor']) retrieved from /home/airflow/.local/lib/python3.7/site-packages/airflow/example_dags/example_kubernetes_executor.py
[2023-07-11T23:42:44.618+0000] {logging_mixin.py:150} INFO - [2023-07-11T23:42:44.618+0000] {dag.py:2742} INFO - Sync 1 DAGs
[2023-07-11T23:42:44.638+0000] {logging_mixin.py:150} INFO - [2023-07-11T23:42:44.638+0000] {dag.py:3508} INFO - Setting next_dagrun for example_kubernetes_executor to None, run_after=None
[2023-07-11T23:42:44.652+0000] {processor.py:179} INFO - Processing /home/airflow/.local/lib/python3.7/site-packages/airflow/example_dags/example_kubernetes_executor.py took 0.212 seconds
[2023-07-11T23:43:15.466+0000] {processor.py:157} INFO - Started process (PID=1108) to work on /home/airflow/.local/lib/python3.7/site-packages/airflow/example_dags/example_kubernetes_executor.py
[2023-07-11T23:43:15.467+0000] {processor.py:826} INFO - Processing file /home/airflow/.local/lib/python3.7/site-packages/airflow/example_dags/example_kubernetes_executor.py for tasks to queue
[2023-07-11T23:43:15.467+0000] {logging_mixin.py:150} INFO - [2023-07-11T23:43:15.467+0000] {dagbag.py:541} INFO - Filling up the DagBag from /home/airflow/.local/lib/python3.7/site-packages/airflow/example_dags/example_kubernetes_executor.py
[2023-07-11T23:43:15.599+0000] {processor.py:836} INFO - DAG(s) dict_keys(['example_kubernetes_executor']) retrieved from /home/airflow/.local/lib/python3.7/site-packages/airflow/example_dags/example_kubernetes_executor.py
[2023-07-11T23:43:15.622+0000] {logging_mixin.py:150} INFO - [2023-07-11T23:43:15.622+0000] {dag.py:2742} INFO - Sync 1 DAGs
[2023-07-11T23:43:15.638+0000] {logging_mixin.py:150} INFO - [2023-07-11T23:43:15.638+0000] {dag.py:3508} INFO - Setting next_dagrun for example_kubernetes_executor to None, run_after=None
[2023-07-11T23:43:15.651+0000] {processor.py:179} INFO - Processing /home/airflow/.local/lib/python3.7/site-packages/airflow/example_dags/example_kubernetes_executor.py took 0.186 seconds
[2023-07-11T23:43:46.281+0000] {processor.py:157} INFO - Started process (PID=1178) to work on /home/airflow/.local/lib/python3.7/site-packages/airflow/example_dags/example_kubernetes_executor.py
[2023-07-11T23:43:46.282+0000] {processor.py:826} INFO - Processing file /home/airflow/.local/lib/python3.7/site-packages/airflow/example_dags/example_kubernetes_executor.py for tasks to queue
[2023-07-11T23:43:46.282+0000] {logging_mixin.py:150} INFO - [2023-07-11T23:43:46.282+0000] {dagbag.py:541} INFO - Filling up the DagBag from /home/airflow/.local/lib/python3.7/site-packages/airflow/example_dags/example_kubernetes_executor.py
[2023-07-11T23:43:46.414+0000] {processor.py:836} INFO - DAG(s) dict_keys(['example_kubernetes_executor']) retrieved from /home/airflow/.local/lib/python3.7/site-packages/airflow/example_dags/example_kubernetes_executor.py
[2023-07-11T23:43:46.438+0000] {logging_mixin.py:150} INFO - [2023-07-11T23:43:46.438+0000] {dag.py:2742} INFO - Sync 1 DAGs
[2023-07-11T23:43:46.454+0000] {logging_mixin.py:150} INFO - [2023-07-11T23:43:46.454+0000] {dag.py:3508} INFO - Setting next_dagrun for example_kubernetes_executor to None, run_after=None
[2023-07-11T23:43:46.465+0000] {processor.py:179} INFO - Processing /home/airflow/.local/lib/python3.7/site-packages/airflow/example_dags/example_kubernetes_executor.py took 0.185 seconds
[2023-07-11T23:44:16.504+0000] {processor.py:157} INFO - Started process (PID=1248) to work on /home/airflow/.local/lib/python3.7/site-packages/airflow/example_dags/example_kubernetes_executor.py
[2023-07-11T23:44:16.504+0000] {processor.py:826} INFO - Processing file /home/airflow/.local/lib/python3.7/site-packages/airflow/example_dags/example_kubernetes_executor.py for tasks to queue
[2023-07-11T23:44:16.505+0000] {logging_mixin.py:150} INFO - [2023-07-11T23:44:16.505+0000] {dagbag.py:541} INFO - Filling up the DagBag from /home/airflow/.local/lib/python3.7/site-packages/airflow/example_dags/example_kubernetes_executor.py
[2023-07-11T23:44:16.699+0000] {processor.py:836} INFO - DAG(s) dict_keys(['example_kubernetes_executor']) retrieved from /home/airflow/.local/lib/python3.7/site-packages/airflow/example_dags/example_kubernetes_executor.py
[2023-07-11T23:44:16.723+0000] {logging_mixin.py:150} INFO - [2023-07-11T23:44:16.723+0000] {dag.py:2742} INFO - Sync 1 DAGs
[2023-07-11T23:44:16.741+0000] {logging_mixin.py:150} INFO - [2023-07-11T23:44:16.741+0000] {dag.py:3508} INFO - Setting next_dagrun for example_kubernetes_executor to None, run_after=None
[2023-07-11T23:44:16.752+0000] {processor.py:179} INFO - Processing /home/airflow/.local/lib/python3.7/site-packages/airflow/example_dags/example_kubernetes_executor.py took 0.250 seconds
[2023-07-11T23:44:46.907+0000] {processor.py:157} INFO - Started process (PID=1318) to work on /home/airflow/.local/lib/python3.7/site-packages/airflow/example_dags/example_kubernetes_executor.py
[2023-07-11T23:44:46.907+0000] {processor.py:826} INFO - Processing file /home/airflow/.local/lib/python3.7/site-packages/airflow/example_dags/example_kubernetes_executor.py for tasks to queue
[2023-07-11T23:44:46.908+0000] {logging_mixin.py:150} INFO - [2023-07-11T23:44:46.908+0000] {dagbag.py:541} INFO - Filling up the DagBag from /home/airflow/.local/lib/python3.7/site-packages/airflow/example_dags/example_kubernetes_executor.py
[2023-07-11T23:44:47.105+0000] {processor.py:836} INFO - DAG(s) dict_keys(['example_kubernetes_executor']) retrieved from /home/airflow/.local/lib/python3.7/site-packages/airflow/example_dags/example_kubernetes_executor.py
[2023-07-11T23:44:47.129+0000] {logging_mixin.py:150} INFO - [2023-07-11T23:44:47.129+0000] {dag.py:2742} INFO - Sync 1 DAGs
[2023-07-11T23:44:47.145+0000] {logging_mixin.py:150} INFO - [2023-07-11T23:44:47.145+0000] {dag.py:3508} INFO - Setting next_dagrun for example_kubernetes_executor to None, run_after=None
[2023-07-11T23:44:47.157+0000] {processor.py:179} INFO - Processing /home/airflow/.local/lib/python3.7/site-packages/airflow/example_dags/example_kubernetes_executor.py took 0.252 seconds
[2023-07-11T23:45:17.392+0000] {processor.py:157} INFO - Started process (PID=1388) to work on /home/airflow/.local/lib/python3.7/site-packages/airflow/example_dags/example_kubernetes_executor.py
[2023-07-11T23:45:17.392+0000] {processor.py:826} INFO - Processing file /home/airflow/.local/lib/python3.7/site-packages/airflow/example_dags/example_kubernetes_executor.py for tasks to queue
[2023-07-11T23:45:17.393+0000] {logging_mixin.py:150} INFO - [2023-07-11T23:45:17.393+0000] {dagbag.py:541} INFO - Filling up the DagBag from /home/airflow/.local/lib/python3.7/site-packages/airflow/example_dags/example_kubernetes_executor.py
[2023-07-11T23:45:17.592+0000] {processor.py:836} INFO - DAG(s) dict_keys(['example_kubernetes_executor']) retrieved from /home/airflow/.local/lib/python3.7/site-packages/airflow/example_dags/example_kubernetes_executor.py
[2023-07-11T23:45:17.617+0000] {logging_mixin.py:150} INFO - [2023-07-11T23:45:17.617+0000] {dag.py:2742} INFO - Sync 1 DAGs
[2023-07-11T23:45:17.634+0000] {logging_mixin.py:150} INFO - [2023-07-11T23:45:17.633+0000] {dag.py:3508} INFO - Setting next_dagrun for example_kubernetes_executor to None, run_after=None
[2023-07-11T23:45:17.645+0000] {processor.py:179} INFO - Processing /home/airflow/.local/lib/python3.7/site-packages/airflow/example_dags/example_kubernetes_executor.py took 0.254 seconds
[2023-07-11T23:45:48.296+0000] {processor.py:157} INFO - Started process (PID=1458) to work on /home/airflow/.local/lib/python3.7/site-packages/airflow/example_dags/example_kubernetes_executor.py
[2023-07-11T23:45:48.296+0000] {processor.py:826} INFO - Processing file /home/airflow/.local/lib/python3.7/site-packages/airflow/example_dags/example_kubernetes_executor.py for tasks to queue
[2023-07-11T23:45:48.296+0000] {logging_mixin.py:150} INFO - [2023-07-11T23:45:48.296+0000] {dagbag.py:541} INFO - Filling up the DagBag from /home/airflow/.local/lib/python3.7/site-packages/airflow/example_dags/example_kubernetes_executor.py
[2023-07-11T23:45:48.439+0000] {processor.py:836} INFO - DAG(s) dict_keys(['example_kubernetes_executor']) retrieved from /home/airflow/.local/lib/python3.7/site-packages/airflow/example_dags/example_kubernetes_executor.py
[2023-07-11T23:45:48.464+0000] {logging_mixin.py:150} INFO - [2023-07-11T23:45:48.464+0000] {dag.py:2742} INFO - Sync 1 DAGs
[2023-07-11T23:45:48.481+0000] {logging_mixin.py:150} INFO - [2023-07-11T23:45:48.481+0000] {dag.py:3508} INFO - Setting next_dagrun for example_kubernetes_executor to None, run_after=None
[2023-07-11T23:45:48.493+0000] {processor.py:179} INFO - Processing /home/airflow/.local/lib/python3.7/site-packages/airflow/example_dags/example_kubernetes_executor.py took 0.199 seconds
[2023-07-11T23:46:18.537+0000] {processor.py:157} INFO - Started process (PID=1528) to work on /home/airflow/.local/lib/python3.7/site-packages/airflow/example_dags/example_kubernetes_executor.py
[2023-07-11T23:46:18.538+0000] {processor.py:826} INFO - Processing file /home/airflow/.local/lib/python3.7/site-packages/airflow/example_dags/example_kubernetes_executor.py for tasks to queue
[2023-07-11T23:46:18.538+0000] {logging_mixin.py:150} INFO - [2023-07-11T23:46:18.538+0000] {dagbag.py:541} INFO - Filling up the DagBag from /home/airflow/.local/lib/python3.7/site-packages/airflow/example_dags/example_kubernetes_executor.py
[2023-07-11T23:46:18.730+0000] {processor.py:836} INFO - DAG(s) dict_keys(['example_kubernetes_executor']) retrieved from /home/airflow/.local/lib/python3.7/site-packages/airflow/example_dags/example_kubernetes_executor.py
[2023-07-11T23:46:18.755+0000] {logging_mixin.py:150} INFO - [2023-07-11T23:46:18.754+0000] {dag.py:2742} INFO - Sync 1 DAGs
[2023-07-11T23:46:18.772+0000] {logging_mixin.py:150} INFO - [2023-07-11T23:46:18.772+0000] {dag.py:3508} INFO - Setting next_dagrun for example_kubernetes_executor to None, run_after=None
[2023-07-11T23:46:18.783+0000] {processor.py:179} INFO - Processing /home/airflow/.local/lib/python3.7/site-packages/airflow/example_dags/example_kubernetes_executor.py took 0.247 seconds
[2023-07-11T23:46:49.623+0000] {processor.py:157} INFO - Started process (PID=1598) to work on /home/airflow/.local/lib/python3.7/site-packages/airflow/example_dags/example_kubernetes_executor.py
[2023-07-11T23:46:49.623+0000] {processor.py:826} INFO - Processing file /home/airflow/.local/lib/python3.7/site-packages/airflow/example_dags/example_kubernetes_executor.py for tasks to queue
[2023-07-11T23:46:49.624+0000] {logging_mixin.py:150} INFO - [2023-07-11T23:46:49.624+0000] {dagbag.py:541} INFO - Filling up the DagBag from /home/airflow/.local/lib/python3.7/site-packages/airflow/example_dags/example_kubernetes_executor.py
[2023-07-11T23:46:49.818+0000] {processor.py:836} INFO - DAG(s) dict_keys(['example_kubernetes_executor']) retrieved from /home/airflow/.local/lib/python3.7/site-packages/airflow/example_dags/example_kubernetes_executor.py
[2023-07-11T23:46:49.842+0000] {logging_mixin.py:150} INFO - [2023-07-11T23:46:49.842+0000] {dag.py:2742} INFO - Sync 1 DAGs
[2023-07-11T23:46:49.858+0000] {logging_mixin.py:150} INFO - [2023-07-11T23:46:49.858+0000] {dag.py:3508} INFO - Setting next_dagrun for example_kubernetes_executor to None, run_after=None
[2023-07-11T23:46:49.869+0000] {processor.py:179} INFO - Processing /home/airflow/.local/lib/python3.7/site-packages/airflow/example_dags/example_kubernetes_executor.py took 0.248 seconds
[2023-07-11T23:47:19.973+0000] {processor.py:157} INFO - Started process (PID=1668) to work on /home/airflow/.local/lib/python3.7/site-packages/airflow/example_dags/example_kubernetes_executor.py
[2023-07-11T23:47:19.974+0000] {processor.py:826} INFO - Processing file /home/airflow/.local/lib/python3.7/site-packages/airflow/example_dags/example_kubernetes_executor.py for tasks to queue
[2023-07-11T23:47:19.974+0000] {logging_mixin.py:150} INFO - [2023-07-11T23:47:19.974+0000] {dagbag.py:541} INFO - Filling up the DagBag from /home/airflow/.local/lib/python3.7/site-packages/airflow/example_dags/example_kubernetes_executor.py
[2023-07-11T23:47:20.141+0000] {processor.py:836} INFO - DAG(s) dict_keys(['example_kubernetes_executor']) retrieved from /home/airflow/.local/lib/python3.7/site-packages/airflow/example_dags/example_kubernetes_executor.py
[2023-07-11T23:47:20.165+0000] {logging_mixin.py:150} INFO - [2023-07-11T23:47:20.165+0000] {dag.py:2742} INFO - Sync 1 DAGs
[2023-07-11T23:47:20.181+0000] {logging_mixin.py:150} INFO - [2023-07-11T23:47:20.181+0000] {dag.py:3508} INFO - Setting next_dagrun for example_kubernetes_executor to None, run_after=None
[2023-07-11T23:47:20.192+0000] {processor.py:179} INFO - Processing /home/airflow/.local/lib/python3.7/site-packages/airflow/example_dags/example_kubernetes_executor.py took 0.221 seconds
