[2023-07-11T23:35:31.369+0000] {processor.py:157} INFO - Started process (PID=33) to work on /home/airflow/.local/lib/python3.7/site-packages/airflow/example_dags/example_trigger_target_dag.py
[2023-07-11T23:35:31.370+0000] {processor.py:826} INFO - Processing file /home/airflow/.local/lib/python3.7/site-packages/airflow/example_dags/example_trigger_target_dag.py for tasks to queue
[2023-07-11T23:35:31.370+0000] {logging_mixin.py:150} INFO - [2023-07-11T23:35:31.370+0000] {dagbag.py:541} INFO - Filling up the DagBag from /home/airflow/.local/lib/python3.7/site-packages/airflow/example_dags/example_trigger_target_dag.py
[2023-07-11T23:35:31.379+0000] {processor.py:836} INFO - DAG(s) dict_keys(['example_trigger_target_dag']) retrieved from /home/airflow/.local/lib/python3.7/site-packages/airflow/example_dags/example_trigger_target_dag.py
[2023-07-11T23:35:31.398+0000] {logging_mixin.py:150} INFO - [2023-07-11T23:35:31.398+0000] {dag.py:2742} INFO - Sync 1 DAGs
[2023-07-11T23:35:31.416+0000] {logging_mixin.py:150} INFO - [2023-07-11T23:35:31.416+0000] {dag.py:3508} INFO - Setting next_dagrun for example_trigger_target_dag to None, run_after=None
[2023-07-11T23:35:31.429+0000] {processor.py:179} INFO - Processing /home/airflow/.local/lib/python3.7/site-packages/airflow/example_dags/example_trigger_target_dag.py took 0.061 seconds
[2023-07-11T23:36:02.033+0000] {processor.py:157} INFO - Started process (PID=103) to work on /home/airflow/.local/lib/python3.7/site-packages/airflow/example_dags/example_trigger_target_dag.py
[2023-07-11T23:36:02.034+0000] {processor.py:826} INFO - Processing file /home/airflow/.local/lib/python3.7/site-packages/airflow/example_dags/example_trigger_target_dag.py for tasks to queue
[2023-07-11T23:36:02.034+0000] {logging_mixin.py:150} INFO - [2023-07-11T23:36:02.034+0000] {dagbag.py:541} INFO - Filling up the DagBag from /home/airflow/.local/lib/python3.7/site-packages/airflow/example_dags/example_trigger_target_dag.py
[2023-07-11T23:36:02.039+0000] {processor.py:836} INFO - DAG(s) dict_keys(['example_trigger_target_dag']) retrieved from /home/airflow/.local/lib/python3.7/site-packages/airflow/example_dags/example_trigger_target_dag.py
[2023-07-11T23:36:02.063+0000] {logging_mixin.py:150} INFO - [2023-07-11T23:36:02.063+0000] {dag.py:2742} INFO - Sync 1 DAGs
[2023-07-11T23:36:02.084+0000] {logging_mixin.py:150} INFO - [2023-07-11T23:36:02.084+0000] {dag.py:3508} INFO - Setting next_dagrun for example_trigger_target_dag to None, run_after=None
[2023-07-11T23:36:02.098+0000] {processor.py:179} INFO - Processing /home/airflow/.local/lib/python3.7/site-packages/airflow/example_dags/example_trigger_target_dag.py took 0.068 seconds
[2023-07-11T23:36:32.235+0000] {processor.py:157} INFO - Started process (PID=173) to work on /home/airflow/.local/lib/python3.7/site-packages/airflow/example_dags/example_trigger_target_dag.py
[2023-07-11T23:36:32.235+0000] {processor.py:826} INFO - Processing file /home/airflow/.local/lib/python3.7/site-packages/airflow/example_dags/example_trigger_target_dag.py for tasks to queue
[2023-07-11T23:36:32.236+0000] {logging_mixin.py:150} INFO - [2023-07-11T23:36:32.236+0000] {dagbag.py:541} INFO - Filling up the DagBag from /home/airflow/.local/lib/python3.7/site-packages/airflow/example_dags/example_trigger_target_dag.py
[2023-07-11T23:36:32.241+0000] {processor.py:836} INFO - DAG(s) dict_keys(['example_trigger_target_dag']) retrieved from /home/airflow/.local/lib/python3.7/site-packages/airflow/example_dags/example_trigger_target_dag.py
[2023-07-11T23:36:32.263+0000] {logging_mixin.py:150} INFO - [2023-07-11T23:36:32.262+0000] {dag.py:2742} INFO - Sync 1 DAGs
[2023-07-11T23:36:32.283+0000] {logging_mixin.py:150} INFO - [2023-07-11T23:36:32.283+0000] {dag.py:3508} INFO - Setting next_dagrun for example_trigger_target_dag to None, run_after=None
[2023-07-11T23:36:32.297+0000] {processor.py:179} INFO - Processing /home/airflow/.local/lib/python3.7/site-packages/airflow/example_dags/example_trigger_target_dag.py took 0.065 seconds
[2023-07-11T23:37:02.365+0000] {processor.py:157} INFO - Started process (PID=243) to work on /home/airflow/.local/lib/python3.7/site-packages/airflow/example_dags/example_trigger_target_dag.py
[2023-07-11T23:37:02.365+0000] {processor.py:826} INFO - Processing file /home/airflow/.local/lib/python3.7/site-packages/airflow/example_dags/example_trigger_target_dag.py for tasks to queue
[2023-07-11T23:37:02.366+0000] {logging_mixin.py:150} INFO - [2023-07-11T23:37:02.366+0000] {dagbag.py:541} INFO - Filling up the DagBag from /home/airflow/.local/lib/python3.7/site-packages/airflow/example_dags/example_trigger_target_dag.py
[2023-07-11T23:37:02.369+0000] {processor.py:836} INFO - DAG(s) dict_keys(['example_trigger_target_dag']) retrieved from /home/airflow/.local/lib/python3.7/site-packages/airflow/example_dags/example_trigger_target_dag.py
[2023-07-11T23:37:02.384+0000] {logging_mixin.py:150} INFO - [2023-07-11T23:37:02.384+0000] {dag.py:2742} INFO - Sync 1 DAGs
[2023-07-11T23:37:02.404+0000] {logging_mixin.py:150} INFO - [2023-07-11T23:37:02.403+0000] {dag.py:3508} INFO - Setting next_dagrun for example_trigger_target_dag to None, run_after=None
[2023-07-11T23:37:02.415+0000] {processor.py:179} INFO - Processing /home/airflow/.local/lib/python3.7/site-packages/airflow/example_dags/example_trigger_target_dag.py took 0.052 seconds
[2023-07-11T23:37:32.437+0000] {processor.py:157} INFO - Started process (PID=313) to work on /home/airflow/.local/lib/python3.7/site-packages/airflow/example_dags/example_trigger_target_dag.py
[2023-07-11T23:37:32.437+0000] {processor.py:826} INFO - Processing file /home/airflow/.local/lib/python3.7/site-packages/airflow/example_dags/example_trigger_target_dag.py for tasks to queue
[2023-07-11T23:37:32.438+0000] {logging_mixin.py:150} INFO - [2023-07-11T23:37:32.438+0000] {dagbag.py:541} INFO - Filling up the DagBag from /home/airflow/.local/lib/python3.7/site-packages/airflow/example_dags/example_trigger_target_dag.py
[2023-07-11T23:37:32.442+0000] {processor.py:836} INFO - DAG(s) dict_keys(['example_trigger_target_dag']) retrieved from /home/airflow/.local/lib/python3.7/site-packages/airflow/example_dags/example_trigger_target_dag.py
[2023-07-11T23:37:32.463+0000] {logging_mixin.py:150} INFO - [2023-07-11T23:37:32.463+0000] {dag.py:2742} INFO - Sync 1 DAGs
[2023-07-11T23:37:32.484+0000] {logging_mixin.py:150} INFO - [2023-07-11T23:37:32.484+0000] {dag.py:3508} INFO - Setting next_dagrun for example_trigger_target_dag to None, run_after=None
[2023-07-11T23:37:32.498+0000] {processor.py:179} INFO - Processing /home/airflow/.local/lib/python3.7/site-packages/airflow/example_dags/example_trigger_target_dag.py took 0.063 seconds
[2023-07-11T23:38:02.733+0000] {processor.py:157} INFO - Started process (PID=383) to work on /home/airflow/.local/lib/python3.7/site-packages/airflow/example_dags/example_trigger_target_dag.py
[2023-07-11T23:38:02.734+0000] {processor.py:826} INFO - Processing file /home/airflow/.local/lib/python3.7/site-packages/airflow/example_dags/example_trigger_target_dag.py for tasks to queue
[2023-07-11T23:38:02.734+0000] {logging_mixin.py:150} INFO - [2023-07-11T23:38:02.734+0000] {dagbag.py:541} INFO - Filling up the DagBag from /home/airflow/.local/lib/python3.7/site-packages/airflow/example_dags/example_trigger_target_dag.py
[2023-07-11T23:38:02.738+0000] {processor.py:836} INFO - DAG(s) dict_keys(['example_trigger_target_dag']) retrieved from /home/airflow/.local/lib/python3.7/site-packages/airflow/example_dags/example_trigger_target_dag.py
[2023-07-11T23:38:02.756+0000] {logging_mixin.py:150} INFO - [2023-07-11T23:38:02.756+0000] {dag.py:2742} INFO - Sync 1 DAGs
[2023-07-11T23:38:02.774+0000] {logging_mixin.py:150} INFO - [2023-07-11T23:38:02.774+0000] {dag.py:3508} INFO - Setting next_dagrun for example_trigger_target_dag to None, run_after=None
[2023-07-11T23:38:02.787+0000] {processor.py:179} INFO - Processing /home/airflow/.local/lib/python3.7/site-packages/airflow/example_dags/example_trigger_target_dag.py took 0.055 seconds
[2023-07-11T23:38:33.133+0000] {processor.py:157} INFO - Started process (PID=453) to work on /home/airflow/.local/lib/python3.7/site-packages/airflow/example_dags/example_trigger_target_dag.py
[2023-07-11T23:38:33.134+0000] {processor.py:826} INFO - Processing file /home/airflow/.local/lib/python3.7/site-packages/airflow/example_dags/example_trigger_target_dag.py for tasks to queue
[2023-07-11T23:38:33.134+0000] {logging_mixin.py:150} INFO - [2023-07-11T23:38:33.134+0000] {dagbag.py:541} INFO - Filling up the DagBag from /home/airflow/.local/lib/python3.7/site-packages/airflow/example_dags/example_trigger_target_dag.py
[2023-07-11T23:38:33.140+0000] {processor.py:836} INFO - DAG(s) dict_keys(['example_trigger_target_dag']) retrieved from /home/airflow/.local/lib/python3.7/site-packages/airflow/example_dags/example_trigger_target_dag.py
[2023-07-11T23:38:33.162+0000] {logging_mixin.py:150} INFO - [2023-07-11T23:38:33.162+0000] {dag.py:2742} INFO - Sync 1 DAGs
[2023-07-11T23:38:33.183+0000] {logging_mixin.py:150} INFO - [2023-07-11T23:38:33.183+0000] {dag.py:3508} INFO - Setting next_dagrun for example_trigger_target_dag to None, run_after=None
[2023-07-11T23:38:33.198+0000] {processor.py:179} INFO - Processing /home/airflow/.local/lib/python3.7/site-packages/airflow/example_dags/example_trigger_target_dag.py took 0.067 seconds
[2023-07-11T23:39:03.236+0000] {processor.py:157} INFO - Started process (PID=523) to work on /home/airflow/.local/lib/python3.7/site-packages/airflow/example_dags/example_trigger_target_dag.py
[2023-07-11T23:39:03.237+0000] {processor.py:826} INFO - Processing file /home/airflow/.local/lib/python3.7/site-packages/airflow/example_dags/example_trigger_target_dag.py for tasks to queue
[2023-07-11T23:39:03.238+0000] {logging_mixin.py:150} INFO - [2023-07-11T23:39:03.237+0000] {dagbag.py:541} INFO - Filling up the DagBag from /home/airflow/.local/lib/python3.7/site-packages/airflow/example_dags/example_trigger_target_dag.py
[2023-07-11T23:39:03.241+0000] {processor.py:836} INFO - DAG(s) dict_keys(['example_trigger_target_dag']) retrieved from /home/airflow/.local/lib/python3.7/site-packages/airflow/example_dags/example_trigger_target_dag.py
[2023-07-11T23:39:03.258+0000] {logging_mixin.py:150} INFO - [2023-07-11T23:39:03.258+0000] {dag.py:2742} INFO - Sync 1 DAGs
[2023-07-11T23:39:03.277+0000] {logging_mixin.py:150} INFO - [2023-07-11T23:39:03.277+0000] {dag.py:3508} INFO - Setting next_dagrun for example_trigger_target_dag to None, run_after=None
[2023-07-11T23:39:03.291+0000] {processor.py:179} INFO - Processing /home/airflow/.local/lib/python3.7/site-packages/airflow/example_dags/example_trigger_target_dag.py took 0.056 seconds
[2023-07-11T23:39:33.646+0000] {processor.py:157} INFO - Started process (PID=593) to work on /home/airflow/.local/lib/python3.7/site-packages/airflow/example_dags/example_trigger_target_dag.py
[2023-07-11T23:39:33.646+0000] {processor.py:826} INFO - Processing file /home/airflow/.local/lib/python3.7/site-packages/airflow/example_dags/example_trigger_target_dag.py for tasks to queue
[2023-07-11T23:39:33.647+0000] {logging_mixin.py:150} INFO - [2023-07-11T23:39:33.647+0000] {dagbag.py:541} INFO - Filling up the DagBag from /home/airflow/.local/lib/python3.7/site-packages/airflow/example_dags/example_trigger_target_dag.py
[2023-07-11T23:39:33.651+0000] {processor.py:836} INFO - DAG(s) dict_keys(['example_trigger_target_dag']) retrieved from /home/airflow/.local/lib/python3.7/site-packages/airflow/example_dags/example_trigger_target_dag.py
[2023-07-11T23:39:33.666+0000] {logging_mixin.py:150} INFO - [2023-07-11T23:39:33.666+0000] {dag.py:2742} INFO - Sync 1 DAGs
[2023-07-11T23:39:33.683+0000] {logging_mixin.py:150} INFO - [2023-07-11T23:39:33.683+0000] {dag.py:3508} INFO - Setting next_dagrun for example_trigger_target_dag to None, run_after=None
[2023-07-11T23:39:33.695+0000] {processor.py:179} INFO - Processing /home/airflow/.local/lib/python3.7/site-packages/airflow/example_dags/example_trigger_target_dag.py took 0.051 seconds
[2023-07-11T23:40:03.963+0000] {processor.py:157} INFO - Started process (PID=663) to work on /home/airflow/.local/lib/python3.7/site-packages/airflow/example_dags/example_trigger_target_dag.py
[2023-07-11T23:40:03.963+0000] {processor.py:826} INFO - Processing file /home/airflow/.local/lib/python3.7/site-packages/airflow/example_dags/example_trigger_target_dag.py for tasks to queue
[2023-07-11T23:40:03.964+0000] {logging_mixin.py:150} INFO - [2023-07-11T23:40:03.963+0000] {dagbag.py:541} INFO - Filling up the DagBag from /home/airflow/.local/lib/python3.7/site-packages/airflow/example_dags/example_trigger_target_dag.py
[2023-07-11T23:40:03.968+0000] {processor.py:836} INFO - DAG(s) dict_keys(['example_trigger_target_dag']) retrieved from /home/airflow/.local/lib/python3.7/site-packages/airflow/example_dags/example_trigger_target_dag.py
[2023-07-11T23:40:03.985+0000] {logging_mixin.py:150} INFO - [2023-07-11T23:40:03.985+0000] {dag.py:2742} INFO - Sync 1 DAGs
[2023-07-11T23:40:04.004+0000] {logging_mixin.py:150} INFO - [2023-07-11T23:40:04.004+0000] {dag.py:3508} INFO - Setting next_dagrun for example_trigger_target_dag to None, run_after=None
[2023-07-11T23:40:04.018+0000] {processor.py:179} INFO - Processing /home/airflow/.local/lib/python3.7/site-packages/airflow/example_dags/example_trigger_target_dag.py took 0.058 seconds
[2023-07-11T23:40:34.380+0000] {processor.py:157} INFO - Started process (PID=733) to work on /home/airflow/.local/lib/python3.7/site-packages/airflow/example_dags/example_trigger_target_dag.py
[2023-07-11T23:40:34.381+0000] {processor.py:826} INFO - Processing file /home/airflow/.local/lib/python3.7/site-packages/airflow/example_dags/example_trigger_target_dag.py for tasks to queue
[2023-07-11T23:40:34.381+0000] {logging_mixin.py:150} INFO - [2023-07-11T23:40:34.381+0000] {dagbag.py:541} INFO - Filling up the DagBag from /home/airflow/.local/lib/python3.7/site-packages/airflow/example_dags/example_trigger_target_dag.py
[2023-07-11T23:40:34.385+0000] {processor.py:836} INFO - DAG(s) dict_keys(['example_trigger_target_dag']) retrieved from /home/airflow/.local/lib/python3.7/site-packages/airflow/example_dags/example_trigger_target_dag.py
[2023-07-11T23:40:34.401+0000] {logging_mixin.py:150} INFO - [2023-07-11T23:40:34.401+0000] {dag.py:2742} INFO - Sync 1 DAGs
[2023-07-11T23:40:34.420+0000] {logging_mixin.py:150} INFO - [2023-07-11T23:40:34.420+0000] {dag.py:3508} INFO - Setting next_dagrun for example_trigger_target_dag to None, run_after=None
[2023-07-11T23:40:34.433+0000] {processor.py:179} INFO - Processing /home/airflow/.local/lib/python3.7/site-packages/airflow/example_dags/example_trigger_target_dag.py took 0.055 seconds
[2023-07-11T23:41:04.608+0000] {processor.py:157} INFO - Started process (PID=803) to work on /home/airflow/.local/lib/python3.7/site-packages/airflow/example_dags/example_trigger_target_dag.py
[2023-07-11T23:41:04.609+0000] {processor.py:826} INFO - Processing file /home/airflow/.local/lib/python3.7/site-packages/airflow/example_dags/example_trigger_target_dag.py for tasks to queue
[2023-07-11T23:41:04.609+0000] {logging_mixin.py:150} INFO - [2023-07-11T23:41:04.609+0000] {dagbag.py:541} INFO - Filling up the DagBag from /home/airflow/.local/lib/python3.7/site-packages/airflow/example_dags/example_trigger_target_dag.py
[2023-07-11T23:41:04.614+0000] {processor.py:836} INFO - DAG(s) dict_keys(['example_trigger_target_dag']) retrieved from /home/airflow/.local/lib/python3.7/site-packages/airflow/example_dags/example_trigger_target_dag.py
[2023-07-11T23:41:04.638+0000] {logging_mixin.py:150} INFO - [2023-07-11T23:41:04.638+0000] {dag.py:2742} INFO - Sync 1 DAGs
[2023-07-11T23:41:04.659+0000] {logging_mixin.py:150} INFO - [2023-07-11T23:41:04.659+0000] {dag.py:3508} INFO - Setting next_dagrun for example_trigger_target_dag to None, run_after=None
[2023-07-11T23:41:04.674+0000] {processor.py:179} INFO - Processing /home/airflow/.local/lib/python3.7/site-packages/airflow/example_dags/example_trigger_target_dag.py took 0.068 seconds
[2023-07-11T23:41:34.855+0000] {processor.py:157} INFO - Started process (PID=873) to work on /home/airflow/.local/lib/python3.7/site-packages/airflow/example_dags/example_trigger_target_dag.py
[2023-07-11T23:41:34.856+0000] {processor.py:826} INFO - Processing file /home/airflow/.local/lib/python3.7/site-packages/airflow/example_dags/example_trigger_target_dag.py for tasks to queue
[2023-07-11T23:41:34.857+0000] {logging_mixin.py:150} INFO - [2023-07-11T23:41:34.857+0000] {dagbag.py:541} INFO - Filling up the DagBag from /home/airflow/.local/lib/python3.7/site-packages/airflow/example_dags/example_trigger_target_dag.py
[2023-07-11T23:41:34.862+0000] {processor.py:836} INFO - DAG(s) dict_keys(['example_trigger_target_dag']) retrieved from /home/airflow/.local/lib/python3.7/site-packages/airflow/example_dags/example_trigger_target_dag.py
[2023-07-11T23:41:34.885+0000] {logging_mixin.py:150} INFO - [2023-07-11T23:41:34.885+0000] {dag.py:2742} INFO - Sync 1 DAGs
[2023-07-11T23:41:34.906+0000] {logging_mixin.py:150} INFO - [2023-07-11T23:41:34.906+0000] {dag.py:3508} INFO - Setting next_dagrun for example_trigger_target_dag to None, run_after=None
[2023-07-11T23:41:34.920+0000] {processor.py:179} INFO - Processing /home/airflow/.local/lib/python3.7/site-packages/airflow/example_dags/example_trigger_target_dag.py took 0.067 seconds
[2023-07-11T23:42:05.104+0000] {processor.py:157} INFO - Started process (PID=943) to work on /home/airflow/.local/lib/python3.7/site-packages/airflow/example_dags/example_trigger_target_dag.py
[2023-07-11T23:42:05.104+0000] {processor.py:826} INFO - Processing file /home/airflow/.local/lib/python3.7/site-packages/airflow/example_dags/example_trigger_target_dag.py for tasks to queue
[2023-07-11T23:42:05.105+0000] {logging_mixin.py:150} INFO - [2023-07-11T23:42:05.105+0000] {dagbag.py:541} INFO - Filling up the DagBag from /home/airflow/.local/lib/python3.7/site-packages/airflow/example_dags/example_trigger_target_dag.py
[2023-07-11T23:42:05.109+0000] {processor.py:836} INFO - DAG(s) dict_keys(['example_trigger_target_dag']) retrieved from /home/airflow/.local/lib/python3.7/site-packages/airflow/example_dags/example_trigger_target_dag.py
[2023-07-11T23:42:05.125+0000] {logging_mixin.py:150} INFO - [2023-07-11T23:42:05.125+0000] {dag.py:2742} INFO - Sync 1 DAGs
[2023-07-11T23:42:05.145+0000] {logging_mixin.py:150} INFO - [2023-07-11T23:42:05.145+0000] {dag.py:3508} INFO - Setting next_dagrun for example_trigger_target_dag to None, run_after=None
[2023-07-11T23:42:05.159+0000] {processor.py:179} INFO - Processing /home/airflow/.local/lib/python3.7/site-packages/airflow/example_dags/example_trigger_target_dag.py took 0.058 seconds
[2023-07-11T23:42:35.336+0000] {processor.py:157} INFO - Started process (PID=1013) to work on /home/airflow/.local/lib/python3.7/site-packages/airflow/example_dags/example_trigger_target_dag.py
[2023-07-11T23:42:35.337+0000] {processor.py:826} INFO - Processing file /home/airflow/.local/lib/python3.7/site-packages/airflow/example_dags/example_trigger_target_dag.py for tasks to queue
[2023-07-11T23:42:35.337+0000] {logging_mixin.py:150} INFO - [2023-07-11T23:42:35.337+0000] {dagbag.py:541} INFO - Filling up the DagBag from /home/airflow/.local/lib/python3.7/site-packages/airflow/example_dags/example_trigger_target_dag.py
[2023-07-11T23:42:35.342+0000] {processor.py:836} INFO - DAG(s) dict_keys(['example_trigger_target_dag']) retrieved from /home/airflow/.local/lib/python3.7/site-packages/airflow/example_dags/example_trigger_target_dag.py
[2023-07-11T23:42:35.363+0000] {logging_mixin.py:150} INFO - [2023-07-11T23:42:35.363+0000] {dag.py:2742} INFO - Sync 1 DAGs
[2023-07-11T23:42:35.384+0000] {logging_mixin.py:150} INFO - [2023-07-11T23:42:35.384+0000] {dag.py:3508} INFO - Setting next_dagrun for example_trigger_target_dag to None, run_after=None
[2023-07-11T23:42:35.400+0000] {processor.py:179} INFO - Processing /home/airflow/.local/lib/python3.7/site-packages/airflow/example_dags/example_trigger_target_dag.py took 0.066 seconds
[2023-07-11T23:43:05.627+0000] {processor.py:157} INFO - Started process (PID=1083) to work on /home/airflow/.local/lib/python3.7/site-packages/airflow/example_dags/example_trigger_target_dag.py
[2023-07-11T23:43:05.627+0000] {processor.py:826} INFO - Processing file /home/airflow/.local/lib/python3.7/site-packages/airflow/example_dags/example_trigger_target_dag.py for tasks to queue
[2023-07-11T23:43:05.628+0000] {logging_mixin.py:150} INFO - [2023-07-11T23:43:05.628+0000] {dagbag.py:541} INFO - Filling up the DagBag from /home/airflow/.local/lib/python3.7/site-packages/airflow/example_dags/example_trigger_target_dag.py
[2023-07-11T23:43:05.631+0000] {processor.py:836} INFO - DAG(s) dict_keys(['example_trigger_target_dag']) retrieved from /home/airflow/.local/lib/python3.7/site-packages/airflow/example_dags/example_trigger_target_dag.py
[2023-07-11T23:43:05.645+0000] {logging_mixin.py:150} INFO - [2023-07-11T23:43:05.645+0000] {dag.py:2742} INFO - Sync 1 DAGs
[2023-07-11T23:43:05.662+0000] {logging_mixin.py:150} INFO - [2023-07-11T23:43:05.662+0000] {dag.py:3508} INFO - Setting next_dagrun for example_trigger_target_dag to None, run_after=None
[2023-07-11T23:43:05.673+0000] {processor.py:179} INFO - Processing /home/airflow/.local/lib/python3.7/site-packages/airflow/example_dags/example_trigger_target_dag.py took 0.048 seconds
[2023-07-11T23:43:36.378+0000] {processor.py:157} INFO - Started process (PID=1153) to work on /home/airflow/.local/lib/python3.7/site-packages/airflow/example_dags/example_trigger_target_dag.py
[2023-07-11T23:43:36.379+0000] {processor.py:826} INFO - Processing file /home/airflow/.local/lib/python3.7/site-packages/airflow/example_dags/example_trigger_target_dag.py for tasks to queue
[2023-07-11T23:43:36.379+0000] {logging_mixin.py:150} INFO - [2023-07-11T23:43:36.379+0000] {dagbag.py:541} INFO - Filling up the DagBag from /home/airflow/.local/lib/python3.7/site-packages/airflow/example_dags/example_trigger_target_dag.py
[2023-07-11T23:43:36.385+0000] {processor.py:836} INFO - DAG(s) dict_keys(['example_trigger_target_dag']) retrieved from /home/airflow/.local/lib/python3.7/site-packages/airflow/example_dags/example_trigger_target_dag.py
[2023-07-11T23:43:36.401+0000] {logging_mixin.py:150} INFO - [2023-07-11T23:43:36.401+0000] {dag.py:2742} INFO - Sync 1 DAGs
[2023-07-11T23:43:36.423+0000] {logging_mixin.py:150} INFO - [2023-07-11T23:43:36.422+0000] {dag.py:3508} INFO - Setting next_dagrun for example_trigger_target_dag to None, run_after=None
[2023-07-11T23:43:36.437+0000] {processor.py:179} INFO - Processing /home/airflow/.local/lib/python3.7/site-packages/airflow/example_dags/example_trigger_target_dag.py took 0.061 seconds
[2023-07-11T23:44:06.531+0000] {processor.py:157} INFO - Started process (PID=1223) to work on /home/airflow/.local/lib/python3.7/site-packages/airflow/example_dags/example_trigger_target_dag.py
[2023-07-11T23:44:06.532+0000] {processor.py:826} INFO - Processing file /home/airflow/.local/lib/python3.7/site-packages/airflow/example_dags/example_trigger_target_dag.py for tasks to queue
[2023-07-11T23:44:06.532+0000] {logging_mixin.py:150} INFO - [2023-07-11T23:44:06.532+0000] {dagbag.py:541} INFO - Filling up the DagBag from /home/airflow/.local/lib/python3.7/site-packages/airflow/example_dags/example_trigger_target_dag.py
[2023-07-11T23:44:06.536+0000] {processor.py:836} INFO - DAG(s) dict_keys(['example_trigger_target_dag']) retrieved from /home/airflow/.local/lib/python3.7/site-packages/airflow/example_dags/example_trigger_target_dag.py
[2023-07-11T23:44:06.555+0000] {logging_mixin.py:150} INFO - [2023-07-11T23:44:06.555+0000] {dag.py:2742} INFO - Sync 1 DAGs
[2023-07-11T23:44:06.581+0000] {logging_mixin.py:150} INFO - [2023-07-11T23:44:06.581+0000] {dag.py:3508} INFO - Setting next_dagrun for example_trigger_target_dag to None, run_after=None
[2023-07-11T23:44:06.599+0000] {processor.py:179} INFO - Processing /home/airflow/.local/lib/python3.7/site-packages/airflow/example_dags/example_trigger_target_dag.py took 0.070 seconds
[2023-07-11T23:44:37.041+0000] {processor.py:157} INFO - Started process (PID=1293) to work on /home/airflow/.local/lib/python3.7/site-packages/airflow/example_dags/example_trigger_target_dag.py
[2023-07-11T23:44:37.042+0000] {processor.py:826} INFO - Processing file /home/airflow/.local/lib/python3.7/site-packages/airflow/example_dags/example_trigger_target_dag.py for tasks to queue
[2023-07-11T23:44:37.043+0000] {logging_mixin.py:150} INFO - [2023-07-11T23:44:37.043+0000] {dagbag.py:541} INFO - Filling up the DagBag from /home/airflow/.local/lib/python3.7/site-packages/airflow/example_dags/example_trigger_target_dag.py
[2023-07-11T23:44:37.047+0000] {processor.py:836} INFO - DAG(s) dict_keys(['example_trigger_target_dag']) retrieved from /home/airflow/.local/lib/python3.7/site-packages/airflow/example_dags/example_trigger_target_dag.py
[2023-07-11T23:44:37.064+0000] {logging_mixin.py:150} INFO - [2023-07-11T23:44:37.064+0000] {dag.py:2742} INFO - Sync 1 DAGs
[2023-07-11T23:44:37.081+0000] {logging_mixin.py:150} INFO - [2023-07-11T23:44:37.081+0000] {dag.py:3508} INFO - Setting next_dagrun for example_trigger_target_dag to None, run_after=None
[2023-07-11T23:44:37.092+0000] {processor.py:179} INFO - Processing /home/airflow/.local/lib/python3.7/site-packages/airflow/example_dags/example_trigger_target_dag.py took 0.053 seconds
[2023-07-11T23:45:07.349+0000] {processor.py:157} INFO - Started process (PID=1363) to work on /home/airflow/.local/lib/python3.7/site-packages/airflow/example_dags/example_trigger_target_dag.py
[2023-07-11T23:45:07.350+0000] {processor.py:826} INFO - Processing file /home/airflow/.local/lib/python3.7/site-packages/airflow/example_dags/example_trigger_target_dag.py for tasks to queue
[2023-07-11T23:45:07.350+0000] {logging_mixin.py:150} INFO - [2023-07-11T23:45:07.350+0000] {dagbag.py:541} INFO - Filling up the DagBag from /home/airflow/.local/lib/python3.7/site-packages/airflow/example_dags/example_trigger_target_dag.py
[2023-07-11T23:45:07.354+0000] {processor.py:836} INFO - DAG(s) dict_keys(['example_trigger_target_dag']) retrieved from /home/airflow/.local/lib/python3.7/site-packages/airflow/example_dags/example_trigger_target_dag.py
[2023-07-11T23:45:07.374+0000] {logging_mixin.py:150} INFO - [2023-07-11T23:45:07.374+0000] {dag.py:2742} INFO - Sync 1 DAGs
[2023-07-11T23:45:07.393+0000] {logging_mixin.py:150} INFO - [2023-07-11T23:45:07.393+0000] {dag.py:3508} INFO - Setting next_dagrun for example_trigger_target_dag to None, run_after=None
[2023-07-11T23:45:07.405+0000] {processor.py:179} INFO - Processing /home/airflow/.local/lib/python3.7/site-packages/airflow/example_dags/example_trigger_target_dag.py took 0.058 seconds
[2023-07-11T23:45:37.498+0000] {processor.py:157} INFO - Started process (PID=1433) to work on /home/airflow/.local/lib/python3.7/site-packages/airflow/example_dags/example_trigger_target_dag.py
[2023-07-11T23:45:37.499+0000] {processor.py:826} INFO - Processing file /home/airflow/.local/lib/python3.7/site-packages/airflow/example_dags/example_trigger_target_dag.py for tasks to queue
[2023-07-11T23:45:37.499+0000] {logging_mixin.py:150} INFO - [2023-07-11T23:45:37.499+0000] {dagbag.py:541} INFO - Filling up the DagBag from /home/airflow/.local/lib/python3.7/site-packages/airflow/example_dags/example_trigger_target_dag.py
[2023-07-11T23:45:37.503+0000] {processor.py:836} INFO - DAG(s) dict_keys(['example_trigger_target_dag']) retrieved from /home/airflow/.local/lib/python3.7/site-packages/airflow/example_dags/example_trigger_target_dag.py
[2023-07-11T23:45:37.518+0000] {logging_mixin.py:150} INFO - [2023-07-11T23:45:37.517+0000] {dag.py:2742} INFO - Sync 1 DAGs
[2023-07-11T23:45:37.535+0000] {logging_mixin.py:150} INFO - [2023-07-11T23:45:37.534+0000] {dag.py:3508} INFO - Setting next_dagrun for example_trigger_target_dag to None, run_after=None
[2023-07-11T23:45:37.546+0000] {processor.py:179} INFO - Processing /home/airflow/.local/lib/python3.7/site-packages/airflow/example_dags/example_trigger_target_dag.py took 0.050 seconds
[2023-07-11T23:46:07.681+0000] {processor.py:157} INFO - Started process (PID=1503) to work on /home/airflow/.local/lib/python3.7/site-packages/airflow/example_dags/example_trigger_target_dag.py
[2023-07-11T23:46:07.682+0000] {processor.py:826} INFO - Processing file /home/airflow/.local/lib/python3.7/site-packages/airflow/example_dags/example_trigger_target_dag.py for tasks to queue
[2023-07-11T23:46:07.682+0000] {logging_mixin.py:150} INFO - [2023-07-11T23:46:07.682+0000] {dagbag.py:541} INFO - Filling up the DagBag from /home/airflow/.local/lib/python3.7/site-packages/airflow/example_dags/example_trigger_target_dag.py
[2023-07-11T23:46:07.686+0000] {processor.py:836} INFO - DAG(s) dict_keys(['example_trigger_target_dag']) retrieved from /home/airflow/.local/lib/python3.7/site-packages/airflow/example_dags/example_trigger_target_dag.py
[2023-07-11T23:46:07.702+0000] {logging_mixin.py:150} INFO - [2023-07-11T23:46:07.702+0000] {dag.py:2742} INFO - Sync 1 DAGs
[2023-07-11T23:46:07.719+0000] {logging_mixin.py:150} INFO - [2023-07-11T23:46:07.719+0000] {dag.py:3508} INFO - Setting next_dagrun for example_trigger_target_dag to None, run_after=None
[2023-07-11T23:46:07.730+0000] {processor.py:179} INFO - Processing /home/airflow/.local/lib/python3.7/site-packages/airflow/example_dags/example_trigger_target_dag.py took 0.050 seconds
[2023-07-11T23:46:37.767+0000] {processor.py:157} INFO - Started process (PID=1573) to work on /home/airflow/.local/lib/python3.7/site-packages/airflow/example_dags/example_trigger_target_dag.py
[2023-07-11T23:46:37.767+0000] {processor.py:826} INFO - Processing file /home/airflow/.local/lib/python3.7/site-packages/airflow/example_dags/example_trigger_target_dag.py for tasks to queue
[2023-07-11T23:46:37.768+0000] {logging_mixin.py:150} INFO - [2023-07-11T23:46:37.768+0000] {dagbag.py:541} INFO - Filling up the DagBag from /home/airflow/.local/lib/python3.7/site-packages/airflow/example_dags/example_trigger_target_dag.py
[2023-07-11T23:46:37.771+0000] {processor.py:836} INFO - DAG(s) dict_keys(['example_trigger_target_dag']) retrieved from /home/airflow/.local/lib/python3.7/site-packages/airflow/example_dags/example_trigger_target_dag.py
[2023-07-11T23:46:37.789+0000] {logging_mixin.py:150} INFO - [2023-07-11T23:46:37.789+0000] {dag.py:2742} INFO - Sync 1 DAGs
[2023-07-11T23:46:37.807+0000] {logging_mixin.py:150} INFO - [2023-07-11T23:46:37.807+0000] {dag.py:3508} INFO - Setting next_dagrun for example_trigger_target_dag to None, run_after=None
[2023-07-11T23:46:37.819+0000] {processor.py:179} INFO - Processing /home/airflow/.local/lib/python3.7/site-packages/airflow/example_dags/example_trigger_target_dag.py took 0.054 seconds
[2023-07-11T23:47:08.126+0000] {processor.py:157} INFO - Started process (PID=1643) to work on /home/airflow/.local/lib/python3.7/site-packages/airflow/example_dags/example_trigger_target_dag.py
[2023-07-11T23:47:08.126+0000] {processor.py:826} INFO - Processing file /home/airflow/.local/lib/python3.7/site-packages/airflow/example_dags/example_trigger_target_dag.py for tasks to queue
[2023-07-11T23:47:08.126+0000] {logging_mixin.py:150} INFO - [2023-07-11T23:47:08.126+0000] {dagbag.py:541} INFO - Filling up the DagBag from /home/airflow/.local/lib/python3.7/site-packages/airflow/example_dags/example_trigger_target_dag.py
[2023-07-11T23:47:08.130+0000] {processor.py:836} INFO - DAG(s) dict_keys(['example_trigger_target_dag']) retrieved from /home/airflow/.local/lib/python3.7/site-packages/airflow/example_dags/example_trigger_target_dag.py
[2023-07-11T23:47:08.146+0000] {logging_mixin.py:150} INFO - [2023-07-11T23:47:08.146+0000] {dag.py:2742} INFO - Sync 1 DAGs
[2023-07-11T23:47:08.163+0000] {logging_mixin.py:150} INFO - [2023-07-11T23:47:08.163+0000] {dag.py:3508} INFO - Setting next_dagrun for example_trigger_target_dag to None, run_after=None
[2023-07-11T23:47:08.174+0000] {processor.py:179} INFO - Processing /home/airflow/.local/lib/python3.7/site-packages/airflow/example_dags/example_trigger_target_dag.py took 0.050 seconds
