[2023-07-11T23:35:32.464+0000] {processor.py:157} INFO - Started process (PID=56) to work on /home/airflow/.local/lib/python3.7/site-packages/airflow/example_dags/example_params_trigger_ui.py
[2023-07-11T23:35:32.465+0000] {processor.py:826} INFO - Processing file /home/airflow/.local/lib/python3.7/site-packages/airflow/example_dags/example_params_trigger_ui.py for tasks to queue
[2023-07-11T23:35:32.466+0000] {logging_mixin.py:150} INFO - [2023-07-11T23:35:32.466+0000] {dagbag.py:541} INFO - Filling up the DagBag from /home/airflow/.local/lib/python3.7/site-packages/airflow/example_dags/example_params_trigger_ui.py
[2023-07-11T23:35:32.491+0000] {processor.py:836} INFO - DAG(s) dict_keys(['example_params_trigger_ui']) retrieved from /home/airflow/.local/lib/python3.7/site-packages/airflow/example_dags/example_params_trigger_ui.py
[2023-07-11T23:35:32.502+0000] {logging_mixin.py:150} INFO - [2023-07-11T23:35:32.501+0000] {dag.py:2742} INFO - Sync 1 DAGs
[2023-07-11T23:35:32.526+0000] {logging_mixin.py:150} INFO - [2023-07-11T23:35:32.526+0000] {dag.py:3508} INFO - Setting next_dagrun for example_params_trigger_ui to None, run_after=None
[2023-07-11T23:35:32.545+0000] {processor.py:179} INFO - Processing /home/airflow/.local/lib/python3.7/site-packages/airflow/example_dags/example_params_trigger_ui.py took 0.083 seconds
[2023-07-11T23:36:02.877+0000] {processor.py:157} INFO - Started process (PID=125) to work on /home/airflow/.local/lib/python3.7/site-packages/airflow/example_dags/example_params_trigger_ui.py
[2023-07-11T23:36:02.878+0000] {processor.py:826} INFO - Processing file /home/airflow/.local/lib/python3.7/site-packages/airflow/example_dags/example_params_trigger_ui.py for tasks to queue
[2023-07-11T23:36:02.878+0000] {logging_mixin.py:150} INFO - [2023-07-11T23:36:02.878+0000] {dagbag.py:541} INFO - Filling up the DagBag from /home/airflow/.local/lib/python3.7/site-packages/airflow/example_dags/example_params_trigger_ui.py
[2023-07-11T23:36:02.891+0000] {processor.py:836} INFO - DAG(s) dict_keys(['example_params_trigger_ui']) retrieved from /home/airflow/.local/lib/python3.7/site-packages/airflow/example_dags/example_params_trigger_ui.py
[2023-07-11T23:36:02.952+0000] {logging_mixin.py:150} INFO - [2023-07-11T23:36:02.952+0000] {dag.py:2742} INFO - Sync 1 DAGs
[2023-07-11T23:36:02.968+0000] {logging_mixin.py:150} INFO - [2023-07-11T23:36:02.968+0000] {dag.py:3508} INFO - Setting next_dagrun for example_params_trigger_ui to None, run_after=None
[2023-07-11T23:36:02.980+0000] {processor.py:179} INFO - Processing /home/airflow/.local/lib/python3.7/site-packages/airflow/example_dags/example_params_trigger_ui.py took 0.105 seconds
[2023-07-11T23:36:33.015+0000] {processor.py:157} INFO - Started process (PID=195) to work on /home/airflow/.local/lib/python3.7/site-packages/airflow/example_dags/example_params_trigger_ui.py
[2023-07-11T23:36:33.015+0000] {processor.py:826} INFO - Processing file /home/airflow/.local/lib/python3.7/site-packages/airflow/example_dags/example_params_trigger_ui.py for tasks to queue
[2023-07-11T23:36:33.016+0000] {logging_mixin.py:150} INFO - [2023-07-11T23:36:33.015+0000] {dagbag.py:541} INFO - Filling up the DagBag from /home/airflow/.local/lib/python3.7/site-packages/airflow/example_dags/example_params_trigger_ui.py
[2023-07-11T23:36:33.029+0000] {processor.py:836} INFO - DAG(s) dict_keys(['example_params_trigger_ui']) retrieved from /home/airflow/.local/lib/python3.7/site-packages/airflow/example_dags/example_params_trigger_ui.py
[2023-07-11T23:36:33.089+0000] {logging_mixin.py:150} INFO - [2023-07-11T23:36:33.089+0000] {dag.py:2742} INFO - Sync 1 DAGs
[2023-07-11T23:36:33.107+0000] {logging_mixin.py:150} INFO - [2023-07-11T23:36:33.107+0000] {dag.py:3508} INFO - Setting next_dagrun for example_params_trigger_ui to None, run_after=None
[2023-07-11T23:36:33.120+0000] {processor.py:179} INFO - Processing /home/airflow/.local/lib/python3.7/site-packages/airflow/example_dags/example_params_trigger_ui.py took 0.107 seconds
[2023-07-11T23:37:03.248+0000] {processor.py:157} INFO - Started process (PID=265) to work on /home/airflow/.local/lib/python3.7/site-packages/airflow/example_dags/example_params_trigger_ui.py
[2023-07-11T23:37:03.248+0000] {processor.py:826} INFO - Processing file /home/airflow/.local/lib/python3.7/site-packages/airflow/example_dags/example_params_trigger_ui.py for tasks to queue
[2023-07-11T23:37:03.248+0000] {logging_mixin.py:150} INFO - [2023-07-11T23:37:03.248+0000] {dagbag.py:541} INFO - Filling up the DagBag from /home/airflow/.local/lib/python3.7/site-packages/airflow/example_dags/example_params_trigger_ui.py
[2023-07-11T23:37:03.262+0000] {processor.py:836} INFO - DAG(s) dict_keys(['example_params_trigger_ui']) retrieved from /home/airflow/.local/lib/python3.7/site-packages/airflow/example_dags/example_params_trigger_ui.py
[2023-07-11T23:37:03.322+0000] {logging_mixin.py:150} INFO - [2023-07-11T23:37:03.321+0000] {dag.py:2742} INFO - Sync 1 DAGs
[2023-07-11T23:37:03.338+0000] {logging_mixin.py:150} INFO - [2023-07-11T23:37:03.338+0000] {dag.py:3508} INFO - Setting next_dagrun for example_params_trigger_ui to None, run_after=None
[2023-07-11T23:37:03.350+0000] {processor.py:179} INFO - Processing /home/airflow/.local/lib/python3.7/site-packages/airflow/example_dags/example_params_trigger_ui.py took 0.105 seconds
[2023-07-11T23:37:33.368+0000] {processor.py:157} INFO - Started process (PID=335) to work on /home/airflow/.local/lib/python3.7/site-packages/airflow/example_dags/example_params_trigger_ui.py
[2023-07-11T23:37:33.369+0000] {processor.py:826} INFO - Processing file /home/airflow/.local/lib/python3.7/site-packages/airflow/example_dags/example_params_trigger_ui.py for tasks to queue
[2023-07-11T23:37:33.369+0000] {logging_mixin.py:150} INFO - [2023-07-11T23:37:33.369+0000] {dagbag.py:541} INFO - Filling up the DagBag from /home/airflow/.local/lib/python3.7/site-packages/airflow/example_dags/example_params_trigger_ui.py
[2023-07-11T23:37:33.383+0000] {processor.py:836} INFO - DAG(s) dict_keys(['example_params_trigger_ui']) retrieved from /home/airflow/.local/lib/python3.7/site-packages/airflow/example_dags/example_params_trigger_ui.py
[2023-07-11T23:37:33.444+0000] {logging_mixin.py:150} INFO - [2023-07-11T23:37:33.444+0000] {dag.py:2742} INFO - Sync 1 DAGs
[2023-07-11T23:37:33.461+0000] {logging_mixin.py:150} INFO - [2023-07-11T23:37:33.461+0000] {dag.py:3508} INFO - Setting next_dagrun for example_params_trigger_ui to None, run_after=None
[2023-07-11T23:37:33.473+0000] {processor.py:179} INFO - Processing /home/airflow/.local/lib/python3.7/site-packages/airflow/example_dags/example_params_trigger_ui.py took 0.106 seconds
[2023-07-11T23:38:03.530+0000] {processor.py:157} INFO - Started process (PID=406) to work on /home/airflow/.local/lib/python3.7/site-packages/airflow/example_dags/example_params_trigger_ui.py
[2023-07-11T23:38:03.531+0000] {processor.py:826} INFO - Processing file /home/airflow/.local/lib/python3.7/site-packages/airflow/example_dags/example_params_trigger_ui.py for tasks to queue
[2023-07-11T23:38:03.531+0000] {logging_mixin.py:150} INFO - [2023-07-11T23:38:03.531+0000] {dagbag.py:541} INFO - Filling up the DagBag from /home/airflow/.local/lib/python3.7/site-packages/airflow/example_dags/example_params_trigger_ui.py
[2023-07-11T23:38:03.545+0000] {processor.py:836} INFO - DAG(s) dict_keys(['example_params_trigger_ui']) retrieved from /home/airflow/.local/lib/python3.7/site-packages/airflow/example_dags/example_params_trigger_ui.py
[2023-07-11T23:38:03.606+0000] {logging_mixin.py:150} INFO - [2023-07-11T23:38:03.606+0000] {dag.py:2742} INFO - Sync 1 DAGs
[2023-07-11T23:38:03.622+0000] {logging_mixin.py:150} INFO - [2023-07-11T23:38:03.622+0000] {dag.py:3508} INFO - Setting next_dagrun for example_params_trigger_ui to None, run_after=None
[2023-07-11T23:38:03.634+0000] {processor.py:179} INFO - Processing /home/airflow/.local/lib/python3.7/site-packages/airflow/example_dags/example_params_trigger_ui.py took 0.106 seconds
[2023-07-11T23:38:34.102+0000] {processor.py:157} INFO - Started process (PID=476) to work on /home/airflow/.local/lib/python3.7/site-packages/airflow/example_dags/example_params_trigger_ui.py
[2023-07-11T23:38:34.102+0000] {processor.py:826} INFO - Processing file /home/airflow/.local/lib/python3.7/site-packages/airflow/example_dags/example_params_trigger_ui.py for tasks to queue
[2023-07-11T23:38:34.102+0000] {logging_mixin.py:150} INFO - [2023-07-11T23:38:34.102+0000] {dagbag.py:541} INFO - Filling up the DagBag from /home/airflow/.local/lib/python3.7/site-packages/airflow/example_dags/example_params_trigger_ui.py
[2023-07-11T23:38:34.116+0000] {processor.py:836} INFO - DAG(s) dict_keys(['example_params_trigger_ui']) retrieved from /home/airflow/.local/lib/python3.7/site-packages/airflow/example_dags/example_params_trigger_ui.py
[2023-07-11T23:38:34.176+0000] {logging_mixin.py:150} INFO - [2023-07-11T23:38:34.176+0000] {dag.py:2742} INFO - Sync 1 DAGs
[2023-07-11T23:38:34.194+0000] {logging_mixin.py:150} INFO - [2023-07-11T23:38:34.194+0000] {dag.py:3508} INFO - Setting next_dagrun for example_params_trigger_ui to None, run_after=None
[2023-07-11T23:38:34.208+0000] {processor.py:179} INFO - Processing /home/airflow/.local/lib/python3.7/site-packages/airflow/example_dags/example_params_trigger_ui.py took 0.108 seconds
[2023-07-11T23:39:04.300+0000] {processor.py:157} INFO - Started process (PID=546) to work on /home/airflow/.local/lib/python3.7/site-packages/airflow/example_dags/example_params_trigger_ui.py
[2023-07-11T23:39:04.301+0000] {processor.py:826} INFO - Processing file /home/airflow/.local/lib/python3.7/site-packages/airflow/example_dags/example_params_trigger_ui.py for tasks to queue
[2023-07-11T23:39:04.301+0000] {logging_mixin.py:150} INFO - [2023-07-11T23:39:04.301+0000] {dagbag.py:541} INFO - Filling up the DagBag from /home/airflow/.local/lib/python3.7/site-packages/airflow/example_dags/example_params_trigger_ui.py
[2023-07-11T23:39:04.316+0000] {processor.py:836} INFO - DAG(s) dict_keys(['example_params_trigger_ui']) retrieved from /home/airflow/.local/lib/python3.7/site-packages/airflow/example_dags/example_params_trigger_ui.py
[2023-07-11T23:39:04.387+0000] {logging_mixin.py:150} INFO - [2023-07-11T23:39:04.387+0000] {dag.py:2742} INFO - Sync 1 DAGs
[2023-07-11T23:39:04.406+0000] {logging_mixin.py:150} INFO - [2023-07-11T23:39:04.406+0000] {dag.py:3508} INFO - Setting next_dagrun for example_params_trigger_ui to None, run_after=None
[2023-07-11T23:39:04.419+0000] {processor.py:179} INFO - Processing /home/airflow/.local/lib/python3.7/site-packages/airflow/example_dags/example_params_trigger_ui.py took 0.121 seconds
[2023-07-11T23:39:34.470+0000] {processor.py:157} INFO - Started process (PID=616) to work on /home/airflow/.local/lib/python3.7/site-packages/airflow/example_dags/example_params_trigger_ui.py
[2023-07-11T23:39:34.471+0000] {processor.py:826} INFO - Processing file /home/airflow/.local/lib/python3.7/site-packages/airflow/example_dags/example_params_trigger_ui.py for tasks to queue
[2023-07-11T23:39:34.471+0000] {logging_mixin.py:150} INFO - [2023-07-11T23:39:34.471+0000] {dagbag.py:541} INFO - Filling up the DagBag from /home/airflow/.local/lib/python3.7/site-packages/airflow/example_dags/example_params_trigger_ui.py
[2023-07-11T23:39:34.484+0000] {processor.py:836} INFO - DAG(s) dict_keys(['example_params_trigger_ui']) retrieved from /home/airflow/.local/lib/python3.7/site-packages/airflow/example_dags/example_params_trigger_ui.py
[2023-07-11T23:39:34.542+0000] {logging_mixin.py:150} INFO - [2023-07-11T23:39:34.542+0000] {dag.py:2742} INFO - Sync 1 DAGs
[2023-07-11T23:39:34.558+0000] {logging_mixin.py:150} INFO - [2023-07-11T23:39:34.558+0000] {dag.py:3508} INFO - Setting next_dagrun for example_params_trigger_ui to None, run_after=None
[2023-07-11T23:39:34.571+0000] {processor.py:179} INFO - Processing /home/airflow/.local/lib/python3.7/site-packages/airflow/example_dags/example_params_trigger_ui.py took 0.103 seconds
[2023-07-11T23:40:04.761+0000] {processor.py:157} INFO - Started process (PID=686) to work on /home/airflow/.local/lib/python3.7/site-packages/airflow/example_dags/example_params_trigger_ui.py
[2023-07-11T23:40:04.761+0000] {processor.py:826} INFO - Processing file /home/airflow/.local/lib/python3.7/site-packages/airflow/example_dags/example_params_trigger_ui.py for tasks to queue
[2023-07-11T23:40:04.762+0000] {logging_mixin.py:150} INFO - [2023-07-11T23:40:04.762+0000] {dagbag.py:541} INFO - Filling up the DagBag from /home/airflow/.local/lib/python3.7/site-packages/airflow/example_dags/example_params_trigger_ui.py
[2023-07-11T23:40:04.776+0000] {processor.py:836} INFO - DAG(s) dict_keys(['example_params_trigger_ui']) retrieved from /home/airflow/.local/lib/python3.7/site-packages/airflow/example_dags/example_params_trigger_ui.py
[2023-07-11T23:40:04.836+0000] {logging_mixin.py:150} INFO - [2023-07-11T23:40:04.836+0000] {dag.py:2742} INFO - Sync 1 DAGs
[2023-07-11T23:40:04.855+0000] {logging_mixin.py:150} INFO - [2023-07-11T23:40:04.854+0000] {dag.py:3508} INFO - Setting next_dagrun for example_params_trigger_ui to None, run_after=None
[2023-07-11T23:40:04.867+0000] {processor.py:179} INFO - Processing /home/airflow/.local/lib/python3.7/site-packages/airflow/example_dags/example_params_trigger_ui.py took 0.108 seconds
[2023-07-11T23:40:35.288+0000] {processor.py:157} INFO - Started process (PID=755) to work on /home/airflow/.local/lib/python3.7/site-packages/airflow/example_dags/example_params_trigger_ui.py
[2023-07-11T23:40:35.289+0000] {processor.py:826} INFO - Processing file /home/airflow/.local/lib/python3.7/site-packages/airflow/example_dags/example_params_trigger_ui.py for tasks to queue
[2023-07-11T23:40:35.289+0000] {logging_mixin.py:150} INFO - [2023-07-11T23:40:35.289+0000] {dagbag.py:541} INFO - Filling up the DagBag from /home/airflow/.local/lib/python3.7/site-packages/airflow/example_dags/example_params_trigger_ui.py
[2023-07-11T23:40:35.305+0000] {processor.py:836} INFO - DAG(s) dict_keys(['example_params_trigger_ui']) retrieved from /home/airflow/.local/lib/python3.7/site-packages/airflow/example_dags/example_params_trigger_ui.py
[2023-07-11T23:40:35.375+0000] {logging_mixin.py:150} INFO - [2023-07-11T23:40:35.374+0000] {dag.py:2742} INFO - Sync 1 DAGs
[2023-07-11T23:40:35.397+0000] {logging_mixin.py:150} INFO - [2023-07-11T23:40:35.396+0000] {dag.py:3508} INFO - Setting next_dagrun for example_params_trigger_ui to None, run_after=None
[2023-07-11T23:40:35.413+0000] {processor.py:179} INFO - Processing /home/airflow/.local/lib/python3.7/site-packages/airflow/example_dags/example_params_trigger_ui.py took 0.127 seconds
[2023-07-11T23:41:05.568+0000] {processor.py:157} INFO - Started process (PID=826) to work on /home/airflow/.local/lib/python3.7/site-packages/airflow/example_dags/example_params_trigger_ui.py
[2023-07-11T23:41:05.568+0000] {processor.py:826} INFO - Processing file /home/airflow/.local/lib/python3.7/site-packages/airflow/example_dags/example_params_trigger_ui.py for tasks to queue
[2023-07-11T23:41:05.569+0000] {logging_mixin.py:150} INFO - [2023-07-11T23:41:05.569+0000] {dagbag.py:541} INFO - Filling up the DagBag from /home/airflow/.local/lib/python3.7/site-packages/airflow/example_dags/example_params_trigger_ui.py
[2023-07-11T23:41:05.582+0000] {processor.py:836} INFO - DAG(s) dict_keys(['example_params_trigger_ui']) retrieved from /home/airflow/.local/lib/python3.7/site-packages/airflow/example_dags/example_params_trigger_ui.py
[2023-07-11T23:41:05.644+0000] {logging_mixin.py:150} INFO - [2023-07-11T23:41:05.644+0000] {dag.py:2742} INFO - Sync 1 DAGs
[2023-07-11T23:41:05.662+0000] {logging_mixin.py:150} INFO - [2023-07-11T23:41:05.662+0000] {dag.py:3508} INFO - Setting next_dagrun for example_params_trigger_ui to None, run_after=None
[2023-07-11T23:41:05.674+0000] {processor.py:179} INFO - Processing /home/airflow/.local/lib/python3.7/site-packages/airflow/example_dags/example_params_trigger_ui.py took 0.108 seconds
[2023-07-11T23:41:35.743+0000] {processor.py:157} INFO - Started process (PID=895) to work on /home/airflow/.local/lib/python3.7/site-packages/airflow/example_dags/example_params_trigger_ui.py
[2023-07-11T23:41:35.744+0000] {processor.py:826} INFO - Processing file /home/airflow/.local/lib/python3.7/site-packages/airflow/example_dags/example_params_trigger_ui.py for tasks to queue
[2023-07-11T23:41:35.744+0000] {logging_mixin.py:150} INFO - [2023-07-11T23:41:35.744+0000] {dagbag.py:541} INFO - Filling up the DagBag from /home/airflow/.local/lib/python3.7/site-packages/airflow/example_dags/example_params_trigger_ui.py
[2023-07-11T23:41:35.758+0000] {processor.py:836} INFO - DAG(s) dict_keys(['example_params_trigger_ui']) retrieved from /home/airflow/.local/lib/python3.7/site-packages/airflow/example_dags/example_params_trigger_ui.py
[2023-07-11T23:41:35.821+0000] {logging_mixin.py:150} INFO - [2023-07-11T23:41:35.821+0000] {dag.py:2742} INFO - Sync 1 DAGs
[2023-07-11T23:41:35.840+0000] {logging_mixin.py:150} INFO - [2023-07-11T23:41:35.839+0000] {dag.py:3508} INFO - Setting next_dagrun for example_params_trigger_ui to None, run_after=None
[2023-07-11T23:41:35.853+0000] {processor.py:179} INFO - Processing /home/airflow/.local/lib/python3.7/site-packages/airflow/example_dags/example_params_trigger_ui.py took 0.111 seconds
[2023-07-11T23:42:05.910+0000] {processor.py:157} INFO - Started process (PID=965) to work on /home/airflow/.local/lib/python3.7/site-packages/airflow/example_dags/example_params_trigger_ui.py
[2023-07-11T23:42:05.911+0000] {processor.py:826} INFO - Processing file /home/airflow/.local/lib/python3.7/site-packages/airflow/example_dags/example_params_trigger_ui.py for tasks to queue
[2023-07-11T23:42:05.911+0000] {logging_mixin.py:150} INFO - [2023-07-11T23:42:05.911+0000] {dagbag.py:541} INFO - Filling up the DagBag from /home/airflow/.local/lib/python3.7/site-packages/airflow/example_dags/example_params_trigger_ui.py
[2023-07-11T23:42:05.927+0000] {processor.py:836} INFO - DAG(s) dict_keys(['example_params_trigger_ui']) retrieved from /home/airflow/.local/lib/python3.7/site-packages/airflow/example_dags/example_params_trigger_ui.py
[2023-07-11T23:42:05.993+0000] {logging_mixin.py:150} INFO - [2023-07-11T23:42:05.993+0000] {dag.py:2742} INFO - Sync 1 DAGs
[2023-07-11T23:42:06.013+0000] {logging_mixin.py:150} INFO - [2023-07-11T23:42:06.013+0000] {dag.py:3508} INFO - Setting next_dagrun for example_params_trigger_ui to None, run_after=None
[2023-07-11T23:42:06.028+0000] {processor.py:179} INFO - Processing /home/airflow/.local/lib/python3.7/site-packages/airflow/example_dags/example_params_trigger_ui.py took 0.120 seconds
[2023-07-11T23:42:36.321+0000] {processor.py:157} INFO - Started process (PID=1035) to work on /home/airflow/.local/lib/python3.7/site-packages/airflow/example_dags/example_params_trigger_ui.py
[2023-07-11T23:42:36.321+0000] {processor.py:826} INFO - Processing file /home/airflow/.local/lib/python3.7/site-packages/airflow/example_dags/example_params_trigger_ui.py for tasks to queue
[2023-07-11T23:42:36.322+0000] {logging_mixin.py:150} INFO - [2023-07-11T23:42:36.322+0000] {dagbag.py:541} INFO - Filling up the DagBag from /home/airflow/.local/lib/python3.7/site-packages/airflow/example_dags/example_params_trigger_ui.py
[2023-07-11T23:42:36.338+0000] {processor.py:836} INFO - DAG(s) dict_keys(['example_params_trigger_ui']) retrieved from /home/airflow/.local/lib/python3.7/site-packages/airflow/example_dags/example_params_trigger_ui.py
[2023-07-11T23:42:36.402+0000] {logging_mixin.py:150} INFO - [2023-07-11T23:42:36.402+0000] {dag.py:2742} INFO - Sync 1 DAGs
[2023-07-11T23:42:36.421+0000] {logging_mixin.py:150} INFO - [2023-07-11T23:42:36.421+0000] {dag.py:3508} INFO - Setting next_dagrun for example_params_trigger_ui to None, run_after=None
[2023-07-11T23:42:36.435+0000] {processor.py:179} INFO - Processing /home/airflow/.local/lib/python3.7/site-packages/airflow/example_dags/example_params_trigger_ui.py took 0.116 seconds
[2023-07-11T23:43:07.340+0000] {processor.py:157} INFO - Started process (PID=1105) to work on /home/airflow/.local/lib/python3.7/site-packages/airflow/example_dags/example_params_trigger_ui.py
[2023-07-11T23:43:07.341+0000] {processor.py:826} INFO - Processing file /home/airflow/.local/lib/python3.7/site-packages/airflow/example_dags/example_params_trigger_ui.py for tasks to queue
[2023-07-11T23:43:07.341+0000] {logging_mixin.py:150} INFO - [2023-07-11T23:43:07.341+0000] {dagbag.py:541} INFO - Filling up the DagBag from /home/airflow/.local/lib/python3.7/site-packages/airflow/example_dags/example_params_trigger_ui.py
[2023-07-11T23:43:07.354+0000] {processor.py:836} INFO - DAG(s) dict_keys(['example_params_trigger_ui']) retrieved from /home/airflow/.local/lib/python3.7/site-packages/airflow/example_dags/example_params_trigger_ui.py
[2023-07-11T23:43:07.414+0000] {logging_mixin.py:150} INFO - [2023-07-11T23:43:07.414+0000] {dag.py:2742} INFO - Sync 1 DAGs
[2023-07-11T23:43:07.430+0000] {logging_mixin.py:150} INFO - [2023-07-11T23:43:07.430+0000] {dag.py:3508} INFO - Setting next_dagrun for example_params_trigger_ui to None, run_after=None
[2023-07-11T23:43:07.441+0000] {processor.py:179} INFO - Processing /home/airflow/.local/lib/python3.7/site-packages/airflow/example_dags/example_params_trigger_ui.py took 0.102 seconds
[2023-07-11T23:43:38.161+0000] {processor.py:157} INFO - Started process (PID=1175) to work on /home/airflow/.local/lib/python3.7/site-packages/airflow/example_dags/example_params_trigger_ui.py
[2023-07-11T23:43:38.162+0000] {processor.py:826} INFO - Processing file /home/airflow/.local/lib/python3.7/site-packages/airflow/example_dags/example_params_trigger_ui.py for tasks to queue
[2023-07-11T23:43:38.162+0000] {logging_mixin.py:150} INFO - [2023-07-11T23:43:38.162+0000] {dagbag.py:541} INFO - Filling up the DagBag from /home/airflow/.local/lib/python3.7/site-packages/airflow/example_dags/example_params_trigger_ui.py
[2023-07-11T23:43:38.176+0000] {processor.py:836} INFO - DAG(s) dict_keys(['example_params_trigger_ui']) retrieved from /home/airflow/.local/lib/python3.7/site-packages/airflow/example_dags/example_params_trigger_ui.py
[2023-07-11T23:43:38.235+0000] {logging_mixin.py:150} INFO - [2023-07-11T23:43:38.234+0000] {dag.py:2742} INFO - Sync 1 DAGs
[2023-07-11T23:43:38.252+0000] {logging_mixin.py:150} INFO - [2023-07-11T23:43:38.252+0000] {dag.py:3508} INFO - Setting next_dagrun for example_params_trigger_ui to None, run_after=None
[2023-07-11T23:43:38.263+0000] {processor.py:179} INFO - Processing /home/airflow/.local/lib/python3.7/site-packages/airflow/example_dags/example_params_trigger_ui.py took 0.104 seconds
[2023-07-11T23:44:08.347+0000] {processor.py:157} INFO - Started process (PID=1245) to work on /home/airflow/.local/lib/python3.7/site-packages/airflow/example_dags/example_params_trigger_ui.py
[2023-07-11T23:44:08.347+0000] {processor.py:826} INFO - Processing file /home/airflow/.local/lib/python3.7/site-packages/airflow/example_dags/example_params_trigger_ui.py for tasks to queue
[2023-07-11T23:44:08.348+0000] {logging_mixin.py:150} INFO - [2023-07-11T23:44:08.348+0000] {dagbag.py:541} INFO - Filling up the DagBag from /home/airflow/.local/lib/python3.7/site-packages/airflow/example_dags/example_params_trigger_ui.py
[2023-07-11T23:44:08.361+0000] {processor.py:836} INFO - DAG(s) dict_keys(['example_params_trigger_ui']) retrieved from /home/airflow/.local/lib/python3.7/site-packages/airflow/example_dags/example_params_trigger_ui.py
[2023-07-11T23:44:08.422+0000] {logging_mixin.py:150} INFO - [2023-07-11T23:44:08.422+0000] {dag.py:2742} INFO - Sync 1 DAGs
[2023-07-11T23:44:08.440+0000] {logging_mixin.py:150} INFO - [2023-07-11T23:44:08.440+0000] {dag.py:3508} INFO - Setting next_dagrun for example_params_trigger_ui to None, run_after=None
[2023-07-11T23:44:08.452+0000] {processor.py:179} INFO - Processing /home/airflow/.local/lib/python3.7/site-packages/airflow/example_dags/example_params_trigger_ui.py took 0.108 seconds
[2023-07-11T23:44:38.787+0000] {processor.py:157} INFO - Started process (PID=1315) to work on /home/airflow/.local/lib/python3.7/site-packages/airflow/example_dags/example_params_trigger_ui.py
[2023-07-11T23:44:38.787+0000] {processor.py:826} INFO - Processing file /home/airflow/.local/lib/python3.7/site-packages/airflow/example_dags/example_params_trigger_ui.py for tasks to queue
[2023-07-11T23:44:38.788+0000] {logging_mixin.py:150} INFO - [2023-07-11T23:44:38.787+0000] {dagbag.py:541} INFO - Filling up the DagBag from /home/airflow/.local/lib/python3.7/site-packages/airflow/example_dags/example_params_trigger_ui.py
[2023-07-11T23:44:38.802+0000] {processor.py:836} INFO - DAG(s) dict_keys(['example_params_trigger_ui']) retrieved from /home/airflow/.local/lib/python3.7/site-packages/airflow/example_dags/example_params_trigger_ui.py
[2023-07-11T23:44:38.861+0000] {logging_mixin.py:150} INFO - [2023-07-11T23:44:38.861+0000] {dag.py:2742} INFO - Sync 1 DAGs
[2023-07-11T23:44:38.879+0000] {logging_mixin.py:150} INFO - [2023-07-11T23:44:38.878+0000] {dag.py:3508} INFO - Setting next_dagrun for example_params_trigger_ui to None, run_after=None
[2023-07-11T23:44:38.890+0000] {processor.py:179} INFO - Processing /home/airflow/.local/lib/python3.7/site-packages/airflow/example_dags/example_params_trigger_ui.py took 0.105 seconds
[2023-07-11T23:45:09.263+0000] {processor.py:157} INFO - Started process (PID=1385) to work on /home/airflow/.local/lib/python3.7/site-packages/airflow/example_dags/example_params_trigger_ui.py
[2023-07-11T23:45:09.264+0000] {processor.py:826} INFO - Processing file /home/airflow/.local/lib/python3.7/site-packages/airflow/example_dags/example_params_trigger_ui.py for tasks to queue
[2023-07-11T23:45:09.265+0000] {logging_mixin.py:150} INFO - [2023-07-11T23:45:09.265+0000] {dagbag.py:541} INFO - Filling up the DagBag from /home/airflow/.local/lib/python3.7/site-packages/airflow/example_dags/example_params_trigger_ui.py
[2023-07-11T23:45:09.281+0000] {processor.py:836} INFO - DAG(s) dict_keys(['example_params_trigger_ui']) retrieved from /home/airflow/.local/lib/python3.7/site-packages/airflow/example_dags/example_params_trigger_ui.py
[2023-07-11T23:45:09.347+0000] {logging_mixin.py:150} INFO - [2023-07-11T23:45:09.347+0000] {dag.py:2742} INFO - Sync 1 DAGs
[2023-07-11T23:45:09.365+0000] {logging_mixin.py:150} INFO - [2023-07-11T23:45:09.365+0000] {dag.py:3508} INFO - Setting next_dagrun for example_params_trigger_ui to None, run_after=None
[2023-07-11T23:45:09.379+0000] {processor.py:179} INFO - Processing /home/airflow/.local/lib/python3.7/site-packages/airflow/example_dags/example_params_trigger_ui.py took 0.118 seconds
[2023-07-11T23:45:40.187+0000] {processor.py:157} INFO - Started process (PID=1455) to work on /home/airflow/.local/lib/python3.7/site-packages/airflow/example_dags/example_params_trigger_ui.py
[2023-07-11T23:45:40.187+0000] {processor.py:826} INFO - Processing file /home/airflow/.local/lib/python3.7/site-packages/airflow/example_dags/example_params_trigger_ui.py for tasks to queue
[2023-07-11T23:45:40.188+0000] {logging_mixin.py:150} INFO - [2023-07-11T23:45:40.187+0000] {dagbag.py:541} INFO - Filling up the DagBag from /home/airflow/.local/lib/python3.7/site-packages/airflow/example_dags/example_params_trigger_ui.py
[2023-07-11T23:45:40.201+0000] {processor.py:836} INFO - DAG(s) dict_keys(['example_params_trigger_ui']) retrieved from /home/airflow/.local/lib/python3.7/site-packages/airflow/example_dags/example_params_trigger_ui.py
[2023-07-11T23:45:40.263+0000] {logging_mixin.py:150} INFO - [2023-07-11T23:45:40.262+0000] {dag.py:2742} INFO - Sync 1 DAGs
[2023-07-11T23:45:40.279+0000] {logging_mixin.py:150} INFO - [2023-07-11T23:45:40.279+0000] {dag.py:3508} INFO - Setting next_dagrun for example_params_trigger_ui to None, run_after=None
[2023-07-11T23:45:40.290+0000] {processor.py:179} INFO - Processing /home/airflow/.local/lib/python3.7/site-packages/airflow/example_dags/example_params_trigger_ui.py took 0.105 seconds
[2023-07-11T23:46:10.406+0000] {processor.py:157} INFO - Started process (PID=1525) to work on /home/airflow/.local/lib/python3.7/site-packages/airflow/example_dags/example_params_trigger_ui.py
[2023-07-11T23:46:10.407+0000] {processor.py:826} INFO - Processing file /home/airflow/.local/lib/python3.7/site-packages/airflow/example_dags/example_params_trigger_ui.py for tasks to queue
[2023-07-11T23:46:10.407+0000] {logging_mixin.py:150} INFO - [2023-07-11T23:46:10.407+0000] {dagbag.py:541} INFO - Filling up the DagBag from /home/airflow/.local/lib/python3.7/site-packages/airflow/example_dags/example_params_trigger_ui.py
[2023-07-11T23:46:10.423+0000] {processor.py:836} INFO - DAG(s) dict_keys(['example_params_trigger_ui']) retrieved from /home/airflow/.local/lib/python3.7/site-packages/airflow/example_dags/example_params_trigger_ui.py
[2023-07-11T23:46:10.491+0000] {logging_mixin.py:150} INFO - [2023-07-11T23:46:10.491+0000] {dag.py:2742} INFO - Sync 1 DAGs
[2023-07-11T23:46:10.512+0000] {logging_mixin.py:150} INFO - [2023-07-11T23:46:10.512+0000] {dag.py:3508} INFO - Setting next_dagrun for example_params_trigger_ui to None, run_after=None
[2023-07-11T23:46:10.526+0000] {processor.py:179} INFO - Processing /home/airflow/.local/lib/python3.7/site-packages/airflow/example_dags/example_params_trigger_ui.py took 0.121 seconds
[2023-07-11T23:46:40.555+0000] {processor.py:157} INFO - Started process (PID=1596) to work on /home/airflow/.local/lib/python3.7/site-packages/airflow/example_dags/example_params_trigger_ui.py
[2023-07-11T23:46:40.555+0000] {processor.py:826} INFO - Processing file /home/airflow/.local/lib/python3.7/site-packages/airflow/example_dags/example_params_trigger_ui.py for tasks to queue
[2023-07-11T23:46:40.556+0000] {logging_mixin.py:150} INFO - [2023-07-11T23:46:40.555+0000] {dagbag.py:541} INFO - Filling up the DagBag from /home/airflow/.local/lib/python3.7/site-packages/airflow/example_dags/example_params_trigger_ui.py
[2023-07-11T23:46:40.569+0000] {processor.py:836} INFO - DAG(s) dict_keys(['example_params_trigger_ui']) retrieved from /home/airflow/.local/lib/python3.7/site-packages/airflow/example_dags/example_params_trigger_ui.py
[2023-07-11T23:46:40.630+0000] {logging_mixin.py:150} INFO - [2023-07-11T23:46:40.630+0000] {dag.py:2742} INFO - Sync 1 DAGs
[2023-07-11T23:46:40.648+0000] {logging_mixin.py:150} INFO - [2023-07-11T23:46:40.648+0000] {dag.py:3508} INFO - Setting next_dagrun for example_params_trigger_ui to None, run_after=None
[2023-07-11T23:46:40.660+0000] {processor.py:179} INFO - Processing /home/airflow/.local/lib/python3.7/site-packages/airflow/example_dags/example_params_trigger_ui.py took 0.108 seconds
[2023-07-11T23:47:10.840+0000] {processor.py:157} INFO - Started process (PID=1665) to work on /home/airflow/.local/lib/python3.7/site-packages/airflow/example_dags/example_params_trigger_ui.py
[2023-07-11T23:47:10.840+0000] {processor.py:826} INFO - Processing file /home/airflow/.local/lib/python3.7/site-packages/airflow/example_dags/example_params_trigger_ui.py for tasks to queue
[2023-07-11T23:47:10.841+0000] {logging_mixin.py:150} INFO - [2023-07-11T23:47:10.841+0000] {dagbag.py:541} INFO - Filling up the DagBag from /home/airflow/.local/lib/python3.7/site-packages/airflow/example_dags/example_params_trigger_ui.py
[2023-07-11T23:47:10.855+0000] {processor.py:836} INFO - DAG(s) dict_keys(['example_params_trigger_ui']) retrieved from /home/airflow/.local/lib/python3.7/site-packages/airflow/example_dags/example_params_trigger_ui.py
[2023-07-11T23:47:10.915+0000] {logging_mixin.py:150} INFO - [2023-07-11T23:47:10.915+0000] {dag.py:2742} INFO - Sync 1 DAGs
[2023-07-11T23:47:10.932+0000] {logging_mixin.py:150} INFO - [2023-07-11T23:47:10.932+0000] {dag.py:3508} INFO - Setting next_dagrun for example_params_trigger_ui to None, run_after=None
[2023-07-11T23:47:10.943+0000] {processor.py:179} INFO - Processing /home/airflow/.local/lib/python3.7/site-packages/airflow/example_dags/example_params_trigger_ui.py took 0.105 seconds
