[2023-07-11T23:35:31.600+0000] {processor.py:157} INFO - Started process (PID=37) to work on /home/airflow/.local/lib/python3.7/site-packages/airflow/example_dags/example_xcom.py
[2023-07-11T23:35:31.600+0000] {processor.py:826} INFO - Processing file /home/airflow/.local/lib/python3.7/site-packages/airflow/example_dags/example_xcom.py for tasks to queue
[2023-07-11T23:35:31.601+0000] {logging_mixin.py:150} INFO - [2023-07-11T23:35:31.601+0000] {dagbag.py:541} INFO - Filling up the DagBag from /home/airflow/.local/lib/python3.7/site-packages/airflow/example_dags/example_xcom.py
[2023-07-11T23:35:31.607+0000] {processor.py:836} INFO - DAG(s) dict_keys(['example_xcom']) retrieved from /home/airflow/.local/lib/python3.7/site-packages/airflow/example_dags/example_xcom.py
[2023-07-11T23:35:31.616+0000] {logging_mixin.py:150} INFO - [2023-07-11T23:35:31.616+0000] {dag.py:2742} INFO - Sync 1 DAGs
[2023-07-11T23:35:31.637+0000] {logging_mixin.py:150} INFO - [2023-07-11T23:35:31.637+0000] {dag.py:3508} INFO - Setting next_dagrun for example_xcom to 2021-01-01T00:00:00+00:00, run_after=2021-01-01T00:00:00+00:00
[2023-07-11T23:35:31.655+0000] {processor.py:179} INFO - Processing /home/airflow/.local/lib/python3.7/site-packages/airflow/example_dags/example_xcom.py took 0.057 seconds
[2023-07-11T23:36:02.229+0000] {processor.py:157} INFO - Started process (PID=107) to work on /home/airflow/.local/lib/python3.7/site-packages/airflow/example_dags/example_xcom.py
[2023-07-11T23:36:02.230+0000] {processor.py:826} INFO - Processing file /home/airflow/.local/lib/python3.7/site-packages/airflow/example_dags/example_xcom.py for tasks to queue
[2023-07-11T23:36:02.230+0000] {logging_mixin.py:150} INFO - [2023-07-11T23:36:02.230+0000] {dagbag.py:541} INFO - Filling up the DagBag from /home/airflow/.local/lib/python3.7/site-packages/airflow/example_dags/example_xcom.py
[2023-07-11T23:36:02.235+0000] {processor.py:836} INFO - DAG(s) dict_keys(['example_xcom']) retrieved from /home/airflow/.local/lib/python3.7/site-packages/airflow/example_dags/example_xcom.py
[2023-07-11T23:36:02.256+0000] {logging_mixin.py:150} INFO - [2023-07-11T23:36:02.256+0000] {dag.py:2742} INFO - Sync 1 DAGs
[2023-07-11T23:36:02.276+0000] {logging_mixin.py:150} INFO - [2023-07-11T23:36:02.275+0000] {dag.py:3508} INFO - Setting next_dagrun for example_xcom to 2021-01-01T00:00:00+00:00, run_after=2021-01-01T00:00:00+00:00
[2023-07-11T23:36:02.294+0000] {processor.py:179} INFO - Processing /home/airflow/.local/lib/python3.7/site-packages/airflow/example_dags/example_xcom.py took 0.068 seconds
[2023-07-11T23:36:32.352+0000] {processor.py:157} INFO - Started process (PID=176) to work on /home/airflow/.local/lib/python3.7/site-packages/airflow/example_dags/example_xcom.py
[2023-07-11T23:36:32.353+0000] {processor.py:826} INFO - Processing file /home/airflow/.local/lib/python3.7/site-packages/airflow/example_dags/example_xcom.py for tasks to queue
[2023-07-11T23:36:32.353+0000] {logging_mixin.py:150} INFO - [2023-07-11T23:36:32.353+0000] {dagbag.py:541} INFO - Filling up the DagBag from /home/airflow/.local/lib/python3.7/site-packages/airflow/example_dags/example_xcom.py
[2023-07-11T23:36:32.359+0000] {processor.py:836} INFO - DAG(s) dict_keys(['example_xcom']) retrieved from /home/airflow/.local/lib/python3.7/site-packages/airflow/example_dags/example_xcom.py
[2023-07-11T23:36:32.379+0000] {logging_mixin.py:150} INFO - [2023-07-11T23:36:32.379+0000] {dag.py:2742} INFO - Sync 1 DAGs
[2023-07-11T23:36:32.401+0000] {logging_mixin.py:150} INFO - [2023-07-11T23:36:32.400+0000] {dag.py:3508} INFO - Setting next_dagrun for example_xcom to 2021-01-01T00:00:00+00:00, run_after=2021-01-01T00:00:00+00:00
[2023-07-11T23:36:32.416+0000] {processor.py:179} INFO - Processing /home/airflow/.local/lib/python3.7/site-packages/airflow/example_dags/example_xcom.py took 0.067 seconds
[2023-07-11T23:37:02.456+0000] {processor.py:157} INFO - Started process (PID=246) to work on /home/airflow/.local/lib/python3.7/site-packages/airflow/example_dags/example_xcom.py
[2023-07-11T23:37:02.456+0000] {processor.py:826} INFO - Processing file /home/airflow/.local/lib/python3.7/site-packages/airflow/example_dags/example_xcom.py for tasks to queue
[2023-07-11T23:37:02.457+0000] {logging_mixin.py:150} INFO - [2023-07-11T23:37:02.457+0000] {dagbag.py:541} INFO - Filling up the DagBag from /home/airflow/.local/lib/python3.7/site-packages/airflow/example_dags/example_xcom.py
[2023-07-11T23:37:02.461+0000] {processor.py:836} INFO - DAG(s) dict_keys(['example_xcom']) retrieved from /home/airflow/.local/lib/python3.7/site-packages/airflow/example_dags/example_xcom.py
[2023-07-11T23:37:02.477+0000] {logging_mixin.py:150} INFO - [2023-07-11T23:37:02.477+0000] {dag.py:2742} INFO - Sync 1 DAGs
[2023-07-11T23:37:02.495+0000] {logging_mixin.py:150} INFO - [2023-07-11T23:37:02.495+0000] {dag.py:3508} INFO - Setting next_dagrun for example_xcom to 2021-01-01T00:00:00+00:00, run_after=2021-01-01T00:00:00+00:00
[2023-07-11T23:37:02.508+0000] {processor.py:179} INFO - Processing /home/airflow/.local/lib/python3.7/site-packages/airflow/example_dags/example_xcom.py took 0.054 seconds
[2023-07-11T23:37:32.538+0000] {processor.py:157} INFO - Started process (PID=316) to work on /home/airflow/.local/lib/python3.7/site-packages/airflow/example_dags/example_xcom.py
[2023-07-11T23:37:32.539+0000] {processor.py:826} INFO - Processing file /home/airflow/.local/lib/python3.7/site-packages/airflow/example_dags/example_xcom.py for tasks to queue
[2023-07-11T23:37:32.539+0000] {logging_mixin.py:150} INFO - [2023-07-11T23:37:32.539+0000] {dagbag.py:541} INFO - Filling up the DagBag from /home/airflow/.local/lib/python3.7/site-packages/airflow/example_dags/example_xcom.py
[2023-07-11T23:37:32.544+0000] {processor.py:836} INFO - DAG(s) dict_keys(['example_xcom']) retrieved from /home/airflow/.local/lib/python3.7/site-packages/airflow/example_dags/example_xcom.py
[2023-07-11T23:37:32.563+0000] {logging_mixin.py:150} INFO - [2023-07-11T23:37:32.562+0000] {dag.py:2742} INFO - Sync 1 DAGs
[2023-07-11T23:37:32.584+0000] {logging_mixin.py:150} INFO - [2023-07-11T23:37:32.584+0000] {dag.py:3508} INFO - Setting next_dagrun for example_xcom to 2021-01-01T00:00:00+00:00, run_after=2021-01-01T00:00:00+00:00
[2023-07-11T23:37:32.600+0000] {processor.py:179} INFO - Processing /home/airflow/.local/lib/python3.7/site-packages/airflow/example_dags/example_xcom.py took 0.064 seconds
[2023-07-11T23:38:02.871+0000] {processor.py:157} INFO - Started process (PID=387) to work on /home/airflow/.local/lib/python3.7/site-packages/airflow/example_dags/example_xcom.py
[2023-07-11T23:38:02.872+0000] {processor.py:826} INFO - Processing file /home/airflow/.local/lib/python3.7/site-packages/airflow/example_dags/example_xcom.py for tasks to queue
[2023-07-11T23:38:02.872+0000] {logging_mixin.py:150} INFO - [2023-07-11T23:38:02.872+0000] {dagbag.py:541} INFO - Filling up the DagBag from /home/airflow/.local/lib/python3.7/site-packages/airflow/example_dags/example_xcom.py
[2023-07-11T23:38:02.877+0000] {processor.py:836} INFO - DAG(s) dict_keys(['example_xcom']) retrieved from /home/airflow/.local/lib/python3.7/site-packages/airflow/example_dags/example_xcom.py
[2023-07-11T23:38:02.894+0000] {logging_mixin.py:150} INFO - [2023-07-11T23:38:02.894+0000] {dag.py:2742} INFO - Sync 1 DAGs
[2023-07-11T23:38:02.912+0000] {logging_mixin.py:150} INFO - [2023-07-11T23:38:02.912+0000] {dag.py:3508} INFO - Setting next_dagrun for example_xcom to 2021-01-01T00:00:00+00:00, run_after=2021-01-01T00:00:00+00:00
[2023-07-11T23:38:02.925+0000] {processor.py:179} INFO - Processing /home/airflow/.local/lib/python3.7/site-packages/airflow/example_dags/example_xcom.py took 0.056 seconds
[2023-07-11T23:38:33.305+0000] {processor.py:157} INFO - Started process (PID=457) to work on /home/airflow/.local/lib/python3.7/site-packages/airflow/example_dags/example_xcom.py
[2023-07-11T23:38:33.306+0000] {processor.py:826} INFO - Processing file /home/airflow/.local/lib/python3.7/site-packages/airflow/example_dags/example_xcom.py for tasks to queue
[2023-07-11T23:38:33.306+0000] {logging_mixin.py:150} INFO - [2023-07-11T23:38:33.306+0000] {dagbag.py:541} INFO - Filling up the DagBag from /home/airflow/.local/lib/python3.7/site-packages/airflow/example_dags/example_xcom.py
[2023-07-11T23:38:33.312+0000] {processor.py:836} INFO - DAG(s) dict_keys(['example_xcom']) retrieved from /home/airflow/.local/lib/python3.7/site-packages/airflow/example_dags/example_xcom.py
[2023-07-11T23:38:33.334+0000] {logging_mixin.py:150} INFO - [2023-07-11T23:38:33.334+0000] {dag.py:2742} INFO - Sync 1 DAGs
[2023-07-11T23:38:33.354+0000] {logging_mixin.py:150} INFO - [2023-07-11T23:38:33.354+0000] {dag.py:3508} INFO - Setting next_dagrun for example_xcom to 2021-01-01T00:00:00+00:00, run_after=2021-01-01T00:00:00+00:00
[2023-07-11T23:38:33.368+0000] {processor.py:179} INFO - Processing /home/airflow/.local/lib/python3.7/site-packages/airflow/example_dags/example_xcom.py took 0.066 seconds
[2023-07-11T23:39:03.396+0000] {processor.py:157} INFO - Started process (PID=527) to work on /home/airflow/.local/lib/python3.7/site-packages/airflow/example_dags/example_xcom.py
[2023-07-11T23:39:03.397+0000] {processor.py:826} INFO - Processing file /home/airflow/.local/lib/python3.7/site-packages/airflow/example_dags/example_xcom.py for tasks to queue
[2023-07-11T23:39:03.398+0000] {logging_mixin.py:150} INFO - [2023-07-11T23:39:03.397+0000] {dagbag.py:541} INFO - Filling up the DagBag from /home/airflow/.local/lib/python3.7/site-packages/airflow/example_dags/example_xcom.py
[2023-07-11T23:39:03.402+0000] {processor.py:836} INFO - DAG(s) dict_keys(['example_xcom']) retrieved from /home/airflow/.local/lib/python3.7/site-packages/airflow/example_dags/example_xcom.py
[2023-07-11T23:39:03.420+0000] {logging_mixin.py:150} INFO - [2023-07-11T23:39:03.419+0000] {dag.py:2742} INFO - Sync 1 DAGs
[2023-07-11T23:39:03.438+0000] {logging_mixin.py:150} INFO - [2023-07-11T23:39:03.438+0000] {dag.py:3508} INFO - Setting next_dagrun for example_xcom to 2021-01-01T00:00:00+00:00, run_after=2021-01-01T00:00:00+00:00
[2023-07-11T23:39:03.451+0000] {processor.py:179} INFO - Processing /home/airflow/.local/lib/python3.7/site-packages/airflow/example_dags/example_xcom.py took 0.056 seconds
[2023-07-11T23:39:33.776+0000] {processor.py:157} INFO - Started process (PID=597) to work on /home/airflow/.local/lib/python3.7/site-packages/airflow/example_dags/example_xcom.py
[2023-07-11T23:39:33.777+0000] {processor.py:826} INFO - Processing file /home/airflow/.local/lib/python3.7/site-packages/airflow/example_dags/example_xcom.py for tasks to queue
[2023-07-11T23:39:33.777+0000] {logging_mixin.py:150} INFO - [2023-07-11T23:39:33.777+0000] {dagbag.py:541} INFO - Filling up the DagBag from /home/airflow/.local/lib/python3.7/site-packages/airflow/example_dags/example_xcom.py
[2023-07-11T23:39:33.781+0000] {processor.py:836} INFO - DAG(s) dict_keys(['example_xcom']) retrieved from /home/airflow/.local/lib/python3.7/site-packages/airflow/example_dags/example_xcom.py
[2023-07-11T23:39:33.798+0000] {logging_mixin.py:150} INFO - [2023-07-11T23:39:33.797+0000] {dag.py:2742} INFO - Sync 1 DAGs
[2023-07-11T23:39:33.815+0000] {logging_mixin.py:150} INFO - [2023-07-11T23:39:33.815+0000] {dag.py:3508} INFO - Setting next_dagrun for example_xcom to 2021-01-01T00:00:00+00:00, run_after=2021-01-01T00:00:00+00:00
[2023-07-11T23:39:33.827+0000] {processor.py:179} INFO - Processing /home/airflow/.local/lib/python3.7/site-packages/airflow/example_dags/example_xcom.py took 0.053 seconds
[2023-07-11T23:40:04.109+0000] {processor.py:157} INFO - Started process (PID=667) to work on /home/airflow/.local/lib/python3.7/site-packages/airflow/example_dags/example_xcom.py
[2023-07-11T23:40:04.110+0000] {processor.py:826} INFO - Processing file /home/airflow/.local/lib/python3.7/site-packages/airflow/example_dags/example_xcom.py for tasks to queue
[2023-07-11T23:40:04.110+0000] {logging_mixin.py:150} INFO - [2023-07-11T23:40:04.110+0000] {dagbag.py:541} INFO - Filling up the DagBag from /home/airflow/.local/lib/python3.7/site-packages/airflow/example_dags/example_xcom.py
[2023-07-11T23:40:04.115+0000] {processor.py:836} INFO - DAG(s) dict_keys(['example_xcom']) retrieved from /home/airflow/.local/lib/python3.7/site-packages/airflow/example_dags/example_xcom.py
[2023-07-11T23:40:04.133+0000] {logging_mixin.py:150} INFO - [2023-07-11T23:40:04.133+0000] {dag.py:2742} INFO - Sync 1 DAGs
[2023-07-11T23:40:04.153+0000] {logging_mixin.py:150} INFO - [2023-07-11T23:40:04.153+0000] {dag.py:3508} INFO - Setting next_dagrun for example_xcom to 2021-01-01T00:00:00+00:00, run_after=2021-01-01T00:00:00+00:00
[2023-07-11T23:40:04.168+0000] {processor.py:179} INFO - Processing /home/airflow/.local/lib/python3.7/site-packages/airflow/example_dags/example_xcom.py took 0.062 seconds
[2023-07-11T23:40:34.531+0000] {processor.py:157} INFO - Started process (PID=737) to work on /home/airflow/.local/lib/python3.7/site-packages/airflow/example_dags/example_xcom.py
[2023-07-11T23:40:34.532+0000] {processor.py:826} INFO - Processing file /home/airflow/.local/lib/python3.7/site-packages/airflow/example_dags/example_xcom.py for tasks to queue
[2023-07-11T23:40:34.532+0000] {logging_mixin.py:150} INFO - [2023-07-11T23:40:34.532+0000] {dagbag.py:541} INFO - Filling up the DagBag from /home/airflow/.local/lib/python3.7/site-packages/airflow/example_dags/example_xcom.py
[2023-07-11T23:40:34.540+0000] {processor.py:836} INFO - DAG(s) dict_keys(['example_xcom']) retrieved from /home/airflow/.local/lib/python3.7/site-packages/airflow/example_dags/example_xcom.py
[2023-07-11T23:40:34.558+0000] {logging_mixin.py:150} INFO - [2023-07-11T23:40:34.558+0000] {dag.py:2742} INFO - Sync 1 DAGs
[2023-07-11T23:40:34.578+0000] {logging_mixin.py:150} INFO - [2023-07-11T23:40:34.578+0000] {dag.py:3508} INFO - Setting next_dagrun for example_xcom to 2021-01-01T00:00:00+00:00, run_after=2021-01-01T00:00:00+00:00
[2023-07-11T23:40:34.593+0000] {processor.py:179} INFO - Processing /home/airflow/.local/lib/python3.7/site-packages/airflow/example_dags/example_xcom.py took 0.064 seconds
[2023-07-11T23:41:04.783+0000] {processor.py:157} INFO - Started process (PID=807) to work on /home/airflow/.local/lib/python3.7/site-packages/airflow/example_dags/example_xcom.py
[2023-07-11T23:41:04.784+0000] {processor.py:826} INFO - Processing file /home/airflow/.local/lib/python3.7/site-packages/airflow/example_dags/example_xcom.py for tasks to queue
[2023-07-11T23:41:04.785+0000] {logging_mixin.py:150} INFO - [2023-07-11T23:41:04.784+0000] {dagbag.py:541} INFO - Filling up the DagBag from /home/airflow/.local/lib/python3.7/site-packages/airflow/example_dags/example_xcom.py
[2023-07-11T23:41:04.791+0000] {processor.py:836} INFO - DAG(s) dict_keys(['example_xcom']) retrieved from /home/airflow/.local/lib/python3.7/site-packages/airflow/example_dags/example_xcom.py
[2023-07-11T23:41:04.812+0000] {logging_mixin.py:150} INFO - [2023-07-11T23:41:04.811+0000] {dag.py:2742} INFO - Sync 1 DAGs
[2023-07-11T23:41:04.832+0000] {logging_mixin.py:150} INFO - [2023-07-11T23:41:04.832+0000] {dag.py:3508} INFO - Setting next_dagrun for example_xcom to 2021-01-01T00:00:00+00:00, run_after=2021-01-01T00:00:00+00:00
[2023-07-11T23:41:04.847+0000] {processor.py:179} INFO - Processing /home/airflow/.local/lib/python3.7/site-packages/airflow/example_dags/example_xcom.py took 0.067 seconds
[2023-07-11T23:41:35.027+0000] {processor.py:157} INFO - Started process (PID=877) to work on /home/airflow/.local/lib/python3.7/site-packages/airflow/example_dags/example_xcom.py
[2023-07-11T23:41:35.028+0000] {processor.py:826} INFO - Processing file /home/airflow/.local/lib/python3.7/site-packages/airflow/example_dags/example_xcom.py for tasks to queue
[2023-07-11T23:41:35.028+0000] {logging_mixin.py:150} INFO - [2023-07-11T23:41:35.028+0000] {dagbag.py:541} INFO - Filling up the DagBag from /home/airflow/.local/lib/python3.7/site-packages/airflow/example_dags/example_xcom.py
[2023-07-11T23:41:35.034+0000] {processor.py:836} INFO - DAG(s) dict_keys(['example_xcom']) retrieved from /home/airflow/.local/lib/python3.7/site-packages/airflow/example_dags/example_xcom.py
[2023-07-11T23:41:35.056+0000] {logging_mixin.py:150} INFO - [2023-07-11T23:41:35.056+0000] {dag.py:2742} INFO - Sync 1 DAGs
[2023-07-11T23:41:35.076+0000] {logging_mixin.py:150} INFO - [2023-07-11T23:41:35.076+0000] {dag.py:3508} INFO - Setting next_dagrun for example_xcom to 2021-01-01T00:00:00+00:00, run_after=2021-01-01T00:00:00+00:00
[2023-07-11T23:41:35.090+0000] {processor.py:179} INFO - Processing /home/airflow/.local/lib/python3.7/site-packages/airflow/example_dags/example_xcom.py took 0.065 seconds
[2023-07-11T23:42:05.251+0000] {processor.py:157} INFO - Started process (PID=947) to work on /home/airflow/.local/lib/python3.7/site-packages/airflow/example_dags/example_xcom.py
[2023-07-11T23:42:05.252+0000] {processor.py:826} INFO - Processing file /home/airflow/.local/lib/python3.7/site-packages/airflow/example_dags/example_xcom.py for tasks to queue
[2023-07-11T23:42:05.252+0000] {logging_mixin.py:150} INFO - [2023-07-11T23:42:05.252+0000] {dagbag.py:541} INFO - Filling up the DagBag from /home/airflow/.local/lib/python3.7/site-packages/airflow/example_dags/example_xcom.py
[2023-07-11T23:42:05.257+0000] {processor.py:836} INFO - DAG(s) dict_keys(['example_xcom']) retrieved from /home/airflow/.local/lib/python3.7/site-packages/airflow/example_dags/example_xcom.py
[2023-07-11T23:42:05.274+0000] {logging_mixin.py:150} INFO - [2023-07-11T23:42:05.274+0000] {dag.py:2742} INFO - Sync 1 DAGs
[2023-07-11T23:42:05.293+0000] {logging_mixin.py:150} INFO - [2023-07-11T23:42:05.292+0000] {dag.py:3508} INFO - Setting next_dagrun for example_xcom to 2021-01-01T00:00:00+00:00, run_after=2021-01-01T00:00:00+00:00
[2023-07-11T23:42:05.305+0000] {processor.py:179} INFO - Processing /home/airflow/.local/lib/python3.7/site-packages/airflow/example_dags/example_xcom.py took 0.056 seconds
[2023-07-11T23:42:35.506+0000] {processor.py:157} INFO - Started process (PID=1017) to work on /home/airflow/.local/lib/python3.7/site-packages/airflow/example_dags/example_xcom.py
[2023-07-11T23:42:35.507+0000] {processor.py:826} INFO - Processing file /home/airflow/.local/lib/python3.7/site-packages/airflow/example_dags/example_xcom.py for tasks to queue
[2023-07-11T23:42:35.508+0000] {logging_mixin.py:150} INFO - [2023-07-11T23:42:35.508+0000] {dagbag.py:541} INFO - Filling up the DagBag from /home/airflow/.local/lib/python3.7/site-packages/airflow/example_dags/example_xcom.py
[2023-07-11T23:42:35.514+0000] {processor.py:836} INFO - DAG(s) dict_keys(['example_xcom']) retrieved from /home/airflow/.local/lib/python3.7/site-packages/airflow/example_dags/example_xcom.py
[2023-07-11T23:42:35.534+0000] {logging_mixin.py:150} INFO - [2023-07-11T23:42:35.534+0000] {dag.py:2742} INFO - Sync 1 DAGs
[2023-07-11T23:42:35.555+0000] {logging_mixin.py:150} INFO - [2023-07-11T23:42:35.554+0000] {dag.py:3508} INFO - Setting next_dagrun for example_xcom to 2021-01-01T00:00:00+00:00, run_after=2021-01-01T00:00:00+00:00
[2023-07-11T23:42:35.569+0000] {processor.py:179} INFO - Processing /home/airflow/.local/lib/python3.7/site-packages/airflow/example_dags/example_xcom.py took 0.065 seconds
[2023-07-11T23:43:05.750+0000] {processor.py:157} INFO - Started process (PID=1087) to work on /home/airflow/.local/lib/python3.7/site-packages/airflow/example_dags/example_xcom.py
[2023-07-11T23:43:05.750+0000] {processor.py:826} INFO - Processing file /home/airflow/.local/lib/python3.7/site-packages/airflow/example_dags/example_xcom.py for tasks to queue
[2023-07-11T23:43:05.751+0000] {logging_mixin.py:150} INFO - [2023-07-11T23:43:05.751+0000] {dagbag.py:541} INFO - Filling up the DagBag from /home/airflow/.local/lib/python3.7/site-packages/airflow/example_dags/example_xcom.py
[2023-07-11T23:43:05.755+0000] {processor.py:836} INFO - DAG(s) dict_keys(['example_xcom']) retrieved from /home/airflow/.local/lib/python3.7/site-packages/airflow/example_dags/example_xcom.py
[2023-07-11T23:43:05.772+0000] {logging_mixin.py:150} INFO - [2023-07-11T23:43:05.771+0000] {dag.py:2742} INFO - Sync 1 DAGs
[2023-07-11T23:43:05.789+0000] {logging_mixin.py:150} INFO - [2023-07-11T23:43:05.789+0000] {dag.py:3508} INFO - Setting next_dagrun for example_xcom to 2021-01-01T00:00:00+00:00, run_after=2021-01-01T00:00:00+00:00
[2023-07-11T23:43:05.803+0000] {processor.py:179} INFO - Processing /home/airflow/.local/lib/python3.7/site-packages/airflow/example_dags/example_xcom.py took 0.055 seconds
[2023-07-11T23:43:36.523+0000] {processor.py:157} INFO - Started process (PID=1157) to work on /home/airflow/.local/lib/python3.7/site-packages/airflow/example_dags/example_xcom.py
[2023-07-11T23:43:36.524+0000] {processor.py:826} INFO - Processing file /home/airflow/.local/lib/python3.7/site-packages/airflow/example_dags/example_xcom.py for tasks to queue
[2023-07-11T23:43:36.524+0000] {logging_mixin.py:150} INFO - [2023-07-11T23:43:36.524+0000] {dagbag.py:541} INFO - Filling up the DagBag from /home/airflow/.local/lib/python3.7/site-packages/airflow/example_dags/example_xcom.py
[2023-07-11T23:43:36.529+0000] {processor.py:836} INFO - DAG(s) dict_keys(['example_xcom']) retrieved from /home/airflow/.local/lib/python3.7/site-packages/airflow/example_dags/example_xcom.py
[2023-07-11T23:43:36.544+0000] {logging_mixin.py:150} INFO - [2023-07-11T23:43:36.544+0000] {dag.py:2742} INFO - Sync 1 DAGs
[2023-07-11T23:43:36.563+0000] {logging_mixin.py:150} INFO - [2023-07-11T23:43:36.562+0000] {dag.py:3508} INFO - Setting next_dagrun for example_xcom to 2021-01-01T00:00:00+00:00, run_after=2021-01-01T00:00:00+00:00
[2023-07-11T23:43:36.573+0000] {processor.py:179} INFO - Processing /home/airflow/.local/lib/python3.7/site-packages/airflow/example_dags/example_xcom.py took 0.052 seconds
[2023-07-11T23:44:06.682+0000] {processor.py:157} INFO - Started process (PID=1227) to work on /home/airflow/.local/lib/python3.7/site-packages/airflow/example_dags/example_xcom.py
[2023-07-11T23:44:06.682+0000] {processor.py:826} INFO - Processing file /home/airflow/.local/lib/python3.7/site-packages/airflow/example_dags/example_xcom.py for tasks to queue
[2023-07-11T23:44:06.682+0000] {logging_mixin.py:150} INFO - [2023-07-11T23:44:06.682+0000] {dagbag.py:541} INFO - Filling up the DagBag from /home/airflow/.local/lib/python3.7/site-packages/airflow/example_dags/example_xcom.py
[2023-07-11T23:44:06.687+0000] {processor.py:836} INFO - DAG(s) dict_keys(['example_xcom']) retrieved from /home/airflow/.local/lib/python3.7/site-packages/airflow/example_dags/example_xcom.py
[2023-07-11T23:44:06.704+0000] {logging_mixin.py:150} INFO - [2023-07-11T23:44:06.704+0000] {dag.py:2742} INFO - Sync 1 DAGs
[2023-07-11T23:44:06.723+0000] {logging_mixin.py:150} INFO - [2023-07-11T23:44:06.723+0000] {dag.py:3508} INFO - Setting next_dagrun for example_xcom to 2021-01-01T00:00:00+00:00, run_after=2021-01-01T00:00:00+00:00
[2023-07-11T23:44:06.737+0000] {processor.py:179} INFO - Processing /home/airflow/.local/lib/python3.7/site-packages/airflow/example_dags/example_xcom.py took 0.057 seconds
[2023-07-11T23:44:37.171+0000] {processor.py:157} INFO - Started process (PID=1297) to work on /home/airflow/.local/lib/python3.7/site-packages/airflow/example_dags/example_xcom.py
[2023-07-11T23:44:37.171+0000] {processor.py:826} INFO - Processing file /home/airflow/.local/lib/python3.7/site-packages/airflow/example_dags/example_xcom.py for tasks to queue
[2023-07-11T23:44:37.172+0000] {logging_mixin.py:150} INFO - [2023-07-11T23:44:37.171+0000] {dagbag.py:541} INFO - Filling up the DagBag from /home/airflow/.local/lib/python3.7/site-packages/airflow/example_dags/example_xcom.py
[2023-07-11T23:44:37.177+0000] {processor.py:836} INFO - DAG(s) dict_keys(['example_xcom']) retrieved from /home/airflow/.local/lib/python3.7/site-packages/airflow/example_dags/example_xcom.py
[2023-07-11T23:44:37.192+0000] {logging_mixin.py:150} INFO - [2023-07-11T23:44:37.192+0000] {dag.py:2742} INFO - Sync 1 DAGs
[2023-07-11T23:44:37.210+0000] {logging_mixin.py:150} INFO - [2023-07-11T23:44:37.210+0000] {dag.py:3508} INFO - Setting next_dagrun for example_xcom to 2021-01-01T00:00:00+00:00, run_after=2021-01-01T00:00:00+00:00
[2023-07-11T23:44:37.224+0000] {processor.py:179} INFO - Processing /home/airflow/.local/lib/python3.7/site-packages/airflow/example_dags/example_xcom.py took 0.055 seconds
[2023-07-11T23:45:07.500+0000] {processor.py:157} INFO - Started process (PID=1367) to work on /home/airflow/.local/lib/python3.7/site-packages/airflow/example_dags/example_xcom.py
[2023-07-11T23:45:07.500+0000] {processor.py:826} INFO - Processing file /home/airflow/.local/lib/python3.7/site-packages/airflow/example_dags/example_xcom.py for tasks to queue
[2023-07-11T23:45:07.501+0000] {logging_mixin.py:150} INFO - [2023-07-11T23:45:07.501+0000] {dagbag.py:541} INFO - Filling up the DagBag from /home/airflow/.local/lib/python3.7/site-packages/airflow/example_dags/example_xcom.py
[2023-07-11T23:45:07.505+0000] {processor.py:836} INFO - DAG(s) dict_keys(['example_xcom']) retrieved from /home/airflow/.local/lib/python3.7/site-packages/airflow/example_dags/example_xcom.py
[2023-07-11T23:45:07.524+0000] {logging_mixin.py:150} INFO - [2023-07-11T23:45:07.523+0000] {dag.py:2742} INFO - Sync 1 DAGs
[2023-07-11T23:45:07.542+0000] {logging_mixin.py:150} INFO - [2023-07-11T23:45:07.542+0000] {dag.py:3508} INFO - Setting next_dagrun for example_xcom to 2021-01-01T00:00:00+00:00, run_after=2021-01-01T00:00:00+00:00
[2023-07-11T23:45:07.554+0000] {processor.py:179} INFO - Processing /home/airflow/.local/lib/python3.7/site-packages/airflow/example_dags/example_xcom.py took 0.056 seconds
[2023-07-11T23:45:37.629+0000] {processor.py:157} INFO - Started process (PID=1437) to work on /home/airflow/.local/lib/python3.7/site-packages/airflow/example_dags/example_xcom.py
[2023-07-11T23:45:37.629+0000] {processor.py:826} INFO - Processing file /home/airflow/.local/lib/python3.7/site-packages/airflow/example_dags/example_xcom.py for tasks to queue
[2023-07-11T23:45:37.630+0000] {logging_mixin.py:150} INFO - [2023-07-11T23:45:37.629+0000] {dagbag.py:541} INFO - Filling up the DagBag from /home/airflow/.local/lib/python3.7/site-packages/airflow/example_dags/example_xcom.py
[2023-07-11T23:45:37.634+0000] {processor.py:836} INFO - DAG(s) dict_keys(['example_xcom']) retrieved from /home/airflow/.local/lib/python3.7/site-packages/airflow/example_dags/example_xcom.py
[2023-07-11T23:45:37.649+0000] {logging_mixin.py:150} INFO - [2023-07-11T23:45:37.649+0000] {dag.py:2742} INFO - Sync 1 DAGs
[2023-07-11T23:45:37.666+0000] {logging_mixin.py:150} INFO - [2023-07-11T23:45:37.666+0000] {dag.py:3508} INFO - Setting next_dagrun for example_xcom to 2021-01-01T00:00:00+00:00, run_after=2021-01-01T00:00:00+00:00
[2023-07-11T23:45:37.678+0000] {processor.py:179} INFO - Processing /home/airflow/.local/lib/python3.7/site-packages/airflow/example_dags/example_xcom.py took 0.051 seconds
[2023-07-11T23:46:07.809+0000] {processor.py:157} INFO - Started process (PID=1507) to work on /home/airflow/.local/lib/python3.7/site-packages/airflow/example_dags/example_xcom.py
[2023-07-11T23:46:07.809+0000] {processor.py:826} INFO - Processing file /home/airflow/.local/lib/python3.7/site-packages/airflow/example_dags/example_xcom.py for tasks to queue
[2023-07-11T23:46:07.810+0000] {logging_mixin.py:150} INFO - [2023-07-11T23:46:07.810+0000] {dagbag.py:541} INFO - Filling up the DagBag from /home/airflow/.local/lib/python3.7/site-packages/airflow/example_dags/example_xcom.py
[2023-07-11T23:46:07.814+0000] {processor.py:836} INFO - DAG(s) dict_keys(['example_xcom']) retrieved from /home/airflow/.local/lib/python3.7/site-packages/airflow/example_dags/example_xcom.py
[2023-07-11T23:46:07.830+0000] {logging_mixin.py:150} INFO - [2023-07-11T23:46:07.829+0000] {dag.py:2742} INFO - Sync 1 DAGs
[2023-07-11T23:46:07.847+0000] {logging_mixin.py:150} INFO - [2023-07-11T23:46:07.847+0000] {dag.py:3508} INFO - Setting next_dagrun for example_xcom to 2021-01-01T00:00:00+00:00, run_after=2021-01-01T00:00:00+00:00
[2023-07-11T23:46:07.858+0000] {processor.py:179} INFO - Processing /home/airflow/.local/lib/python3.7/site-packages/airflow/example_dags/example_xcom.py took 0.051 seconds
[2023-07-11T23:46:37.901+0000] {processor.py:157} INFO - Started process (PID=1577) to work on /home/airflow/.local/lib/python3.7/site-packages/airflow/example_dags/example_xcom.py
[2023-07-11T23:46:37.902+0000] {processor.py:826} INFO - Processing file /home/airflow/.local/lib/python3.7/site-packages/airflow/example_dags/example_xcom.py for tasks to queue
[2023-07-11T23:46:37.903+0000] {logging_mixin.py:150} INFO - [2023-07-11T23:46:37.902+0000] {dagbag.py:541} INFO - Filling up the DagBag from /home/airflow/.local/lib/python3.7/site-packages/airflow/example_dags/example_xcom.py
[2023-07-11T23:46:37.907+0000] {processor.py:836} INFO - DAG(s) dict_keys(['example_xcom']) retrieved from /home/airflow/.local/lib/python3.7/site-packages/airflow/example_dags/example_xcom.py
[2023-07-11T23:46:37.923+0000] {logging_mixin.py:150} INFO - [2023-07-11T23:46:37.923+0000] {dag.py:2742} INFO - Sync 1 DAGs
[2023-07-11T23:46:37.940+0000] {logging_mixin.py:150} INFO - [2023-07-11T23:46:37.940+0000] {dag.py:3508} INFO - Setting next_dagrun for example_xcom to 2021-01-01T00:00:00+00:00, run_after=2021-01-01T00:00:00+00:00
[2023-07-11T23:46:37.951+0000] {processor.py:179} INFO - Processing /home/airflow/.local/lib/python3.7/site-packages/airflow/example_dags/example_xcom.py took 0.052 seconds
[2023-07-11T23:47:08.256+0000] {processor.py:157} INFO - Started process (PID=1647) to work on /home/airflow/.local/lib/python3.7/site-packages/airflow/example_dags/example_xcom.py
[2023-07-11T23:47:08.257+0000] {processor.py:826} INFO - Processing file /home/airflow/.local/lib/python3.7/site-packages/airflow/example_dags/example_xcom.py for tasks to queue
[2023-07-11T23:47:08.257+0000] {logging_mixin.py:150} INFO - [2023-07-11T23:47:08.257+0000] {dagbag.py:541} INFO - Filling up the DagBag from /home/airflow/.local/lib/python3.7/site-packages/airflow/example_dags/example_xcom.py
[2023-07-11T23:47:08.262+0000] {processor.py:836} INFO - DAG(s) dict_keys(['example_xcom']) retrieved from /home/airflow/.local/lib/python3.7/site-packages/airflow/example_dags/example_xcom.py
[2023-07-11T23:47:08.279+0000] {logging_mixin.py:150} INFO - [2023-07-11T23:47:08.279+0000] {dag.py:2742} INFO - Sync 1 DAGs
[2023-07-11T23:47:08.299+0000] {logging_mixin.py:150} INFO - [2023-07-11T23:47:08.298+0000] {dag.py:3508} INFO - Setting next_dagrun for example_xcom to 2021-01-01T00:00:00+00:00, run_after=2021-01-01T00:00:00+00:00
[2023-07-11T23:47:08.312+0000] {processor.py:179} INFO - Processing /home/airflow/.local/lib/python3.7/site-packages/airflow/example_dags/example_xcom.py took 0.058 seconds
