[2023-07-11T23:35:33.104+0000] {processor.py:157} INFO - Started process (PID=59) to work on /home/airflow/.local/lib/python3.7/site-packages/airflow/example_dags/example_branch_datetime_operator.py
[2023-07-11T23:35:33.105+0000] {processor.py:826} INFO - Processing file /home/airflow/.local/lib/python3.7/site-packages/airflow/example_dags/example_branch_datetime_operator.py for tasks to queue
[2023-07-11T23:35:33.105+0000] {logging_mixin.py:150} INFO - [2023-07-11T23:35:33.105+0000] {dagbag.py:541} INFO - Filling up the DagBag from /home/airflow/.local/lib/python3.7/site-packages/airflow/example_dags/example_branch_datetime_operator.py
[2023-07-11T23:35:33.115+0000] {processor.py:836} INFO - DAG(s) dict_keys(['example_branch_datetime_operator_3', 'example_branch_datetime_operator', 'example_branch_datetime_operator_2']) retrieved from /home/airflow/.local/lib/python3.7/site-packages/airflow/example_dags/example_branch_datetime_operator.py
[2023-07-11T23:35:33.125+0000] {logging_mixin.py:150} INFO - [2023-07-11T23:35:33.125+0000] {dag.py:2742} INFO - Sync 3 DAGs
[2023-07-11T23:35:33.150+0000] {logging_mixin.py:150} INFO - [2023-07-11T23:35:33.150+0000] {dag.py:3508} INFO - Setting next_dagrun for example_branch_datetime_operator to 2023-07-10T00:00:00+00:00, run_after=2023-07-11T00:00:00+00:00
[2023-07-11T23:35:33.155+0000] {logging_mixin.py:150} INFO - [2023-07-11T23:35:33.154+0000] {dag.py:3508} INFO - Setting next_dagrun for example_branch_datetime_operator_2 to 2023-07-10T00:00:00+00:00, run_after=2023-07-11T00:00:00+00:00
[2023-07-11T23:35:33.157+0000] {logging_mixin.py:150} INFO - [2023-07-11T23:35:33.157+0000] {dag.py:3508} INFO - Setting next_dagrun for example_branch_datetime_operator_3 to 2023-07-10T00:00:00+00:00, run_after=2023-07-11T00:00:00+00:00
[2023-07-11T23:35:33.172+0000] {processor.py:179} INFO - Processing /home/airflow/.local/lib/python3.7/site-packages/airflow/example_dags/example_branch_datetime_operator.py took 0.070 seconds
[2023-07-11T23:36:04.239+0000] {processor.py:157} INFO - Started process (PID=129) to work on /home/airflow/.local/lib/python3.7/site-packages/airflow/example_dags/example_branch_datetime_operator.py
[2023-07-11T23:36:04.239+0000] {processor.py:826} INFO - Processing file /home/airflow/.local/lib/python3.7/site-packages/airflow/example_dags/example_branch_datetime_operator.py for tasks to queue
[2023-07-11T23:36:04.240+0000] {logging_mixin.py:150} INFO - [2023-07-11T23:36:04.240+0000] {dagbag.py:541} INFO - Filling up the DagBag from /home/airflow/.local/lib/python3.7/site-packages/airflow/example_dags/example_branch_datetime_operator.py
[2023-07-11T23:36:04.246+0000] {processor.py:836} INFO - DAG(s) dict_keys(['example_branch_datetime_operator_3', 'example_branch_datetime_operator_2', 'example_branch_datetime_operator']) retrieved from /home/airflow/.local/lib/python3.7/site-packages/airflow/example_dags/example_branch_datetime_operator.py
[2023-07-11T23:36:04.265+0000] {logging_mixin.py:150} INFO - [2023-07-11T23:36:04.265+0000] {dag.py:2742} INFO - Sync 3 DAGs
[2023-07-11T23:36:04.284+0000] {logging_mixin.py:150} INFO - [2023-07-11T23:36:04.284+0000] {dag.py:3508} INFO - Setting next_dagrun for example_branch_datetime_operator to 2023-07-10T00:00:00+00:00, run_after=2023-07-11T00:00:00+00:00
[2023-07-11T23:36:04.287+0000] {logging_mixin.py:150} INFO - [2023-07-11T23:36:04.287+0000] {dag.py:3508} INFO - Setting next_dagrun for example_branch_datetime_operator_2 to 2023-07-10T00:00:00+00:00, run_after=2023-07-11T00:00:00+00:00
[2023-07-11T23:36:04.289+0000] {logging_mixin.py:150} INFO - [2023-07-11T23:36:04.289+0000] {dag.py:3508} INFO - Setting next_dagrun for example_branch_datetime_operator_3 to 2023-07-10T00:00:00+00:00, run_after=2023-07-11T00:00:00+00:00
[2023-07-11T23:36:04.300+0000] {processor.py:179} INFO - Processing /home/airflow/.local/lib/python3.7/site-packages/airflow/example_dags/example_branch_datetime_operator.py took 0.063 seconds
[2023-07-11T23:36:35.380+0000] {processor.py:157} INFO - Started process (PID=199) to work on /home/airflow/.local/lib/python3.7/site-packages/airflow/example_dags/example_branch_datetime_operator.py
[2023-07-11T23:36:35.380+0000] {processor.py:826} INFO - Processing file /home/airflow/.local/lib/python3.7/site-packages/airflow/example_dags/example_branch_datetime_operator.py for tasks to queue
[2023-07-11T23:36:35.381+0000] {logging_mixin.py:150} INFO - [2023-07-11T23:36:35.380+0000] {dagbag.py:541} INFO - Filling up the DagBag from /home/airflow/.local/lib/python3.7/site-packages/airflow/example_dags/example_branch_datetime_operator.py
[2023-07-11T23:36:35.388+0000] {processor.py:836} INFO - DAG(s) dict_keys(['example_branch_datetime_operator_2', 'example_branch_datetime_operator', 'example_branch_datetime_operator_3']) retrieved from /home/airflow/.local/lib/python3.7/site-packages/airflow/example_dags/example_branch_datetime_operator.py
[2023-07-11T23:36:35.412+0000] {logging_mixin.py:150} INFO - [2023-07-11T23:36:35.412+0000] {dag.py:2742} INFO - Sync 3 DAGs
[2023-07-11T23:36:35.434+0000] {logging_mixin.py:150} INFO - [2023-07-11T23:36:35.433+0000] {dag.py:3508} INFO - Setting next_dagrun for example_branch_datetime_operator to 2023-07-10T00:00:00+00:00, run_after=2023-07-11T00:00:00+00:00
[2023-07-11T23:36:35.438+0000] {logging_mixin.py:150} INFO - [2023-07-11T23:36:35.438+0000] {dag.py:3508} INFO - Setting next_dagrun for example_branch_datetime_operator_2 to 2023-07-10T00:00:00+00:00, run_after=2023-07-11T00:00:00+00:00
[2023-07-11T23:36:35.440+0000] {logging_mixin.py:150} INFO - [2023-07-11T23:36:35.440+0000] {dag.py:3508} INFO - Setting next_dagrun for example_branch_datetime_operator_3 to 2023-07-10T00:00:00+00:00, run_after=2023-07-11T00:00:00+00:00
[2023-07-11T23:36:35.453+0000] {processor.py:179} INFO - Processing /home/airflow/.local/lib/python3.7/site-packages/airflow/example_dags/example_branch_datetime_operator.py took 0.076 seconds
[2023-07-11T23:37:06.579+0000] {processor.py:157} INFO - Started process (PID=269) to work on /home/airflow/.local/lib/python3.7/site-packages/airflow/example_dags/example_branch_datetime_operator.py
[2023-07-11T23:37:06.580+0000] {processor.py:826} INFO - Processing file /home/airflow/.local/lib/python3.7/site-packages/airflow/example_dags/example_branch_datetime_operator.py for tasks to queue
[2023-07-11T23:37:06.580+0000] {logging_mixin.py:150} INFO - [2023-07-11T23:37:06.580+0000] {dagbag.py:541} INFO - Filling up the DagBag from /home/airflow/.local/lib/python3.7/site-packages/airflow/example_dags/example_branch_datetime_operator.py
[2023-07-11T23:37:06.587+0000] {processor.py:836} INFO - DAG(s) dict_keys(['example_branch_datetime_operator', 'example_branch_datetime_operator_2', 'example_branch_datetime_operator_3']) retrieved from /home/airflow/.local/lib/python3.7/site-packages/airflow/example_dags/example_branch_datetime_operator.py
[2023-07-11T23:37:06.613+0000] {logging_mixin.py:150} INFO - [2023-07-11T23:37:06.613+0000] {dag.py:2742} INFO - Sync 3 DAGs
[2023-07-11T23:37:06.634+0000] {logging_mixin.py:150} INFO - [2023-07-11T23:37:06.634+0000] {dag.py:3508} INFO - Setting next_dagrun for example_branch_datetime_operator to 2023-07-10T00:00:00+00:00, run_after=2023-07-11T00:00:00+00:00
[2023-07-11T23:37:06.638+0000] {logging_mixin.py:150} INFO - [2023-07-11T23:37:06.638+0000] {dag.py:3508} INFO - Setting next_dagrun for example_branch_datetime_operator_2 to 2023-07-10T00:00:00+00:00, run_after=2023-07-11T00:00:00+00:00
[2023-07-11T23:37:06.639+0000] {logging_mixin.py:150} INFO - [2023-07-11T23:37:06.639+0000] {dag.py:3508} INFO - Setting next_dagrun for example_branch_datetime_operator_3 to 2023-07-10T00:00:00+00:00, run_after=2023-07-11T00:00:00+00:00
[2023-07-11T23:37:06.652+0000] {processor.py:179} INFO - Processing /home/airflow/.local/lib/python3.7/site-packages/airflow/example_dags/example_branch_datetime_operator.py took 0.075 seconds
[2023-07-11T23:37:37.762+0000] {processor.py:157} INFO - Started process (PID=339) to work on /home/airflow/.local/lib/python3.7/site-packages/airflow/example_dags/example_branch_datetime_operator.py
[2023-07-11T23:37:37.762+0000] {processor.py:826} INFO - Processing file /home/airflow/.local/lib/python3.7/site-packages/airflow/example_dags/example_branch_datetime_operator.py for tasks to queue
[2023-07-11T23:37:37.763+0000] {logging_mixin.py:150} INFO - [2023-07-11T23:37:37.763+0000] {dagbag.py:541} INFO - Filling up the DagBag from /home/airflow/.local/lib/python3.7/site-packages/airflow/example_dags/example_branch_datetime_operator.py
[2023-07-11T23:37:37.769+0000] {processor.py:836} INFO - DAG(s) dict_keys(['example_branch_datetime_operator', 'example_branch_datetime_operator_2', 'example_branch_datetime_operator_3']) retrieved from /home/airflow/.local/lib/python3.7/site-packages/airflow/example_dags/example_branch_datetime_operator.py
[2023-07-11T23:37:37.791+0000] {logging_mixin.py:150} INFO - [2023-07-11T23:37:37.790+0000] {dag.py:2742} INFO - Sync 3 DAGs
[2023-07-11T23:37:37.809+0000] {logging_mixin.py:150} INFO - [2023-07-11T23:37:37.809+0000] {dag.py:3508} INFO - Setting next_dagrun for example_branch_datetime_operator to 2023-07-10T00:00:00+00:00, run_after=2023-07-11T00:00:00+00:00
[2023-07-11T23:37:37.813+0000] {logging_mixin.py:150} INFO - [2023-07-11T23:37:37.813+0000] {dag.py:3508} INFO - Setting next_dagrun for example_branch_datetime_operator_2 to 2023-07-10T00:00:00+00:00, run_after=2023-07-11T00:00:00+00:00
[2023-07-11T23:37:37.815+0000] {logging_mixin.py:150} INFO - [2023-07-11T23:37:37.815+0000] {dag.py:3508} INFO - Setting next_dagrun for example_branch_datetime_operator_3 to 2023-07-10T00:00:00+00:00, run_after=2023-07-11T00:00:00+00:00
[2023-07-11T23:37:37.827+0000] {processor.py:179} INFO - Processing /home/airflow/.local/lib/python3.7/site-packages/airflow/example_dags/example_branch_datetime_operator.py took 0.066 seconds
[2023-07-11T23:38:08.905+0000] {processor.py:157} INFO - Started process (PID=409) to work on /home/airflow/.local/lib/python3.7/site-packages/airflow/example_dags/example_branch_datetime_operator.py
[2023-07-11T23:38:08.905+0000] {processor.py:826} INFO - Processing file /home/airflow/.local/lib/python3.7/site-packages/airflow/example_dags/example_branch_datetime_operator.py for tasks to queue
[2023-07-11T23:38:08.906+0000] {logging_mixin.py:150} INFO - [2023-07-11T23:38:08.905+0000] {dagbag.py:541} INFO - Filling up the DagBag from /home/airflow/.local/lib/python3.7/site-packages/airflow/example_dags/example_branch_datetime_operator.py
[2023-07-11T23:38:08.912+0000] {processor.py:836} INFO - DAG(s) dict_keys(['example_branch_datetime_operator_3', 'example_branch_datetime_operator_2', 'example_branch_datetime_operator']) retrieved from /home/airflow/.local/lib/python3.7/site-packages/airflow/example_dags/example_branch_datetime_operator.py
[2023-07-11T23:38:08.932+0000] {logging_mixin.py:150} INFO - [2023-07-11T23:38:08.932+0000] {dag.py:2742} INFO - Sync 3 DAGs
[2023-07-11T23:38:08.951+0000] {logging_mixin.py:150} INFO - [2023-07-11T23:38:08.951+0000] {dag.py:3508} INFO - Setting next_dagrun for example_branch_datetime_operator to 2023-07-10T00:00:00+00:00, run_after=2023-07-11T00:00:00+00:00
[2023-07-11T23:38:08.954+0000] {logging_mixin.py:150} INFO - [2023-07-11T23:38:08.954+0000] {dag.py:3508} INFO - Setting next_dagrun for example_branch_datetime_operator_2 to 2023-07-10T00:00:00+00:00, run_after=2023-07-11T00:00:00+00:00
[2023-07-11T23:38:08.956+0000] {logging_mixin.py:150} INFO - [2023-07-11T23:38:08.956+0000] {dag.py:3508} INFO - Setting next_dagrun for example_branch_datetime_operator_3 to 2023-07-10T00:00:00+00:00, run_after=2023-07-11T00:00:00+00:00
[2023-07-11T23:38:08.967+0000] {processor.py:179} INFO - Processing /home/airflow/.local/lib/python3.7/site-packages/airflow/example_dags/example_branch_datetime_operator.py took 0.064 seconds
[2023-07-11T23:38:39.396+0000] {processor.py:157} INFO - Started process (PID=479) to work on /home/airflow/.local/lib/python3.7/site-packages/airflow/example_dags/example_branch_datetime_operator.py
[2023-07-11T23:38:39.397+0000] {processor.py:826} INFO - Processing file /home/airflow/.local/lib/python3.7/site-packages/airflow/example_dags/example_branch_datetime_operator.py for tasks to queue
[2023-07-11T23:38:39.397+0000] {logging_mixin.py:150} INFO - [2023-07-11T23:38:39.397+0000] {dagbag.py:541} INFO - Filling up the DagBag from /home/airflow/.local/lib/python3.7/site-packages/airflow/example_dags/example_branch_datetime_operator.py
[2023-07-11T23:38:39.403+0000] {processor.py:836} INFO - DAG(s) dict_keys(['example_branch_datetime_operator_2', 'example_branch_datetime_operator', 'example_branch_datetime_operator_3']) retrieved from /home/airflow/.local/lib/python3.7/site-packages/airflow/example_dags/example_branch_datetime_operator.py
[2023-07-11T23:38:39.425+0000] {logging_mixin.py:150} INFO - [2023-07-11T23:38:39.425+0000] {dag.py:2742} INFO - Sync 3 DAGs
[2023-07-11T23:38:39.443+0000] {logging_mixin.py:150} INFO - [2023-07-11T23:38:39.443+0000] {dag.py:3508} INFO - Setting next_dagrun for example_branch_datetime_operator to 2023-07-10T00:00:00+00:00, run_after=2023-07-11T00:00:00+00:00
[2023-07-11T23:38:39.446+0000] {logging_mixin.py:150} INFO - [2023-07-11T23:38:39.446+0000] {dag.py:3508} INFO - Setting next_dagrun for example_branch_datetime_operator_2 to 2023-07-10T00:00:00+00:00, run_after=2023-07-11T00:00:00+00:00
[2023-07-11T23:38:39.448+0000] {logging_mixin.py:150} INFO - [2023-07-11T23:38:39.448+0000] {dag.py:3508} INFO - Setting next_dagrun for example_branch_datetime_operator_3 to 2023-07-10T00:00:00+00:00, run_after=2023-07-11T00:00:00+00:00
[2023-07-11T23:38:39.459+0000] {processor.py:179} INFO - Processing /home/airflow/.local/lib/python3.7/site-packages/airflow/example_dags/example_branch_datetime_operator.py took 0.064 seconds
[2023-07-11T23:39:09.717+0000] {processor.py:157} INFO - Started process (PID=549) to work on /home/airflow/.local/lib/python3.7/site-packages/airflow/example_dags/example_branch_datetime_operator.py
[2023-07-11T23:39:09.718+0000] {processor.py:826} INFO - Processing file /home/airflow/.local/lib/python3.7/site-packages/airflow/example_dags/example_branch_datetime_operator.py for tasks to queue
[2023-07-11T23:39:09.719+0000] {logging_mixin.py:150} INFO - [2023-07-11T23:39:09.718+0000] {dagbag.py:541} INFO - Filling up the DagBag from /home/airflow/.local/lib/python3.7/site-packages/airflow/example_dags/example_branch_datetime_operator.py
[2023-07-11T23:39:09.726+0000] {processor.py:836} INFO - DAG(s) dict_keys(['example_branch_datetime_operator_3', 'example_branch_datetime_operator', 'example_branch_datetime_operator_2']) retrieved from /home/airflow/.local/lib/python3.7/site-packages/airflow/example_dags/example_branch_datetime_operator.py
[2023-07-11T23:39:09.753+0000] {logging_mixin.py:150} INFO - [2023-07-11T23:39:09.753+0000] {dag.py:2742} INFO - Sync 3 DAGs
[2023-07-11T23:39:09.774+0000] {logging_mixin.py:150} INFO - [2023-07-11T23:39:09.774+0000] {dag.py:3508} INFO - Setting next_dagrun for example_branch_datetime_operator to 2023-07-10T00:00:00+00:00, run_after=2023-07-11T00:00:00+00:00
[2023-07-11T23:39:09.777+0000] {logging_mixin.py:150} INFO - [2023-07-11T23:39:09.777+0000] {dag.py:3508} INFO - Setting next_dagrun for example_branch_datetime_operator_2 to 2023-07-10T00:00:00+00:00, run_after=2023-07-11T00:00:00+00:00
[2023-07-11T23:39:09.779+0000] {logging_mixin.py:150} INFO - [2023-07-11T23:39:09.779+0000] {dag.py:3508} INFO - Setting next_dagrun for example_branch_datetime_operator_3 to 2023-07-10T00:00:00+00:00, run_after=2023-07-11T00:00:00+00:00
[2023-07-11T23:39:09.792+0000] {processor.py:179} INFO - Processing /home/airflow/.local/lib/python3.7/site-packages/airflow/example_dags/example_branch_datetime_operator.py took 0.077 seconds
[2023-07-11T23:39:40.779+0000] {processor.py:157} INFO - Started process (PID=619) to work on /home/airflow/.local/lib/python3.7/site-packages/airflow/example_dags/example_branch_datetime_operator.py
[2023-07-11T23:39:40.780+0000] {processor.py:826} INFO - Processing file /home/airflow/.local/lib/python3.7/site-packages/airflow/example_dags/example_branch_datetime_operator.py for tasks to queue
[2023-07-11T23:39:40.780+0000] {logging_mixin.py:150} INFO - [2023-07-11T23:39:40.780+0000] {dagbag.py:541} INFO - Filling up the DagBag from /home/airflow/.local/lib/python3.7/site-packages/airflow/example_dags/example_branch_datetime_operator.py
[2023-07-11T23:39:40.787+0000] {processor.py:836} INFO - DAG(s) dict_keys(['example_branch_datetime_operator_2', 'example_branch_datetime_operator_3', 'example_branch_datetime_operator']) retrieved from /home/airflow/.local/lib/python3.7/site-packages/airflow/example_dags/example_branch_datetime_operator.py
[2023-07-11T23:39:40.809+0000] {logging_mixin.py:150} INFO - [2023-07-11T23:39:40.809+0000] {dag.py:2742} INFO - Sync 3 DAGs
[2023-07-11T23:39:40.829+0000] {logging_mixin.py:150} INFO - [2023-07-11T23:39:40.829+0000] {dag.py:3508} INFO - Setting next_dagrun for example_branch_datetime_operator to 2023-07-10T00:00:00+00:00, run_after=2023-07-11T00:00:00+00:00
[2023-07-11T23:39:40.832+0000] {logging_mixin.py:150} INFO - [2023-07-11T23:39:40.832+0000] {dag.py:3508} INFO - Setting next_dagrun for example_branch_datetime_operator_2 to 2023-07-10T00:00:00+00:00, run_after=2023-07-11T00:00:00+00:00
[2023-07-11T23:39:40.834+0000] {logging_mixin.py:150} INFO - [2023-07-11T23:39:40.834+0000] {dag.py:3508} INFO - Setting next_dagrun for example_branch_datetime_operator_3 to 2023-07-10T00:00:00+00:00, run_after=2023-07-11T00:00:00+00:00
[2023-07-11T23:39:40.849+0000] {processor.py:179} INFO - Processing /home/airflow/.local/lib/python3.7/site-packages/airflow/example_dags/example_branch_datetime_operator.py took 0.071 seconds
[2023-07-11T23:40:11.046+0000] {processor.py:157} INFO - Started process (PID=689) to work on /home/airflow/.local/lib/python3.7/site-packages/airflow/example_dags/example_branch_datetime_operator.py
[2023-07-11T23:40:11.046+0000] {processor.py:826} INFO - Processing file /home/airflow/.local/lib/python3.7/site-packages/airflow/example_dags/example_branch_datetime_operator.py for tasks to queue
[2023-07-11T23:40:11.047+0000] {logging_mixin.py:150} INFO - [2023-07-11T23:40:11.047+0000] {dagbag.py:541} INFO - Filling up the DagBag from /home/airflow/.local/lib/python3.7/site-packages/airflow/example_dags/example_branch_datetime_operator.py
[2023-07-11T23:40:11.054+0000] {processor.py:836} INFO - DAG(s) dict_keys(['example_branch_datetime_operator', 'example_branch_datetime_operator_2', 'example_branch_datetime_operator_3']) retrieved from /home/airflow/.local/lib/python3.7/site-packages/airflow/example_dags/example_branch_datetime_operator.py
[2023-07-11T23:40:11.078+0000] {logging_mixin.py:150} INFO - [2023-07-11T23:40:11.078+0000] {dag.py:2742} INFO - Sync 3 DAGs
[2023-07-11T23:40:11.102+0000] {logging_mixin.py:150} INFO - [2023-07-11T23:40:11.102+0000] {dag.py:3508} INFO - Setting next_dagrun for example_branch_datetime_operator to 2023-07-10T00:00:00+00:00, run_after=2023-07-11T00:00:00+00:00
[2023-07-11T23:40:11.106+0000] {logging_mixin.py:150} INFO - [2023-07-11T23:40:11.106+0000] {dag.py:3508} INFO - Setting next_dagrun for example_branch_datetime_operator_2 to 2023-07-10T00:00:00+00:00, run_after=2023-07-11T00:00:00+00:00
[2023-07-11T23:40:11.109+0000] {logging_mixin.py:150} INFO - [2023-07-11T23:40:11.109+0000] {dag.py:3508} INFO - Setting next_dagrun for example_branch_datetime_operator_3 to 2023-07-10T00:00:00+00:00, run_after=2023-07-11T00:00:00+00:00
[2023-07-11T23:40:11.122+0000] {processor.py:179} INFO - Processing /home/airflow/.local/lib/python3.7/site-packages/airflow/example_dags/example_branch_datetime_operator.py took 0.078 seconds
[2023-07-11T23:40:41.675+0000] {processor.py:157} INFO - Started process (PID=759) to work on /home/airflow/.local/lib/python3.7/site-packages/airflow/example_dags/example_branch_datetime_operator.py
[2023-07-11T23:40:41.676+0000] {processor.py:826} INFO - Processing file /home/airflow/.local/lib/python3.7/site-packages/airflow/example_dags/example_branch_datetime_operator.py for tasks to queue
[2023-07-11T23:40:41.676+0000] {logging_mixin.py:150} INFO - [2023-07-11T23:40:41.676+0000] {dagbag.py:541} INFO - Filling up the DagBag from /home/airflow/.local/lib/python3.7/site-packages/airflow/example_dags/example_branch_datetime_operator.py
[2023-07-11T23:40:41.682+0000] {processor.py:836} INFO - DAG(s) dict_keys(['example_branch_datetime_operator_2', 'example_branch_datetime_operator_3', 'example_branch_datetime_operator']) retrieved from /home/airflow/.local/lib/python3.7/site-packages/airflow/example_dags/example_branch_datetime_operator.py
[2023-07-11T23:40:41.704+0000] {logging_mixin.py:150} INFO - [2023-07-11T23:40:41.703+0000] {dag.py:2742} INFO - Sync 3 DAGs
[2023-07-11T23:40:41.723+0000] {logging_mixin.py:150} INFO - [2023-07-11T23:40:41.723+0000] {dag.py:3508} INFO - Setting next_dagrun for example_branch_datetime_operator to 2023-07-10T00:00:00+00:00, run_after=2023-07-11T00:00:00+00:00
[2023-07-11T23:40:41.726+0000] {logging_mixin.py:150} INFO - [2023-07-11T23:40:41.726+0000] {dag.py:3508} INFO - Setting next_dagrun for example_branch_datetime_operator_2 to 2023-07-10T00:00:00+00:00, run_after=2023-07-11T00:00:00+00:00
[2023-07-11T23:40:41.728+0000] {logging_mixin.py:150} INFO - [2023-07-11T23:40:41.728+0000] {dag.py:3508} INFO - Setting next_dagrun for example_branch_datetime_operator_3 to 2023-07-10T00:00:00+00:00, run_after=2023-07-11T00:00:00+00:00
[2023-07-11T23:40:41.740+0000] {processor.py:179} INFO - Processing /home/airflow/.local/lib/python3.7/site-packages/airflow/example_dags/example_branch_datetime_operator.py took 0.067 seconds
[2023-07-11T23:41:12.013+0000] {processor.py:157} INFO - Started process (PID=829) to work on /home/airflow/.local/lib/python3.7/site-packages/airflow/example_dags/example_branch_datetime_operator.py
[2023-07-11T23:41:12.014+0000] {processor.py:826} INFO - Processing file /home/airflow/.local/lib/python3.7/site-packages/airflow/example_dags/example_branch_datetime_operator.py for tasks to queue
[2023-07-11T23:41:12.014+0000] {logging_mixin.py:150} INFO - [2023-07-11T23:41:12.014+0000] {dagbag.py:541} INFO - Filling up the DagBag from /home/airflow/.local/lib/python3.7/site-packages/airflow/example_dags/example_branch_datetime_operator.py
[2023-07-11T23:41:12.020+0000] {processor.py:836} INFO - DAG(s) dict_keys(['example_branch_datetime_operator_3', 'example_branch_datetime_operator_2', 'example_branch_datetime_operator']) retrieved from /home/airflow/.local/lib/python3.7/site-packages/airflow/example_dags/example_branch_datetime_operator.py
[2023-07-11T23:41:12.040+0000] {logging_mixin.py:150} INFO - [2023-07-11T23:41:12.040+0000] {dag.py:2742} INFO - Sync 3 DAGs
[2023-07-11T23:41:12.059+0000] {logging_mixin.py:150} INFO - [2023-07-11T23:41:12.059+0000] {dag.py:3508} INFO - Setting next_dagrun for example_branch_datetime_operator to 2023-07-10T00:00:00+00:00, run_after=2023-07-11T00:00:00+00:00
[2023-07-11T23:41:12.063+0000] {logging_mixin.py:150} INFO - [2023-07-11T23:41:12.062+0000] {dag.py:3508} INFO - Setting next_dagrun for example_branch_datetime_operator_2 to 2023-07-10T00:00:00+00:00, run_after=2023-07-11T00:00:00+00:00
[2023-07-11T23:41:12.064+0000] {logging_mixin.py:150} INFO - [2023-07-11T23:41:12.064+0000] {dag.py:3508} INFO - Setting next_dagrun for example_branch_datetime_operator_3 to 2023-07-10T00:00:00+00:00, run_after=2023-07-11T00:00:00+00:00
[2023-07-11T23:41:12.075+0000] {processor.py:179} INFO - Processing /home/airflow/.local/lib/python3.7/site-packages/airflow/example_dags/example_branch_datetime_operator.py took 0.063 seconds
[2023-07-11T23:41:43.176+0000] {processor.py:157} INFO - Started process (PID=899) to work on /home/airflow/.local/lib/python3.7/site-packages/airflow/example_dags/example_branch_datetime_operator.py
[2023-07-11T23:41:43.176+0000] {processor.py:826} INFO - Processing file /home/airflow/.local/lib/python3.7/site-packages/airflow/example_dags/example_branch_datetime_operator.py for tasks to queue
[2023-07-11T23:41:43.177+0000] {logging_mixin.py:150} INFO - [2023-07-11T23:41:43.177+0000] {dagbag.py:541} INFO - Filling up the DagBag from /home/airflow/.local/lib/python3.7/site-packages/airflow/example_dags/example_branch_datetime_operator.py
[2023-07-11T23:41:43.183+0000] {processor.py:836} INFO - DAG(s) dict_keys(['example_branch_datetime_operator', 'example_branch_datetime_operator_3', 'example_branch_datetime_operator_2']) retrieved from /home/airflow/.local/lib/python3.7/site-packages/airflow/example_dags/example_branch_datetime_operator.py
[2023-07-11T23:41:43.203+0000] {logging_mixin.py:150} INFO - [2023-07-11T23:41:43.203+0000] {dag.py:2742} INFO - Sync 3 DAGs
[2023-07-11T23:41:43.222+0000] {logging_mixin.py:150} INFO - [2023-07-11T23:41:43.221+0000] {dag.py:3508} INFO - Setting next_dagrun for example_branch_datetime_operator to 2023-07-10T00:00:00+00:00, run_after=2023-07-11T00:00:00+00:00
[2023-07-11T23:41:43.225+0000] {logging_mixin.py:150} INFO - [2023-07-11T23:41:43.225+0000] {dag.py:3508} INFO - Setting next_dagrun for example_branch_datetime_operator_2 to 2023-07-10T00:00:00+00:00, run_after=2023-07-11T00:00:00+00:00
[2023-07-11T23:41:43.226+0000] {logging_mixin.py:150} INFO - [2023-07-11T23:41:43.226+0000] {dag.py:3508} INFO - Setting next_dagrun for example_branch_datetime_operator_3 to 2023-07-10T00:00:00+00:00, run_after=2023-07-11T00:00:00+00:00
[2023-07-11T23:41:43.237+0000] {processor.py:179} INFO - Processing /home/airflow/.local/lib/python3.7/site-packages/airflow/example_dags/example_branch_datetime_operator.py took 0.063 seconds
[2023-07-11T23:42:14.444+0000] {processor.py:157} INFO - Started process (PID=969) to work on /home/airflow/.local/lib/python3.7/site-packages/airflow/example_dags/example_branch_datetime_operator.py
[2023-07-11T23:42:14.445+0000] {processor.py:826} INFO - Processing file /home/airflow/.local/lib/python3.7/site-packages/airflow/example_dags/example_branch_datetime_operator.py for tasks to queue
[2023-07-11T23:42:14.446+0000] {logging_mixin.py:150} INFO - [2023-07-11T23:42:14.446+0000] {dagbag.py:541} INFO - Filling up the DagBag from /home/airflow/.local/lib/python3.7/site-packages/airflow/example_dags/example_branch_datetime_operator.py
[2023-07-11T23:42:14.453+0000] {processor.py:836} INFO - DAG(s) dict_keys(['example_branch_datetime_operator_2', 'example_branch_datetime_operator', 'example_branch_datetime_operator_3']) retrieved from /home/airflow/.local/lib/python3.7/site-packages/airflow/example_dags/example_branch_datetime_operator.py
[2023-07-11T23:42:14.479+0000] {logging_mixin.py:150} INFO - [2023-07-11T23:42:14.479+0000] {dag.py:2742} INFO - Sync 3 DAGs
[2023-07-11T23:42:14.499+0000] {logging_mixin.py:150} INFO - [2023-07-11T23:42:14.498+0000] {dag.py:3508} INFO - Setting next_dagrun for example_branch_datetime_operator to 2023-07-10T00:00:00+00:00, run_after=2023-07-11T00:00:00+00:00
[2023-07-11T23:42:14.502+0000] {logging_mixin.py:150} INFO - [2023-07-11T23:42:14.502+0000] {dag.py:3508} INFO - Setting next_dagrun for example_branch_datetime_operator_2 to 2023-07-10T00:00:00+00:00, run_after=2023-07-11T00:00:00+00:00
[2023-07-11T23:42:14.503+0000] {logging_mixin.py:150} INFO - [2023-07-11T23:42:14.503+0000] {dag.py:3508} INFO - Setting next_dagrun for example_branch_datetime_operator_3 to 2023-07-10T00:00:00+00:00, run_after=2023-07-11T00:00:00+00:00
[2023-07-11T23:42:14.516+0000] {processor.py:179} INFO - Processing /home/airflow/.local/lib/python3.7/site-packages/airflow/example_dags/example_branch_datetime_operator.py took 0.074 seconds
[2023-07-11T23:42:44.667+0000] {processor.py:157} INFO - Started process (PID=1039) to work on /home/airflow/.local/lib/python3.7/site-packages/airflow/example_dags/example_branch_datetime_operator.py
[2023-07-11T23:42:44.667+0000] {processor.py:826} INFO - Processing file /home/airflow/.local/lib/python3.7/site-packages/airflow/example_dags/example_branch_datetime_operator.py for tasks to queue
[2023-07-11T23:42:44.668+0000] {logging_mixin.py:150} INFO - [2023-07-11T23:42:44.668+0000] {dagbag.py:541} INFO - Filling up the DagBag from /home/airflow/.local/lib/python3.7/site-packages/airflow/example_dags/example_branch_datetime_operator.py
[2023-07-11T23:42:44.673+0000] {processor.py:836} INFO - DAG(s) dict_keys(['example_branch_datetime_operator_2', 'example_branch_datetime_operator_3', 'example_branch_datetime_operator']) retrieved from /home/airflow/.local/lib/python3.7/site-packages/airflow/example_dags/example_branch_datetime_operator.py
[2023-07-11T23:42:44.693+0000] {logging_mixin.py:150} INFO - [2023-07-11T23:42:44.693+0000] {dag.py:2742} INFO - Sync 3 DAGs
[2023-07-11T23:42:44.713+0000] {logging_mixin.py:150} INFO - [2023-07-11T23:42:44.713+0000] {dag.py:3508} INFO - Setting next_dagrun for example_branch_datetime_operator to 2023-07-10T00:00:00+00:00, run_after=2023-07-11T00:00:00+00:00
[2023-07-11T23:42:44.716+0000] {logging_mixin.py:150} INFO - [2023-07-11T23:42:44.716+0000] {dag.py:3508} INFO - Setting next_dagrun for example_branch_datetime_operator_2 to 2023-07-10T00:00:00+00:00, run_after=2023-07-11T00:00:00+00:00
[2023-07-11T23:42:44.718+0000] {logging_mixin.py:150} INFO - [2023-07-11T23:42:44.718+0000] {dag.py:3508} INFO - Setting next_dagrun for example_branch_datetime_operator_3 to 2023-07-10T00:00:00+00:00, run_after=2023-07-11T00:00:00+00:00
[2023-07-11T23:42:44.728+0000] {processor.py:179} INFO - Processing /home/airflow/.local/lib/python3.7/site-packages/airflow/example_dags/example_branch_datetime_operator.py took 0.063 seconds
[2023-07-11T23:43:15.657+0000] {processor.py:157} INFO - Started process (PID=1109) to work on /home/airflow/.local/lib/python3.7/site-packages/airflow/example_dags/example_branch_datetime_operator.py
[2023-07-11T23:43:15.657+0000] {processor.py:826} INFO - Processing file /home/airflow/.local/lib/python3.7/site-packages/airflow/example_dags/example_branch_datetime_operator.py for tasks to queue
[2023-07-11T23:43:15.658+0000] {logging_mixin.py:150} INFO - [2023-07-11T23:43:15.658+0000] {dagbag.py:541} INFO - Filling up the DagBag from /home/airflow/.local/lib/python3.7/site-packages/airflow/example_dags/example_branch_datetime_operator.py
[2023-07-11T23:43:15.664+0000] {processor.py:836} INFO - DAG(s) dict_keys(['example_branch_datetime_operator_2', 'example_branch_datetime_operator_3', 'example_branch_datetime_operator']) retrieved from /home/airflow/.local/lib/python3.7/site-packages/airflow/example_dags/example_branch_datetime_operator.py
[2023-07-11T23:43:15.682+0000] {logging_mixin.py:150} INFO - [2023-07-11T23:43:15.682+0000] {dag.py:2742} INFO - Sync 3 DAGs
[2023-07-11T23:43:15.700+0000] {logging_mixin.py:150} INFO - [2023-07-11T23:43:15.700+0000] {dag.py:3508} INFO - Setting next_dagrun for example_branch_datetime_operator to 2023-07-10T00:00:00+00:00, run_after=2023-07-11T00:00:00+00:00
[2023-07-11T23:43:15.704+0000] {logging_mixin.py:150} INFO - [2023-07-11T23:43:15.704+0000] {dag.py:3508} INFO - Setting next_dagrun for example_branch_datetime_operator_2 to 2023-07-10T00:00:00+00:00, run_after=2023-07-11T00:00:00+00:00
[2023-07-11T23:43:15.706+0000] {logging_mixin.py:150} INFO - [2023-07-11T23:43:15.706+0000] {dag.py:3508} INFO - Setting next_dagrun for example_branch_datetime_operator_3 to 2023-07-10T00:00:00+00:00, run_after=2023-07-11T00:00:00+00:00
[2023-07-11T23:43:15.720+0000] {processor.py:179} INFO - Processing /home/airflow/.local/lib/python3.7/site-packages/airflow/example_dags/example_branch_datetime_operator.py took 0.065 seconds
[2023-07-11T23:43:46.473+0000] {processor.py:157} INFO - Started process (PID=1179) to work on /home/airflow/.local/lib/python3.7/site-packages/airflow/example_dags/example_branch_datetime_operator.py
[2023-07-11T23:43:46.473+0000] {processor.py:826} INFO - Processing file /home/airflow/.local/lib/python3.7/site-packages/airflow/example_dags/example_branch_datetime_operator.py for tasks to queue
[2023-07-11T23:43:46.474+0000] {logging_mixin.py:150} INFO - [2023-07-11T23:43:46.473+0000] {dagbag.py:541} INFO - Filling up the DagBag from /home/airflow/.local/lib/python3.7/site-packages/airflow/example_dags/example_branch_datetime_operator.py
[2023-07-11T23:43:46.479+0000] {processor.py:836} INFO - DAG(s) dict_keys(['example_branch_datetime_operator_3', 'example_branch_datetime_operator', 'example_branch_datetime_operator_2']) retrieved from /home/airflow/.local/lib/python3.7/site-packages/airflow/example_dags/example_branch_datetime_operator.py
[2023-07-11T23:43:46.498+0000] {logging_mixin.py:150} INFO - [2023-07-11T23:43:46.498+0000] {dag.py:2742} INFO - Sync 3 DAGs
[2023-07-11T23:43:46.516+0000] {logging_mixin.py:150} INFO - [2023-07-11T23:43:46.516+0000] {dag.py:3508} INFO - Setting next_dagrun for example_branch_datetime_operator to 2023-07-10T00:00:00+00:00, run_after=2023-07-11T00:00:00+00:00
[2023-07-11T23:43:46.519+0000] {logging_mixin.py:150} INFO - [2023-07-11T23:43:46.519+0000] {dag.py:3508} INFO - Setting next_dagrun for example_branch_datetime_operator_2 to 2023-07-10T00:00:00+00:00, run_after=2023-07-11T00:00:00+00:00
[2023-07-11T23:43:46.521+0000] {logging_mixin.py:150} INFO - [2023-07-11T23:43:46.521+0000] {dag.py:3508} INFO - Setting next_dagrun for example_branch_datetime_operator_3 to 2023-07-10T00:00:00+00:00, run_after=2023-07-11T00:00:00+00:00
[2023-07-11T23:43:46.531+0000] {processor.py:179} INFO - Processing /home/airflow/.local/lib/python3.7/site-packages/airflow/example_dags/example_branch_datetime_operator.py took 0.060 seconds
[2023-07-11T23:44:16.766+0000] {processor.py:157} INFO - Started process (PID=1249) to work on /home/airflow/.local/lib/python3.7/site-packages/airflow/example_dags/example_branch_datetime_operator.py
[2023-07-11T23:44:16.766+0000] {processor.py:826} INFO - Processing file /home/airflow/.local/lib/python3.7/site-packages/airflow/example_dags/example_branch_datetime_operator.py for tasks to queue
[2023-07-11T23:44:16.767+0000] {logging_mixin.py:150} INFO - [2023-07-11T23:44:16.767+0000] {dagbag.py:541} INFO - Filling up the DagBag from /home/airflow/.local/lib/python3.7/site-packages/airflow/example_dags/example_branch_datetime_operator.py
[2023-07-11T23:44:16.773+0000] {processor.py:836} INFO - DAG(s) dict_keys(['example_branch_datetime_operator', 'example_branch_datetime_operator_2', 'example_branch_datetime_operator_3']) retrieved from /home/airflow/.local/lib/python3.7/site-packages/airflow/example_dags/example_branch_datetime_operator.py
[2023-07-11T23:44:16.791+0000] {logging_mixin.py:150} INFO - [2023-07-11T23:44:16.791+0000] {dag.py:2742} INFO - Sync 3 DAGs
[2023-07-11T23:44:16.810+0000] {logging_mixin.py:150} INFO - [2023-07-11T23:44:16.810+0000] {dag.py:3508} INFO - Setting next_dagrun for example_branch_datetime_operator to 2023-07-10T00:00:00+00:00, run_after=2023-07-11T00:00:00+00:00
[2023-07-11T23:44:16.813+0000] {logging_mixin.py:150} INFO - [2023-07-11T23:44:16.813+0000] {dag.py:3508} INFO - Setting next_dagrun for example_branch_datetime_operator_2 to 2023-07-10T00:00:00+00:00, run_after=2023-07-11T00:00:00+00:00
[2023-07-11T23:44:16.815+0000] {logging_mixin.py:150} INFO - [2023-07-11T23:44:16.815+0000] {dag.py:3508} INFO - Setting next_dagrun for example_branch_datetime_operator_3 to 2023-07-10T00:00:00+00:00, run_after=2023-07-11T00:00:00+00:00
[2023-07-11T23:44:16.825+0000] {processor.py:179} INFO - Processing /home/airflow/.local/lib/python3.7/site-packages/airflow/example_dags/example_branch_datetime_operator.py took 0.061 seconds
[2023-07-11T23:44:47.169+0000] {processor.py:157} INFO - Started process (PID=1319) to work on /home/airflow/.local/lib/python3.7/site-packages/airflow/example_dags/example_branch_datetime_operator.py
[2023-07-11T23:44:47.169+0000] {processor.py:826} INFO - Processing file /home/airflow/.local/lib/python3.7/site-packages/airflow/example_dags/example_branch_datetime_operator.py for tasks to queue
[2023-07-11T23:44:47.170+0000] {logging_mixin.py:150} INFO - [2023-07-11T23:44:47.170+0000] {dagbag.py:541} INFO - Filling up the DagBag from /home/airflow/.local/lib/python3.7/site-packages/airflow/example_dags/example_branch_datetime_operator.py
[2023-07-11T23:44:47.176+0000] {processor.py:836} INFO - DAG(s) dict_keys(['example_branch_datetime_operator', 'example_branch_datetime_operator_2', 'example_branch_datetime_operator_3']) retrieved from /home/airflow/.local/lib/python3.7/site-packages/airflow/example_dags/example_branch_datetime_operator.py
[2023-07-11T23:44:47.194+0000] {logging_mixin.py:150} INFO - [2023-07-11T23:44:47.194+0000] {dag.py:2742} INFO - Sync 3 DAGs
[2023-07-11T23:44:47.212+0000] {logging_mixin.py:150} INFO - [2023-07-11T23:44:47.212+0000] {dag.py:3508} INFO - Setting next_dagrun for example_branch_datetime_operator to 2023-07-10T00:00:00+00:00, run_after=2023-07-11T00:00:00+00:00
[2023-07-11T23:44:47.216+0000] {logging_mixin.py:150} INFO - [2023-07-11T23:44:47.216+0000] {dag.py:3508} INFO - Setting next_dagrun for example_branch_datetime_operator_2 to 2023-07-10T00:00:00+00:00, run_after=2023-07-11T00:00:00+00:00
[2023-07-11T23:44:47.217+0000] {logging_mixin.py:150} INFO - [2023-07-11T23:44:47.217+0000] {dag.py:3508} INFO - Setting next_dagrun for example_branch_datetime_operator_3 to 2023-07-10T00:00:00+00:00, run_after=2023-07-11T00:00:00+00:00
[2023-07-11T23:44:47.227+0000] {processor.py:179} INFO - Processing /home/airflow/.local/lib/python3.7/site-packages/airflow/example_dags/example_branch_datetime_operator.py took 0.060 seconds
[2023-07-11T23:45:17.658+0000] {processor.py:157} INFO - Started process (PID=1389) to work on /home/airflow/.local/lib/python3.7/site-packages/airflow/example_dags/example_branch_datetime_operator.py
[2023-07-11T23:45:17.658+0000] {processor.py:826} INFO - Processing file /home/airflow/.local/lib/python3.7/site-packages/airflow/example_dags/example_branch_datetime_operator.py for tasks to queue
[2023-07-11T23:45:17.659+0000] {logging_mixin.py:150} INFO - [2023-07-11T23:45:17.659+0000] {dagbag.py:541} INFO - Filling up the DagBag from /home/airflow/.local/lib/python3.7/site-packages/airflow/example_dags/example_branch_datetime_operator.py
[2023-07-11T23:45:17.665+0000] {processor.py:836} INFO - DAG(s) dict_keys(['example_branch_datetime_operator_2', 'example_branch_datetime_operator', 'example_branch_datetime_operator_3']) retrieved from /home/airflow/.local/lib/python3.7/site-packages/airflow/example_dags/example_branch_datetime_operator.py
[2023-07-11T23:45:17.684+0000] {logging_mixin.py:150} INFO - [2023-07-11T23:45:17.684+0000] {dag.py:2742} INFO - Sync 3 DAGs
[2023-07-11T23:45:17.704+0000] {logging_mixin.py:150} INFO - [2023-07-11T23:45:17.704+0000] {dag.py:3508} INFO - Setting next_dagrun for example_branch_datetime_operator to 2023-07-10T00:00:00+00:00, run_after=2023-07-11T00:00:00+00:00
[2023-07-11T23:45:17.707+0000] {logging_mixin.py:150} INFO - [2023-07-11T23:45:17.707+0000] {dag.py:3508} INFO - Setting next_dagrun for example_branch_datetime_operator_2 to 2023-07-10T00:00:00+00:00, run_after=2023-07-11T00:00:00+00:00
[2023-07-11T23:45:17.709+0000] {logging_mixin.py:150} INFO - [2023-07-11T23:45:17.709+0000] {dag.py:3508} INFO - Setting next_dagrun for example_branch_datetime_operator_3 to 2023-07-10T00:00:00+00:00, run_after=2023-07-11T00:00:00+00:00
[2023-07-11T23:45:17.720+0000] {processor.py:179} INFO - Processing /home/airflow/.local/lib/python3.7/site-packages/airflow/example_dags/example_branch_datetime_operator.py took 0.064 seconds
[2023-07-11T23:45:48.497+0000] {processor.py:157} INFO - Started process (PID=1459) to work on /home/airflow/.local/lib/python3.7/site-packages/airflow/example_dags/example_branch_datetime_operator.py
[2023-07-11T23:45:48.497+0000] {processor.py:826} INFO - Processing file /home/airflow/.local/lib/python3.7/site-packages/airflow/example_dags/example_branch_datetime_operator.py for tasks to queue
[2023-07-11T23:45:48.498+0000] {logging_mixin.py:150} INFO - [2023-07-11T23:45:48.498+0000] {dagbag.py:541} INFO - Filling up the DagBag from /home/airflow/.local/lib/python3.7/site-packages/airflow/example_dags/example_branch_datetime_operator.py
[2023-07-11T23:45:48.504+0000] {processor.py:836} INFO - DAG(s) dict_keys(['example_branch_datetime_operator', 'example_branch_datetime_operator_3', 'example_branch_datetime_operator_2']) retrieved from /home/airflow/.local/lib/python3.7/site-packages/airflow/example_dags/example_branch_datetime_operator.py
[2023-07-11T23:45:48.525+0000] {logging_mixin.py:150} INFO - [2023-07-11T23:45:48.525+0000] {dag.py:2742} INFO - Sync 3 DAGs
[2023-07-11T23:45:48.544+0000] {logging_mixin.py:150} INFO - [2023-07-11T23:45:48.544+0000] {dag.py:3508} INFO - Setting next_dagrun for example_branch_datetime_operator to 2023-07-10T00:00:00+00:00, run_after=2023-07-11T00:00:00+00:00
[2023-07-11T23:45:48.547+0000] {logging_mixin.py:150} INFO - [2023-07-11T23:45:48.547+0000] {dag.py:3508} INFO - Setting next_dagrun for example_branch_datetime_operator_2 to 2023-07-10T00:00:00+00:00, run_after=2023-07-11T00:00:00+00:00
[2023-07-11T23:45:48.549+0000] {logging_mixin.py:150} INFO - [2023-07-11T23:45:48.549+0000] {dag.py:3508} INFO - Setting next_dagrun for example_branch_datetime_operator_3 to 2023-07-10T00:00:00+00:00, run_after=2023-07-11T00:00:00+00:00
[2023-07-11T23:45:48.560+0000] {processor.py:179} INFO - Processing /home/airflow/.local/lib/python3.7/site-packages/airflow/example_dags/example_branch_datetime_operator.py took 0.065 seconds
[2023-07-11T23:46:18.794+0000] {processor.py:157} INFO - Started process (PID=1529) to work on /home/airflow/.local/lib/python3.7/site-packages/airflow/example_dags/example_branch_datetime_operator.py
[2023-07-11T23:46:18.795+0000] {processor.py:826} INFO - Processing file /home/airflow/.local/lib/python3.7/site-packages/airflow/example_dags/example_branch_datetime_operator.py for tasks to queue
[2023-07-11T23:46:18.795+0000] {logging_mixin.py:150} INFO - [2023-07-11T23:46:18.795+0000] {dagbag.py:541} INFO - Filling up the DagBag from /home/airflow/.local/lib/python3.7/site-packages/airflow/example_dags/example_branch_datetime_operator.py
[2023-07-11T23:46:18.801+0000] {processor.py:836} INFO - DAG(s) dict_keys(['example_branch_datetime_operator_3', 'example_branch_datetime_operator', 'example_branch_datetime_operator_2']) retrieved from /home/airflow/.local/lib/python3.7/site-packages/airflow/example_dags/example_branch_datetime_operator.py
[2023-07-11T23:46:18.820+0000] {logging_mixin.py:150} INFO - [2023-07-11T23:46:18.819+0000] {dag.py:2742} INFO - Sync 3 DAGs
[2023-07-11T23:46:18.838+0000] {logging_mixin.py:150} INFO - [2023-07-11T23:46:18.838+0000] {dag.py:3508} INFO - Setting next_dagrun for example_branch_datetime_operator to 2023-07-10T00:00:00+00:00, run_after=2023-07-11T00:00:00+00:00
[2023-07-11T23:46:18.842+0000] {logging_mixin.py:150} INFO - [2023-07-11T23:46:18.841+0000] {dag.py:3508} INFO - Setting next_dagrun for example_branch_datetime_operator_2 to 2023-07-10T00:00:00+00:00, run_after=2023-07-11T00:00:00+00:00
[2023-07-11T23:46:18.843+0000] {logging_mixin.py:150} INFO - [2023-07-11T23:46:18.843+0000] {dag.py:3508} INFO - Setting next_dagrun for example_branch_datetime_operator_3 to 2023-07-10T00:00:00+00:00, run_after=2023-07-11T00:00:00+00:00
[2023-07-11T23:46:18.853+0000] {processor.py:179} INFO - Processing /home/airflow/.local/lib/python3.7/site-packages/airflow/example_dags/example_branch_datetime_operator.py took 0.060 seconds
[2023-07-11T23:46:49.880+0000] {processor.py:157} INFO - Started process (PID=1599) to work on /home/airflow/.local/lib/python3.7/site-packages/airflow/example_dags/example_branch_datetime_operator.py
[2023-07-11T23:46:49.881+0000] {processor.py:826} INFO - Processing file /home/airflow/.local/lib/python3.7/site-packages/airflow/example_dags/example_branch_datetime_operator.py for tasks to queue
[2023-07-11T23:46:49.881+0000] {logging_mixin.py:150} INFO - [2023-07-11T23:46:49.881+0000] {dagbag.py:541} INFO - Filling up the DagBag from /home/airflow/.local/lib/python3.7/site-packages/airflow/example_dags/example_branch_datetime_operator.py
[2023-07-11T23:46:49.887+0000] {processor.py:836} INFO - DAG(s) dict_keys(['example_branch_datetime_operator_2', 'example_branch_datetime_operator_3', 'example_branch_datetime_operator']) retrieved from /home/airflow/.local/lib/python3.7/site-packages/airflow/example_dags/example_branch_datetime_operator.py
[2023-07-11T23:46:49.906+0000] {logging_mixin.py:150} INFO - [2023-07-11T23:46:49.905+0000] {dag.py:2742} INFO - Sync 3 DAGs
[2023-07-11T23:46:49.925+0000] {logging_mixin.py:150} INFO - [2023-07-11T23:46:49.925+0000] {dag.py:3508} INFO - Setting next_dagrun for example_branch_datetime_operator to 2023-07-10T00:00:00+00:00, run_after=2023-07-11T00:00:00+00:00
[2023-07-11T23:46:49.929+0000] {logging_mixin.py:150} INFO - [2023-07-11T23:46:49.929+0000] {dag.py:3508} INFO - Setting next_dagrun for example_branch_datetime_operator_2 to 2023-07-10T00:00:00+00:00, run_after=2023-07-11T00:00:00+00:00
[2023-07-11T23:46:49.931+0000] {logging_mixin.py:150} INFO - [2023-07-11T23:46:49.931+0000] {dag.py:3508} INFO - Setting next_dagrun for example_branch_datetime_operator_3 to 2023-07-10T00:00:00+00:00, run_after=2023-07-11T00:00:00+00:00
[2023-07-11T23:46:49.941+0000] {processor.py:179} INFO - Processing /home/airflow/.local/lib/python3.7/site-packages/airflow/example_dags/example_branch_datetime_operator.py took 0.062 seconds
[2023-07-11T23:47:20.201+0000] {processor.py:157} INFO - Started process (PID=1669) to work on /home/airflow/.local/lib/python3.7/site-packages/airflow/example_dags/example_branch_datetime_operator.py
[2023-07-11T23:47:20.202+0000] {processor.py:826} INFO - Processing file /home/airflow/.local/lib/python3.7/site-packages/airflow/example_dags/example_branch_datetime_operator.py for tasks to queue
[2023-07-11T23:47:20.202+0000] {logging_mixin.py:150} INFO - [2023-07-11T23:47:20.202+0000] {dagbag.py:541} INFO - Filling up the DagBag from /home/airflow/.local/lib/python3.7/site-packages/airflow/example_dags/example_branch_datetime_operator.py
[2023-07-11T23:47:20.208+0000] {processor.py:836} INFO - DAG(s) dict_keys(['example_branch_datetime_operator_3', 'example_branch_datetime_operator_2', 'example_branch_datetime_operator']) retrieved from /home/airflow/.local/lib/python3.7/site-packages/airflow/example_dags/example_branch_datetime_operator.py
[2023-07-11T23:47:20.227+0000] {logging_mixin.py:150} INFO - [2023-07-11T23:47:20.227+0000] {dag.py:2742} INFO - Sync 3 DAGs
[2023-07-11T23:47:20.245+0000] {logging_mixin.py:150} INFO - [2023-07-11T23:47:20.245+0000] {dag.py:3508} INFO - Setting next_dagrun for example_branch_datetime_operator to 2023-07-10T00:00:00+00:00, run_after=2023-07-11T00:00:00+00:00
[2023-07-11T23:47:20.248+0000] {logging_mixin.py:150} INFO - [2023-07-11T23:47:20.248+0000] {dag.py:3508} INFO - Setting next_dagrun for example_branch_datetime_operator_2 to 2023-07-10T00:00:00+00:00, run_after=2023-07-11T00:00:00+00:00
[2023-07-11T23:47:20.250+0000] {logging_mixin.py:150} INFO - [2023-07-11T23:47:20.250+0000] {dag.py:3508} INFO - Setting next_dagrun for example_branch_datetime_operator_3 to 2023-07-10T00:00:00+00:00, run_after=2023-07-11T00:00:00+00:00
[2023-07-11T23:47:20.260+0000] {processor.py:179} INFO - Processing /home/airflow/.local/lib/python3.7/site-packages/airflow/example_dags/example_branch_datetime_operator.py took 0.060 seconds
