[2023-07-11T23:35:33.335+0000] {processor.py:157} INFO - Started process (PID=65) to work on /home/airflow/.local/lib/python3.7/site-packages/airflow/example_dags/example_short_circuit_decorator.py
[2023-07-11T23:35:33.335+0000] {processor.py:826} INFO - Processing file /home/airflow/.local/lib/python3.7/site-packages/airflow/example_dags/example_short_circuit_decorator.py for tasks to queue
[2023-07-11T23:35:33.336+0000] {logging_mixin.py:150} INFO - [2023-07-11T23:35:33.336+0000] {dagbag.py:541} INFO - Filling up the DagBag from /home/airflow/.local/lib/python3.7/site-packages/airflow/example_dags/example_short_circuit_decorator.py
[2023-07-11T23:35:33.344+0000] {processor.py:836} INFO - DAG(s) dict_keys(['example_short_circuit_decorator']) retrieved from /home/airflow/.local/lib/python3.7/site-packages/airflow/example_dags/example_short_circuit_decorator.py
[2023-07-11T23:35:33.353+0000] {logging_mixin.py:150} INFO - [2023-07-11T23:35:33.353+0000] {dag.py:2742} INFO - Sync 1 DAGs
[2023-07-11T23:35:33.375+0000] {logging_mixin.py:150} INFO - [2023-07-11T23:35:33.375+0000] {dag.py:3508} INFO - Setting next_dagrun for example_short_circuit_decorator to 2023-07-10T23:35:33.375218+00:00, run_after=2023-07-11T23:35:33.375218+00:00
[2023-07-11T23:35:33.394+0000] {processor.py:179} INFO - Processing /home/airflow/.local/lib/python3.7/site-packages/airflow/example_dags/example_short_circuit_decorator.py took 0.061 seconds
[2023-07-11T23:36:04.486+0000] {processor.py:157} INFO - Started process (PID=135) to work on /home/airflow/.local/lib/python3.7/site-packages/airflow/example_dags/example_short_circuit_decorator.py
[2023-07-11T23:36:04.487+0000] {processor.py:826} INFO - Processing file /home/airflow/.local/lib/python3.7/site-packages/airflow/example_dags/example_short_circuit_decorator.py for tasks to queue
[2023-07-11T23:36:04.487+0000] {logging_mixin.py:150} INFO - [2023-07-11T23:36:04.487+0000] {dagbag.py:541} INFO - Filling up the DagBag from /home/airflow/.local/lib/python3.7/site-packages/airflow/example_dags/example_short_circuit_decorator.py
[2023-07-11T23:36:04.493+0000] {processor.py:836} INFO - DAG(s) dict_keys(['example_short_circuit_decorator']) retrieved from /home/airflow/.local/lib/python3.7/site-packages/airflow/example_dags/example_short_circuit_decorator.py
[2023-07-11T23:36:04.511+0000] {logging_mixin.py:150} INFO - [2023-07-11T23:36:04.511+0000] {dag.py:2742} INFO - Sync 1 DAGs
[2023-07-11T23:36:04.529+0000] {logging_mixin.py:150} INFO - [2023-07-11T23:36:04.529+0000] {dag.py:3508} INFO - Setting next_dagrun for example_short_circuit_decorator to 2023-07-10T23:36:04.529119+00:00, run_after=2023-07-11T23:36:04.529119+00:00
[2023-07-11T23:36:04.543+0000] {processor.py:179} INFO - Processing /home/airflow/.local/lib/python3.7/site-packages/airflow/example_dags/example_short_circuit_decorator.py took 0.059 seconds
[2023-07-11T23:36:35.612+0000] {processor.py:157} INFO - Started process (PID=205) to work on /home/airflow/.local/lib/python3.7/site-packages/airflow/example_dags/example_short_circuit_decorator.py
[2023-07-11T23:36:35.612+0000] {processor.py:826} INFO - Processing file /home/airflow/.local/lib/python3.7/site-packages/airflow/example_dags/example_short_circuit_decorator.py for tasks to queue
[2023-07-11T23:36:35.613+0000] {logging_mixin.py:150} INFO - [2023-07-11T23:36:35.613+0000] {dagbag.py:541} INFO - Filling up the DagBag from /home/airflow/.local/lib/python3.7/site-packages/airflow/example_dags/example_short_circuit_decorator.py
[2023-07-11T23:36:35.620+0000] {processor.py:836} INFO - DAG(s) dict_keys(['example_short_circuit_decorator']) retrieved from /home/airflow/.local/lib/python3.7/site-packages/airflow/example_dags/example_short_circuit_decorator.py
[2023-07-11T23:36:35.639+0000] {logging_mixin.py:150} INFO - [2023-07-11T23:36:35.639+0000] {dag.py:2742} INFO - Sync 1 DAGs
[2023-07-11T23:36:35.661+0000] {logging_mixin.py:150} INFO - [2023-07-11T23:36:35.660+0000] {dag.py:3508} INFO - Setting next_dagrun for example_short_circuit_decorator to 2023-07-10T23:36:35.660653+00:00, run_after=2023-07-11T23:36:35.660653+00:00
[2023-07-11T23:36:35.675+0000] {processor.py:179} INFO - Processing /home/airflow/.local/lib/python3.7/site-packages/airflow/example_dags/example_short_circuit_decorator.py took 0.065 seconds
[2023-07-11T23:37:06.790+0000] {processor.py:157} INFO - Started process (PID=275) to work on /home/airflow/.local/lib/python3.7/site-packages/airflow/example_dags/example_short_circuit_decorator.py
[2023-07-11T23:37:06.791+0000] {processor.py:826} INFO - Processing file /home/airflow/.local/lib/python3.7/site-packages/airflow/example_dags/example_short_circuit_decorator.py for tasks to queue
[2023-07-11T23:37:06.791+0000] {logging_mixin.py:150} INFO - [2023-07-11T23:37:06.791+0000] {dagbag.py:541} INFO - Filling up the DagBag from /home/airflow/.local/lib/python3.7/site-packages/airflow/example_dags/example_short_circuit_decorator.py
[2023-07-11T23:37:06.797+0000] {processor.py:836} INFO - DAG(s) dict_keys(['example_short_circuit_decorator']) retrieved from /home/airflow/.local/lib/python3.7/site-packages/airflow/example_dags/example_short_circuit_decorator.py
[2023-07-11T23:37:06.814+0000] {logging_mixin.py:150} INFO - [2023-07-11T23:37:06.814+0000] {dag.py:2742} INFO - Sync 1 DAGs
[2023-07-11T23:37:06.832+0000] {logging_mixin.py:150} INFO - [2023-07-11T23:37:06.831+0000] {dag.py:3508} INFO - Setting next_dagrun for example_short_circuit_decorator to 2023-07-10T23:37:06.831680+00:00, run_after=2023-07-11T23:37:06.831680+00:00
[2023-07-11T23:37:06.844+0000] {processor.py:179} INFO - Processing /home/airflow/.local/lib/python3.7/site-packages/airflow/example_dags/example_short_circuit_decorator.py took 0.056 seconds
[2023-07-11T23:37:37.980+0000] {processor.py:157} INFO - Started process (PID=345) to work on /home/airflow/.local/lib/python3.7/site-packages/airflow/example_dags/example_short_circuit_decorator.py
[2023-07-11T23:37:37.981+0000] {processor.py:826} INFO - Processing file /home/airflow/.local/lib/python3.7/site-packages/airflow/example_dags/example_short_circuit_decorator.py for tasks to queue
[2023-07-11T23:37:37.981+0000] {logging_mixin.py:150} INFO - [2023-07-11T23:37:37.981+0000] {dagbag.py:541} INFO - Filling up the DagBag from /home/airflow/.local/lib/python3.7/site-packages/airflow/example_dags/example_short_circuit_decorator.py
[2023-07-11T23:37:37.988+0000] {processor.py:836} INFO - DAG(s) dict_keys(['example_short_circuit_decorator']) retrieved from /home/airflow/.local/lib/python3.7/site-packages/airflow/example_dags/example_short_circuit_decorator.py
[2023-07-11T23:37:38.009+0000] {logging_mixin.py:150} INFO - [2023-07-11T23:37:38.009+0000] {dag.py:2742} INFO - Sync 1 DAGs
[2023-07-11T23:37:38.030+0000] {logging_mixin.py:150} INFO - [2023-07-11T23:37:38.030+0000] {dag.py:3508} INFO - Setting next_dagrun for example_short_circuit_decorator to 2023-07-10T23:37:38.030401+00:00, run_after=2023-07-11T23:37:38.030401+00:00
[2023-07-11T23:37:38.048+0000] {processor.py:179} INFO - Processing /home/airflow/.local/lib/python3.7/site-packages/airflow/example_dags/example_short_circuit_decorator.py took 0.070 seconds
[2023-07-11T23:38:09.115+0000] {processor.py:157} INFO - Started process (PID=415) to work on /home/airflow/.local/lib/python3.7/site-packages/airflow/example_dags/example_short_circuit_decorator.py
[2023-07-11T23:38:09.116+0000] {processor.py:826} INFO - Processing file /home/airflow/.local/lib/python3.7/site-packages/airflow/example_dags/example_short_circuit_decorator.py for tasks to queue
[2023-07-11T23:38:09.117+0000] {logging_mixin.py:150} INFO - [2023-07-11T23:38:09.116+0000] {dagbag.py:541} INFO - Filling up the DagBag from /home/airflow/.local/lib/python3.7/site-packages/airflow/example_dags/example_short_circuit_decorator.py
[2023-07-11T23:38:09.123+0000] {processor.py:836} INFO - DAG(s) dict_keys(['example_short_circuit_decorator']) retrieved from /home/airflow/.local/lib/python3.7/site-packages/airflow/example_dags/example_short_circuit_decorator.py
[2023-07-11T23:38:09.141+0000] {logging_mixin.py:150} INFO - [2023-07-11T23:38:09.141+0000] {dag.py:2742} INFO - Sync 1 DAGs
[2023-07-11T23:38:09.160+0000] {logging_mixin.py:150} INFO - [2023-07-11T23:38:09.160+0000] {dag.py:3508} INFO - Setting next_dagrun for example_short_circuit_decorator to 2023-07-10T23:38:09.160432+00:00, run_after=2023-07-11T23:38:09.160432+00:00
[2023-07-11T23:38:09.175+0000] {processor.py:179} INFO - Processing /home/airflow/.local/lib/python3.7/site-packages/airflow/example_dags/example_short_circuit_decorator.py took 0.061 seconds
[2023-07-11T23:38:39.596+0000] {processor.py:157} INFO - Started process (PID=485) to work on /home/airflow/.local/lib/python3.7/site-packages/airflow/example_dags/example_short_circuit_decorator.py
[2023-07-11T23:38:39.597+0000] {processor.py:826} INFO - Processing file /home/airflow/.local/lib/python3.7/site-packages/airflow/example_dags/example_short_circuit_decorator.py for tasks to queue
[2023-07-11T23:38:39.597+0000] {logging_mixin.py:150} INFO - [2023-07-11T23:38:39.597+0000] {dagbag.py:541} INFO - Filling up the DagBag from /home/airflow/.local/lib/python3.7/site-packages/airflow/example_dags/example_short_circuit_decorator.py
[2023-07-11T23:38:39.603+0000] {processor.py:836} INFO - DAG(s) dict_keys(['example_short_circuit_decorator']) retrieved from /home/airflow/.local/lib/python3.7/site-packages/airflow/example_dags/example_short_circuit_decorator.py
[2023-07-11T23:38:39.620+0000] {logging_mixin.py:150} INFO - [2023-07-11T23:38:39.620+0000] {dag.py:2742} INFO - Sync 1 DAGs
[2023-07-11T23:38:39.638+0000] {logging_mixin.py:150} INFO - [2023-07-11T23:38:39.638+0000] {dag.py:3508} INFO - Setting next_dagrun for example_short_circuit_decorator to 2023-07-10T23:38:39.638424+00:00, run_after=2023-07-11T23:38:39.638424+00:00
[2023-07-11T23:38:39.651+0000] {processor.py:179} INFO - Processing /home/airflow/.local/lib/python3.7/site-packages/airflow/example_dags/example_short_circuit_decorator.py took 0.056 seconds
[2023-07-11T23:39:09.963+0000] {processor.py:157} INFO - Started process (PID=555) to work on /home/airflow/.local/lib/python3.7/site-packages/airflow/example_dags/example_short_circuit_decorator.py
[2023-07-11T23:39:09.964+0000] {processor.py:826} INFO - Processing file /home/airflow/.local/lib/python3.7/site-packages/airflow/example_dags/example_short_circuit_decorator.py for tasks to queue
[2023-07-11T23:39:09.964+0000] {logging_mixin.py:150} INFO - [2023-07-11T23:39:09.964+0000] {dagbag.py:541} INFO - Filling up the DagBag from /home/airflow/.local/lib/python3.7/site-packages/airflow/example_dags/example_short_circuit_decorator.py
[2023-07-11T23:39:09.972+0000] {processor.py:836} INFO - DAG(s) dict_keys(['example_short_circuit_decorator']) retrieved from /home/airflow/.local/lib/python3.7/site-packages/airflow/example_dags/example_short_circuit_decorator.py
[2023-07-11T23:39:09.995+0000] {logging_mixin.py:150} INFO - [2023-07-11T23:39:09.994+0000] {dag.py:2742} INFO - Sync 1 DAGs
[2023-07-11T23:39:10.016+0000] {logging_mixin.py:150} INFO - [2023-07-11T23:39:10.016+0000] {dag.py:3508} INFO - Setting next_dagrun for example_short_circuit_decorator to 2023-07-10T23:39:10.015966+00:00, run_after=2023-07-11T23:39:10.015966+00:00
[2023-07-11T23:39:10.030+0000] {processor.py:179} INFO - Processing /home/airflow/.local/lib/python3.7/site-packages/airflow/example_dags/example_short_circuit_decorator.py took 0.070 seconds
[2023-07-11T23:39:41.012+0000] {processor.py:157} INFO - Started process (PID=625) to work on /home/airflow/.local/lib/python3.7/site-packages/airflow/example_dags/example_short_circuit_decorator.py
[2023-07-11T23:39:41.012+0000] {processor.py:826} INFO - Processing file /home/airflow/.local/lib/python3.7/site-packages/airflow/example_dags/example_short_circuit_decorator.py for tasks to queue
[2023-07-11T23:39:41.013+0000] {logging_mixin.py:150} INFO - [2023-07-11T23:39:41.013+0000] {dagbag.py:541} INFO - Filling up the DagBag from /home/airflow/.local/lib/python3.7/site-packages/airflow/example_dags/example_short_circuit_decorator.py
[2023-07-11T23:39:41.019+0000] {processor.py:836} INFO - DAG(s) dict_keys(['example_short_circuit_decorator']) retrieved from /home/airflow/.local/lib/python3.7/site-packages/airflow/example_dags/example_short_circuit_decorator.py
[2023-07-11T23:39:41.037+0000] {logging_mixin.py:150} INFO - [2023-07-11T23:39:41.037+0000] {dag.py:2742} INFO - Sync 1 DAGs
[2023-07-11T23:39:41.056+0000] {logging_mixin.py:150} INFO - [2023-07-11T23:39:41.056+0000] {dag.py:3508} INFO - Setting next_dagrun for example_short_circuit_decorator to 2023-07-10T23:39:41.056084+00:00, run_after=2023-07-11T23:39:41.056084+00:00
[2023-07-11T23:39:41.070+0000] {processor.py:179} INFO - Processing /home/airflow/.local/lib/python3.7/site-packages/airflow/example_dags/example_short_circuit_decorator.py took 0.059 seconds
[2023-07-11T23:40:11.296+0000] {processor.py:157} INFO - Started process (PID=695) to work on /home/airflow/.local/lib/python3.7/site-packages/airflow/example_dags/example_short_circuit_decorator.py
[2023-07-11T23:40:11.296+0000] {processor.py:826} INFO - Processing file /home/airflow/.local/lib/python3.7/site-packages/airflow/example_dags/example_short_circuit_decorator.py for tasks to queue
[2023-07-11T23:40:11.297+0000] {logging_mixin.py:150} INFO - [2023-07-11T23:40:11.296+0000] {dagbag.py:541} INFO - Filling up the DagBag from /home/airflow/.local/lib/python3.7/site-packages/airflow/example_dags/example_short_circuit_decorator.py
[2023-07-11T23:40:11.303+0000] {processor.py:836} INFO - DAG(s) dict_keys(['example_short_circuit_decorator']) retrieved from /home/airflow/.local/lib/python3.7/site-packages/airflow/example_dags/example_short_circuit_decorator.py
[2023-07-11T23:40:11.323+0000] {logging_mixin.py:150} INFO - [2023-07-11T23:40:11.323+0000] {dag.py:2742} INFO - Sync 1 DAGs
[2023-07-11T23:40:11.344+0000] {logging_mixin.py:150} INFO - [2023-07-11T23:40:11.344+0000] {dag.py:3508} INFO - Setting next_dagrun for example_short_circuit_decorator to 2023-07-10T23:40:11.344515+00:00, run_after=2023-07-11T23:40:11.344515+00:00
[2023-07-11T23:40:11.360+0000] {processor.py:179} INFO - Processing /home/airflow/.local/lib/python3.7/site-packages/airflow/example_dags/example_short_circuit_decorator.py took 0.067 seconds
[2023-07-11T23:40:41.884+0000] {processor.py:157} INFO - Started process (PID=765) to work on /home/airflow/.local/lib/python3.7/site-packages/airflow/example_dags/example_short_circuit_decorator.py
[2023-07-11T23:40:41.884+0000] {processor.py:826} INFO - Processing file /home/airflow/.local/lib/python3.7/site-packages/airflow/example_dags/example_short_circuit_decorator.py for tasks to queue
[2023-07-11T23:40:41.885+0000] {logging_mixin.py:150} INFO - [2023-07-11T23:40:41.884+0000] {dagbag.py:541} INFO - Filling up the DagBag from /home/airflow/.local/lib/python3.7/site-packages/airflow/example_dags/example_short_circuit_decorator.py
[2023-07-11T23:40:41.891+0000] {processor.py:836} INFO - DAG(s) dict_keys(['example_short_circuit_decorator']) retrieved from /home/airflow/.local/lib/python3.7/site-packages/airflow/example_dags/example_short_circuit_decorator.py
[2023-07-11T23:40:41.908+0000] {logging_mixin.py:150} INFO - [2023-07-11T23:40:41.908+0000] {dag.py:2742} INFO - Sync 1 DAGs
[2023-07-11T23:40:41.927+0000] {logging_mixin.py:150} INFO - [2023-07-11T23:40:41.926+0000] {dag.py:3508} INFO - Setting next_dagrun for example_short_circuit_decorator to 2023-07-10T23:40:41.926669+00:00, run_after=2023-07-11T23:40:41.926669+00:00
[2023-07-11T23:40:41.940+0000] {processor.py:179} INFO - Processing /home/airflow/.local/lib/python3.7/site-packages/airflow/example_dags/example_short_circuit_decorator.py took 0.058 seconds
[2023-07-11T23:41:12.217+0000] {processor.py:157} INFO - Started process (PID=835) to work on /home/airflow/.local/lib/python3.7/site-packages/airflow/example_dags/example_short_circuit_decorator.py
[2023-07-11T23:41:12.217+0000] {processor.py:826} INFO - Processing file /home/airflow/.local/lib/python3.7/site-packages/airflow/example_dags/example_short_circuit_decorator.py for tasks to queue
[2023-07-11T23:41:12.218+0000] {logging_mixin.py:150} INFO - [2023-07-11T23:41:12.217+0000] {dagbag.py:541} INFO - Filling up the DagBag from /home/airflow/.local/lib/python3.7/site-packages/airflow/example_dags/example_short_circuit_decorator.py
[2023-07-11T23:41:12.223+0000] {processor.py:836} INFO - DAG(s) dict_keys(['example_short_circuit_decorator']) retrieved from /home/airflow/.local/lib/python3.7/site-packages/airflow/example_dags/example_short_circuit_decorator.py
[2023-07-11T23:41:12.241+0000] {logging_mixin.py:150} INFO - [2023-07-11T23:41:12.241+0000] {dag.py:2742} INFO - Sync 1 DAGs
[2023-07-11T23:41:12.259+0000] {logging_mixin.py:150} INFO - [2023-07-11T23:41:12.259+0000] {dag.py:3508} INFO - Setting next_dagrun for example_short_circuit_decorator to 2023-07-10T23:41:12.259124+00:00, run_after=2023-07-11T23:41:12.259124+00:00
[2023-07-11T23:41:12.272+0000] {processor.py:179} INFO - Processing /home/airflow/.local/lib/python3.7/site-packages/airflow/example_dags/example_short_circuit_decorator.py took 0.057 seconds
[2023-07-11T23:41:43.380+0000] {processor.py:157} INFO - Started process (PID=905) to work on /home/airflow/.local/lib/python3.7/site-packages/airflow/example_dags/example_short_circuit_decorator.py
[2023-07-11T23:41:43.381+0000] {processor.py:826} INFO - Processing file /home/airflow/.local/lib/python3.7/site-packages/airflow/example_dags/example_short_circuit_decorator.py for tasks to queue
[2023-07-11T23:41:43.381+0000] {logging_mixin.py:150} INFO - [2023-07-11T23:41:43.381+0000] {dagbag.py:541} INFO - Filling up the DagBag from /home/airflow/.local/lib/python3.7/site-packages/airflow/example_dags/example_short_circuit_decorator.py
[2023-07-11T23:41:43.387+0000] {processor.py:836} INFO - DAG(s) dict_keys(['example_short_circuit_decorator']) retrieved from /home/airflow/.local/lib/python3.7/site-packages/airflow/example_dags/example_short_circuit_decorator.py
[2023-07-11T23:41:43.405+0000] {logging_mixin.py:150} INFO - [2023-07-11T23:41:43.404+0000] {dag.py:2742} INFO - Sync 1 DAGs
[2023-07-11T23:41:43.423+0000] {logging_mixin.py:150} INFO - [2023-07-11T23:41:43.422+0000] {dag.py:3508} INFO - Setting next_dagrun for example_short_circuit_decorator to 2023-07-10T23:41:43.422650+00:00, run_after=2023-07-11T23:41:43.422650+00:00
[2023-07-11T23:41:43.435+0000] {processor.py:179} INFO - Processing /home/airflow/.local/lib/python3.7/site-packages/airflow/example_dags/example_short_circuit_decorator.py took 0.057 seconds
[2023-07-11T23:42:14.695+0000] {processor.py:157} INFO - Started process (PID=975) to work on /home/airflow/.local/lib/python3.7/site-packages/airflow/example_dags/example_short_circuit_decorator.py
[2023-07-11T23:42:14.696+0000] {processor.py:826} INFO - Processing file /home/airflow/.local/lib/python3.7/site-packages/airflow/example_dags/example_short_circuit_decorator.py for tasks to queue
[2023-07-11T23:42:14.697+0000] {logging_mixin.py:150} INFO - [2023-07-11T23:42:14.696+0000] {dagbag.py:541} INFO - Filling up the DagBag from /home/airflow/.local/lib/python3.7/site-packages/airflow/example_dags/example_short_circuit_decorator.py
[2023-07-11T23:42:14.705+0000] {processor.py:836} INFO - DAG(s) dict_keys(['example_short_circuit_decorator']) retrieved from /home/airflow/.local/lib/python3.7/site-packages/airflow/example_dags/example_short_circuit_decorator.py
[2023-07-11T23:42:14.730+0000] {logging_mixin.py:150} INFO - [2023-07-11T23:42:14.729+0000] {dag.py:2742} INFO - Sync 1 DAGs
[2023-07-11T23:42:14.750+0000] {logging_mixin.py:150} INFO - [2023-07-11T23:42:14.750+0000] {dag.py:3508} INFO - Setting next_dagrun for example_short_circuit_decorator to 2023-07-10T23:42:14.750547+00:00, run_after=2023-07-11T23:42:14.750547+00:00
[2023-07-11T23:42:14.763+0000] {processor.py:179} INFO - Processing /home/airflow/.local/lib/python3.7/site-packages/airflow/example_dags/example_short_circuit_decorator.py took 0.070 seconds
[2023-07-11T23:42:44.873+0000] {processor.py:157} INFO - Started process (PID=1045) to work on /home/airflow/.local/lib/python3.7/site-packages/airflow/example_dags/example_short_circuit_decorator.py
[2023-07-11T23:42:44.873+0000] {processor.py:826} INFO - Processing file /home/airflow/.local/lib/python3.7/site-packages/airflow/example_dags/example_short_circuit_decorator.py for tasks to queue
[2023-07-11T23:42:44.874+0000] {logging_mixin.py:150} INFO - [2023-07-11T23:42:44.874+0000] {dagbag.py:541} INFO - Filling up the DagBag from /home/airflow/.local/lib/python3.7/site-packages/airflow/example_dags/example_short_circuit_decorator.py
[2023-07-11T23:42:44.879+0000] {processor.py:836} INFO - DAG(s) dict_keys(['example_short_circuit_decorator']) retrieved from /home/airflow/.local/lib/python3.7/site-packages/airflow/example_dags/example_short_circuit_decorator.py
[2023-07-11T23:42:44.895+0000] {logging_mixin.py:150} INFO - [2023-07-11T23:42:44.895+0000] {dag.py:2742} INFO - Sync 1 DAGs
[2023-07-11T23:42:44.913+0000] {logging_mixin.py:150} INFO - [2023-07-11T23:42:44.913+0000] {dag.py:3508} INFO - Setting next_dagrun for example_short_circuit_decorator to 2023-07-10T23:42:44.913626+00:00, run_after=2023-07-11T23:42:44.913626+00:00
[2023-07-11T23:42:44.927+0000] {processor.py:179} INFO - Processing /home/airflow/.local/lib/python3.7/site-packages/airflow/example_dags/example_short_circuit_decorator.py took 0.056 seconds
[2023-07-11T23:43:15.805+0000] {processor.py:157} INFO - Started process (PID=1115) to work on /home/airflow/.local/lib/python3.7/site-packages/airflow/example_dags/example_short_circuit_decorator.py
[2023-07-11T23:43:15.805+0000] {processor.py:826} INFO - Processing file /home/airflow/.local/lib/python3.7/site-packages/airflow/example_dags/example_short_circuit_decorator.py for tasks to queue
[2023-07-11T23:43:15.806+0000] {logging_mixin.py:150} INFO - [2023-07-11T23:43:15.806+0000] {dagbag.py:541} INFO - Filling up the DagBag from /home/airflow/.local/lib/python3.7/site-packages/airflow/example_dags/example_short_circuit_decorator.py
[2023-07-11T23:43:15.812+0000] {processor.py:836} INFO - DAG(s) dict_keys(['example_short_circuit_decorator']) retrieved from /home/airflow/.local/lib/python3.7/site-packages/airflow/example_dags/example_short_circuit_decorator.py
[2023-07-11T23:43:15.828+0000] {logging_mixin.py:150} INFO - [2023-07-11T23:43:15.828+0000] {dag.py:2742} INFO - Sync 1 DAGs
[2023-07-11T23:43:15.845+0000] {logging_mixin.py:150} INFO - [2023-07-11T23:43:15.845+0000] {dag.py:3508} INFO - Setting next_dagrun for example_short_circuit_decorator to 2023-07-10T23:43:15.845115+00:00, run_after=2023-07-11T23:43:15.845115+00:00
[2023-07-11T23:43:15.857+0000] {processor.py:179} INFO - Processing /home/airflow/.local/lib/python3.7/site-packages/airflow/example_dags/example_short_circuit_decorator.py took 0.055 seconds
[2023-07-11T23:43:46.660+0000] {processor.py:157} INFO - Started process (PID=1185) to work on /home/airflow/.local/lib/python3.7/site-packages/airflow/example_dags/example_short_circuit_decorator.py
[2023-07-11T23:43:46.660+0000] {processor.py:826} INFO - Processing file /home/airflow/.local/lib/python3.7/site-packages/airflow/example_dags/example_short_circuit_decorator.py for tasks to queue
[2023-07-11T23:43:46.661+0000] {logging_mixin.py:150} INFO - [2023-07-11T23:43:46.661+0000] {dagbag.py:541} INFO - Filling up the DagBag from /home/airflow/.local/lib/python3.7/site-packages/airflow/example_dags/example_short_circuit_decorator.py
[2023-07-11T23:43:46.666+0000] {processor.py:836} INFO - DAG(s) dict_keys(['example_short_circuit_decorator']) retrieved from /home/airflow/.local/lib/python3.7/site-packages/airflow/example_dags/example_short_circuit_decorator.py
[2023-07-11T23:43:46.682+0000] {logging_mixin.py:150} INFO - [2023-07-11T23:43:46.682+0000] {dag.py:2742} INFO - Sync 1 DAGs
[2023-07-11T23:43:46.699+0000] {logging_mixin.py:150} INFO - [2023-07-11T23:43:46.699+0000] {dag.py:3508} INFO - Setting next_dagrun for example_short_circuit_decorator to 2023-07-10T23:43:46.699651+00:00, run_after=2023-07-11T23:43:46.699651+00:00
[2023-07-11T23:43:46.711+0000] {processor.py:179} INFO - Processing /home/airflow/.local/lib/python3.7/site-packages/airflow/example_dags/example_short_circuit_decorator.py took 0.053 seconds
[2023-07-11T23:44:16.956+0000] {processor.py:157} INFO - Started process (PID=1255) to work on /home/airflow/.local/lib/python3.7/site-packages/airflow/example_dags/example_short_circuit_decorator.py
[2023-07-11T23:44:16.957+0000] {processor.py:826} INFO - Processing file /home/airflow/.local/lib/python3.7/site-packages/airflow/example_dags/example_short_circuit_decorator.py for tasks to queue
[2023-07-11T23:44:16.957+0000] {logging_mixin.py:150} INFO - [2023-07-11T23:44:16.957+0000] {dagbag.py:541} INFO - Filling up the DagBag from /home/airflow/.local/lib/python3.7/site-packages/airflow/example_dags/example_short_circuit_decorator.py
[2023-07-11T23:44:16.963+0000] {processor.py:836} INFO - DAG(s) dict_keys(['example_short_circuit_decorator']) retrieved from /home/airflow/.local/lib/python3.7/site-packages/airflow/example_dags/example_short_circuit_decorator.py
[2023-07-11T23:44:16.980+0000] {logging_mixin.py:150} INFO - [2023-07-11T23:44:16.980+0000] {dag.py:2742} INFO - Sync 1 DAGs
[2023-07-11T23:44:16.998+0000] {logging_mixin.py:150} INFO - [2023-07-11T23:44:16.997+0000] {dag.py:3508} INFO - Setting next_dagrun for example_short_circuit_decorator to 2023-07-10T23:44:16.997798+00:00, run_after=2023-07-11T23:44:16.997798+00:00
[2023-07-11T23:44:17.009+0000] {processor.py:179} INFO - Processing /home/airflow/.local/lib/python3.7/site-packages/airflow/example_dags/example_short_circuit_decorator.py took 0.055 seconds
[2023-07-11T23:44:47.386+0000] {processor.py:157} INFO - Started process (PID=1325) to work on /home/airflow/.local/lib/python3.7/site-packages/airflow/example_dags/example_short_circuit_decorator.py
[2023-07-11T23:44:47.386+0000] {processor.py:826} INFO - Processing file /home/airflow/.local/lib/python3.7/site-packages/airflow/example_dags/example_short_circuit_decorator.py for tasks to queue
[2023-07-11T23:44:47.387+0000] {logging_mixin.py:150} INFO - [2023-07-11T23:44:47.386+0000] {dagbag.py:541} INFO - Filling up the DagBag from /home/airflow/.local/lib/python3.7/site-packages/airflow/example_dags/example_short_circuit_decorator.py
[2023-07-11T23:44:47.392+0000] {processor.py:836} INFO - DAG(s) dict_keys(['example_short_circuit_decorator']) retrieved from /home/airflow/.local/lib/python3.7/site-packages/airflow/example_dags/example_short_circuit_decorator.py
[2023-07-11T23:44:47.408+0000] {logging_mixin.py:150} INFO - [2023-07-11T23:44:47.408+0000] {dag.py:2742} INFO - Sync 1 DAGs
[2023-07-11T23:44:47.425+0000] {logging_mixin.py:150} INFO - [2023-07-11T23:44:47.424+0000] {dag.py:3508} INFO - Setting next_dagrun for example_short_circuit_decorator to 2023-07-10T23:44:47.424759+00:00, run_after=2023-07-11T23:44:47.424759+00:00
[2023-07-11T23:44:47.437+0000] {processor.py:179} INFO - Processing /home/airflow/.local/lib/python3.7/site-packages/airflow/example_dags/example_short_circuit_decorator.py took 0.053 seconds
[2023-07-11T23:45:17.862+0000] {processor.py:157} INFO - Started process (PID=1395) to work on /home/airflow/.local/lib/python3.7/site-packages/airflow/example_dags/example_short_circuit_decorator.py
[2023-07-11T23:45:17.863+0000] {processor.py:826} INFO - Processing file /home/airflow/.local/lib/python3.7/site-packages/airflow/example_dags/example_short_circuit_decorator.py for tasks to queue
[2023-07-11T23:45:17.863+0000] {logging_mixin.py:150} INFO - [2023-07-11T23:45:17.863+0000] {dagbag.py:541} INFO - Filling up the DagBag from /home/airflow/.local/lib/python3.7/site-packages/airflow/example_dags/example_short_circuit_decorator.py
[2023-07-11T23:45:17.869+0000] {processor.py:836} INFO - DAG(s) dict_keys(['example_short_circuit_decorator']) retrieved from /home/airflow/.local/lib/python3.7/site-packages/airflow/example_dags/example_short_circuit_decorator.py
[2023-07-11T23:45:17.887+0000] {logging_mixin.py:150} INFO - [2023-07-11T23:45:17.886+0000] {dag.py:2742} INFO - Sync 1 DAGs
[2023-07-11T23:45:17.906+0000] {logging_mixin.py:150} INFO - [2023-07-11T23:45:17.906+0000] {dag.py:3508} INFO - Setting next_dagrun for example_short_circuit_decorator to 2023-07-10T23:45:17.906634+00:00, run_after=2023-07-11T23:45:17.906634+00:00
[2023-07-11T23:45:17.920+0000] {processor.py:179} INFO - Processing /home/airflow/.local/lib/python3.7/site-packages/airflow/example_dags/example_short_circuit_decorator.py took 0.059 seconds
[2023-07-11T23:45:48.687+0000] {processor.py:157} INFO - Started process (PID=1465) to work on /home/airflow/.local/lib/python3.7/site-packages/airflow/example_dags/example_short_circuit_decorator.py
[2023-07-11T23:45:48.688+0000] {processor.py:826} INFO - Processing file /home/airflow/.local/lib/python3.7/site-packages/airflow/example_dags/example_short_circuit_decorator.py for tasks to queue
[2023-07-11T23:45:48.688+0000] {logging_mixin.py:150} INFO - [2023-07-11T23:45:48.688+0000] {dagbag.py:541} INFO - Filling up the DagBag from /home/airflow/.local/lib/python3.7/site-packages/airflow/example_dags/example_short_circuit_decorator.py
[2023-07-11T23:45:48.695+0000] {processor.py:836} INFO - DAG(s) dict_keys(['example_short_circuit_decorator']) retrieved from /home/airflow/.local/lib/python3.7/site-packages/airflow/example_dags/example_short_circuit_decorator.py
[2023-07-11T23:45:48.713+0000] {logging_mixin.py:150} INFO - [2023-07-11T23:45:48.713+0000] {dag.py:2742} INFO - Sync 1 DAGs
[2023-07-11T23:45:48.732+0000] {logging_mixin.py:150} INFO - [2023-07-11T23:45:48.732+0000] {dag.py:3508} INFO - Setting next_dagrun for example_short_circuit_decorator to 2023-07-10T23:45:48.732118+00:00, run_after=2023-07-11T23:45:48.732118+00:00
[2023-07-11T23:45:48.746+0000] {processor.py:179} INFO - Processing /home/airflow/.local/lib/python3.7/site-packages/airflow/example_dags/example_short_circuit_decorator.py took 0.060 seconds
[2023-07-11T23:46:19.011+0000] {processor.py:157} INFO - Started process (PID=1535) to work on /home/airflow/.local/lib/python3.7/site-packages/airflow/example_dags/example_short_circuit_decorator.py
[2023-07-11T23:46:19.011+0000] {processor.py:826} INFO - Processing file /home/airflow/.local/lib/python3.7/site-packages/airflow/example_dags/example_short_circuit_decorator.py for tasks to queue
[2023-07-11T23:46:19.012+0000] {logging_mixin.py:150} INFO - [2023-07-11T23:46:19.012+0000] {dagbag.py:541} INFO - Filling up the DagBag from /home/airflow/.local/lib/python3.7/site-packages/airflow/example_dags/example_short_circuit_decorator.py
[2023-07-11T23:46:19.018+0000] {processor.py:836} INFO - DAG(s) dict_keys(['example_short_circuit_decorator']) retrieved from /home/airflow/.local/lib/python3.7/site-packages/airflow/example_dags/example_short_circuit_decorator.py
[2023-07-11T23:46:19.034+0000] {logging_mixin.py:150} INFO - [2023-07-11T23:46:19.033+0000] {dag.py:2742} INFO - Sync 1 DAGs
[2023-07-11T23:46:19.051+0000] {logging_mixin.py:150} INFO - [2023-07-11T23:46:19.051+0000] {dag.py:3508} INFO - Setting next_dagrun for example_short_circuit_decorator to 2023-07-10T23:46:19.051044+00:00, run_after=2023-07-11T23:46:19.051044+00:00
[2023-07-11T23:46:19.063+0000] {processor.py:179} INFO - Processing /home/airflow/.local/lib/python3.7/site-packages/airflow/example_dags/example_short_circuit_decorator.py took 0.054 seconds
[2023-07-11T23:46:50.072+0000] {processor.py:157} INFO - Started process (PID=1605) to work on /home/airflow/.local/lib/python3.7/site-packages/airflow/example_dags/example_short_circuit_decorator.py
[2023-07-11T23:46:50.073+0000] {processor.py:826} INFO - Processing file /home/airflow/.local/lib/python3.7/site-packages/airflow/example_dags/example_short_circuit_decorator.py for tasks to queue
[2023-07-11T23:46:50.073+0000] {logging_mixin.py:150} INFO - [2023-07-11T23:46:50.073+0000] {dagbag.py:541} INFO - Filling up the DagBag from /home/airflow/.local/lib/python3.7/site-packages/airflow/example_dags/example_short_circuit_decorator.py
[2023-07-11T23:46:50.079+0000] {processor.py:836} INFO - DAG(s) dict_keys(['example_short_circuit_decorator']) retrieved from /home/airflow/.local/lib/python3.7/site-packages/airflow/example_dags/example_short_circuit_decorator.py
[2023-07-11T23:46:50.095+0000] {logging_mixin.py:150} INFO - [2023-07-11T23:46:50.095+0000] {dag.py:2742} INFO - Sync 1 DAGs
[2023-07-11T23:46:50.112+0000] {logging_mixin.py:150} INFO - [2023-07-11T23:46:50.112+0000] {dag.py:3508} INFO - Setting next_dagrun for example_short_circuit_decorator to 2023-07-10T23:46:50.112077+00:00, run_after=2023-07-11T23:46:50.112077+00:00
[2023-07-11T23:46:50.127+0000] {processor.py:179} INFO - Processing /home/airflow/.local/lib/python3.7/site-packages/airflow/example_dags/example_short_circuit_decorator.py took 0.057 seconds
[2023-07-11T23:47:20.398+0000] {processor.py:157} INFO - Started process (PID=1675) to work on /home/airflow/.local/lib/python3.7/site-packages/airflow/example_dags/example_short_circuit_decorator.py
[2023-07-11T23:47:20.398+0000] {processor.py:826} INFO - Processing file /home/airflow/.local/lib/python3.7/site-packages/airflow/example_dags/example_short_circuit_decorator.py for tasks to queue
[2023-07-11T23:47:20.399+0000] {logging_mixin.py:150} INFO - [2023-07-11T23:47:20.399+0000] {dagbag.py:541} INFO - Filling up the DagBag from /home/airflow/.local/lib/python3.7/site-packages/airflow/example_dags/example_short_circuit_decorator.py
[2023-07-11T23:47:20.405+0000] {processor.py:836} INFO - DAG(s) dict_keys(['example_short_circuit_decorator']) retrieved from /home/airflow/.local/lib/python3.7/site-packages/airflow/example_dags/example_short_circuit_decorator.py
[2023-07-11T23:47:20.432+0000] {logging_mixin.py:150} INFO - [2023-07-11T23:47:20.432+0000] {dag.py:2742} INFO - Sync 1 DAGs
[2023-07-11T23:47:20.451+0000] {logging_mixin.py:150} INFO - [2023-07-11T23:47:20.450+0000] {dag.py:3508} INFO - Setting next_dagrun for example_short_circuit_decorator to 2023-07-10T23:47:20.450700+00:00, run_after=2023-07-11T23:47:20.450700+00:00
[2023-07-11T23:47:20.463+0000] {processor.py:179} INFO - Processing /home/airflow/.local/lib/python3.7/site-packages/airflow/example_dags/example_short_circuit_decorator.py took 0.067 seconds
