[2023-07-11T23:35:32.092+0000] {processor.py:157} INFO - Started process (PID=49) to work on /home/airflow/.local/lib/python3.7/site-packages/airflow/example_dags/example_datasets.py
[2023-07-11T23:35:32.093+0000] {processor.py:826} INFO - Processing file /home/airflow/.local/lib/python3.7/site-packages/airflow/example_dags/example_datasets.py for tasks to queue
[2023-07-11T23:35:32.093+0000] {logging_mixin.py:150} INFO - [2023-07-11T23:35:32.093+0000] {dagbag.py:541} INFO - Filling up the DagBag from /home/airflow/.local/lib/python3.7/site-packages/airflow/example_dags/example_datasets.py
[2023-07-11T23:35:32.102+0000] {processor.py:836} INFO - DAG(s) dict_keys(['dataset_consumes_1_never_scheduled', 'dataset_consumes_1_and_2', 'dataset_consumes_1', 'dataset_consumes_unknown_never_scheduled', 'dataset_produces_2', 'dataset_produces_1']) retrieved from /home/airflow/.local/lib/python3.7/site-packages/airflow/example_dags/example_datasets.py
[2023-07-11T23:35:32.115+0000] {logging_mixin.py:150} INFO - [2023-07-11T23:35:32.115+0000] {dag.py:2742} INFO - Sync 6 DAGs
[2023-07-11T23:35:32.140+0000] {logging_mixin.py:150} INFO - [2023-07-11T23:35:32.140+0000] {dag.py:3508} INFO - Setting next_dagrun for dataset_consumes_1 to None, run_after=None
[2023-07-11T23:35:32.143+0000] {logging_mixin.py:150} INFO - [2023-07-11T23:35:32.143+0000] {dag.py:3508} INFO - Setting next_dagrun for dataset_consumes_1_and_2 to None, run_after=None
[2023-07-11T23:35:32.144+0000] {logging_mixin.py:150} INFO - [2023-07-11T23:35:32.144+0000] {dag.py:3508} INFO - Setting next_dagrun for dataset_consumes_1_never_scheduled to None, run_after=None
[2023-07-11T23:35:32.145+0000] {logging_mixin.py:150} INFO - [2023-07-11T23:35:32.145+0000] {dag.py:3508} INFO - Setting next_dagrun for dataset_consumes_unknown_never_scheduled to None, run_after=None
[2023-07-11T23:35:32.148+0000] {logging_mixin.py:150} INFO - [2023-07-11T23:35:32.148+0000] {dag.py:3508} INFO - Setting next_dagrun for dataset_produces_1 to 2023-07-10T00:00:00+00:00, run_after=2023-07-11T00:00:00+00:00
[2023-07-11T23:35:32.149+0000] {logging_mixin.py:150} INFO - [2023-07-11T23:35:32.149+0000] {dag.py:3508} INFO - Setting next_dagrun for dataset_produces_2 to None, run_after=None
[2023-07-11T23:35:32.179+0000] {processor.py:179} INFO - Processing /home/airflow/.local/lib/python3.7/site-packages/airflow/example_dags/example_datasets.py took 0.090 seconds
[2023-07-11T23:36:02.695+0000] {processor.py:157} INFO - Started process (PID=119) to work on /home/airflow/.local/lib/python3.7/site-packages/airflow/example_dags/example_datasets.py
[2023-07-11T23:36:02.696+0000] {processor.py:826} INFO - Processing file /home/airflow/.local/lib/python3.7/site-packages/airflow/example_dags/example_datasets.py for tasks to queue
[2023-07-11T23:36:02.696+0000] {logging_mixin.py:150} INFO - [2023-07-11T23:36:02.696+0000] {dagbag.py:541} INFO - Filling up the DagBag from /home/airflow/.local/lib/python3.7/site-packages/airflow/example_dags/example_datasets.py
[2023-07-11T23:36:02.702+0000] {processor.py:836} INFO - DAG(s) dict_keys(['dataset_produces_1', 'dataset_produces_2', 'dataset_consumes_1', 'dataset_consumes_1_and_2', 'dataset_consumes_unknown_never_scheduled', 'dataset_consumes_1_never_scheduled']) retrieved from /home/airflow/.local/lib/python3.7/site-packages/airflow/example_dags/example_datasets.py
[2023-07-11T23:36:02.728+0000] {logging_mixin.py:150} INFO - [2023-07-11T23:36:02.728+0000] {dag.py:2742} INFO - Sync 6 DAGs
[2023-07-11T23:36:02.748+0000] {logging_mixin.py:150} INFO - [2023-07-11T23:36:02.748+0000] {dag.py:3508} INFO - Setting next_dagrun for dataset_consumes_1 to None, run_after=None
[2023-07-11T23:36:02.750+0000] {logging_mixin.py:150} INFO - [2023-07-11T23:36:02.750+0000] {dag.py:3508} INFO - Setting next_dagrun for dataset_consumes_1_and_2 to None, run_after=None
[2023-07-11T23:36:02.751+0000] {logging_mixin.py:150} INFO - [2023-07-11T23:36:02.751+0000] {dag.py:3508} INFO - Setting next_dagrun for dataset_consumes_1_never_scheduled to None, run_after=None
[2023-07-11T23:36:02.752+0000] {logging_mixin.py:150} INFO - [2023-07-11T23:36:02.751+0000] {dag.py:3508} INFO - Setting next_dagrun for dataset_consumes_unknown_never_scheduled to None, run_after=None
[2023-07-11T23:36:02.753+0000] {logging_mixin.py:150} INFO - [2023-07-11T23:36:02.753+0000] {dag.py:3508} INFO - Setting next_dagrun for dataset_produces_1 to 2023-07-10T00:00:00+00:00, run_after=2023-07-11T00:00:00+00:00
[2023-07-11T23:36:02.754+0000] {logging_mixin.py:150} INFO - [2023-07-11T23:36:02.754+0000] {dag.py:3508} INFO - Setting next_dagrun for dataset_produces_2 to None, run_after=None
[2023-07-11T23:36:02.777+0000] {processor.py:179} INFO - Processing /home/airflow/.local/lib/python3.7/site-packages/airflow/example_dags/example_datasets.py took 0.083 seconds
[2023-07-11T23:36:32.839+0000] {processor.py:157} INFO - Started process (PID=189) to work on /home/airflow/.local/lib/python3.7/site-packages/airflow/example_dags/example_datasets.py
[2023-07-11T23:36:32.839+0000] {processor.py:826} INFO - Processing file /home/airflow/.local/lib/python3.7/site-packages/airflow/example_dags/example_datasets.py for tasks to queue
[2023-07-11T23:36:32.840+0000] {logging_mixin.py:150} INFO - [2023-07-11T23:36:32.840+0000] {dagbag.py:541} INFO - Filling up the DagBag from /home/airflow/.local/lib/python3.7/site-packages/airflow/example_dags/example_datasets.py
[2023-07-11T23:36:32.846+0000] {processor.py:836} INFO - DAG(s) dict_keys(['dataset_consumes_1', 'dataset_produces_2', 'dataset_consumes_unknown_never_scheduled', 'dataset_consumes_1_and_2', 'dataset_produces_1', 'dataset_consumes_1_never_scheduled']) retrieved from /home/airflow/.local/lib/python3.7/site-packages/airflow/example_dags/example_datasets.py
[2023-07-11T23:36:32.874+0000] {logging_mixin.py:150} INFO - [2023-07-11T23:36:32.873+0000] {dag.py:2742} INFO - Sync 6 DAGs
[2023-07-11T23:36:32.892+0000] {logging_mixin.py:150} INFO - [2023-07-11T23:36:32.892+0000] {dag.py:3508} INFO - Setting next_dagrun for dataset_consumes_1 to None, run_after=None
[2023-07-11T23:36:32.894+0000] {logging_mixin.py:150} INFO - [2023-07-11T23:36:32.894+0000] {dag.py:3508} INFO - Setting next_dagrun for dataset_consumes_1_and_2 to None, run_after=None
[2023-07-11T23:36:32.895+0000] {logging_mixin.py:150} INFO - [2023-07-11T23:36:32.895+0000] {dag.py:3508} INFO - Setting next_dagrun for dataset_consumes_1_never_scheduled to None, run_after=None
[2023-07-11T23:36:32.896+0000] {logging_mixin.py:150} INFO - [2023-07-11T23:36:32.896+0000] {dag.py:3508} INFO - Setting next_dagrun for dataset_consumes_unknown_never_scheduled to None, run_after=None
[2023-07-11T23:36:32.898+0000] {logging_mixin.py:150} INFO - [2023-07-11T23:36:32.898+0000] {dag.py:3508} INFO - Setting next_dagrun for dataset_produces_1 to 2023-07-10T00:00:00+00:00, run_after=2023-07-11T00:00:00+00:00
[2023-07-11T23:36:32.898+0000] {logging_mixin.py:150} INFO - [2023-07-11T23:36:32.898+0000] {dag.py:3508} INFO - Setting next_dagrun for dataset_produces_2 to None, run_after=None
[2023-07-11T23:36:32.923+0000] {processor.py:179} INFO - Processing /home/airflow/.local/lib/python3.7/site-packages/airflow/example_dags/example_datasets.py took 0.086 seconds
[2023-07-11T23:37:03.006+0000] {processor.py:157} INFO - Started process (PID=259) to work on /home/airflow/.local/lib/python3.7/site-packages/airflow/example_dags/example_datasets.py
[2023-07-11T23:37:03.007+0000] {processor.py:826} INFO - Processing file /home/airflow/.local/lib/python3.7/site-packages/airflow/example_dags/example_datasets.py for tasks to queue
[2023-07-11T23:37:03.007+0000] {logging_mixin.py:150} INFO - [2023-07-11T23:37:03.007+0000] {dagbag.py:541} INFO - Filling up the DagBag from /home/airflow/.local/lib/python3.7/site-packages/airflow/example_dags/example_datasets.py
[2023-07-11T23:37:03.013+0000] {processor.py:836} INFO - DAG(s) dict_keys(['dataset_produces_1', 'dataset_produces_2', 'dataset_consumes_unknown_never_scheduled', 'dataset_consumes_1', 'dataset_consumes_1_never_scheduled', 'dataset_consumes_1_and_2']) retrieved from /home/airflow/.local/lib/python3.7/site-packages/airflow/example_dags/example_datasets.py
[2023-07-11T23:37:03.039+0000] {logging_mixin.py:150} INFO - [2023-07-11T23:37:03.038+0000] {dag.py:2742} INFO - Sync 6 DAGs
[2023-07-11T23:37:03.057+0000] {logging_mixin.py:150} INFO - [2023-07-11T23:37:03.057+0000] {dag.py:3508} INFO - Setting next_dagrun for dataset_consumes_1 to None, run_after=None
[2023-07-11T23:37:03.059+0000] {logging_mixin.py:150} INFO - [2023-07-11T23:37:03.059+0000] {dag.py:3508} INFO - Setting next_dagrun for dataset_consumes_1_and_2 to None, run_after=None
[2023-07-11T23:37:03.060+0000] {logging_mixin.py:150} INFO - [2023-07-11T23:37:03.060+0000] {dag.py:3508} INFO - Setting next_dagrun for dataset_consumes_1_never_scheduled to None, run_after=None
[2023-07-11T23:37:03.061+0000] {logging_mixin.py:150} INFO - [2023-07-11T23:37:03.061+0000] {dag.py:3508} INFO - Setting next_dagrun for dataset_consumes_unknown_never_scheduled to None, run_after=None
[2023-07-11T23:37:03.063+0000] {logging_mixin.py:150} INFO - [2023-07-11T23:37:03.063+0000] {dag.py:3508} INFO - Setting next_dagrun for dataset_produces_1 to 2023-07-10T00:00:00+00:00, run_after=2023-07-11T00:00:00+00:00
[2023-07-11T23:37:03.064+0000] {logging_mixin.py:150} INFO - [2023-07-11T23:37:03.063+0000] {dag.py:3508} INFO - Setting next_dagrun for dataset_produces_2 to None, run_after=None
[2023-07-11T23:37:03.086+0000] {processor.py:179} INFO - Processing /home/airflow/.local/lib/python3.7/site-packages/airflow/example_dags/example_datasets.py took 0.082 seconds
[2023-07-11T23:37:33.122+0000] {processor.py:157} INFO - Started process (PID=329) to work on /home/airflow/.local/lib/python3.7/site-packages/airflow/example_dags/example_datasets.py
[2023-07-11T23:37:33.122+0000] {processor.py:826} INFO - Processing file /home/airflow/.local/lib/python3.7/site-packages/airflow/example_dags/example_datasets.py for tasks to queue
[2023-07-11T23:37:33.123+0000] {logging_mixin.py:150} INFO - [2023-07-11T23:37:33.123+0000] {dagbag.py:541} INFO - Filling up the DagBag from /home/airflow/.local/lib/python3.7/site-packages/airflow/example_dags/example_datasets.py
[2023-07-11T23:37:33.129+0000] {processor.py:836} INFO - DAG(s) dict_keys(['dataset_produces_2', 'dataset_consumes_1', 'dataset_produces_1', 'dataset_consumes_1_never_scheduled', 'dataset_consumes_unknown_never_scheduled', 'dataset_consumes_1_and_2']) retrieved from /home/airflow/.local/lib/python3.7/site-packages/airflow/example_dags/example_datasets.py
[2023-07-11T23:37:33.155+0000] {logging_mixin.py:150} INFO - [2023-07-11T23:37:33.155+0000] {dag.py:2742} INFO - Sync 6 DAGs
[2023-07-11T23:37:33.176+0000] {logging_mixin.py:150} INFO - [2023-07-11T23:37:33.175+0000] {dag.py:3508} INFO - Setting next_dagrun for dataset_consumes_1 to None, run_after=None
[2023-07-11T23:37:33.178+0000] {logging_mixin.py:150} INFO - [2023-07-11T23:37:33.178+0000] {dag.py:3508} INFO - Setting next_dagrun for dataset_consumes_1_and_2 to None, run_after=None
[2023-07-11T23:37:33.179+0000] {logging_mixin.py:150} INFO - [2023-07-11T23:37:33.179+0000] {dag.py:3508} INFO - Setting next_dagrun for dataset_consumes_1_never_scheduled to None, run_after=None
[2023-07-11T23:37:33.180+0000] {logging_mixin.py:150} INFO - [2023-07-11T23:37:33.180+0000] {dag.py:3508} INFO - Setting next_dagrun for dataset_consumes_unknown_never_scheduled to None, run_after=None
[2023-07-11T23:37:33.182+0000] {logging_mixin.py:150} INFO - [2023-07-11T23:37:33.181+0000] {dag.py:3508} INFO - Setting next_dagrun for dataset_produces_1 to 2023-07-10T00:00:00+00:00, run_after=2023-07-11T00:00:00+00:00
[2023-07-11T23:37:33.182+0000] {logging_mixin.py:150} INFO - [2023-07-11T23:37:33.182+0000] {dag.py:3508} INFO - Setting next_dagrun for dataset_produces_2 to None, run_after=None
[2023-07-11T23:37:33.206+0000] {processor.py:179} INFO - Processing /home/airflow/.local/lib/python3.7/site-packages/airflow/example_dags/example_datasets.py took 0.086 seconds
[2023-07-11T23:38:03.286+0000] {processor.py:157} INFO - Started process (PID=399) to work on /home/airflow/.local/lib/python3.7/site-packages/airflow/example_dags/example_datasets.py
[2023-07-11T23:38:03.287+0000] {processor.py:826} INFO - Processing file /home/airflow/.local/lib/python3.7/site-packages/airflow/example_dags/example_datasets.py for tasks to queue
[2023-07-11T23:38:03.287+0000] {logging_mixin.py:150} INFO - [2023-07-11T23:38:03.287+0000] {dagbag.py:541} INFO - Filling up the DagBag from /home/airflow/.local/lib/python3.7/site-packages/airflow/example_dags/example_datasets.py
[2023-07-11T23:38:03.293+0000] {processor.py:836} INFO - DAG(s) dict_keys(['dataset_produces_2', 'dataset_consumes_1_never_scheduled', 'dataset_produces_1', 'dataset_consumes_1_and_2', 'dataset_consumes_unknown_never_scheduled', 'dataset_consumes_1']) retrieved from /home/airflow/.local/lib/python3.7/site-packages/airflow/example_dags/example_datasets.py
[2023-07-11T23:38:03.321+0000] {logging_mixin.py:150} INFO - [2023-07-11T23:38:03.320+0000] {dag.py:2742} INFO - Sync 6 DAGs
[2023-07-11T23:38:03.339+0000] {logging_mixin.py:150} INFO - [2023-07-11T23:38:03.339+0000] {dag.py:3508} INFO - Setting next_dagrun for dataset_consumes_1 to None, run_after=None
[2023-07-11T23:38:03.343+0000] {logging_mixin.py:150} INFO - [2023-07-11T23:38:03.343+0000] {dag.py:3508} INFO - Setting next_dagrun for dataset_consumes_1_and_2 to None, run_after=None
[2023-07-11T23:38:03.344+0000] {logging_mixin.py:150} INFO - [2023-07-11T23:38:03.344+0000] {dag.py:3508} INFO - Setting next_dagrun for dataset_consumes_1_never_scheduled to None, run_after=None
[2023-07-11T23:38:03.345+0000] {logging_mixin.py:150} INFO - [2023-07-11T23:38:03.344+0000] {dag.py:3508} INFO - Setting next_dagrun for dataset_consumes_unknown_never_scheduled to None, run_after=None
[2023-07-11T23:38:03.346+0000] {logging_mixin.py:150} INFO - [2023-07-11T23:38:03.346+0000] {dag.py:3508} INFO - Setting next_dagrun for dataset_produces_1 to 2023-07-10T00:00:00+00:00, run_after=2023-07-11T00:00:00+00:00
[2023-07-11T23:38:03.347+0000] {logging_mixin.py:150} INFO - [2023-07-11T23:38:03.347+0000] {dag.py:3508} INFO - Setting next_dagrun for dataset_produces_2 to None, run_after=None
[2023-07-11T23:38:03.372+0000] {processor.py:179} INFO - Processing /home/airflow/.local/lib/python3.7/site-packages/airflow/example_dags/example_datasets.py took 0.088 seconds
[2023-07-11T23:38:33.801+0000] {processor.py:157} INFO - Started process (PID=469) to work on /home/airflow/.local/lib/python3.7/site-packages/airflow/example_dags/example_datasets.py
[2023-07-11T23:38:33.801+0000] {processor.py:826} INFO - Processing file /home/airflow/.local/lib/python3.7/site-packages/airflow/example_dags/example_datasets.py for tasks to queue
[2023-07-11T23:38:33.802+0000] {logging_mixin.py:150} INFO - [2023-07-11T23:38:33.802+0000] {dagbag.py:541} INFO - Filling up the DagBag from /home/airflow/.local/lib/python3.7/site-packages/airflow/example_dags/example_datasets.py
[2023-07-11T23:38:33.808+0000] {processor.py:836} INFO - DAG(s) dict_keys(['dataset_produces_2', 'dataset_produces_1', 'dataset_consumes_1', 'dataset_consumes_1_and_2', 'dataset_consumes_1_never_scheduled', 'dataset_consumes_unknown_never_scheduled']) retrieved from /home/airflow/.local/lib/python3.7/site-packages/airflow/example_dags/example_datasets.py
[2023-07-11T23:38:33.836+0000] {logging_mixin.py:150} INFO - [2023-07-11T23:38:33.836+0000] {dag.py:2742} INFO - Sync 6 DAGs
[2023-07-11T23:38:33.855+0000] {logging_mixin.py:150} INFO - [2023-07-11T23:38:33.855+0000] {dag.py:3508} INFO - Setting next_dagrun for dataset_consumes_1 to None, run_after=None
[2023-07-11T23:38:33.858+0000] {logging_mixin.py:150} INFO - [2023-07-11T23:38:33.857+0000] {dag.py:3508} INFO - Setting next_dagrun for dataset_consumes_1_and_2 to None, run_after=None
[2023-07-11T23:38:33.858+0000] {logging_mixin.py:150} INFO - [2023-07-11T23:38:33.858+0000] {dag.py:3508} INFO - Setting next_dagrun for dataset_consumes_1_never_scheduled to None, run_after=None
[2023-07-11T23:38:33.859+0000] {logging_mixin.py:150} INFO - [2023-07-11T23:38:33.859+0000] {dag.py:3508} INFO - Setting next_dagrun for dataset_consumes_unknown_never_scheduled to None, run_after=None
[2023-07-11T23:38:33.861+0000] {logging_mixin.py:150} INFO - [2023-07-11T23:38:33.861+0000] {dag.py:3508} INFO - Setting next_dagrun for dataset_produces_1 to 2023-07-10T00:00:00+00:00, run_after=2023-07-11T00:00:00+00:00
[2023-07-11T23:38:33.862+0000] {logging_mixin.py:150} INFO - [2023-07-11T23:38:33.862+0000] {dag.py:3508} INFO - Setting next_dagrun for dataset_produces_2 to None, run_after=None
[2023-07-11T23:38:33.885+0000] {processor.py:179} INFO - Processing /home/airflow/.local/lib/python3.7/site-packages/airflow/example_dags/example_datasets.py took 0.087 seconds
[2023-07-11T23:39:03.951+0000] {processor.py:157} INFO - Started process (PID=540) to work on /home/airflow/.local/lib/python3.7/site-packages/airflow/example_dags/example_datasets.py
[2023-07-11T23:39:03.951+0000] {processor.py:826} INFO - Processing file /home/airflow/.local/lib/python3.7/site-packages/airflow/example_dags/example_datasets.py for tasks to queue
[2023-07-11T23:39:03.952+0000] {logging_mixin.py:150} INFO - [2023-07-11T23:39:03.952+0000] {dagbag.py:541} INFO - Filling up the DagBag from /home/airflow/.local/lib/python3.7/site-packages/airflow/example_dags/example_datasets.py
[2023-07-11T23:39:03.958+0000] {processor.py:836} INFO - DAG(s) dict_keys(['dataset_produces_1', 'dataset_consumes_1_and_2', 'dataset_consumes_unknown_never_scheduled', 'dataset_consumes_1_never_scheduled', 'dataset_consumes_1', 'dataset_produces_2']) retrieved from /home/airflow/.local/lib/python3.7/site-packages/airflow/example_dags/example_datasets.py
[2023-07-11T23:39:03.988+0000] {logging_mixin.py:150} INFO - [2023-07-11T23:39:03.988+0000] {dag.py:2742} INFO - Sync 6 DAGs
[2023-07-11T23:39:04.011+0000] {logging_mixin.py:150} INFO - [2023-07-11T23:39:04.011+0000] {dag.py:3508} INFO - Setting next_dagrun for dataset_consumes_1 to None, run_after=None
[2023-07-11T23:39:04.014+0000] {logging_mixin.py:150} INFO - [2023-07-11T23:39:04.014+0000] {dag.py:3508} INFO - Setting next_dagrun for dataset_consumes_1_and_2 to None, run_after=None
[2023-07-11T23:39:04.015+0000] {logging_mixin.py:150} INFO - [2023-07-11T23:39:04.015+0000] {dag.py:3508} INFO - Setting next_dagrun for dataset_consumes_1_never_scheduled to None, run_after=None
[2023-07-11T23:39:04.016+0000] {logging_mixin.py:150} INFO - [2023-07-11T23:39:04.016+0000] {dag.py:3508} INFO - Setting next_dagrun for dataset_consumes_unknown_never_scheduled to None, run_after=None
[2023-07-11T23:39:04.018+0000] {logging_mixin.py:150} INFO - [2023-07-11T23:39:04.018+0000] {dag.py:3508} INFO - Setting next_dagrun for dataset_produces_1 to 2023-07-10T00:00:00+00:00, run_after=2023-07-11T00:00:00+00:00
[2023-07-11T23:39:04.020+0000] {logging_mixin.py:150} INFO - [2023-07-11T23:39:04.019+0000] {dag.py:3508} INFO - Setting next_dagrun for dataset_produces_2 to None, run_after=None
[2023-07-11T23:39:04.050+0000] {processor.py:179} INFO - Processing /home/airflow/.local/lib/python3.7/site-packages/airflow/example_dags/example_datasets.py took 0.102 seconds
[2023-07-11T23:39:34.169+0000] {processor.py:157} INFO - Started process (PID=609) to work on /home/airflow/.local/lib/python3.7/site-packages/airflow/example_dags/example_datasets.py
[2023-07-11T23:39:34.170+0000] {processor.py:826} INFO - Processing file /home/airflow/.local/lib/python3.7/site-packages/airflow/example_dags/example_datasets.py for tasks to queue
[2023-07-11T23:39:34.170+0000] {logging_mixin.py:150} INFO - [2023-07-11T23:39:34.170+0000] {dagbag.py:541} INFO - Filling up the DagBag from /home/airflow/.local/lib/python3.7/site-packages/airflow/example_dags/example_datasets.py
[2023-07-11T23:39:34.176+0000] {processor.py:836} INFO - DAG(s) dict_keys(['dataset_produces_2', 'dataset_consumes_unknown_never_scheduled', 'dataset_consumes_1_never_scheduled', 'dataset_produces_1', 'dataset_consumes_1', 'dataset_consumes_1_and_2']) retrieved from /home/airflow/.local/lib/python3.7/site-packages/airflow/example_dags/example_datasets.py
[2023-07-11T23:39:34.203+0000] {logging_mixin.py:150} INFO - [2023-07-11T23:39:34.203+0000] {dag.py:2742} INFO - Sync 6 DAGs
[2023-07-11T23:39:34.221+0000] {logging_mixin.py:150} INFO - [2023-07-11T23:39:34.220+0000] {dag.py:3508} INFO - Setting next_dagrun for dataset_consumes_1 to None, run_after=None
[2023-07-11T23:39:34.223+0000] {logging_mixin.py:150} INFO - [2023-07-11T23:39:34.223+0000] {dag.py:3508} INFO - Setting next_dagrun for dataset_consumes_1_and_2 to None, run_after=None
[2023-07-11T23:39:34.224+0000] {logging_mixin.py:150} INFO - [2023-07-11T23:39:34.224+0000] {dag.py:3508} INFO - Setting next_dagrun for dataset_consumes_1_never_scheduled to None, run_after=None
[2023-07-11T23:39:34.225+0000] {logging_mixin.py:150} INFO - [2023-07-11T23:39:34.225+0000] {dag.py:3508} INFO - Setting next_dagrun for dataset_consumes_unknown_never_scheduled to None, run_after=None
[2023-07-11T23:39:34.227+0000] {logging_mixin.py:150} INFO - [2023-07-11T23:39:34.227+0000] {dag.py:3508} INFO - Setting next_dagrun for dataset_produces_1 to 2023-07-10T00:00:00+00:00, run_after=2023-07-11T00:00:00+00:00
[2023-07-11T23:39:34.227+0000] {logging_mixin.py:150} INFO - [2023-07-11T23:39:34.227+0000] {dag.py:3508} INFO - Setting next_dagrun for dataset_produces_2 to None, run_after=None
[2023-07-11T23:39:34.251+0000] {processor.py:179} INFO - Processing /home/airflow/.local/lib/python3.7/site-packages/airflow/example_dags/example_datasets.py took 0.083 seconds
[2023-07-11T23:40:04.549+0000] {processor.py:157} INFO - Started process (PID=680) to work on /home/airflow/.local/lib/python3.7/site-packages/airflow/example_dags/example_datasets.py
[2023-07-11T23:40:04.549+0000] {processor.py:826} INFO - Processing file /home/airflow/.local/lib/python3.7/site-packages/airflow/example_dags/example_datasets.py for tasks to queue
[2023-07-11T23:40:04.550+0000] {logging_mixin.py:150} INFO - [2023-07-11T23:40:04.549+0000] {dagbag.py:541} INFO - Filling up the DagBag from /home/airflow/.local/lib/python3.7/site-packages/airflow/example_dags/example_datasets.py
[2023-07-11T23:40:04.555+0000] {processor.py:836} INFO - DAG(s) dict_keys(['dataset_consumes_1_never_scheduled', 'dataset_consumes_1', 'dataset_consumes_1_and_2', 'dataset_consumes_unknown_never_scheduled', 'dataset_produces_2', 'dataset_produces_1']) retrieved from /home/airflow/.local/lib/python3.7/site-packages/airflow/example_dags/example_datasets.py
[2023-07-11T23:40:04.581+0000] {logging_mixin.py:150} INFO - [2023-07-11T23:40:04.581+0000] {dag.py:2742} INFO - Sync 6 DAGs
[2023-07-11T23:40:04.601+0000] {logging_mixin.py:150} INFO - [2023-07-11T23:40:04.601+0000] {dag.py:3508} INFO - Setting next_dagrun for dataset_consumes_1 to None, run_after=None
[2023-07-11T23:40:04.604+0000] {logging_mixin.py:150} INFO - [2023-07-11T23:40:04.604+0000] {dag.py:3508} INFO - Setting next_dagrun for dataset_consumes_1_and_2 to None, run_after=None
[2023-07-11T23:40:04.605+0000] {logging_mixin.py:150} INFO - [2023-07-11T23:40:04.605+0000] {dag.py:3508} INFO - Setting next_dagrun for dataset_consumes_1_never_scheduled to None, run_after=None
[2023-07-11T23:40:04.605+0000] {logging_mixin.py:150} INFO - [2023-07-11T23:40:04.605+0000] {dag.py:3508} INFO - Setting next_dagrun for dataset_consumes_unknown_never_scheduled to None, run_after=None
[2023-07-11T23:40:04.607+0000] {logging_mixin.py:150} INFO - [2023-07-11T23:40:04.607+0000] {dag.py:3508} INFO - Setting next_dagrun for dataset_produces_1 to 2023-07-10T00:00:00+00:00, run_after=2023-07-11T00:00:00+00:00
[2023-07-11T23:40:04.608+0000] {logging_mixin.py:150} INFO - [2023-07-11T23:40:04.608+0000] {dag.py:3508} INFO - Setting next_dagrun for dataset_produces_2 to None, run_after=None
[2023-07-11T23:40:04.632+0000] {processor.py:179} INFO - Processing /home/airflow/.local/lib/python3.7/site-packages/airflow/example_dags/example_datasets.py took 0.085 seconds
[2023-07-11T23:40:35.032+0000] {processor.py:157} INFO - Started process (PID=749) to work on /home/airflow/.local/lib/python3.7/site-packages/airflow/example_dags/example_datasets.py
[2023-07-11T23:40:35.032+0000] {processor.py:826} INFO - Processing file /home/airflow/.local/lib/python3.7/site-packages/airflow/example_dags/example_datasets.py for tasks to queue
[2023-07-11T23:40:35.033+0000] {logging_mixin.py:150} INFO - [2023-07-11T23:40:35.033+0000] {dagbag.py:541} INFO - Filling up the DagBag from /home/airflow/.local/lib/python3.7/site-packages/airflow/example_dags/example_datasets.py
[2023-07-11T23:40:35.039+0000] {processor.py:836} INFO - DAG(s) dict_keys(['dataset_consumes_1', 'dataset_produces_1', 'dataset_consumes_1_and_2', 'dataset_produces_2', 'dataset_consumes_1_never_scheduled', 'dataset_consumes_unknown_never_scheduled']) retrieved from /home/airflow/.local/lib/python3.7/site-packages/airflow/example_dags/example_datasets.py
[2023-07-11T23:40:35.066+0000] {logging_mixin.py:150} INFO - [2023-07-11T23:40:35.066+0000] {dag.py:2742} INFO - Sync 6 DAGs
[2023-07-11T23:40:35.086+0000] {logging_mixin.py:150} INFO - [2023-07-11T23:40:35.086+0000] {dag.py:3508} INFO - Setting next_dagrun for dataset_consumes_1 to None, run_after=None
[2023-07-11T23:40:35.089+0000] {logging_mixin.py:150} INFO - [2023-07-11T23:40:35.088+0000] {dag.py:3508} INFO - Setting next_dagrun for dataset_consumes_1_and_2 to None, run_after=None
[2023-07-11T23:40:35.089+0000] {logging_mixin.py:150} INFO - [2023-07-11T23:40:35.089+0000] {dag.py:3508} INFO - Setting next_dagrun for dataset_consumes_1_never_scheduled to None, run_after=None
[2023-07-11T23:40:35.090+0000] {logging_mixin.py:150} INFO - [2023-07-11T23:40:35.090+0000] {dag.py:3508} INFO - Setting next_dagrun for dataset_consumes_unknown_never_scheduled to None, run_after=None
[2023-07-11T23:40:35.092+0000] {logging_mixin.py:150} INFO - [2023-07-11T23:40:35.092+0000] {dag.py:3508} INFO - Setting next_dagrun for dataset_produces_1 to 2023-07-10T00:00:00+00:00, run_after=2023-07-11T00:00:00+00:00
[2023-07-11T23:40:35.093+0000] {logging_mixin.py:150} INFO - [2023-07-11T23:40:35.093+0000] {dag.py:3508} INFO - Setting next_dagrun for dataset_produces_2 to None, run_after=None
[2023-07-11T23:40:35.119+0000] {processor.py:179} INFO - Processing /home/airflow/.local/lib/python3.7/site-packages/airflow/example_dags/example_datasets.py took 0.089 seconds
[2023-07-11T23:41:05.296+0000] {processor.py:157} INFO - Started process (PID=819) to work on /home/airflow/.local/lib/python3.7/site-packages/airflow/example_dags/example_datasets.py
[2023-07-11T23:41:05.296+0000] {processor.py:826} INFO - Processing file /home/airflow/.local/lib/python3.7/site-packages/airflow/example_dags/example_datasets.py for tasks to queue
[2023-07-11T23:41:05.297+0000] {logging_mixin.py:150} INFO - [2023-07-11T23:41:05.297+0000] {dagbag.py:541} INFO - Filling up the DagBag from /home/airflow/.local/lib/python3.7/site-packages/airflow/example_dags/example_datasets.py
[2023-07-11T23:41:05.304+0000] {processor.py:836} INFO - DAG(s) dict_keys(['dataset_consumes_1_never_scheduled', 'dataset_produces_2', 'dataset_consumes_unknown_never_scheduled', 'dataset_consumes_1_and_2', 'dataset_consumes_1', 'dataset_produces_1']) retrieved from /home/airflow/.local/lib/python3.7/site-packages/airflow/example_dags/example_datasets.py
[2023-07-11T23:41:05.336+0000] {logging_mixin.py:150} INFO - [2023-07-11T23:41:05.336+0000] {dag.py:2742} INFO - Sync 6 DAGs
[2023-07-11T23:41:05.357+0000] {logging_mixin.py:150} INFO - [2023-07-11T23:41:05.357+0000] {dag.py:3508} INFO - Setting next_dagrun for dataset_consumes_1 to None, run_after=None
[2023-07-11T23:41:05.360+0000] {logging_mixin.py:150} INFO - [2023-07-11T23:41:05.360+0000] {dag.py:3508} INFO - Setting next_dagrun for dataset_consumes_1_and_2 to None, run_after=None
[2023-07-11T23:41:05.361+0000] {logging_mixin.py:150} INFO - [2023-07-11T23:41:05.360+0000] {dag.py:3508} INFO - Setting next_dagrun for dataset_consumes_1_never_scheduled to None, run_after=None
[2023-07-11T23:41:05.361+0000] {logging_mixin.py:150} INFO - [2023-07-11T23:41:05.361+0000] {dag.py:3508} INFO - Setting next_dagrun for dataset_consumes_unknown_never_scheduled to None, run_after=None
[2023-07-11T23:41:05.363+0000] {logging_mixin.py:150} INFO - [2023-07-11T23:41:05.363+0000] {dag.py:3508} INFO - Setting next_dagrun for dataset_produces_1 to 2023-07-10T00:00:00+00:00, run_after=2023-07-11T00:00:00+00:00
[2023-07-11T23:41:05.364+0000] {logging_mixin.py:150} INFO - [2023-07-11T23:41:05.364+0000] {dag.py:3508} INFO - Setting next_dagrun for dataset_produces_2 to None, run_after=None
[2023-07-11T23:41:05.389+0000] {processor.py:179} INFO - Processing /home/airflow/.local/lib/python3.7/site-packages/airflow/example_dags/example_datasets.py took 0.096 seconds
[2023-07-11T23:41:35.532+0000] {processor.py:157} INFO - Started process (PID=889) to work on /home/airflow/.local/lib/python3.7/site-packages/airflow/example_dags/example_datasets.py
[2023-07-11T23:41:35.533+0000] {processor.py:826} INFO - Processing file /home/airflow/.local/lib/python3.7/site-packages/airflow/example_dags/example_datasets.py for tasks to queue
[2023-07-11T23:41:35.533+0000] {logging_mixin.py:150} INFO - [2023-07-11T23:41:35.533+0000] {dagbag.py:541} INFO - Filling up the DagBag from /home/airflow/.local/lib/python3.7/site-packages/airflow/example_dags/example_datasets.py
[2023-07-11T23:41:35.540+0000] {processor.py:836} INFO - DAG(s) dict_keys(['dataset_consumes_1_and_2', 'dataset_produces_1', 'dataset_consumes_1_never_scheduled', 'dataset_produces_2', 'dataset_consumes_1', 'dataset_consumes_unknown_never_scheduled']) retrieved from /home/airflow/.local/lib/python3.7/site-packages/airflow/example_dags/example_datasets.py
[2023-07-11T23:41:35.571+0000] {logging_mixin.py:150} INFO - [2023-07-11T23:41:35.571+0000] {dag.py:2742} INFO - Sync 6 DAGs
[2023-07-11T23:41:35.592+0000] {logging_mixin.py:150} INFO - [2023-07-11T23:41:35.591+0000] {dag.py:3508} INFO - Setting next_dagrun for dataset_consumes_1 to None, run_after=None
[2023-07-11T23:41:35.594+0000] {logging_mixin.py:150} INFO - [2023-07-11T23:41:35.594+0000] {dag.py:3508} INFO - Setting next_dagrun for dataset_consumes_1_and_2 to None, run_after=None
[2023-07-11T23:41:35.595+0000] {logging_mixin.py:150} INFO - [2023-07-11T23:41:35.594+0000] {dag.py:3508} INFO - Setting next_dagrun for dataset_consumes_1_never_scheduled to None, run_after=None
[2023-07-11T23:41:35.595+0000] {logging_mixin.py:150} INFO - [2023-07-11T23:41:35.595+0000] {dag.py:3508} INFO - Setting next_dagrun for dataset_consumes_unknown_never_scheduled to None, run_after=None
[2023-07-11T23:41:35.597+0000] {logging_mixin.py:150} INFO - [2023-07-11T23:41:35.597+0000] {dag.py:3508} INFO - Setting next_dagrun for dataset_produces_1 to 2023-07-10T00:00:00+00:00, run_after=2023-07-11T00:00:00+00:00
[2023-07-11T23:41:35.598+0000] {logging_mixin.py:150} INFO - [2023-07-11T23:41:35.598+0000] {dag.py:3508} INFO - Setting next_dagrun for dataset_produces_2 to None, run_after=None
[2023-07-11T23:41:35.624+0000] {processor.py:179} INFO - Processing /home/airflow/.local/lib/python3.7/site-packages/airflow/example_dags/example_datasets.py took 0.095 seconds
[2023-07-11T23:42:05.661+0000] {processor.py:157} INFO - Started process (PID=959) to work on /home/airflow/.local/lib/python3.7/site-packages/airflow/example_dags/example_datasets.py
[2023-07-11T23:42:05.662+0000] {processor.py:826} INFO - Processing file /home/airflow/.local/lib/python3.7/site-packages/airflow/example_dags/example_datasets.py for tasks to queue
[2023-07-11T23:42:05.663+0000] {logging_mixin.py:150} INFO - [2023-07-11T23:42:05.663+0000] {dagbag.py:541} INFO - Filling up the DagBag from /home/airflow/.local/lib/python3.7/site-packages/airflow/example_dags/example_datasets.py
[2023-07-11T23:42:05.669+0000] {processor.py:836} INFO - DAG(s) dict_keys(['dataset_produces_1', 'dataset_consumes_1_and_2', 'dataset_produces_2', 'dataset_consumes_unknown_never_scheduled', 'dataset_consumes_1', 'dataset_consumes_1_never_scheduled']) retrieved from /home/airflow/.local/lib/python3.7/site-packages/airflow/example_dags/example_datasets.py
[2023-07-11T23:42:05.697+0000] {logging_mixin.py:150} INFO - [2023-07-11T23:42:05.697+0000] {dag.py:2742} INFO - Sync 6 DAGs
[2023-07-11T23:42:05.718+0000] {logging_mixin.py:150} INFO - [2023-07-11T23:42:05.718+0000] {dag.py:3508} INFO - Setting next_dagrun for dataset_consumes_1 to None, run_after=None
[2023-07-11T23:42:05.721+0000] {logging_mixin.py:150} INFO - [2023-07-11T23:42:05.720+0000] {dag.py:3508} INFO - Setting next_dagrun for dataset_consumes_1_and_2 to None, run_after=None
[2023-07-11T23:42:05.721+0000] {logging_mixin.py:150} INFO - [2023-07-11T23:42:05.721+0000] {dag.py:3508} INFO - Setting next_dagrun for dataset_consumes_1_never_scheduled to None, run_after=None
[2023-07-11T23:42:05.722+0000] {logging_mixin.py:150} INFO - [2023-07-11T23:42:05.722+0000] {dag.py:3508} INFO - Setting next_dagrun for dataset_consumes_unknown_never_scheduled to None, run_after=None
[2023-07-11T23:42:05.724+0000] {logging_mixin.py:150} INFO - [2023-07-11T23:42:05.724+0000] {dag.py:3508} INFO - Setting next_dagrun for dataset_produces_1 to 2023-07-10T00:00:00+00:00, run_after=2023-07-11T00:00:00+00:00
[2023-07-11T23:42:05.725+0000] {logging_mixin.py:150} INFO - [2023-07-11T23:42:05.725+0000] {dag.py:3508} INFO - Setting next_dagrun for dataset_produces_2 to None, run_after=None
[2023-07-11T23:42:05.751+0000] {processor.py:179} INFO - Processing /home/airflow/.local/lib/python3.7/site-packages/airflow/example_dags/example_datasets.py took 0.092 seconds
[2023-07-11T23:42:36.014+0000] {processor.py:157} INFO - Started process (PID=1029) to work on /home/airflow/.local/lib/python3.7/site-packages/airflow/example_dags/example_datasets.py
[2023-07-11T23:42:36.015+0000] {processor.py:826} INFO - Processing file /home/airflow/.local/lib/python3.7/site-packages/airflow/example_dags/example_datasets.py for tasks to queue
[2023-07-11T23:42:36.016+0000] {logging_mixin.py:150} INFO - [2023-07-11T23:42:36.015+0000] {dagbag.py:541} INFO - Filling up the DagBag from /home/airflow/.local/lib/python3.7/site-packages/airflow/example_dags/example_datasets.py
[2023-07-11T23:42:36.023+0000] {processor.py:836} INFO - DAG(s) dict_keys(['dataset_consumes_1_and_2', 'dataset_produces_1', 'dataset_consumes_unknown_never_scheduled', 'dataset_consumes_1_never_scheduled', 'dataset_produces_2', 'dataset_consumes_1']) retrieved from /home/airflow/.local/lib/python3.7/site-packages/airflow/example_dags/example_datasets.py
[2023-07-11T23:42:36.053+0000] {logging_mixin.py:150} INFO - [2023-07-11T23:42:36.053+0000] {dag.py:2742} INFO - Sync 6 DAGs
[2023-07-11T23:42:36.075+0000] {logging_mixin.py:150} INFO - [2023-07-11T23:42:36.075+0000] {dag.py:3508} INFO - Setting next_dagrun for dataset_consumes_1 to None, run_after=None
[2023-07-11T23:42:36.077+0000] {logging_mixin.py:150} INFO - [2023-07-11T23:42:36.077+0000] {dag.py:3508} INFO - Setting next_dagrun for dataset_consumes_1_and_2 to None, run_after=None
[2023-07-11T23:42:36.078+0000] {logging_mixin.py:150} INFO - [2023-07-11T23:42:36.078+0000] {dag.py:3508} INFO - Setting next_dagrun for dataset_consumes_1_never_scheduled to None, run_after=None
[2023-07-11T23:42:36.079+0000] {logging_mixin.py:150} INFO - [2023-07-11T23:42:36.079+0000] {dag.py:3508} INFO - Setting next_dagrun for dataset_consumes_unknown_never_scheduled to None, run_after=None
[2023-07-11T23:42:36.081+0000] {logging_mixin.py:150} INFO - [2023-07-11T23:42:36.081+0000] {dag.py:3508} INFO - Setting next_dagrun for dataset_produces_1 to 2023-07-10T00:00:00+00:00, run_after=2023-07-11T00:00:00+00:00
[2023-07-11T23:42:36.082+0000] {logging_mixin.py:150} INFO - [2023-07-11T23:42:36.081+0000] {dag.py:3508} INFO - Setting next_dagrun for dataset_produces_2 to None, run_after=None
[2023-07-11T23:42:36.107+0000] {processor.py:179} INFO - Processing /home/airflow/.local/lib/python3.7/site-packages/airflow/example_dags/example_datasets.py took 0.095 seconds
[2023-07-11T23:43:06.137+0000] {processor.py:157} INFO - Started process (PID=1099) to work on /home/airflow/.local/lib/python3.7/site-packages/airflow/example_dags/example_datasets.py
[2023-07-11T23:43:06.138+0000] {processor.py:826} INFO - Processing file /home/airflow/.local/lib/python3.7/site-packages/airflow/example_dags/example_datasets.py for tasks to queue
[2023-07-11T23:43:06.138+0000] {logging_mixin.py:150} INFO - [2023-07-11T23:43:06.138+0000] {dagbag.py:541} INFO - Filling up the DagBag from /home/airflow/.local/lib/python3.7/site-packages/airflow/example_dags/example_datasets.py
[2023-07-11T23:43:06.144+0000] {processor.py:836} INFO - DAG(s) dict_keys(['dataset_consumes_1_never_scheduled', 'dataset_produces_1', 'dataset_consumes_1_and_2', 'dataset_consumes_unknown_never_scheduled', 'dataset_produces_2', 'dataset_consumes_1']) retrieved from /home/airflow/.local/lib/python3.7/site-packages/airflow/example_dags/example_datasets.py
[2023-07-11T23:43:06.168+0000] {logging_mixin.py:150} INFO - [2023-07-11T23:43:06.168+0000] {dag.py:2742} INFO - Sync 6 DAGs
[2023-07-11T23:43:06.185+0000] {logging_mixin.py:150} INFO - [2023-07-11T23:43:06.185+0000] {dag.py:3508} INFO - Setting next_dagrun for dataset_consumes_1 to None, run_after=None
[2023-07-11T23:43:06.187+0000] {logging_mixin.py:150} INFO - [2023-07-11T23:43:06.187+0000] {dag.py:3508} INFO - Setting next_dagrun for dataset_consumes_1_and_2 to None, run_after=None
[2023-07-11T23:43:06.188+0000] {logging_mixin.py:150} INFO - [2023-07-11T23:43:06.188+0000] {dag.py:3508} INFO - Setting next_dagrun for dataset_consumes_1_never_scheduled to None, run_after=None
[2023-07-11T23:43:06.189+0000] {logging_mixin.py:150} INFO - [2023-07-11T23:43:06.189+0000] {dag.py:3508} INFO - Setting next_dagrun for dataset_consumes_unknown_never_scheduled to None, run_after=None
[2023-07-11T23:43:06.191+0000] {logging_mixin.py:150} INFO - [2023-07-11T23:43:06.190+0000] {dag.py:3508} INFO - Setting next_dagrun for dataset_produces_1 to 2023-07-10T00:00:00+00:00, run_after=2023-07-11T00:00:00+00:00
[2023-07-11T23:43:06.191+0000] {logging_mixin.py:150} INFO - [2023-07-11T23:43:06.191+0000] {dag.py:3508} INFO - Setting next_dagrun for dataset_produces_2 to None, run_after=None
[2023-07-11T23:43:06.213+0000] {processor.py:179} INFO - Processing /home/airflow/.local/lib/python3.7/site-packages/airflow/example_dags/example_datasets.py took 0.077 seconds
[2023-07-11T23:43:36.926+0000] {processor.py:157} INFO - Started process (PID=1169) to work on /home/airflow/.local/lib/python3.7/site-packages/airflow/example_dags/example_datasets.py
[2023-07-11T23:43:36.927+0000] {processor.py:826} INFO - Processing file /home/airflow/.local/lib/python3.7/site-packages/airflow/example_dags/example_datasets.py for tasks to queue
[2023-07-11T23:43:36.927+0000] {logging_mixin.py:150} INFO - [2023-07-11T23:43:36.927+0000] {dagbag.py:541} INFO - Filling up the DagBag from /home/airflow/.local/lib/python3.7/site-packages/airflow/example_dags/example_datasets.py
[2023-07-11T23:43:36.933+0000] {processor.py:836} INFO - DAG(s) dict_keys(['dataset_consumes_1_and_2', 'dataset_consumes_unknown_never_scheduled', 'dataset_produces_1', 'dataset_produces_2', 'dataset_consumes_1', 'dataset_consumes_1_never_scheduled']) retrieved from /home/airflow/.local/lib/python3.7/site-packages/airflow/example_dags/example_datasets.py
[2023-07-11T23:43:36.958+0000] {logging_mixin.py:150} INFO - [2023-07-11T23:43:36.958+0000] {dag.py:2742} INFO - Sync 6 DAGs
[2023-07-11T23:43:36.979+0000] {logging_mixin.py:150} INFO - [2023-07-11T23:43:36.979+0000] {dag.py:3508} INFO - Setting next_dagrun for dataset_consumes_1 to None, run_after=None
[2023-07-11T23:43:36.981+0000] {logging_mixin.py:150} INFO - [2023-07-11T23:43:36.981+0000] {dag.py:3508} INFO - Setting next_dagrun for dataset_consumes_1_and_2 to None, run_after=None
[2023-07-11T23:43:36.982+0000] {logging_mixin.py:150} INFO - [2023-07-11T23:43:36.982+0000] {dag.py:3508} INFO - Setting next_dagrun for dataset_consumes_1_never_scheduled to None, run_after=None
[2023-07-11T23:43:36.983+0000] {logging_mixin.py:150} INFO - [2023-07-11T23:43:36.983+0000] {dag.py:3508} INFO - Setting next_dagrun for dataset_consumes_unknown_never_scheduled to None, run_after=None
[2023-07-11T23:43:36.985+0000] {logging_mixin.py:150} INFO - [2023-07-11T23:43:36.985+0000] {dag.py:3508} INFO - Setting next_dagrun for dataset_produces_1 to 2023-07-10T00:00:00+00:00, run_after=2023-07-11T00:00:00+00:00
[2023-07-11T23:43:36.985+0000] {logging_mixin.py:150} INFO - [2023-07-11T23:43:36.985+0000] {dag.py:3508} INFO - Setting next_dagrun for dataset_produces_2 to None, run_after=None
[2023-07-11T23:43:37.007+0000] {processor.py:179} INFO - Processing /home/airflow/.local/lib/python3.7/site-packages/airflow/example_dags/example_datasets.py took 0.083 seconds
[2023-07-11T23:44:07.112+0000] {processor.py:157} INFO - Started process (PID=1239) to work on /home/airflow/.local/lib/python3.7/site-packages/airflow/example_dags/example_datasets.py
[2023-07-11T23:44:07.113+0000] {processor.py:826} INFO - Processing file /home/airflow/.local/lib/python3.7/site-packages/airflow/example_dags/example_datasets.py for tasks to queue
[2023-07-11T23:44:07.113+0000] {logging_mixin.py:150} INFO - [2023-07-11T23:44:07.113+0000] {dagbag.py:541} INFO - Filling up the DagBag from /home/airflow/.local/lib/python3.7/site-packages/airflow/example_dags/example_datasets.py
[2023-07-11T23:44:07.119+0000] {processor.py:836} INFO - DAG(s) dict_keys(['dataset_consumes_1_and_2', 'dataset_consumes_unknown_never_scheduled', 'dataset_produces_1', 'dataset_produces_2', 'dataset_consumes_1_never_scheduled', 'dataset_consumes_1']) retrieved from /home/airflow/.local/lib/python3.7/site-packages/airflow/example_dags/example_datasets.py
[2023-07-11T23:44:07.146+0000] {logging_mixin.py:150} INFO - [2023-07-11T23:44:07.146+0000] {dag.py:2742} INFO - Sync 6 DAGs
[2023-07-11T23:44:07.167+0000] {logging_mixin.py:150} INFO - [2023-07-11T23:44:07.167+0000] {dag.py:3508} INFO - Setting next_dagrun for dataset_consumes_1 to None, run_after=None
[2023-07-11T23:44:07.170+0000] {logging_mixin.py:150} INFO - [2023-07-11T23:44:07.169+0000] {dag.py:3508} INFO - Setting next_dagrun for dataset_consumes_1_and_2 to None, run_after=None
[2023-07-11T23:44:07.171+0000] {logging_mixin.py:150} INFO - [2023-07-11T23:44:07.171+0000] {dag.py:3508} INFO - Setting next_dagrun for dataset_consumes_1_never_scheduled to None, run_after=None
[2023-07-11T23:44:07.171+0000] {logging_mixin.py:150} INFO - [2023-07-11T23:44:07.171+0000] {dag.py:3508} INFO - Setting next_dagrun for dataset_consumes_unknown_never_scheduled to None, run_after=None
[2023-07-11T23:44:07.173+0000] {logging_mixin.py:150} INFO - [2023-07-11T23:44:07.173+0000] {dag.py:3508} INFO - Setting next_dagrun for dataset_produces_1 to 2023-07-10T00:00:00+00:00, run_after=2023-07-11T00:00:00+00:00
[2023-07-11T23:44:07.174+0000] {logging_mixin.py:150} INFO - [2023-07-11T23:44:07.174+0000] {dag.py:3508} INFO - Setting next_dagrun for dataset_produces_2 to None, run_after=None
[2023-07-11T23:44:07.197+0000] {processor.py:179} INFO - Processing /home/airflow/.local/lib/python3.7/site-packages/airflow/example_dags/example_datasets.py took 0.087 seconds
[2023-07-11T23:44:37.560+0000] {processor.py:157} INFO - Started process (PID=1309) to work on /home/airflow/.local/lib/python3.7/site-packages/airflow/example_dags/example_datasets.py
[2023-07-11T23:44:37.561+0000] {processor.py:826} INFO - Processing file /home/airflow/.local/lib/python3.7/site-packages/airflow/example_dags/example_datasets.py for tasks to queue
[2023-07-11T23:44:37.561+0000] {logging_mixin.py:150} INFO - [2023-07-11T23:44:37.561+0000] {dagbag.py:541} INFO - Filling up the DagBag from /home/airflow/.local/lib/python3.7/site-packages/airflow/example_dags/example_datasets.py
[2023-07-11T23:44:37.567+0000] {processor.py:836} INFO - DAG(s) dict_keys(['dataset_consumes_1_and_2', 'dataset_produces_2', 'dataset_consumes_1_never_scheduled', 'dataset_produces_1', 'dataset_consumes_unknown_never_scheduled', 'dataset_consumes_1']) retrieved from /home/airflow/.local/lib/python3.7/site-packages/airflow/example_dags/example_datasets.py
[2023-07-11T23:44:37.592+0000] {logging_mixin.py:150} INFO - [2023-07-11T23:44:37.592+0000] {dag.py:2742} INFO - Sync 6 DAGs
[2023-07-11T23:44:37.609+0000] {logging_mixin.py:150} INFO - [2023-07-11T23:44:37.609+0000] {dag.py:3508} INFO - Setting next_dagrun for dataset_consumes_1 to None, run_after=None
[2023-07-11T23:44:37.612+0000] {logging_mixin.py:150} INFO - [2023-07-11T23:44:37.612+0000] {dag.py:3508} INFO - Setting next_dagrun for dataset_consumes_1_and_2 to None, run_after=None
[2023-07-11T23:44:37.613+0000] {logging_mixin.py:150} INFO - [2023-07-11T23:44:37.612+0000] {dag.py:3508} INFO - Setting next_dagrun for dataset_consumes_1_never_scheduled to None, run_after=None
[2023-07-11T23:44:37.613+0000] {logging_mixin.py:150} INFO - [2023-07-11T23:44:37.613+0000] {dag.py:3508} INFO - Setting next_dagrun for dataset_consumes_unknown_never_scheduled to None, run_after=None
[2023-07-11T23:44:37.615+0000] {logging_mixin.py:150} INFO - [2023-07-11T23:44:37.615+0000] {dag.py:3508} INFO - Setting next_dagrun for dataset_produces_1 to 2023-07-10T00:00:00+00:00, run_after=2023-07-11T00:00:00+00:00
[2023-07-11T23:44:37.616+0000] {logging_mixin.py:150} INFO - [2023-07-11T23:44:37.616+0000] {dag.py:3508} INFO - Setting next_dagrun for dataset_produces_2 to None, run_after=None
[2023-07-11T23:44:37.637+0000] {processor.py:179} INFO - Processing /home/airflow/.local/lib/python3.7/site-packages/airflow/example_dags/example_datasets.py took 0.079 seconds
[2023-07-11T23:45:08.008+0000] {processor.py:157} INFO - Started process (PID=1380) to work on /home/airflow/.local/lib/python3.7/site-packages/airflow/example_dags/example_datasets.py
[2023-07-11T23:45:08.008+0000] {processor.py:826} INFO - Processing file /home/airflow/.local/lib/python3.7/site-packages/airflow/example_dags/example_datasets.py for tasks to queue
[2023-07-11T23:45:08.009+0000] {logging_mixin.py:150} INFO - [2023-07-11T23:45:08.009+0000] {dagbag.py:541} INFO - Filling up the DagBag from /home/airflow/.local/lib/python3.7/site-packages/airflow/example_dags/example_datasets.py
[2023-07-11T23:45:08.015+0000] {processor.py:836} INFO - DAG(s) dict_keys(['dataset_consumes_1', 'dataset_produces_1', 'dataset_produces_2', 'dataset_consumes_1_and_2', 'dataset_consumes_unknown_never_scheduled', 'dataset_consumes_1_never_scheduled']) retrieved from /home/airflow/.local/lib/python3.7/site-packages/airflow/example_dags/example_datasets.py
[2023-07-11T23:45:08.041+0000] {logging_mixin.py:150} INFO - [2023-07-11T23:45:08.040+0000] {dag.py:2742} INFO - Sync 6 DAGs
[2023-07-11T23:45:08.060+0000] {logging_mixin.py:150} INFO - [2023-07-11T23:45:08.060+0000] {dag.py:3508} INFO - Setting next_dagrun for dataset_consumes_1 to None, run_after=None
[2023-07-11T23:45:08.063+0000] {logging_mixin.py:150} INFO - [2023-07-11T23:45:08.062+0000] {dag.py:3508} INFO - Setting next_dagrun for dataset_consumes_1_and_2 to None, run_after=None
[2023-07-11T23:45:08.063+0000] {logging_mixin.py:150} INFO - [2023-07-11T23:45:08.063+0000] {dag.py:3508} INFO - Setting next_dagrun for dataset_consumes_1_never_scheduled to None, run_after=None
[2023-07-11T23:45:08.064+0000] {logging_mixin.py:150} INFO - [2023-07-11T23:45:08.064+0000] {dag.py:3508} INFO - Setting next_dagrun for dataset_consumes_unknown_never_scheduled to None, run_after=None
[2023-07-11T23:45:08.066+0000] {logging_mixin.py:150} INFO - [2023-07-11T23:45:08.066+0000] {dag.py:3508} INFO - Setting next_dagrun for dataset_produces_1 to 2023-07-10T00:00:00+00:00, run_after=2023-07-11T00:00:00+00:00
[2023-07-11T23:45:08.067+0000] {logging_mixin.py:150} INFO - [2023-07-11T23:45:08.067+0000] {dag.py:3508} INFO - Setting next_dagrun for dataset_produces_2 to None, run_after=None
[2023-07-11T23:45:08.088+0000] {processor.py:179} INFO - Processing /home/airflow/.local/lib/python3.7/site-packages/airflow/example_dags/example_datasets.py took 0.082 seconds
[2023-07-11T23:45:39.026+0000] {processor.py:157} INFO - Started process (PID=1450) to work on /home/airflow/.local/lib/python3.7/site-packages/airflow/example_dags/example_datasets.py
[2023-07-11T23:45:39.027+0000] {processor.py:826} INFO - Processing file /home/airflow/.local/lib/python3.7/site-packages/airflow/example_dags/example_datasets.py for tasks to queue
[2023-07-11T23:45:39.027+0000] {logging_mixin.py:150} INFO - [2023-07-11T23:45:39.027+0000] {dagbag.py:541} INFO - Filling up the DagBag from /home/airflow/.local/lib/python3.7/site-packages/airflow/example_dags/example_datasets.py
[2023-07-11T23:45:39.033+0000] {processor.py:836} INFO - DAG(s) dict_keys(['dataset_consumes_1', 'dataset_produces_1', 'dataset_consumes_1_and_2', 'dataset_consumes_1_never_scheduled', 'dataset_consumes_unknown_never_scheduled', 'dataset_produces_2']) retrieved from /home/airflow/.local/lib/python3.7/site-packages/airflow/example_dags/example_datasets.py
[2023-07-11T23:45:39.055+0000] {logging_mixin.py:150} INFO - [2023-07-11T23:45:39.055+0000] {dag.py:2742} INFO - Sync 6 DAGs
[2023-07-11T23:45:39.072+0000] {logging_mixin.py:150} INFO - [2023-07-11T23:45:39.072+0000] {dag.py:3508} INFO - Setting next_dagrun for dataset_consumes_1 to None, run_after=None
[2023-07-11T23:45:39.074+0000] {logging_mixin.py:150} INFO - [2023-07-11T23:45:39.074+0000] {dag.py:3508} INFO - Setting next_dagrun for dataset_consumes_1_and_2 to None, run_after=None
[2023-07-11T23:45:39.074+0000] {logging_mixin.py:150} INFO - [2023-07-11T23:45:39.074+0000] {dag.py:3508} INFO - Setting next_dagrun for dataset_consumes_1_never_scheduled to None, run_after=None
[2023-07-11T23:45:39.075+0000] {logging_mixin.py:150} INFO - [2023-07-11T23:45:39.075+0000] {dag.py:3508} INFO - Setting next_dagrun for dataset_consumes_unknown_never_scheduled to None, run_after=None
[2023-07-11T23:45:39.077+0000] {logging_mixin.py:150} INFO - [2023-07-11T23:45:39.077+0000] {dag.py:3508} INFO - Setting next_dagrun for dataset_produces_1 to 2023-07-10T00:00:00+00:00, run_after=2023-07-11T00:00:00+00:00
[2023-07-11T23:45:39.077+0000] {logging_mixin.py:150} INFO - [2023-07-11T23:45:39.077+0000] {dag.py:3508} INFO - Setting next_dagrun for dataset_produces_2 to None, run_after=None
[2023-07-11T23:45:39.096+0000] {processor.py:179} INFO - Processing /home/airflow/.local/lib/python3.7/site-packages/airflow/example_dags/example_datasets.py took 0.072 seconds
[2023-07-11T23:46:09.220+0000] {processor.py:157} INFO - Started process (PID=1520) to work on /home/airflow/.local/lib/python3.7/site-packages/airflow/example_dags/example_datasets.py
[2023-07-11T23:46:09.221+0000] {processor.py:826} INFO - Processing file /home/airflow/.local/lib/python3.7/site-packages/airflow/example_dags/example_datasets.py for tasks to queue
[2023-07-11T23:46:09.221+0000] {logging_mixin.py:150} INFO - [2023-07-11T23:46:09.221+0000] {dagbag.py:541} INFO - Filling up the DagBag from /home/airflow/.local/lib/python3.7/site-packages/airflow/example_dags/example_datasets.py
[2023-07-11T23:46:09.227+0000] {processor.py:836} INFO - DAG(s) dict_keys(['dataset_consumes_1_and_2', 'dataset_consumes_1_never_scheduled', 'dataset_produces_2', 'dataset_consumes_unknown_never_scheduled', 'dataset_produces_1', 'dataset_consumes_1']) retrieved from /home/airflow/.local/lib/python3.7/site-packages/airflow/example_dags/example_datasets.py
[2023-07-11T23:46:09.251+0000] {logging_mixin.py:150} INFO - [2023-07-11T23:46:09.251+0000] {dag.py:2742} INFO - Sync 6 DAGs
[2023-07-11T23:46:09.269+0000] {logging_mixin.py:150} INFO - [2023-07-11T23:46:09.269+0000] {dag.py:3508} INFO - Setting next_dagrun for dataset_consumes_1 to None, run_after=None
[2023-07-11T23:46:09.272+0000] {logging_mixin.py:150} INFO - [2023-07-11T23:46:09.272+0000] {dag.py:3508} INFO - Setting next_dagrun for dataset_consumes_1_and_2 to None, run_after=None
[2023-07-11T23:46:09.273+0000] {logging_mixin.py:150} INFO - [2023-07-11T23:46:09.273+0000] {dag.py:3508} INFO - Setting next_dagrun for dataset_consumes_1_never_scheduled to None, run_after=None
[2023-07-11T23:46:09.273+0000] {logging_mixin.py:150} INFO - [2023-07-11T23:46:09.273+0000] {dag.py:3508} INFO - Setting next_dagrun for dataset_consumes_unknown_never_scheduled to None, run_after=None
[2023-07-11T23:46:09.275+0000] {logging_mixin.py:150} INFO - [2023-07-11T23:46:09.275+0000] {dag.py:3508} INFO - Setting next_dagrun for dataset_produces_1 to 2023-07-10T00:00:00+00:00, run_after=2023-07-11T00:00:00+00:00
[2023-07-11T23:46:09.276+0000] {logging_mixin.py:150} INFO - [2023-07-11T23:46:09.276+0000] {dag.py:3508} INFO - Setting next_dagrun for dataset_produces_2 to None, run_after=None
[2023-07-11T23:46:09.296+0000] {processor.py:179} INFO - Processing /home/airflow/.local/lib/python3.7/site-packages/airflow/example_dags/example_datasets.py took 0.077 seconds
[2023-07-11T23:46:39.322+0000] {processor.py:157} INFO - Started process (PID=1590) to work on /home/airflow/.local/lib/python3.7/site-packages/airflow/example_dags/example_datasets.py
[2023-07-11T23:46:39.323+0000] {processor.py:826} INFO - Processing file /home/airflow/.local/lib/python3.7/site-packages/airflow/example_dags/example_datasets.py for tasks to queue
[2023-07-11T23:46:39.323+0000] {logging_mixin.py:150} INFO - [2023-07-11T23:46:39.323+0000] {dagbag.py:541} INFO - Filling up the DagBag from /home/airflow/.local/lib/python3.7/site-packages/airflow/example_dags/example_datasets.py
[2023-07-11T23:46:39.329+0000] {processor.py:836} INFO - DAG(s) dict_keys(['dataset_consumes_1_and_2', 'dataset_produces_1', 'dataset_consumes_unknown_never_scheduled', 'dataset_consumes_1_never_scheduled', 'dataset_consumes_1', 'dataset_produces_2']) retrieved from /home/airflow/.local/lib/python3.7/site-packages/airflow/example_dags/example_datasets.py
[2023-07-11T23:46:39.351+0000] {logging_mixin.py:150} INFO - [2023-07-11T23:46:39.351+0000] {dag.py:2742} INFO - Sync 6 DAGs
[2023-07-11T23:46:39.368+0000] {logging_mixin.py:150} INFO - [2023-07-11T23:46:39.368+0000] {dag.py:3508} INFO - Setting next_dagrun for dataset_consumes_1 to None, run_after=None
[2023-07-11T23:46:39.370+0000] {logging_mixin.py:150} INFO - [2023-07-11T23:46:39.370+0000] {dag.py:3508} INFO - Setting next_dagrun for dataset_consumes_1_and_2 to None, run_after=None
[2023-07-11T23:46:39.371+0000] {logging_mixin.py:150} INFO - [2023-07-11T23:46:39.371+0000] {dag.py:3508} INFO - Setting next_dagrun for dataset_consumes_1_never_scheduled to None, run_after=None
[2023-07-11T23:46:39.372+0000] {logging_mixin.py:150} INFO - [2023-07-11T23:46:39.372+0000] {dag.py:3508} INFO - Setting next_dagrun for dataset_consumes_unknown_never_scheduled to None, run_after=None
[2023-07-11T23:46:39.373+0000] {logging_mixin.py:150} INFO - [2023-07-11T23:46:39.373+0000] {dag.py:3508} INFO - Setting next_dagrun for dataset_produces_1 to 2023-07-10T00:00:00+00:00, run_after=2023-07-11T00:00:00+00:00
[2023-07-11T23:46:39.374+0000] {logging_mixin.py:150} INFO - [2023-07-11T23:46:39.374+0000] {dag.py:3508} INFO - Setting next_dagrun for dataset_produces_2 to None, run_after=None
[2023-07-11T23:46:39.393+0000] {processor.py:179} INFO - Processing /home/airflow/.local/lib/python3.7/site-packages/airflow/example_dags/example_datasets.py took 0.072 seconds
[2023-07-11T23:47:09.674+0000] {processor.py:157} INFO - Started process (PID=1660) to work on /home/airflow/.local/lib/python3.7/site-packages/airflow/example_dags/example_datasets.py
[2023-07-11T23:47:09.674+0000] {processor.py:826} INFO - Processing file /home/airflow/.local/lib/python3.7/site-packages/airflow/example_dags/example_datasets.py for tasks to queue
[2023-07-11T23:47:09.675+0000] {logging_mixin.py:150} INFO - [2023-07-11T23:47:09.674+0000] {dagbag.py:541} INFO - Filling up the DagBag from /home/airflow/.local/lib/python3.7/site-packages/airflow/example_dags/example_datasets.py
[2023-07-11T23:47:09.680+0000] {processor.py:836} INFO - DAG(s) dict_keys(['dataset_consumes_unknown_never_scheduled', 'dataset_produces_2', 'dataset_consumes_1_never_scheduled', 'dataset_produces_1', 'dataset_consumes_1', 'dataset_consumes_1_and_2']) retrieved from /home/airflow/.local/lib/python3.7/site-packages/airflow/example_dags/example_datasets.py
[2023-07-11T23:47:09.703+0000] {logging_mixin.py:150} INFO - [2023-07-11T23:47:09.703+0000] {dag.py:2742} INFO - Sync 6 DAGs
[2023-07-11T23:47:09.721+0000] {logging_mixin.py:150} INFO - [2023-07-11T23:47:09.720+0000] {dag.py:3508} INFO - Setting next_dagrun for dataset_consumes_1 to None, run_after=None
[2023-07-11T23:47:09.722+0000] {logging_mixin.py:150} INFO - [2023-07-11T23:47:09.722+0000] {dag.py:3508} INFO - Setting next_dagrun for dataset_consumes_1_and_2 to None, run_after=None
[2023-07-11T23:47:09.723+0000] {logging_mixin.py:150} INFO - [2023-07-11T23:47:09.723+0000] {dag.py:3508} INFO - Setting next_dagrun for dataset_consumes_1_never_scheduled to None, run_after=None
[2023-07-11T23:47:09.724+0000] {logging_mixin.py:150} INFO - [2023-07-11T23:47:09.724+0000] {dag.py:3508} INFO - Setting next_dagrun for dataset_consumes_unknown_never_scheduled to None, run_after=None
[2023-07-11T23:47:09.726+0000] {logging_mixin.py:150} INFO - [2023-07-11T23:47:09.725+0000] {dag.py:3508} INFO - Setting next_dagrun for dataset_produces_1 to 2023-07-10T00:00:00+00:00, run_after=2023-07-11T00:00:00+00:00
[2023-07-11T23:47:09.726+0000] {logging_mixin.py:150} INFO - [2023-07-11T23:47:09.726+0000] {dag.py:3508} INFO - Setting next_dagrun for dataset_produces_2 to None, run_after=None
[2023-07-11T23:47:09.745+0000] {processor.py:179} INFO - Processing /home/airflow/.local/lib/python3.7/site-packages/airflow/example_dags/example_datasets.py took 0.073 seconds
