[2023-07-11T23:35:32.008+0000] {processor.py:157} INFO - Started process (PID=47) to work on /home/airflow/.local/lib/python3.7/site-packages/airflow/example_dags/example_task_group_decorator.py
[2023-07-11T23:35:32.009+0000] {processor.py:826} INFO - Processing file /home/airflow/.local/lib/python3.7/site-packages/airflow/example_dags/example_task_group_decorator.py for tasks to queue
[2023-07-11T23:35:32.010+0000] {logging_mixin.py:150} INFO - [2023-07-11T23:35:32.009+0000] {dagbag.py:541} INFO - Filling up the DagBag from /home/airflow/.local/lib/python3.7/site-packages/airflow/example_dags/example_task_group_decorator.py
[2023-07-11T23:35:32.024+0000] {processor.py:836} INFO - DAG(s) dict_keys(['example_task_group_decorator']) retrieved from /home/airflow/.local/lib/python3.7/site-packages/airflow/example_dags/example_task_group_decorator.py
[2023-07-11T23:35:32.032+0000] {logging_mixin.py:150} INFO - [2023-07-11T23:35:32.032+0000] {dag.py:2742} INFO - Sync 1 DAGs
[2023-07-11T23:35:32.056+0000] {logging_mixin.py:150} INFO - [2023-07-11T23:35:32.056+0000] {dag.py:3508} INFO - Setting next_dagrun for example_task_group_decorator to 2023-07-10T23:35:32.056539+00:00, run_after=2023-07-11T23:35:32.056539+00:00
[2023-07-11T23:35:32.075+0000] {processor.py:179} INFO - Processing /home/airflow/.local/lib/python3.7/site-packages/airflow/example_dags/example_task_group_decorator.py took 0.069 seconds
[2023-07-11T23:36:02.621+0000] {processor.py:157} INFO - Started process (PID=117) to work on /home/airflow/.local/lib/python3.7/site-packages/airflow/example_dags/example_task_group_decorator.py
[2023-07-11T23:36:02.622+0000] {processor.py:826} INFO - Processing file /home/airflow/.local/lib/python3.7/site-packages/airflow/example_dags/example_task_group_decorator.py for tasks to queue
[2023-07-11T23:36:02.622+0000] {logging_mixin.py:150} INFO - [2023-07-11T23:36:02.622+0000] {dagbag.py:541} INFO - Filling up the DagBag from /home/airflow/.local/lib/python3.7/site-packages/airflow/example_dags/example_task_group_decorator.py
[2023-07-11T23:36:02.631+0000] {processor.py:836} INFO - DAG(s) dict_keys(['example_task_group_decorator']) retrieved from /home/airflow/.local/lib/python3.7/site-packages/airflow/example_dags/example_task_group_decorator.py
[2023-07-11T23:36:02.651+0000] {logging_mixin.py:150} INFO - [2023-07-11T23:36:02.651+0000] {dag.py:2742} INFO - Sync 1 DAGs
[2023-07-11T23:36:02.669+0000] {logging_mixin.py:150} INFO - [2023-07-11T23:36:02.669+0000] {dag.py:3508} INFO - Setting next_dagrun for example_task_group_decorator to 2023-07-10T23:36:02.669470+00:00, run_after=2023-07-11T23:36:02.669470+00:00
[2023-07-11T23:36:02.682+0000] {processor.py:179} INFO - Processing /home/airflow/.local/lib/python3.7/site-packages/airflow/example_dags/example_task_group_decorator.py took 0.063 seconds
[2023-07-11T23:36:32.765+0000] {processor.py:157} INFO - Started process (PID=187) to work on /home/airflow/.local/lib/python3.7/site-packages/airflow/example_dags/example_task_group_decorator.py
[2023-07-11T23:36:32.766+0000] {processor.py:826} INFO - Processing file /home/airflow/.local/lib/python3.7/site-packages/airflow/example_dags/example_task_group_decorator.py for tasks to queue
[2023-07-11T23:36:32.766+0000] {logging_mixin.py:150} INFO - [2023-07-11T23:36:32.766+0000] {dagbag.py:541} INFO - Filling up the DagBag from /home/airflow/.local/lib/python3.7/site-packages/airflow/example_dags/example_task_group_decorator.py
[2023-07-11T23:36:32.776+0000] {processor.py:836} INFO - DAG(s) dict_keys(['example_task_group_decorator']) retrieved from /home/airflow/.local/lib/python3.7/site-packages/airflow/example_dags/example_task_group_decorator.py
[2023-07-11T23:36:32.795+0000] {logging_mixin.py:150} INFO - [2023-07-11T23:36:32.795+0000] {dag.py:2742} INFO - Sync 1 DAGs
[2023-07-11T23:36:32.813+0000] {logging_mixin.py:150} INFO - [2023-07-11T23:36:32.813+0000] {dag.py:3508} INFO - Setting next_dagrun for example_task_group_decorator to 2023-07-10T23:36:32.813448+00:00, run_after=2023-07-11T23:36:32.813448+00:00
[2023-07-11T23:36:32.826+0000] {processor.py:179} INFO - Processing /home/airflow/.local/lib/python3.7/site-packages/airflow/example_dags/example_task_group_decorator.py took 0.063 seconds
[2023-07-11T23:37:02.933+0000] {processor.py:157} INFO - Started process (PID=257) to work on /home/airflow/.local/lib/python3.7/site-packages/airflow/example_dags/example_task_group_decorator.py
[2023-07-11T23:37:02.933+0000] {processor.py:826} INFO - Processing file /home/airflow/.local/lib/python3.7/site-packages/airflow/example_dags/example_task_group_decorator.py for tasks to queue
[2023-07-11T23:37:02.934+0000] {logging_mixin.py:150} INFO - [2023-07-11T23:37:02.934+0000] {dagbag.py:541} INFO - Filling up the DagBag from /home/airflow/.local/lib/python3.7/site-packages/airflow/example_dags/example_task_group_decorator.py
[2023-07-11T23:37:02.944+0000] {processor.py:836} INFO - DAG(s) dict_keys(['example_task_group_decorator']) retrieved from /home/airflow/.local/lib/python3.7/site-packages/airflow/example_dags/example_task_group_decorator.py
[2023-07-11T23:37:02.962+0000] {logging_mixin.py:150} INFO - [2023-07-11T23:37:02.962+0000] {dag.py:2742} INFO - Sync 1 DAGs
[2023-07-11T23:37:02.980+0000] {logging_mixin.py:150} INFO - [2023-07-11T23:37:02.980+0000] {dag.py:3508} INFO - Setting next_dagrun for example_task_group_decorator to 2023-07-10T23:37:02.980452+00:00, run_after=2023-07-11T23:37:02.980452+00:00
[2023-07-11T23:37:02.993+0000] {processor.py:179} INFO - Processing /home/airflow/.local/lib/python3.7/site-packages/airflow/example_dags/example_task_group_decorator.py took 0.062 seconds
[2023-07-11T23:37:33.044+0000] {processor.py:157} INFO - Started process (PID=327) to work on /home/airflow/.local/lib/python3.7/site-packages/airflow/example_dags/example_task_group_decorator.py
[2023-07-11T23:37:33.044+0000] {processor.py:826} INFO - Processing file /home/airflow/.local/lib/python3.7/site-packages/airflow/example_dags/example_task_group_decorator.py for tasks to queue
[2023-07-11T23:37:33.045+0000] {logging_mixin.py:150} INFO - [2023-07-11T23:37:33.045+0000] {dagbag.py:541} INFO - Filling up the DagBag from /home/airflow/.local/lib/python3.7/site-packages/airflow/example_dags/example_task_group_decorator.py
[2023-07-11T23:37:33.057+0000] {processor.py:836} INFO - DAG(s) dict_keys(['example_task_group_decorator']) retrieved from /home/airflow/.local/lib/python3.7/site-packages/airflow/example_dags/example_task_group_decorator.py
[2023-07-11T23:37:33.076+0000] {logging_mixin.py:150} INFO - [2023-07-11T23:37:33.076+0000] {dag.py:2742} INFO - Sync 1 DAGs
[2023-07-11T23:37:33.095+0000] {logging_mixin.py:150} INFO - [2023-07-11T23:37:33.094+0000] {dag.py:3508} INFO - Setting next_dagrun for example_task_group_decorator to 2023-07-10T23:37:33.094692+00:00, run_after=2023-07-11T23:37:33.094692+00:00
[2023-07-11T23:37:33.107+0000] {processor.py:179} INFO - Processing /home/airflow/.local/lib/python3.7/site-packages/airflow/example_dags/example_task_group_decorator.py took 0.066 seconds
[2023-07-11T23:38:03.206+0000] {processor.py:157} INFO - Started process (PID=397) to work on /home/airflow/.local/lib/python3.7/site-packages/airflow/example_dags/example_task_group_decorator.py
[2023-07-11T23:38:03.207+0000] {processor.py:826} INFO - Processing file /home/airflow/.local/lib/python3.7/site-packages/airflow/example_dags/example_task_group_decorator.py for tasks to queue
[2023-07-11T23:38:03.207+0000] {logging_mixin.py:150} INFO - [2023-07-11T23:38:03.207+0000] {dagbag.py:541} INFO - Filling up the DagBag from /home/airflow/.local/lib/python3.7/site-packages/airflow/example_dags/example_task_group_decorator.py
[2023-07-11T23:38:03.217+0000] {processor.py:836} INFO - DAG(s) dict_keys(['example_task_group_decorator']) retrieved from /home/airflow/.local/lib/python3.7/site-packages/airflow/example_dags/example_task_group_decorator.py
[2023-07-11T23:38:03.237+0000] {logging_mixin.py:150} INFO - [2023-07-11T23:38:03.237+0000] {dag.py:2742} INFO - Sync 1 DAGs
[2023-07-11T23:38:03.256+0000] {logging_mixin.py:150} INFO - [2023-07-11T23:38:03.256+0000] {dag.py:3508} INFO - Setting next_dagrun for example_task_group_decorator to 2023-07-10T23:38:03.256060+00:00, run_after=2023-07-11T23:38:03.256060+00:00
[2023-07-11T23:38:03.272+0000] {processor.py:179} INFO - Processing /home/airflow/.local/lib/python3.7/site-packages/airflow/example_dags/example_task_group_decorator.py took 0.068 seconds
[2023-07-11T23:38:33.723+0000] {processor.py:157} INFO - Started process (PID=467) to work on /home/airflow/.local/lib/python3.7/site-packages/airflow/example_dags/example_task_group_decorator.py
[2023-07-11T23:38:33.724+0000] {processor.py:826} INFO - Processing file /home/airflow/.local/lib/python3.7/site-packages/airflow/example_dags/example_task_group_decorator.py for tasks to queue
[2023-07-11T23:38:33.725+0000] {logging_mixin.py:150} INFO - [2023-07-11T23:38:33.724+0000] {dagbag.py:541} INFO - Filling up the DagBag from /home/airflow/.local/lib/python3.7/site-packages/airflow/example_dags/example_task_group_decorator.py
[2023-07-11T23:38:33.735+0000] {processor.py:836} INFO - DAG(s) dict_keys(['example_task_group_decorator']) retrieved from /home/airflow/.local/lib/python3.7/site-packages/airflow/example_dags/example_task_group_decorator.py
[2023-07-11T23:38:33.756+0000] {logging_mixin.py:150} INFO - [2023-07-11T23:38:33.756+0000] {dag.py:2742} INFO - Sync 1 DAGs
[2023-07-11T23:38:33.775+0000] {logging_mixin.py:150} INFO - [2023-07-11T23:38:33.774+0000] {dag.py:3508} INFO - Setting next_dagrun for example_task_group_decorator to 2023-07-10T23:38:33.774712+00:00, run_after=2023-07-11T23:38:33.774712+00:00
[2023-07-11T23:38:33.787+0000] {processor.py:179} INFO - Processing /home/airflow/.local/lib/python3.7/site-packages/airflow/example_dags/example_task_group_decorator.py took 0.066 seconds
[2023-07-11T23:39:03.810+0000] {processor.py:157} INFO - Started process (PID=537) to work on /home/airflow/.local/lib/python3.7/site-packages/airflow/example_dags/example_task_group_decorator.py
[2023-07-11T23:39:03.810+0000] {processor.py:826} INFO - Processing file /home/airflow/.local/lib/python3.7/site-packages/airflow/example_dags/example_task_group_decorator.py for tasks to queue
[2023-07-11T23:39:03.810+0000] {logging_mixin.py:150} INFO - [2023-07-11T23:39:03.810+0000] {dagbag.py:541} INFO - Filling up the DagBag from /home/airflow/.local/lib/python3.7/site-packages/airflow/example_dags/example_task_group_decorator.py
[2023-07-11T23:39:03.821+0000] {processor.py:836} INFO - DAG(s) dict_keys(['example_task_group_decorator']) retrieved from /home/airflow/.local/lib/python3.7/site-packages/airflow/example_dags/example_task_group_decorator.py
[2023-07-11T23:39:03.840+0000] {logging_mixin.py:150} INFO - [2023-07-11T23:39:03.840+0000] {dag.py:2742} INFO - Sync 1 DAGs
[2023-07-11T23:39:03.859+0000] {logging_mixin.py:150} INFO - [2023-07-11T23:39:03.859+0000] {dag.py:3508} INFO - Setting next_dagrun for example_task_group_decorator to 2023-07-10T23:39:03.859138+00:00, run_after=2023-07-11T23:39:03.859138+00:00
[2023-07-11T23:39:03.873+0000] {processor.py:179} INFO - Processing /home/airflow/.local/lib/python3.7/site-packages/airflow/example_dags/example_task_group_decorator.py took 0.065 seconds
[2023-07-11T23:39:34.098+0000] {processor.py:157} INFO - Started process (PID=607) to work on /home/airflow/.local/lib/python3.7/site-packages/airflow/example_dags/example_task_group_decorator.py
[2023-07-11T23:39:34.098+0000] {processor.py:826} INFO - Processing file /home/airflow/.local/lib/python3.7/site-packages/airflow/example_dags/example_task_group_decorator.py for tasks to queue
[2023-07-11T23:39:34.099+0000] {logging_mixin.py:150} INFO - [2023-07-11T23:39:34.099+0000] {dagbag.py:541} INFO - Filling up the DagBag from /home/airflow/.local/lib/python3.7/site-packages/airflow/example_dags/example_task_group_decorator.py
[2023-07-11T23:39:34.109+0000] {processor.py:836} INFO - DAG(s) dict_keys(['example_task_group_decorator']) retrieved from /home/airflow/.local/lib/python3.7/site-packages/airflow/example_dags/example_task_group_decorator.py
[2023-07-11T23:39:34.127+0000] {logging_mixin.py:150} INFO - [2023-07-11T23:39:34.126+0000] {dag.py:2742} INFO - Sync 1 DAGs
[2023-07-11T23:39:34.144+0000] {logging_mixin.py:150} INFO - [2023-07-11T23:39:34.144+0000] {dag.py:3508} INFO - Setting next_dagrun for example_task_group_decorator to 2023-07-10T23:39:34.143942+00:00, run_after=2023-07-11T23:39:34.143942+00:00
[2023-07-11T23:39:34.157+0000] {processor.py:179} INFO - Processing /home/airflow/.local/lib/python3.7/site-packages/airflow/example_dags/example_task_group_decorator.py took 0.061 seconds
[2023-07-11T23:40:04.459+0000] {processor.py:157} INFO - Started process (PID=677) to work on /home/airflow/.local/lib/python3.7/site-packages/airflow/example_dags/example_task_group_decorator.py
[2023-07-11T23:40:04.459+0000] {processor.py:826} INFO - Processing file /home/airflow/.local/lib/python3.7/site-packages/airflow/example_dags/example_task_group_decorator.py for tasks to queue
[2023-07-11T23:40:04.460+0000] {logging_mixin.py:150} INFO - [2023-07-11T23:40:04.460+0000] {dagbag.py:541} INFO - Filling up the DagBag from /home/airflow/.local/lib/python3.7/site-packages/airflow/example_dags/example_task_group_decorator.py
[2023-07-11T23:40:04.470+0000] {processor.py:836} INFO - DAG(s) dict_keys(['example_task_group_decorator']) retrieved from /home/airflow/.local/lib/python3.7/site-packages/airflow/example_dags/example_task_group_decorator.py
[2023-07-11T23:40:04.488+0000] {logging_mixin.py:150} INFO - [2023-07-11T23:40:04.488+0000] {dag.py:2742} INFO - Sync 1 DAGs
[2023-07-11T23:40:04.506+0000] {logging_mixin.py:150} INFO - [2023-07-11T23:40:04.505+0000] {dag.py:3508} INFO - Setting next_dagrun for example_task_group_decorator to 2023-07-10T23:40:04.505820+00:00, run_after=2023-07-11T23:40:04.505820+00:00
[2023-07-11T23:40:04.518+0000] {processor.py:179} INFO - Processing /home/airflow/.local/lib/python3.7/site-packages/airflow/example_dags/example_task_group_decorator.py took 0.061 seconds
[2023-07-11T23:40:34.948+0000] {processor.py:157} INFO - Started process (PID=747) to work on /home/airflow/.local/lib/python3.7/site-packages/airflow/example_dags/example_task_group_decorator.py
[2023-07-11T23:40:34.948+0000] {processor.py:826} INFO - Processing file /home/airflow/.local/lib/python3.7/site-packages/airflow/example_dags/example_task_group_decorator.py for tasks to queue
[2023-07-11T23:40:34.949+0000] {logging_mixin.py:150} INFO - [2023-07-11T23:40:34.949+0000] {dagbag.py:541} INFO - Filling up the DagBag from /home/airflow/.local/lib/python3.7/site-packages/airflow/example_dags/example_task_group_decorator.py
[2023-07-11T23:40:34.960+0000] {processor.py:836} INFO - DAG(s) dict_keys(['example_task_group_decorator']) retrieved from /home/airflow/.local/lib/python3.7/site-packages/airflow/example_dags/example_task_group_decorator.py
[2023-07-11T23:40:34.981+0000] {logging_mixin.py:150} INFO - [2023-07-11T23:40:34.981+0000] {dag.py:2742} INFO - Sync 1 DAGs
[2023-07-11T23:40:35.003+0000] {logging_mixin.py:150} INFO - [2023-07-11T23:40:35.003+0000] {dag.py:3508} INFO - Setting next_dagrun for example_task_group_decorator to 2023-07-10T23:40:35.003397+00:00, run_after=2023-07-11T23:40:35.003397+00:00
[2023-07-11T23:40:35.018+0000] {processor.py:179} INFO - Processing /home/airflow/.local/lib/python3.7/site-packages/airflow/example_dags/example_task_group_decorator.py took 0.073 seconds
[2023-07-11T23:41:05.204+0000] {processor.py:157} INFO - Started process (PID=817) to work on /home/airflow/.local/lib/python3.7/site-packages/airflow/example_dags/example_task_group_decorator.py
[2023-07-11T23:41:05.205+0000] {processor.py:826} INFO - Processing file /home/airflow/.local/lib/python3.7/site-packages/airflow/example_dags/example_task_group_decorator.py for tasks to queue
[2023-07-11T23:41:05.205+0000] {logging_mixin.py:150} INFO - [2023-07-11T23:41:05.205+0000] {dagbag.py:541} INFO - Filling up the DagBag from /home/airflow/.local/lib/python3.7/site-packages/airflow/example_dags/example_task_group_decorator.py
[2023-07-11T23:41:05.217+0000] {processor.py:836} INFO - DAG(s) dict_keys(['example_task_group_decorator']) retrieved from /home/airflow/.local/lib/python3.7/site-packages/airflow/example_dags/example_task_group_decorator.py
[2023-07-11T23:41:05.240+0000] {logging_mixin.py:150} INFO - [2023-07-11T23:41:05.240+0000] {dag.py:2742} INFO - Sync 1 DAGs
[2023-07-11T23:41:05.262+0000] {logging_mixin.py:150} INFO - [2023-07-11T23:41:05.261+0000] {dag.py:3508} INFO - Setting next_dagrun for example_task_group_decorator to 2023-07-10T23:41:05.261676+00:00, run_after=2023-07-11T23:41:05.261676+00:00
[2023-07-11T23:41:05.276+0000] {processor.py:179} INFO - Processing /home/airflow/.local/lib/python3.7/site-packages/airflow/example_dags/example_task_group_decorator.py took 0.075 seconds
[2023-07-11T23:41:35.440+0000] {processor.py:157} INFO - Started process (PID=887) to work on /home/airflow/.local/lib/python3.7/site-packages/airflow/example_dags/example_task_group_decorator.py
[2023-07-11T23:41:35.441+0000] {processor.py:826} INFO - Processing file /home/airflow/.local/lib/python3.7/site-packages/airflow/example_dags/example_task_group_decorator.py for tasks to queue
[2023-07-11T23:41:35.441+0000] {logging_mixin.py:150} INFO - [2023-07-11T23:41:35.441+0000] {dagbag.py:541} INFO - Filling up the DagBag from /home/airflow/.local/lib/python3.7/site-packages/airflow/example_dags/example_task_group_decorator.py
[2023-07-11T23:41:35.453+0000] {processor.py:836} INFO - DAG(s) dict_keys(['example_task_group_decorator']) retrieved from /home/airflow/.local/lib/python3.7/site-packages/airflow/example_dags/example_task_group_decorator.py
[2023-07-11T23:41:35.476+0000] {logging_mixin.py:150} INFO - [2023-07-11T23:41:35.476+0000] {dag.py:2742} INFO - Sync 1 DAGs
[2023-07-11T23:41:35.498+0000] {logging_mixin.py:150} INFO - [2023-07-11T23:41:35.497+0000] {dag.py:3508} INFO - Setting next_dagrun for example_task_group_decorator to 2023-07-10T23:41:35.497721+00:00, run_after=2023-07-11T23:41:35.497721+00:00
[2023-07-11T23:41:35.512+0000] {processor.py:179} INFO - Processing /home/airflow/.local/lib/python3.7/site-packages/airflow/example_dags/example_task_group_decorator.py took 0.074 seconds
[2023-07-11T23:42:05.585+0000] {processor.py:157} INFO - Started process (PID=957) to work on /home/airflow/.local/lib/python3.7/site-packages/airflow/example_dags/example_task_group_decorator.py
[2023-07-11T23:42:05.586+0000] {processor.py:826} INFO - Processing file /home/airflow/.local/lib/python3.7/site-packages/airflow/example_dags/example_task_group_decorator.py for tasks to queue
[2023-07-11T23:42:05.586+0000] {logging_mixin.py:150} INFO - [2023-07-11T23:42:05.586+0000] {dagbag.py:541} INFO - Filling up the DagBag from /home/airflow/.local/lib/python3.7/site-packages/airflow/example_dags/example_task_group_decorator.py
[2023-07-11T23:42:05.596+0000] {processor.py:836} INFO - DAG(s) dict_keys(['example_task_group_decorator']) retrieved from /home/airflow/.local/lib/python3.7/site-packages/airflow/example_dags/example_task_group_decorator.py
[2023-07-11T23:42:05.615+0000] {logging_mixin.py:150} INFO - [2023-07-11T23:42:05.615+0000] {dag.py:2742} INFO - Sync 1 DAGs
[2023-07-11T23:42:05.635+0000] {logging_mixin.py:150} INFO - [2023-07-11T23:42:05.635+0000] {dag.py:3508} INFO - Setting next_dagrun for example_task_group_decorator to 2023-07-10T23:42:05.634934+00:00, run_after=2023-07-11T23:42:05.634934+00:00
[2023-07-11T23:42:05.648+0000] {processor.py:179} INFO - Processing /home/airflow/.local/lib/python3.7/site-packages/airflow/example_dags/example_task_group_decorator.py took 0.065 seconds
[2023-07-11T23:42:35.923+0000] {processor.py:157} INFO - Started process (PID=1027) to work on /home/airflow/.local/lib/python3.7/site-packages/airflow/example_dags/example_task_group_decorator.py
[2023-07-11T23:42:35.924+0000] {processor.py:826} INFO - Processing file /home/airflow/.local/lib/python3.7/site-packages/airflow/example_dags/example_task_group_decorator.py for tasks to queue
[2023-07-11T23:42:35.924+0000] {logging_mixin.py:150} INFO - [2023-07-11T23:42:35.924+0000] {dagbag.py:541} INFO - Filling up the DagBag from /home/airflow/.local/lib/python3.7/site-packages/airflow/example_dags/example_task_group_decorator.py
[2023-07-11T23:42:35.936+0000] {processor.py:836} INFO - DAG(s) dict_keys(['example_task_group_decorator']) retrieved from /home/airflow/.local/lib/python3.7/site-packages/airflow/example_dags/example_task_group_decorator.py
[2023-07-11T23:42:35.959+0000] {logging_mixin.py:150} INFO - [2023-07-11T23:42:35.959+0000] {dag.py:2742} INFO - Sync 1 DAGs
[2023-07-11T23:42:35.981+0000] {logging_mixin.py:150} INFO - [2023-07-11T23:42:35.981+0000] {dag.py:3508} INFO - Setting next_dagrun for example_task_group_decorator to 2023-07-10T23:42:35.981230+00:00, run_after=2023-07-11T23:42:35.981230+00:00
[2023-07-11T23:42:35.995+0000] {processor.py:179} INFO - Processing /home/airflow/.local/lib/python3.7/site-packages/airflow/example_dags/example_task_group_decorator.py took 0.074 seconds
[2023-07-11T23:43:06.069+0000] {processor.py:157} INFO - Started process (PID=1097) to work on /home/airflow/.local/lib/python3.7/site-packages/airflow/example_dags/example_task_group_decorator.py
[2023-07-11T23:43:06.069+0000] {processor.py:826} INFO - Processing file /home/airflow/.local/lib/python3.7/site-packages/airflow/example_dags/example_task_group_decorator.py for tasks to queue
[2023-07-11T23:43:06.069+0000] {logging_mixin.py:150} INFO - [2023-07-11T23:43:06.069+0000] {dagbag.py:541} INFO - Filling up the DagBag from /home/airflow/.local/lib/python3.7/site-packages/airflow/example_dags/example_task_group_decorator.py
[2023-07-11T23:43:06.079+0000] {processor.py:836} INFO - DAG(s) dict_keys(['example_task_group_decorator']) retrieved from /home/airflow/.local/lib/python3.7/site-packages/airflow/example_dags/example_task_group_decorator.py
[2023-07-11T23:43:06.097+0000] {logging_mixin.py:150} INFO - [2023-07-11T23:43:06.096+0000] {dag.py:2742} INFO - Sync 1 DAGs
[2023-07-11T23:43:06.113+0000] {logging_mixin.py:150} INFO - [2023-07-11T23:43:06.113+0000] {dag.py:3508} INFO - Setting next_dagrun for example_task_group_decorator to 2023-07-10T23:43:06.113447+00:00, run_after=2023-07-11T23:43:06.113447+00:00
[2023-07-11T23:43:06.125+0000] {processor.py:179} INFO - Processing /home/airflow/.local/lib/python3.7/site-packages/airflow/example_dags/example_task_group_decorator.py took 0.058 seconds
[2023-07-11T23:43:36.853+0000] {processor.py:157} INFO - Started process (PID=1167) to work on /home/airflow/.local/lib/python3.7/site-packages/airflow/example_dags/example_task_group_decorator.py
[2023-07-11T23:43:36.854+0000] {processor.py:826} INFO - Processing file /home/airflow/.local/lib/python3.7/site-packages/airflow/example_dags/example_task_group_decorator.py for tasks to queue
[2023-07-11T23:43:36.854+0000] {logging_mixin.py:150} INFO - [2023-07-11T23:43:36.854+0000] {dagbag.py:541} INFO - Filling up the DagBag from /home/airflow/.local/lib/python3.7/site-packages/airflow/example_dags/example_task_group_decorator.py
[2023-07-11T23:43:36.864+0000] {processor.py:836} INFO - DAG(s) dict_keys(['example_task_group_decorator']) retrieved from /home/airflow/.local/lib/python3.7/site-packages/airflow/example_dags/example_task_group_decorator.py
[2023-07-11T23:43:36.883+0000] {logging_mixin.py:150} INFO - [2023-07-11T23:43:36.883+0000] {dag.py:2742} INFO - Sync 1 DAGs
[2023-07-11T23:43:36.901+0000] {logging_mixin.py:150} INFO - [2023-07-11T23:43:36.901+0000] {dag.py:3508} INFO - Setting next_dagrun for example_task_group_decorator to 2023-07-10T23:43:36.900991+00:00, run_after=2023-07-11T23:43:36.900991+00:00
[2023-07-11T23:43:36.913+0000] {processor.py:179} INFO - Processing /home/airflow/.local/lib/python3.7/site-packages/airflow/example_dags/example_task_group_decorator.py took 0.062 seconds
[2023-07-11T23:44:07.034+0000] {processor.py:157} INFO - Started process (PID=1237) to work on /home/airflow/.local/lib/python3.7/site-packages/airflow/example_dags/example_task_group_decorator.py
[2023-07-11T23:44:07.034+0000] {processor.py:826} INFO - Processing file /home/airflow/.local/lib/python3.7/site-packages/airflow/example_dags/example_task_group_decorator.py for tasks to queue
[2023-07-11T23:44:07.034+0000] {logging_mixin.py:150} INFO - [2023-07-11T23:44:07.034+0000] {dagbag.py:541} INFO - Filling up the DagBag from /home/airflow/.local/lib/python3.7/site-packages/airflow/example_dags/example_task_group_decorator.py
[2023-07-11T23:44:07.044+0000] {processor.py:836} INFO - DAG(s) dict_keys(['example_task_group_decorator']) retrieved from /home/airflow/.local/lib/python3.7/site-packages/airflow/example_dags/example_task_group_decorator.py
[2023-07-11T23:44:07.064+0000] {logging_mixin.py:150} INFO - [2023-07-11T23:44:07.063+0000] {dag.py:2742} INFO - Sync 1 DAGs
[2023-07-11T23:44:07.084+0000] {logging_mixin.py:150} INFO - [2023-07-11T23:44:07.084+0000] {dag.py:3508} INFO - Setting next_dagrun for example_task_group_decorator to 2023-07-10T23:44:07.084215+00:00, run_after=2023-07-11T23:44:07.084215+00:00
[2023-07-11T23:44:07.098+0000] {processor.py:179} INFO - Processing /home/airflow/.local/lib/python3.7/site-packages/airflow/example_dags/example_task_group_decorator.py took 0.066 seconds
[2023-07-11T23:44:37.491+0000] {processor.py:157} INFO - Started process (PID=1307) to work on /home/airflow/.local/lib/python3.7/site-packages/airflow/example_dags/example_task_group_decorator.py
[2023-07-11T23:44:37.492+0000] {processor.py:826} INFO - Processing file /home/airflow/.local/lib/python3.7/site-packages/airflow/example_dags/example_task_group_decorator.py for tasks to queue
[2023-07-11T23:44:37.492+0000] {logging_mixin.py:150} INFO - [2023-07-11T23:44:37.492+0000] {dagbag.py:541} INFO - Filling up the DagBag from /home/airflow/.local/lib/python3.7/site-packages/airflow/example_dags/example_task_group_decorator.py
[2023-07-11T23:44:37.502+0000] {processor.py:836} INFO - DAG(s) dict_keys(['example_task_group_decorator']) retrieved from /home/airflow/.local/lib/python3.7/site-packages/airflow/example_dags/example_task_group_decorator.py
[2023-07-11T23:44:37.520+0000] {logging_mixin.py:150} INFO - [2023-07-11T23:44:37.519+0000] {dag.py:2742} INFO - Sync 1 DAGs
[2023-07-11T23:44:37.537+0000] {logging_mixin.py:150} INFO - [2023-07-11T23:44:37.537+0000] {dag.py:3508} INFO - Setting next_dagrun for example_task_group_decorator to 2023-07-10T23:44:37.536896+00:00, run_after=2023-07-11T23:44:37.536896+00:00
[2023-07-11T23:44:37.548+0000] {processor.py:179} INFO - Processing /home/airflow/.local/lib/python3.7/site-packages/airflow/example_dags/example_task_group_decorator.py took 0.058 seconds
[2023-07-11T23:45:07.866+0000] {processor.py:157} INFO - Started process (PID=1377) to work on /home/airflow/.local/lib/python3.7/site-packages/airflow/example_dags/example_task_group_decorator.py
[2023-07-11T23:45:07.867+0000] {processor.py:826} INFO - Processing file /home/airflow/.local/lib/python3.7/site-packages/airflow/example_dags/example_task_group_decorator.py for tasks to queue
[2023-07-11T23:45:07.867+0000] {logging_mixin.py:150} INFO - [2023-07-11T23:45:07.867+0000] {dagbag.py:541} INFO - Filling up the DagBag from /home/airflow/.local/lib/python3.7/site-packages/airflow/example_dags/example_task_group_decorator.py
[2023-07-11T23:45:07.877+0000] {processor.py:836} INFO - DAG(s) dict_keys(['example_task_group_decorator']) retrieved from /home/airflow/.local/lib/python3.7/site-packages/airflow/example_dags/example_task_group_decorator.py
[2023-07-11T23:45:07.895+0000] {logging_mixin.py:150} INFO - [2023-07-11T23:45:07.895+0000] {dag.py:2742} INFO - Sync 1 DAGs
[2023-07-11T23:45:07.913+0000] {logging_mixin.py:150} INFO - [2023-07-11T23:45:07.913+0000] {dag.py:3508} INFO - Setting next_dagrun for example_task_group_decorator to 2023-07-10T23:45:07.913589+00:00, run_after=2023-07-11T23:45:07.913589+00:00
[2023-07-11T23:45:07.926+0000] {processor.py:179} INFO - Processing /home/airflow/.local/lib/python3.7/site-packages/airflow/example_dags/example_task_group_decorator.py took 0.061 seconds
[2023-07-11T23:45:37.944+0000] {processor.py:157} INFO - Started process (PID=1447) to work on /home/airflow/.local/lib/python3.7/site-packages/airflow/example_dags/example_task_group_decorator.py
[2023-07-11T23:45:37.945+0000] {processor.py:826} INFO - Processing file /home/airflow/.local/lib/python3.7/site-packages/airflow/example_dags/example_task_group_decorator.py for tasks to queue
[2023-07-11T23:45:37.945+0000] {logging_mixin.py:150} INFO - [2023-07-11T23:45:37.945+0000] {dagbag.py:541} INFO - Filling up the DagBag from /home/airflow/.local/lib/python3.7/site-packages/airflow/example_dags/example_task_group_decorator.py
[2023-07-11T23:45:37.955+0000] {processor.py:836} INFO - DAG(s) dict_keys(['example_task_group_decorator']) retrieved from /home/airflow/.local/lib/python3.7/site-packages/airflow/example_dags/example_task_group_decorator.py
[2023-07-11T23:45:37.972+0000] {logging_mixin.py:150} INFO - [2023-07-11T23:45:37.972+0000] {dag.py:2742} INFO - Sync 1 DAGs
[2023-07-11T23:45:37.990+0000] {logging_mixin.py:150} INFO - [2023-07-11T23:45:37.990+0000] {dag.py:3508} INFO - Setting next_dagrun for example_task_group_decorator to 2023-07-10T23:45:37.989915+00:00, run_after=2023-07-11T23:45:37.989915+00:00
[2023-07-11T23:45:38.001+0000] {processor.py:179} INFO - Processing /home/airflow/.local/lib/python3.7/site-packages/airflow/example_dags/example_task_group_decorator.py took 0.058 seconds
[2023-07-11T23:46:08.127+0000] {processor.py:157} INFO - Started process (PID=1517) to work on /home/airflow/.local/lib/python3.7/site-packages/airflow/example_dags/example_task_group_decorator.py
[2023-07-11T23:46:08.127+0000] {processor.py:826} INFO - Processing file /home/airflow/.local/lib/python3.7/site-packages/airflow/example_dags/example_task_group_decorator.py for tasks to queue
[2023-07-11T23:46:08.128+0000] {logging_mixin.py:150} INFO - [2023-07-11T23:46:08.128+0000] {dagbag.py:541} INFO - Filling up the DagBag from /home/airflow/.local/lib/python3.7/site-packages/airflow/example_dags/example_task_group_decorator.py
[2023-07-11T23:46:08.137+0000] {processor.py:836} INFO - DAG(s) dict_keys(['example_task_group_decorator']) retrieved from /home/airflow/.local/lib/python3.7/site-packages/airflow/example_dags/example_task_group_decorator.py
[2023-07-11T23:46:08.155+0000] {logging_mixin.py:150} INFO - [2023-07-11T23:46:08.155+0000] {dag.py:2742} INFO - Sync 1 DAGs
[2023-07-11T23:46:08.172+0000] {logging_mixin.py:150} INFO - [2023-07-11T23:46:08.172+0000] {dag.py:3508} INFO - Setting next_dagrun for example_task_group_decorator to 2023-07-10T23:46:08.172423+00:00, run_after=2023-07-11T23:46:08.172423+00:00
[2023-07-11T23:46:08.184+0000] {processor.py:179} INFO - Processing /home/airflow/.local/lib/python3.7/site-packages/airflow/example_dags/example_task_group_decorator.py took 0.059 seconds
[2023-07-11T23:46:38.222+0000] {processor.py:157} INFO - Started process (PID=1587) to work on /home/airflow/.local/lib/python3.7/site-packages/airflow/example_dags/example_task_group_decorator.py
[2023-07-11T23:46:38.223+0000] {processor.py:826} INFO - Processing file /home/airflow/.local/lib/python3.7/site-packages/airflow/example_dags/example_task_group_decorator.py for tasks to queue
[2023-07-11T23:46:38.224+0000] {logging_mixin.py:150} INFO - [2023-07-11T23:46:38.224+0000] {dagbag.py:541} INFO - Filling up the DagBag from /home/airflow/.local/lib/python3.7/site-packages/airflow/example_dags/example_task_group_decorator.py
[2023-07-11T23:46:38.234+0000] {processor.py:836} INFO - DAG(s) dict_keys(['example_task_group_decorator']) retrieved from /home/airflow/.local/lib/python3.7/site-packages/airflow/example_dags/example_task_group_decorator.py
[2023-07-11T23:46:38.251+0000] {logging_mixin.py:150} INFO - [2023-07-11T23:46:38.251+0000] {dag.py:2742} INFO - Sync 1 DAGs
[2023-07-11T23:46:38.269+0000] {logging_mixin.py:150} INFO - [2023-07-11T23:46:38.269+0000] {dag.py:3508} INFO - Setting next_dagrun for example_task_group_decorator to 2023-07-10T23:46:38.269642+00:00, run_after=2023-07-11T23:46:38.269642+00:00
[2023-07-11T23:46:38.281+0000] {processor.py:179} INFO - Processing /home/airflow/.local/lib/python3.7/site-packages/airflow/example_dags/example_task_group_decorator.py took 0.061 seconds
[2023-07-11T23:47:08.578+0000] {processor.py:157} INFO - Started process (PID=1657) to work on /home/airflow/.local/lib/python3.7/site-packages/airflow/example_dags/example_task_group_decorator.py
[2023-07-11T23:47:08.579+0000] {processor.py:826} INFO - Processing file /home/airflow/.local/lib/python3.7/site-packages/airflow/example_dags/example_task_group_decorator.py for tasks to queue
[2023-07-11T23:47:08.579+0000] {logging_mixin.py:150} INFO - [2023-07-11T23:47:08.579+0000] {dagbag.py:541} INFO - Filling up the DagBag from /home/airflow/.local/lib/python3.7/site-packages/airflow/example_dags/example_task_group_decorator.py
[2023-07-11T23:47:08.589+0000] {processor.py:836} INFO - DAG(s) dict_keys(['example_task_group_decorator']) retrieved from /home/airflow/.local/lib/python3.7/site-packages/airflow/example_dags/example_task_group_decorator.py
[2023-07-11T23:47:08.607+0000] {logging_mixin.py:150} INFO - [2023-07-11T23:47:08.607+0000] {dag.py:2742} INFO - Sync 1 DAGs
[2023-07-11T23:47:08.625+0000] {logging_mixin.py:150} INFO - [2023-07-11T23:47:08.625+0000] {dag.py:3508} INFO - Setting next_dagrun for example_task_group_decorator to 2023-07-10T23:47:08.625356+00:00, run_after=2023-07-11T23:47:08.625356+00:00
[2023-07-11T23:47:08.637+0000] {processor.py:179} INFO - Processing /home/airflow/.local/lib/python3.7/site-packages/airflow/example_dags/example_task_group_decorator.py took 0.060 seconds
