[2023-07-11T23:35:31.686+0000] {processor.py:157} INFO - Started process (PID=40) to work on /home/airflow/.local/lib/python3.7/site-packages/airflow/example_dags/example_task_group.py
[2023-07-11T23:35:31.687+0000] {processor.py:826} INFO - Processing file /home/airflow/.local/lib/python3.7/site-packages/airflow/example_dags/example_task_group.py for tasks to queue
[2023-07-11T23:35:31.687+0000] {logging_mixin.py:150} INFO - [2023-07-11T23:35:31.687+0000] {dagbag.py:541} INFO - Filling up the DagBag from /home/airflow/.local/lib/python3.7/site-packages/airflow/example_dags/example_task_group.py
[2023-07-11T23:35:31.695+0000] {processor.py:836} INFO - DAG(s) dict_keys(['example_task_group']) retrieved from /home/airflow/.local/lib/python3.7/site-packages/airflow/example_dags/example_task_group.py
[2023-07-11T23:35:31.706+0000] {logging_mixin.py:150} INFO - [2023-07-11T23:35:31.706+0000] {dag.py:2742} INFO - Sync 1 DAGs
[2023-07-11T23:35:31.731+0000] {logging_mixin.py:150} INFO - [2023-07-11T23:35:31.730+0000] {dag.py:3508} INFO - Setting next_dagrun for example_task_group to 2023-07-10T23:35:31.730464+00:00, run_after=2023-07-11T23:35:31.730464+00:00
[2023-07-11T23:35:31.753+0000] {processor.py:179} INFO - Processing /home/airflow/.local/lib/python3.7/site-packages/airflow/example_dags/example_task_group.py took 0.069 seconds
[2023-07-11T23:36:02.392+0000] {processor.py:157} INFO - Started process (PID=110) to work on /home/airflow/.local/lib/python3.7/site-packages/airflow/example_dags/example_task_group.py
[2023-07-11T23:36:02.393+0000] {processor.py:826} INFO - Processing file /home/airflow/.local/lib/python3.7/site-packages/airflow/example_dags/example_task_group.py for tasks to queue
[2023-07-11T23:36:02.394+0000] {logging_mixin.py:150} INFO - [2023-07-11T23:36:02.393+0000] {dagbag.py:541} INFO - Filling up the DagBag from /home/airflow/.local/lib/python3.7/site-packages/airflow/example_dags/example_task_group.py
[2023-07-11T23:36:02.400+0000] {processor.py:836} INFO - DAG(s) dict_keys(['example_task_group']) retrieved from /home/airflow/.local/lib/python3.7/site-packages/airflow/example_dags/example_task_group.py
[2023-07-11T23:36:02.420+0000] {logging_mixin.py:150} INFO - [2023-07-11T23:36:02.420+0000] {dag.py:2742} INFO - Sync 1 DAGs
[2023-07-11T23:36:02.440+0000] {logging_mixin.py:150} INFO - [2023-07-11T23:36:02.440+0000] {dag.py:3508} INFO - Setting next_dagrun for example_task_group to 2023-07-10T23:36:02.439832+00:00, run_after=2023-07-11T23:36:02.439832+00:00
[2023-07-11T23:36:02.452+0000] {processor.py:179} INFO - Processing /home/airflow/.local/lib/python3.7/site-packages/airflow/example_dags/example_task_group.py took 0.062 seconds
[2023-07-11T23:36:32.516+0000] {processor.py:157} INFO - Started process (PID=180) to work on /home/airflow/.local/lib/python3.7/site-packages/airflow/example_dags/example_task_group.py
[2023-07-11T23:36:32.517+0000] {processor.py:826} INFO - Processing file /home/airflow/.local/lib/python3.7/site-packages/airflow/example_dags/example_task_group.py for tasks to queue
[2023-07-11T23:36:32.518+0000] {logging_mixin.py:150} INFO - [2023-07-11T23:36:32.517+0000] {dagbag.py:541} INFO - Filling up the DagBag from /home/airflow/.local/lib/python3.7/site-packages/airflow/example_dags/example_task_group.py
[2023-07-11T23:36:32.524+0000] {processor.py:836} INFO - DAG(s) dict_keys(['example_task_group']) retrieved from /home/airflow/.local/lib/python3.7/site-packages/airflow/example_dags/example_task_group.py
[2023-07-11T23:36:32.545+0000] {logging_mixin.py:150} INFO - [2023-07-11T23:36:32.545+0000] {dag.py:2742} INFO - Sync 1 DAGs
[2023-07-11T23:36:32.564+0000] {logging_mixin.py:150} INFO - [2023-07-11T23:36:32.564+0000] {dag.py:3508} INFO - Setting next_dagrun for example_task_group to 2023-07-10T23:36:32.564519+00:00, run_after=2023-07-11T23:36:32.564519+00:00
[2023-07-11T23:36:32.577+0000] {processor.py:179} INFO - Processing /home/airflow/.local/lib/python3.7/site-packages/airflow/example_dags/example_task_group.py took 0.064 seconds
[2023-07-11T23:37:02.653+0000] {processor.py:157} INFO - Started process (PID=250) to work on /home/airflow/.local/lib/python3.7/site-packages/airflow/example_dags/example_task_group.py
[2023-07-11T23:37:02.653+0000] {processor.py:826} INFO - Processing file /home/airflow/.local/lib/python3.7/site-packages/airflow/example_dags/example_task_group.py for tasks to queue
[2023-07-11T23:37:02.654+0000] {logging_mixin.py:150} INFO - [2023-07-11T23:37:02.654+0000] {dagbag.py:541} INFO - Filling up the DagBag from /home/airflow/.local/lib/python3.7/site-packages/airflow/example_dags/example_task_group.py
[2023-07-11T23:37:02.658+0000] {processor.py:836} INFO - DAG(s) dict_keys(['example_task_group']) retrieved from /home/airflow/.local/lib/python3.7/site-packages/airflow/example_dags/example_task_group.py
[2023-07-11T23:37:02.675+0000] {logging_mixin.py:150} INFO - [2023-07-11T23:37:02.675+0000] {dag.py:2742} INFO - Sync 1 DAGs
[2023-07-11T23:37:02.692+0000] {logging_mixin.py:150} INFO - [2023-07-11T23:37:02.692+0000] {dag.py:3508} INFO - Setting next_dagrun for example_task_group to 2023-07-10T23:37:02.692644+00:00, run_after=2023-07-11T23:37:02.692644+00:00
[2023-07-11T23:37:02.706+0000] {processor.py:179} INFO - Processing /home/airflow/.local/lib/python3.7/site-packages/airflow/example_dags/example_task_group.py took 0.054 seconds
[2023-07-11T23:37:32.741+0000] {processor.py:157} INFO - Started process (PID=320) to work on /home/airflow/.local/lib/python3.7/site-packages/airflow/example_dags/example_task_group.py
[2023-07-11T23:37:32.741+0000] {processor.py:826} INFO - Processing file /home/airflow/.local/lib/python3.7/site-packages/airflow/example_dags/example_task_group.py for tasks to queue
[2023-07-11T23:37:32.742+0000] {logging_mixin.py:150} INFO - [2023-07-11T23:37:32.741+0000] {dagbag.py:541} INFO - Filling up the DagBag from /home/airflow/.local/lib/python3.7/site-packages/airflow/example_dags/example_task_group.py
[2023-07-11T23:37:32.747+0000] {processor.py:836} INFO - DAG(s) dict_keys(['example_task_group']) retrieved from /home/airflow/.local/lib/python3.7/site-packages/airflow/example_dags/example_task_group.py
[2023-07-11T23:37:32.766+0000] {logging_mixin.py:150} INFO - [2023-07-11T23:37:32.765+0000] {dag.py:2742} INFO - Sync 1 DAGs
[2023-07-11T23:37:32.785+0000] {logging_mixin.py:150} INFO - [2023-07-11T23:37:32.785+0000] {dag.py:3508} INFO - Setting next_dagrun for example_task_group to 2023-07-10T23:37:32.784875+00:00, run_after=2023-07-11T23:37:32.784875+00:00
[2023-07-11T23:37:32.798+0000] {processor.py:179} INFO - Processing /home/airflow/.local/lib/python3.7/site-packages/airflow/example_dags/example_task_group.py took 0.060 seconds
[2023-07-11T23:38:02.957+0000] {processor.py:157} INFO - Started process (PID=390) to work on /home/airflow/.local/lib/python3.7/site-packages/airflow/example_dags/example_task_group.py
[2023-07-11T23:38:02.958+0000] {processor.py:826} INFO - Processing file /home/airflow/.local/lib/python3.7/site-packages/airflow/example_dags/example_task_group.py for tasks to queue
[2023-07-11T23:38:02.958+0000] {logging_mixin.py:150} INFO - [2023-07-11T23:38:02.958+0000] {dagbag.py:541} INFO - Filling up the DagBag from /home/airflow/.local/lib/python3.7/site-packages/airflow/example_dags/example_task_group.py
[2023-07-11T23:38:02.963+0000] {processor.py:836} INFO - DAG(s) dict_keys(['example_task_group']) retrieved from /home/airflow/.local/lib/python3.7/site-packages/airflow/example_dags/example_task_group.py
[2023-07-11T23:38:02.981+0000] {logging_mixin.py:150} INFO - [2023-07-11T23:38:02.980+0000] {dag.py:2742} INFO - Sync 1 DAGs
[2023-07-11T23:38:02.999+0000] {logging_mixin.py:150} INFO - [2023-07-11T23:38:02.999+0000] {dag.py:3508} INFO - Setting next_dagrun for example_task_group to 2023-07-10T23:38:02.999022+00:00, run_after=2023-07-11T23:38:02.999022+00:00
[2023-07-11T23:38:03.013+0000] {processor.py:179} INFO - Processing /home/airflow/.local/lib/python3.7/site-packages/airflow/example_dags/example_task_group.py took 0.058 seconds
[2023-07-11T23:38:33.409+0000] {processor.py:157} INFO - Started process (PID=460) to work on /home/airflow/.local/lib/python3.7/site-packages/airflow/example_dags/example_task_group.py
[2023-07-11T23:38:33.410+0000] {processor.py:826} INFO - Processing file /home/airflow/.local/lib/python3.7/site-packages/airflow/example_dags/example_task_group.py for tasks to queue
[2023-07-11T23:38:33.410+0000] {logging_mixin.py:150} INFO - [2023-07-11T23:38:33.410+0000] {dagbag.py:541} INFO - Filling up the DagBag from /home/airflow/.local/lib/python3.7/site-packages/airflow/example_dags/example_task_group.py
[2023-07-11T23:38:33.416+0000] {processor.py:836} INFO - DAG(s) dict_keys(['example_task_group']) retrieved from /home/airflow/.local/lib/python3.7/site-packages/airflow/example_dags/example_task_group.py
[2023-07-11T23:38:33.437+0000] {logging_mixin.py:150} INFO - [2023-07-11T23:38:33.437+0000] {dag.py:2742} INFO - Sync 1 DAGs
[2023-07-11T23:38:33.459+0000] {logging_mixin.py:150} INFO - [2023-07-11T23:38:33.458+0000] {dag.py:3508} INFO - Setting next_dagrun for example_task_group to 2023-07-10T23:38:33.458623+00:00, run_after=2023-07-11T23:38:33.458623+00:00
[2023-07-11T23:38:33.474+0000] {processor.py:179} INFO - Processing /home/airflow/.local/lib/python3.7/site-packages/airflow/example_dags/example_task_group.py took 0.068 seconds
[2023-07-11T23:39:03.531+0000] {processor.py:157} INFO - Started process (PID=530) to work on /home/airflow/.local/lib/python3.7/site-packages/airflow/example_dags/example_task_group.py
[2023-07-11T23:39:03.532+0000] {processor.py:826} INFO - Processing file /home/airflow/.local/lib/python3.7/site-packages/airflow/example_dags/example_task_group.py for tasks to queue
[2023-07-11T23:39:03.532+0000] {logging_mixin.py:150} INFO - [2023-07-11T23:39:03.532+0000] {dagbag.py:541} INFO - Filling up the DagBag from /home/airflow/.local/lib/python3.7/site-packages/airflow/example_dags/example_task_group.py
[2023-07-11T23:39:03.537+0000] {processor.py:836} INFO - DAG(s) dict_keys(['example_task_group']) retrieved from /home/airflow/.local/lib/python3.7/site-packages/airflow/example_dags/example_task_group.py
[2023-07-11T23:39:03.555+0000] {logging_mixin.py:150} INFO - [2023-07-11T23:39:03.554+0000] {dag.py:2742} INFO - Sync 1 DAGs
[2023-07-11T23:39:03.574+0000] {logging_mixin.py:150} INFO - [2023-07-11T23:39:03.574+0000] {dag.py:3508} INFO - Setting next_dagrun for example_task_group to 2023-07-10T23:39:03.573943+00:00, run_after=2023-07-11T23:39:03.573943+00:00
[2023-07-11T23:39:03.587+0000] {processor.py:179} INFO - Processing /home/airflow/.local/lib/python3.7/site-packages/airflow/example_dags/example_task_group.py took 0.057 seconds
[2023-07-11T23:39:33.855+0000] {processor.py:157} INFO - Started process (PID=600) to work on /home/airflow/.local/lib/python3.7/site-packages/airflow/example_dags/example_task_group.py
[2023-07-11T23:39:33.856+0000] {processor.py:826} INFO - Processing file /home/airflow/.local/lib/python3.7/site-packages/airflow/example_dags/example_task_group.py for tasks to queue
[2023-07-11T23:39:33.856+0000] {logging_mixin.py:150} INFO - [2023-07-11T23:39:33.856+0000] {dagbag.py:541} INFO - Filling up the DagBag from /home/airflow/.local/lib/python3.7/site-packages/airflow/example_dags/example_task_group.py
[2023-07-11T23:39:33.861+0000] {processor.py:836} INFO - DAG(s) dict_keys(['example_task_group']) retrieved from /home/airflow/.local/lib/python3.7/site-packages/airflow/example_dags/example_task_group.py
[2023-07-11T23:39:33.877+0000] {logging_mixin.py:150} INFO - [2023-07-11T23:39:33.877+0000] {dag.py:2742} INFO - Sync 1 DAGs
[2023-07-11T23:39:33.894+0000] {logging_mixin.py:150} INFO - [2023-07-11T23:39:33.894+0000] {dag.py:3508} INFO - Setting next_dagrun for example_task_group to 2023-07-10T23:39:33.894181+00:00, run_after=2023-07-11T23:39:33.894181+00:00
[2023-07-11T23:39:33.907+0000] {processor.py:179} INFO - Processing /home/airflow/.local/lib/python3.7/site-packages/airflow/example_dags/example_task_group.py took 0.053 seconds
[2023-07-11T23:40:04.202+0000] {processor.py:157} INFO - Started process (PID=670) to work on /home/airflow/.local/lib/python3.7/site-packages/airflow/example_dags/example_task_group.py
[2023-07-11T23:40:04.203+0000] {processor.py:826} INFO - Processing file /home/airflow/.local/lib/python3.7/site-packages/airflow/example_dags/example_task_group.py for tasks to queue
[2023-07-11T23:40:04.203+0000] {logging_mixin.py:150} INFO - [2023-07-11T23:40:04.203+0000] {dagbag.py:541} INFO - Filling up the DagBag from /home/airflow/.local/lib/python3.7/site-packages/airflow/example_dags/example_task_group.py
[2023-07-11T23:40:04.208+0000] {processor.py:836} INFO - DAG(s) dict_keys(['example_task_group']) retrieved from /home/airflow/.local/lib/python3.7/site-packages/airflow/example_dags/example_task_group.py
[2023-07-11T23:40:04.227+0000] {logging_mixin.py:150} INFO - [2023-07-11T23:40:04.227+0000] {dag.py:2742} INFO - Sync 1 DAGs
[2023-07-11T23:40:04.248+0000] {logging_mixin.py:150} INFO - [2023-07-11T23:40:04.248+0000] {dag.py:3508} INFO - Setting next_dagrun for example_task_group to 2023-07-10T23:40:04.247845+00:00, run_after=2023-07-11T23:40:04.247845+00:00
[2023-07-11T23:40:04.263+0000] {processor.py:179} INFO - Processing /home/airflow/.local/lib/python3.7/site-packages/airflow/example_dags/example_task_group.py took 0.063 seconds
[2023-07-11T23:40:34.638+0000] {processor.py:157} INFO - Started process (PID=740) to work on /home/airflow/.local/lib/python3.7/site-packages/airflow/example_dags/example_task_group.py
[2023-07-11T23:40:34.639+0000] {processor.py:826} INFO - Processing file /home/airflow/.local/lib/python3.7/site-packages/airflow/example_dags/example_task_group.py for tasks to queue
[2023-07-11T23:40:34.639+0000] {logging_mixin.py:150} INFO - [2023-07-11T23:40:34.639+0000] {dagbag.py:541} INFO - Filling up the DagBag from /home/airflow/.local/lib/python3.7/site-packages/airflow/example_dags/example_task_group.py
[2023-07-11T23:40:34.644+0000] {processor.py:836} INFO - DAG(s) dict_keys(['example_task_group']) retrieved from /home/airflow/.local/lib/python3.7/site-packages/airflow/example_dags/example_task_group.py
[2023-07-11T23:40:34.662+0000] {logging_mixin.py:150} INFO - [2023-07-11T23:40:34.662+0000] {dag.py:2742} INFO - Sync 1 DAGs
[2023-07-11T23:40:34.683+0000] {logging_mixin.py:150} INFO - [2023-07-11T23:40:34.682+0000] {dag.py:3508} INFO - Setting next_dagrun for example_task_group to 2023-07-10T23:40:34.682742+00:00, run_after=2023-07-11T23:40:34.682742+00:00
[2023-07-11T23:40:34.698+0000] {processor.py:179} INFO - Processing /home/airflow/.local/lib/python3.7/site-packages/airflow/example_dags/example_task_group.py took 0.062 seconds
[2023-07-11T23:41:04.890+0000] {processor.py:157} INFO - Started process (PID=810) to work on /home/airflow/.local/lib/python3.7/site-packages/airflow/example_dags/example_task_group.py
[2023-07-11T23:41:04.891+0000] {processor.py:826} INFO - Processing file /home/airflow/.local/lib/python3.7/site-packages/airflow/example_dags/example_task_group.py for tasks to queue
[2023-07-11T23:41:04.892+0000] {logging_mixin.py:150} INFO - [2023-07-11T23:41:04.891+0000] {dagbag.py:541} INFO - Filling up the DagBag from /home/airflow/.local/lib/python3.7/site-packages/airflow/example_dags/example_task_group.py
[2023-07-11T23:41:04.898+0000] {processor.py:836} INFO - DAG(s) dict_keys(['example_task_group']) retrieved from /home/airflow/.local/lib/python3.7/site-packages/airflow/example_dags/example_task_group.py
[2023-07-11T23:41:04.919+0000] {logging_mixin.py:150} INFO - [2023-07-11T23:41:04.919+0000] {dag.py:2742} INFO - Sync 1 DAGs
[2023-07-11T23:41:04.939+0000] {logging_mixin.py:150} INFO - [2023-07-11T23:41:04.939+0000] {dag.py:3508} INFO - Setting next_dagrun for example_task_group to 2023-07-10T23:41:04.939354+00:00, run_after=2023-07-11T23:41:04.939354+00:00
[2023-07-11T23:41:04.955+0000] {processor.py:179} INFO - Processing /home/airflow/.local/lib/python3.7/site-packages/airflow/example_dags/example_task_group.py took 0.067 seconds
[2023-07-11T23:41:35.132+0000] {processor.py:157} INFO - Started process (PID=880) to work on /home/airflow/.local/lib/python3.7/site-packages/airflow/example_dags/example_task_group.py
[2023-07-11T23:41:35.133+0000] {processor.py:826} INFO - Processing file /home/airflow/.local/lib/python3.7/site-packages/airflow/example_dags/example_task_group.py for tasks to queue
[2023-07-11T23:41:35.133+0000] {logging_mixin.py:150} INFO - [2023-07-11T23:41:35.133+0000] {dagbag.py:541} INFO - Filling up the DagBag from /home/airflow/.local/lib/python3.7/site-packages/airflow/example_dags/example_task_group.py
[2023-07-11T23:41:35.139+0000] {processor.py:836} INFO - DAG(s) dict_keys(['example_task_group']) retrieved from /home/airflow/.local/lib/python3.7/site-packages/airflow/example_dags/example_task_group.py
[2023-07-11T23:41:35.160+0000] {logging_mixin.py:150} INFO - [2023-07-11T23:41:35.160+0000] {dag.py:2742} INFO - Sync 1 DAGs
[2023-07-11T23:41:35.180+0000] {logging_mixin.py:150} INFO - [2023-07-11T23:41:35.180+0000] {dag.py:3508} INFO - Setting next_dagrun for example_task_group to 2023-07-10T23:41:35.180082+00:00, run_after=2023-07-11T23:41:35.180082+00:00
[2023-07-11T23:41:35.195+0000] {processor.py:179} INFO - Processing /home/airflow/.local/lib/python3.7/site-packages/airflow/example_dags/example_task_group.py took 0.066 seconds
[2023-07-11T23:42:05.335+0000] {processor.py:157} INFO - Started process (PID=950) to work on /home/airflow/.local/lib/python3.7/site-packages/airflow/example_dags/example_task_group.py
[2023-07-11T23:42:05.335+0000] {processor.py:826} INFO - Processing file /home/airflow/.local/lib/python3.7/site-packages/airflow/example_dags/example_task_group.py for tasks to queue
[2023-07-11T23:42:05.336+0000] {logging_mixin.py:150} INFO - [2023-07-11T23:42:05.335+0000] {dagbag.py:541} INFO - Filling up the DagBag from /home/airflow/.local/lib/python3.7/site-packages/airflow/example_dags/example_task_group.py
[2023-07-11T23:42:05.340+0000] {processor.py:836} INFO - DAG(s) dict_keys(['example_task_group']) retrieved from /home/airflow/.local/lib/python3.7/site-packages/airflow/example_dags/example_task_group.py
[2023-07-11T23:42:05.357+0000] {logging_mixin.py:150} INFO - [2023-07-11T23:42:05.357+0000] {dag.py:2742} INFO - Sync 1 DAGs
[2023-07-11T23:42:05.375+0000] {logging_mixin.py:150} INFO - [2023-07-11T23:42:05.375+0000] {dag.py:3508} INFO - Setting next_dagrun for example_task_group to 2023-07-10T23:42:05.375159+00:00, run_after=2023-07-11T23:42:05.375159+00:00
[2023-07-11T23:42:05.388+0000] {processor.py:179} INFO - Processing /home/airflow/.local/lib/python3.7/site-packages/airflow/example_dags/example_task_group.py took 0.055 seconds
[2023-07-11T23:42:35.615+0000] {processor.py:157} INFO - Started process (PID=1020) to work on /home/airflow/.local/lib/python3.7/site-packages/airflow/example_dags/example_task_group.py
[2023-07-11T23:42:35.616+0000] {processor.py:826} INFO - Processing file /home/airflow/.local/lib/python3.7/site-packages/airflow/example_dags/example_task_group.py for tasks to queue
[2023-07-11T23:42:35.616+0000] {logging_mixin.py:150} INFO - [2023-07-11T23:42:35.616+0000] {dagbag.py:541} INFO - Filling up the DagBag from /home/airflow/.local/lib/python3.7/site-packages/airflow/example_dags/example_task_group.py
[2023-07-11T23:42:35.622+0000] {processor.py:836} INFO - DAG(s) dict_keys(['example_task_group']) retrieved from /home/airflow/.local/lib/python3.7/site-packages/airflow/example_dags/example_task_group.py
[2023-07-11T23:42:35.643+0000] {logging_mixin.py:150} INFO - [2023-07-11T23:42:35.643+0000] {dag.py:2742} INFO - Sync 1 DAGs
[2023-07-11T23:42:35.663+0000] {logging_mixin.py:150} INFO - [2023-07-11T23:42:35.663+0000] {dag.py:3508} INFO - Setting next_dagrun for example_task_group to 2023-07-10T23:42:35.663424+00:00, run_after=2023-07-11T23:42:35.663424+00:00
[2023-07-11T23:42:35.680+0000] {processor.py:179} INFO - Processing /home/airflow/.local/lib/python3.7/site-packages/airflow/example_dags/example_task_group.py took 0.068 seconds
[2023-07-11T23:43:05.828+0000] {processor.py:157} INFO - Started process (PID=1090) to work on /home/airflow/.local/lib/python3.7/site-packages/airflow/example_dags/example_task_group.py
[2023-07-11T23:43:05.829+0000] {processor.py:826} INFO - Processing file /home/airflow/.local/lib/python3.7/site-packages/airflow/example_dags/example_task_group.py for tasks to queue
[2023-07-11T23:43:05.829+0000] {logging_mixin.py:150} INFO - [2023-07-11T23:43:05.829+0000] {dagbag.py:541} INFO - Filling up the DagBag from /home/airflow/.local/lib/python3.7/site-packages/airflow/example_dags/example_task_group.py
[2023-07-11T23:43:05.834+0000] {processor.py:836} INFO - DAG(s) dict_keys(['example_task_group']) retrieved from /home/airflow/.local/lib/python3.7/site-packages/airflow/example_dags/example_task_group.py
[2023-07-11T23:43:05.849+0000] {logging_mixin.py:150} INFO - [2023-07-11T23:43:05.849+0000] {dag.py:2742} INFO - Sync 1 DAGs
[2023-07-11T23:43:05.866+0000] {logging_mixin.py:150} INFO - [2023-07-11T23:43:05.866+0000] {dag.py:3508} INFO - Setting next_dagrun for example_task_group to 2023-07-10T23:43:05.865874+00:00, run_after=2023-07-11T23:43:05.865874+00:00
[2023-07-11T23:43:05.877+0000] {processor.py:179} INFO - Processing /home/airflow/.local/lib/python3.7/site-packages/airflow/example_dags/example_task_group.py took 0.051 seconds
[2023-07-11T23:43:36.602+0000] {processor.py:157} INFO - Started process (PID=1160) to work on /home/airflow/.local/lib/python3.7/site-packages/airflow/example_dags/example_task_group.py
[2023-07-11T23:43:36.602+0000] {processor.py:826} INFO - Processing file /home/airflow/.local/lib/python3.7/site-packages/airflow/example_dags/example_task_group.py for tasks to queue
[2023-07-11T23:43:36.603+0000] {logging_mixin.py:150} INFO - [2023-07-11T23:43:36.603+0000] {dagbag.py:541} INFO - Filling up the DagBag from /home/airflow/.local/lib/python3.7/site-packages/airflow/example_dags/example_task_group.py
[2023-07-11T23:43:36.607+0000] {processor.py:836} INFO - DAG(s) dict_keys(['example_task_group']) retrieved from /home/airflow/.local/lib/python3.7/site-packages/airflow/example_dags/example_task_group.py
[2023-07-11T23:43:36.623+0000] {logging_mixin.py:150} INFO - [2023-07-11T23:43:36.623+0000] {dag.py:2742} INFO - Sync 1 DAGs
[2023-07-11T23:43:36.641+0000] {logging_mixin.py:150} INFO - [2023-07-11T23:43:36.641+0000] {dag.py:3508} INFO - Setting next_dagrun for example_task_group to 2023-07-10T23:43:36.641228+00:00, run_after=2023-07-11T23:43:36.641228+00:00
[2023-07-11T23:43:36.654+0000] {processor.py:179} INFO - Processing /home/airflow/.local/lib/python3.7/site-packages/airflow/example_dags/example_task_group.py took 0.054 seconds
[2023-07-11T23:44:06.772+0000] {processor.py:157} INFO - Started process (PID=1230) to work on /home/airflow/.local/lib/python3.7/site-packages/airflow/example_dags/example_task_group.py
[2023-07-11T23:44:06.772+0000] {processor.py:826} INFO - Processing file /home/airflow/.local/lib/python3.7/site-packages/airflow/example_dags/example_task_group.py for tasks to queue
[2023-07-11T23:44:06.773+0000] {logging_mixin.py:150} INFO - [2023-07-11T23:44:06.773+0000] {dagbag.py:541} INFO - Filling up the DagBag from /home/airflow/.local/lib/python3.7/site-packages/airflow/example_dags/example_task_group.py
[2023-07-11T23:44:06.778+0000] {processor.py:836} INFO - DAG(s) dict_keys(['example_task_group']) retrieved from /home/airflow/.local/lib/python3.7/site-packages/airflow/example_dags/example_task_group.py
[2023-07-11T23:44:06.794+0000] {logging_mixin.py:150} INFO - [2023-07-11T23:44:06.794+0000] {dag.py:2742} INFO - Sync 1 DAGs
[2023-07-11T23:44:06.813+0000] {logging_mixin.py:150} INFO - [2023-07-11T23:44:06.813+0000] {dag.py:3508} INFO - Setting next_dagrun for example_task_group to 2023-07-10T23:44:06.813080+00:00, run_after=2023-07-11T23:44:06.813080+00:00
[2023-07-11T23:44:06.826+0000] {processor.py:179} INFO - Processing /home/airflow/.local/lib/python3.7/site-packages/airflow/example_dags/example_task_group.py took 0.056 seconds
[2023-07-11T23:44:37.247+0000] {processor.py:157} INFO - Started process (PID=1300) to work on /home/airflow/.local/lib/python3.7/site-packages/airflow/example_dags/example_task_group.py
[2023-07-11T23:44:37.248+0000] {processor.py:826} INFO - Processing file /home/airflow/.local/lib/python3.7/site-packages/airflow/example_dags/example_task_group.py for tasks to queue
[2023-07-11T23:44:37.248+0000] {logging_mixin.py:150} INFO - [2023-07-11T23:44:37.248+0000] {dagbag.py:541} INFO - Filling up the DagBag from /home/airflow/.local/lib/python3.7/site-packages/airflow/example_dags/example_task_group.py
[2023-07-11T23:44:37.253+0000] {processor.py:836} INFO - DAG(s) dict_keys(['example_task_group']) retrieved from /home/airflow/.local/lib/python3.7/site-packages/airflow/example_dags/example_task_group.py
[2023-07-11T23:44:37.269+0000] {logging_mixin.py:150} INFO - [2023-07-11T23:44:37.269+0000] {dag.py:2742} INFO - Sync 1 DAGs
[2023-07-11T23:44:37.286+0000] {logging_mixin.py:150} INFO - [2023-07-11T23:44:37.286+0000] {dag.py:3508} INFO - Setting next_dagrun for example_task_group to 2023-07-10T23:44:37.285866+00:00, run_after=2023-07-11T23:44:37.285866+00:00
[2023-07-11T23:44:37.297+0000] {processor.py:179} INFO - Processing /home/airflow/.local/lib/python3.7/site-packages/airflow/example_dags/example_task_group.py took 0.052 seconds
[2023-07-11T23:45:07.584+0000] {processor.py:157} INFO - Started process (PID=1370) to work on /home/airflow/.local/lib/python3.7/site-packages/airflow/example_dags/example_task_group.py
[2023-07-11T23:45:07.585+0000] {processor.py:826} INFO - Processing file /home/airflow/.local/lib/python3.7/site-packages/airflow/example_dags/example_task_group.py for tasks to queue
[2023-07-11T23:45:07.585+0000] {logging_mixin.py:150} INFO - [2023-07-11T23:45:07.585+0000] {dagbag.py:541} INFO - Filling up the DagBag from /home/airflow/.local/lib/python3.7/site-packages/airflow/example_dags/example_task_group.py
[2023-07-11T23:45:07.590+0000] {processor.py:836} INFO - DAG(s) dict_keys(['example_task_group']) retrieved from /home/airflow/.local/lib/python3.7/site-packages/airflow/example_dags/example_task_group.py
[2023-07-11T23:45:07.607+0000] {logging_mixin.py:150} INFO - [2023-07-11T23:45:07.607+0000] {dag.py:2742} INFO - Sync 1 DAGs
[2023-07-11T23:45:07.636+0000] {logging_mixin.py:150} INFO - [2023-07-11T23:45:07.636+0000] {dag.py:3508} INFO - Setting next_dagrun for example_task_group to 2023-07-10T23:45:07.636349+00:00, run_after=2023-07-11T23:45:07.636349+00:00
[2023-07-11T23:45:07.652+0000] {processor.py:179} INFO - Processing /home/airflow/.local/lib/python3.7/site-packages/airflow/example_dags/example_task_group.py took 0.070 seconds
[2023-07-11T23:45:37.710+0000] {processor.py:157} INFO - Started process (PID=1440) to work on /home/airflow/.local/lib/python3.7/site-packages/airflow/example_dags/example_task_group.py
[2023-07-11T23:45:37.711+0000] {processor.py:826} INFO - Processing file /home/airflow/.local/lib/python3.7/site-packages/airflow/example_dags/example_task_group.py for tasks to queue
[2023-07-11T23:45:37.711+0000] {logging_mixin.py:150} INFO - [2023-07-11T23:45:37.711+0000] {dagbag.py:541} INFO - Filling up the DagBag from /home/airflow/.local/lib/python3.7/site-packages/airflow/example_dags/example_task_group.py
[2023-07-11T23:45:37.716+0000] {processor.py:836} INFO - DAG(s) dict_keys(['example_task_group']) retrieved from /home/airflow/.local/lib/python3.7/site-packages/airflow/example_dags/example_task_group.py
[2023-07-11T23:45:37.732+0000] {logging_mixin.py:150} INFO - [2023-07-11T23:45:37.732+0000] {dag.py:2742} INFO - Sync 1 DAGs
[2023-07-11T23:45:37.750+0000] {logging_mixin.py:150} INFO - [2023-07-11T23:45:37.750+0000] {dag.py:3508} INFO - Setting next_dagrun for example_task_group to 2023-07-10T23:45:37.750609+00:00, run_after=2023-07-11T23:45:37.750609+00:00
[2023-07-11T23:45:37.764+0000] {processor.py:179} INFO - Processing /home/airflow/.local/lib/python3.7/site-packages/airflow/example_dags/example_task_group.py took 0.056 seconds
[2023-07-11T23:46:07.883+0000] {processor.py:157} INFO - Started process (PID=1510) to work on /home/airflow/.local/lib/python3.7/site-packages/airflow/example_dags/example_task_group.py
[2023-07-11T23:46:07.884+0000] {processor.py:826} INFO - Processing file /home/airflow/.local/lib/python3.7/site-packages/airflow/example_dags/example_task_group.py for tasks to queue
[2023-07-11T23:46:07.884+0000] {logging_mixin.py:150} INFO - [2023-07-11T23:46:07.884+0000] {dagbag.py:541} INFO - Filling up the DagBag from /home/airflow/.local/lib/python3.7/site-packages/airflow/example_dags/example_task_group.py
[2023-07-11T23:46:07.889+0000] {processor.py:836} INFO - DAG(s) dict_keys(['example_task_group']) retrieved from /home/airflow/.local/lib/python3.7/site-packages/airflow/example_dags/example_task_group.py
[2023-07-11T23:46:07.909+0000] {logging_mixin.py:150} INFO - [2023-07-11T23:46:07.909+0000] {dag.py:2742} INFO - Sync 1 DAGs
[2023-07-11T23:46:07.928+0000] {logging_mixin.py:150} INFO - [2023-07-11T23:46:07.928+0000] {dag.py:3508} INFO - Setting next_dagrun for example_task_group to 2023-07-10T23:46:07.928602+00:00, run_after=2023-07-11T23:46:07.928602+00:00
[2023-07-11T23:46:07.940+0000] {processor.py:179} INFO - Processing /home/airflow/.local/lib/python3.7/site-packages/airflow/example_dags/example_task_group.py took 0.059 seconds
[2023-07-11T23:46:37.974+0000] {processor.py:157} INFO - Started process (PID=1580) to work on /home/airflow/.local/lib/python3.7/site-packages/airflow/example_dags/example_task_group.py
[2023-07-11T23:46:37.976+0000] {processor.py:826} INFO - Processing file /home/airflow/.local/lib/python3.7/site-packages/airflow/example_dags/example_task_group.py for tasks to queue
[2023-07-11T23:46:37.976+0000] {logging_mixin.py:150} INFO - [2023-07-11T23:46:37.976+0000] {dagbag.py:541} INFO - Filling up the DagBag from /home/airflow/.local/lib/python3.7/site-packages/airflow/example_dags/example_task_group.py
[2023-07-11T23:46:37.981+0000] {processor.py:836} INFO - DAG(s) dict_keys(['example_task_group']) retrieved from /home/airflow/.local/lib/python3.7/site-packages/airflow/example_dags/example_task_group.py
[2023-07-11T23:46:37.998+0000] {logging_mixin.py:150} INFO - [2023-07-11T23:46:37.998+0000] {dag.py:2742} INFO - Sync 1 DAGs
[2023-07-11T23:46:38.018+0000] {logging_mixin.py:150} INFO - [2023-07-11T23:46:38.018+0000] {dag.py:3508} INFO - Setting next_dagrun for example_task_group to 2023-07-10T23:46:38.018391+00:00, run_after=2023-07-11T23:46:38.018391+00:00
[2023-07-11T23:46:38.032+0000] {processor.py:179} INFO - Processing /home/airflow/.local/lib/python3.7/site-packages/airflow/example_dags/example_task_group.py took 0.059 seconds
[2023-07-11T23:47:08.334+0000] {processor.py:157} INFO - Started process (PID=1650) to work on /home/airflow/.local/lib/python3.7/site-packages/airflow/example_dags/example_task_group.py
[2023-07-11T23:47:08.335+0000] {processor.py:826} INFO - Processing file /home/airflow/.local/lib/python3.7/site-packages/airflow/example_dags/example_task_group.py for tasks to queue
[2023-07-11T23:47:08.335+0000] {logging_mixin.py:150} INFO - [2023-07-11T23:47:08.335+0000] {dagbag.py:541} INFO - Filling up the DagBag from /home/airflow/.local/lib/python3.7/site-packages/airflow/example_dags/example_task_group.py
[2023-07-11T23:47:08.340+0000] {processor.py:836} INFO - DAG(s) dict_keys(['example_task_group']) retrieved from /home/airflow/.local/lib/python3.7/site-packages/airflow/example_dags/example_task_group.py
[2023-07-11T23:47:08.356+0000] {logging_mixin.py:150} INFO - [2023-07-11T23:47:08.356+0000] {dag.py:2742} INFO - Sync 1 DAGs
[2023-07-11T23:47:08.373+0000] {logging_mixin.py:150} INFO - [2023-07-11T23:47:08.373+0000] {dag.py:3508} INFO - Setting next_dagrun for example_task_group to 2023-07-10T23:47:08.373295+00:00, run_after=2023-07-11T23:47:08.373295+00:00
[2023-07-11T23:47:08.385+0000] {processor.py:179} INFO - Processing /home/airflow/.local/lib/python3.7/site-packages/airflow/example_dags/example_task_group.py took 0.053 seconds
