[2023-07-11T23:35:32.217+0000] {processor.py:157} INFO - Started process (PID=53) to work on /home/airflow/.local/lib/python3.7/site-packages/airflow/example_dags/example_sla_dag.py
[2023-07-11T23:35:32.218+0000] {processor.py:826} INFO - Processing file /home/airflow/.local/lib/python3.7/site-packages/airflow/example_dags/example_sla_dag.py for tasks to queue
[2023-07-11T23:35:32.218+0000] {logging_mixin.py:150} INFO - [2023-07-11T23:35:32.218+0000] {dagbag.py:541} INFO - Filling up the DagBag from /home/airflow/.local/lib/python3.7/site-packages/airflow/example_dags/example_sla_dag.py
[2023-07-11T23:35:32.225+0000] {processor.py:836} INFO - DAG(s) dict_keys(['example_sla_dag']) retrieved from /home/airflow/.local/lib/python3.7/site-packages/airflow/example_dags/example_sla_dag.py
[2023-07-11T23:35:32.235+0000] {logging_mixin.py:150} INFO - [2023-07-11T23:35:32.235+0000] {dag.py:2742} INFO - Sync 1 DAGs
[2023-07-11T23:35:32.262+0000] {logging_mixin.py:150} INFO - [2023-07-11T23:35:32.262+0000] {dag.py:3508} INFO - Setting next_dagrun for example_sla_dag to 2023-07-11T23:32:00+00:00, run_after=2023-07-11T23:34:00+00:00
[2023-07-11T23:35:32.280+0000] {processor.py:179} INFO - Processing /home/airflow/.local/lib/python3.7/site-packages/airflow/example_dags/example_sla_dag.py took 0.065 seconds
[2023-07-11T23:36:02.798+0000] {processor.py:157} INFO - Started process (PID=122) to work on /home/airflow/.local/lib/python3.7/site-packages/airflow/example_dags/example_sla_dag.py
[2023-07-11T23:36:02.799+0000] {processor.py:826} INFO - Processing file /home/airflow/.local/lib/python3.7/site-packages/airflow/example_dags/example_sla_dag.py for tasks to queue
[2023-07-11T23:36:02.799+0000] {logging_mixin.py:150} INFO - [2023-07-11T23:36:02.799+0000] {dagbag.py:541} INFO - Filling up the DagBag from /home/airflow/.local/lib/python3.7/site-packages/airflow/example_dags/example_sla_dag.py
[2023-07-11T23:36:02.804+0000] {processor.py:836} INFO - DAG(s) dict_keys(['example_sla_dag']) retrieved from /home/airflow/.local/lib/python3.7/site-packages/airflow/example_dags/example_sla_dag.py
[2023-07-11T23:36:02.819+0000] {logging_mixin.py:150} INFO - [2023-07-11T23:36:02.819+0000] {dag.py:2742} INFO - Sync 1 DAGs
[2023-07-11T23:36:02.838+0000] {logging_mixin.py:150} INFO - [2023-07-11T23:36:02.838+0000] {dag.py:3508} INFO - Setting next_dagrun for example_sla_dag to 2023-07-11T23:34:00+00:00, run_after=2023-07-11T23:36:00+00:00
[2023-07-11T23:36:02.850+0000] {processor.py:179} INFO - Processing /home/airflow/.local/lib/python3.7/site-packages/airflow/example_dags/example_sla_dag.py took 0.054 seconds
[2023-07-11T23:36:32.936+0000] {processor.py:157} INFO - Started process (PID=192) to work on /home/airflow/.local/lib/python3.7/site-packages/airflow/example_dags/example_sla_dag.py
[2023-07-11T23:36:32.937+0000] {processor.py:826} INFO - Processing file /home/airflow/.local/lib/python3.7/site-packages/airflow/example_dags/example_sla_dag.py for tasks to queue
[2023-07-11T23:36:32.937+0000] {logging_mixin.py:150} INFO - [2023-07-11T23:36:32.937+0000] {dagbag.py:541} INFO - Filling up the DagBag from /home/airflow/.local/lib/python3.7/site-packages/airflow/example_dags/example_sla_dag.py
[2023-07-11T23:36:32.942+0000] {processor.py:836} INFO - DAG(s) dict_keys(['example_sla_dag']) retrieved from /home/airflow/.local/lib/python3.7/site-packages/airflow/example_dags/example_sla_dag.py
[2023-07-11T23:36:32.957+0000] {logging_mixin.py:150} INFO - [2023-07-11T23:36:32.957+0000] {dag.py:2742} INFO - Sync 1 DAGs
[2023-07-11T23:36:32.976+0000] {logging_mixin.py:150} INFO - [2023-07-11T23:36:32.976+0000] {dag.py:3508} INFO - Setting next_dagrun for example_sla_dag to 2023-07-11T23:34:00+00:00, run_after=2023-07-11T23:36:00+00:00
[2023-07-11T23:36:32.989+0000] {processor.py:179} INFO - Processing /home/airflow/.local/lib/python3.7/site-packages/airflow/example_dags/example_sla_dag.py took 0.055 seconds
[2023-07-11T23:37:03.121+0000] {processor.py:157} INFO - Started process (PID=262) to work on /home/airflow/.local/lib/python3.7/site-packages/airflow/example_dags/example_sla_dag.py
[2023-07-11T23:37:03.122+0000] {processor.py:826} INFO - Processing file /home/airflow/.local/lib/python3.7/site-packages/airflow/example_dags/example_sla_dag.py for tasks to queue
[2023-07-11T23:37:03.122+0000] {logging_mixin.py:150} INFO - [2023-07-11T23:37:03.122+0000] {dagbag.py:541} INFO - Filling up the DagBag from /home/airflow/.local/lib/python3.7/site-packages/airflow/example_dags/example_sla_dag.py
[2023-07-11T23:37:03.127+0000] {processor.py:836} INFO - DAG(s) dict_keys(['example_sla_dag']) retrieved from /home/airflow/.local/lib/python3.7/site-packages/airflow/example_dags/example_sla_dag.py
[2023-07-11T23:37:03.142+0000] {logging_mixin.py:150} INFO - [2023-07-11T23:37:03.141+0000] {dag.py:2742} INFO - Sync 1 DAGs
[2023-07-11T23:37:03.161+0000] {logging_mixin.py:150} INFO - [2023-07-11T23:37:03.161+0000] {dag.py:3508} INFO - Setting next_dagrun for example_sla_dag to 2023-07-11T23:34:00+00:00, run_after=2023-07-11T23:36:00+00:00
[2023-07-11T23:37:03.173+0000] {processor.py:179} INFO - Processing /home/airflow/.local/lib/python3.7/site-packages/airflow/example_dags/example_sla_dag.py took 0.053 seconds
[2023-07-11T23:37:33.243+0000] {processor.py:157} INFO - Started process (PID=332) to work on /home/airflow/.local/lib/python3.7/site-packages/airflow/example_dags/example_sla_dag.py
[2023-07-11T23:37:33.243+0000] {processor.py:826} INFO - Processing file /home/airflow/.local/lib/python3.7/site-packages/airflow/example_dags/example_sla_dag.py for tasks to queue
[2023-07-11T23:37:33.244+0000] {logging_mixin.py:150} INFO - [2023-07-11T23:37:33.244+0000] {dagbag.py:541} INFO - Filling up the DagBag from /home/airflow/.local/lib/python3.7/site-packages/airflow/example_dags/example_sla_dag.py
[2023-07-11T23:37:33.249+0000] {processor.py:836} INFO - DAG(s) dict_keys(['example_sla_dag']) retrieved from /home/airflow/.local/lib/python3.7/site-packages/airflow/example_dags/example_sla_dag.py
[2023-07-11T23:37:33.263+0000] {logging_mixin.py:150} INFO - [2023-07-11T23:37:33.263+0000] {dag.py:2742} INFO - Sync 1 DAGs
[2023-07-11T23:37:33.282+0000] {logging_mixin.py:150} INFO - [2023-07-11T23:37:33.282+0000] {dag.py:3508} INFO - Setting next_dagrun for example_sla_dag to 2023-07-11T23:34:00+00:00, run_after=2023-07-11T23:36:00+00:00
[2023-07-11T23:37:33.293+0000] {processor.py:179} INFO - Processing /home/airflow/.local/lib/python3.7/site-packages/airflow/example_dags/example_sla_dag.py took 0.052 seconds
[2023-07-11T23:38:03.387+0000] {processor.py:157} INFO - Started process (PID=402) to work on /home/airflow/.local/lib/python3.7/site-packages/airflow/example_dags/example_sla_dag.py
[2023-07-11T23:38:03.387+0000] {processor.py:826} INFO - Processing file /home/airflow/.local/lib/python3.7/site-packages/airflow/example_dags/example_sla_dag.py for tasks to queue
[2023-07-11T23:38:03.388+0000] {logging_mixin.py:150} INFO - [2023-07-11T23:38:03.387+0000] {dagbag.py:541} INFO - Filling up the DagBag from /home/airflow/.local/lib/python3.7/site-packages/airflow/example_dags/example_sla_dag.py
[2023-07-11T23:38:03.393+0000] {processor.py:836} INFO - DAG(s) dict_keys(['example_sla_dag']) retrieved from /home/airflow/.local/lib/python3.7/site-packages/airflow/example_dags/example_sla_dag.py
[2023-07-11T23:38:03.408+0000] {logging_mixin.py:150} INFO - [2023-07-11T23:38:03.408+0000] {dag.py:2742} INFO - Sync 1 DAGs
[2023-07-11T23:38:03.429+0000] {logging_mixin.py:150} INFO - [2023-07-11T23:38:03.429+0000] {dag.py:3508} INFO - Setting next_dagrun for example_sla_dag to 2023-07-11T23:36:00+00:00, run_after=2023-07-11T23:38:00+00:00
[2023-07-11T23:38:03.443+0000] {processor.py:179} INFO - Processing /home/airflow/.local/lib/python3.7/site-packages/airflow/example_dags/example_sla_dag.py took 0.058 seconds
[2023-07-11T23:38:33.898+0000] {processor.py:157} INFO - Started process (PID=472) to work on /home/airflow/.local/lib/python3.7/site-packages/airflow/example_dags/example_sla_dag.py
[2023-07-11T23:38:33.898+0000] {processor.py:826} INFO - Processing file /home/airflow/.local/lib/python3.7/site-packages/airflow/example_dags/example_sla_dag.py for tasks to queue
[2023-07-11T23:38:33.899+0000] {logging_mixin.py:150} INFO - [2023-07-11T23:38:33.899+0000] {dagbag.py:541} INFO - Filling up the DagBag from /home/airflow/.local/lib/python3.7/site-packages/airflow/example_dags/example_sla_dag.py
[2023-07-11T23:38:33.904+0000] {processor.py:836} INFO - DAG(s) dict_keys(['example_sla_dag']) retrieved from /home/airflow/.local/lib/python3.7/site-packages/airflow/example_dags/example_sla_dag.py
[2023-07-11T23:38:33.919+0000] {logging_mixin.py:150} INFO - [2023-07-11T23:38:33.919+0000] {dag.py:2742} INFO - Sync 1 DAGs
[2023-07-11T23:38:33.939+0000] {logging_mixin.py:150} INFO - [2023-07-11T23:38:33.939+0000] {dag.py:3508} INFO - Setting next_dagrun for example_sla_dag to 2023-07-11T23:36:00+00:00, run_after=2023-07-11T23:38:00+00:00
[2023-07-11T23:38:33.951+0000] {processor.py:179} INFO - Processing /home/airflow/.local/lib/python3.7/site-packages/airflow/example_dags/example_sla_dag.py took 0.055 seconds
[2023-07-11T23:39:03.978+0000] {processor.py:157} INFO - Started process (PID=542) to work on /home/airflow/.local/lib/python3.7/site-packages/airflow/example_dags/example_sla_dag.py
[2023-07-11T23:39:03.979+0000] {processor.py:826} INFO - Processing file /home/airflow/.local/lib/python3.7/site-packages/airflow/example_dags/example_sla_dag.py for tasks to queue
[2023-07-11T23:39:03.979+0000] {logging_mixin.py:150} INFO - [2023-07-11T23:39:03.979+0000] {dagbag.py:541} INFO - Filling up the DagBag from /home/airflow/.local/lib/python3.7/site-packages/airflow/example_dags/example_sla_dag.py
[2023-07-11T23:39:03.985+0000] {processor.py:836} INFO - DAG(s) dict_keys(['example_sla_dag']) retrieved from /home/airflow/.local/lib/python3.7/site-packages/airflow/example_dags/example_sla_dag.py
[2023-07-11T23:39:04.004+0000] {logging_mixin.py:150} INFO - [2023-07-11T23:39:04.004+0000] {dag.py:2742} INFO - Sync 1 DAGs
[2023-07-11T23:39:04.030+0000] {logging_mixin.py:150} INFO - [2023-07-11T23:39:04.030+0000] {dag.py:3508} INFO - Setting next_dagrun for example_sla_dag to 2023-07-11T23:36:00+00:00, run_after=2023-07-11T23:38:00+00:00
[2023-07-11T23:39:04.048+0000] {processor.py:179} INFO - Processing /home/airflow/.local/lib/python3.7/site-packages/airflow/example_dags/example_sla_dag.py took 0.071 seconds
[2023-07-11T23:39:34.263+0000] {processor.py:157} INFO - Started process (PID=612) to work on /home/airflow/.local/lib/python3.7/site-packages/airflow/example_dags/example_sla_dag.py
[2023-07-11T23:39:34.264+0000] {processor.py:826} INFO - Processing file /home/airflow/.local/lib/python3.7/site-packages/airflow/example_dags/example_sla_dag.py for tasks to queue
[2023-07-11T23:39:34.264+0000] {logging_mixin.py:150} INFO - [2023-07-11T23:39:34.264+0000] {dagbag.py:541} INFO - Filling up the DagBag from /home/airflow/.local/lib/python3.7/site-packages/airflow/example_dags/example_sla_dag.py
[2023-07-11T23:39:34.269+0000] {processor.py:836} INFO - DAG(s) dict_keys(['example_sla_dag']) retrieved from /home/airflow/.local/lib/python3.7/site-packages/airflow/example_dags/example_sla_dag.py
[2023-07-11T23:39:34.284+0000] {logging_mixin.py:150} INFO - [2023-07-11T23:39:34.284+0000] {dag.py:2742} INFO - Sync 1 DAGs
[2023-07-11T23:39:34.303+0000] {logging_mixin.py:150} INFO - [2023-07-11T23:39:34.303+0000] {dag.py:3508} INFO - Setting next_dagrun for example_sla_dag to 2023-07-11T23:36:00+00:00, run_after=2023-07-11T23:38:00+00:00
[2023-07-11T23:39:34.316+0000] {processor.py:179} INFO - Processing /home/airflow/.local/lib/python3.7/site-packages/airflow/example_dags/example_sla_dag.py took 0.055 seconds
[2023-07-11T23:40:04.617+0000] {processor.py:157} INFO - Started process (PID=682) to work on /home/airflow/.local/lib/python3.7/site-packages/airflow/example_dags/example_sla_dag.py
[2023-07-11T23:40:04.618+0000] {processor.py:826} INFO - Processing file /home/airflow/.local/lib/python3.7/site-packages/airflow/example_dags/example_sla_dag.py for tasks to queue
[2023-07-11T23:40:04.618+0000] {logging_mixin.py:150} INFO - [2023-07-11T23:40:04.618+0000] {dagbag.py:541} INFO - Filling up the DagBag from /home/airflow/.local/lib/python3.7/site-packages/airflow/example_dags/example_sla_dag.py
[2023-07-11T23:40:04.623+0000] {processor.py:836} INFO - DAG(s) dict_keys(['example_sla_dag']) retrieved from /home/airflow/.local/lib/python3.7/site-packages/airflow/example_dags/example_sla_dag.py
[2023-07-11T23:40:04.639+0000] {logging_mixin.py:150} INFO - [2023-07-11T23:40:04.639+0000] {dag.py:2742} INFO - Sync 1 DAGs
[2023-07-11T23:40:04.661+0000] {logging_mixin.py:150} INFO - [2023-07-11T23:40:04.661+0000] {dag.py:3508} INFO - Setting next_dagrun for example_sla_dag to 2023-07-11T23:38:00+00:00, run_after=2023-07-11T23:40:00+00:00
[2023-07-11T23:40:04.674+0000] {processor.py:179} INFO - Processing /home/airflow/.local/lib/python3.7/site-packages/airflow/example_dags/example_sla_dag.py took 0.058 seconds
[2023-07-11T23:40:35.131+0000] {processor.py:157} INFO - Started process (PID=752) to work on /home/airflow/.local/lib/python3.7/site-packages/airflow/example_dags/example_sla_dag.py
[2023-07-11T23:40:35.132+0000] {processor.py:826} INFO - Processing file /home/airflow/.local/lib/python3.7/site-packages/airflow/example_dags/example_sla_dag.py for tasks to queue
[2023-07-11T23:40:35.132+0000] {logging_mixin.py:150} INFO - [2023-07-11T23:40:35.132+0000] {dagbag.py:541} INFO - Filling up the DagBag from /home/airflow/.local/lib/python3.7/site-packages/airflow/example_dags/example_sla_dag.py
[2023-07-11T23:40:35.138+0000] {processor.py:836} INFO - DAG(s) dict_keys(['example_sla_dag']) retrieved from /home/airflow/.local/lib/python3.7/site-packages/airflow/example_dags/example_sla_dag.py
[2023-07-11T23:40:35.158+0000] {logging_mixin.py:150} INFO - [2023-07-11T23:40:35.157+0000] {dag.py:2742} INFO - Sync 1 DAGs
[2023-07-11T23:40:35.181+0000] {logging_mixin.py:150} INFO - [2023-07-11T23:40:35.181+0000] {dag.py:3508} INFO - Setting next_dagrun for example_sla_dag to 2023-07-11T23:38:00+00:00, run_after=2023-07-11T23:40:00+00:00
[2023-07-11T23:40:35.196+0000] {processor.py:179} INFO - Processing /home/airflow/.local/lib/python3.7/site-packages/airflow/example_dags/example_sla_dag.py took 0.068 seconds
[2023-07-11T23:41:05.410+0000] {processor.py:157} INFO - Started process (PID=822) to work on /home/airflow/.local/lib/python3.7/site-packages/airflow/example_dags/example_sla_dag.py
[2023-07-11T23:41:05.411+0000] {processor.py:826} INFO - Processing file /home/airflow/.local/lib/python3.7/site-packages/airflow/example_dags/example_sla_dag.py for tasks to queue
[2023-07-11T23:41:05.411+0000] {logging_mixin.py:150} INFO - [2023-07-11T23:41:05.411+0000] {dagbag.py:541} INFO - Filling up the DagBag from /home/airflow/.local/lib/python3.7/site-packages/airflow/example_dags/example_sla_dag.py
[2023-07-11T23:41:05.418+0000] {processor.py:836} INFO - DAG(s) dict_keys(['example_sla_dag']) retrieved from /home/airflow/.local/lib/python3.7/site-packages/airflow/example_dags/example_sla_dag.py
[2023-07-11T23:41:05.441+0000] {logging_mixin.py:150} INFO - [2023-07-11T23:41:05.441+0000] {dag.py:2742} INFO - Sync 1 DAGs
[2023-07-11T23:41:05.463+0000] {logging_mixin.py:150} INFO - [2023-07-11T23:41:05.463+0000] {dag.py:3508} INFO - Setting next_dagrun for example_sla_dag to 2023-07-11T23:38:00+00:00, run_after=2023-07-11T23:40:00+00:00
[2023-07-11T23:41:05.476+0000] {processor.py:179} INFO - Processing /home/airflow/.local/lib/python3.7/site-packages/airflow/example_dags/example_sla_dag.py took 0.069 seconds
[2023-07-11T23:41:35.644+0000] {processor.py:157} INFO - Started process (PID=892) to work on /home/airflow/.local/lib/python3.7/site-packages/airflow/example_dags/example_sla_dag.py
[2023-07-11T23:41:35.645+0000] {processor.py:826} INFO - Processing file /home/airflow/.local/lib/python3.7/site-packages/airflow/example_dags/example_sla_dag.py for tasks to queue
[2023-07-11T23:41:35.645+0000] {logging_mixin.py:150} INFO - [2023-07-11T23:41:35.645+0000] {dagbag.py:541} INFO - Filling up the DagBag from /home/airflow/.local/lib/python3.7/site-packages/airflow/example_dags/example_sla_dag.py
[2023-07-11T23:41:35.652+0000] {processor.py:836} INFO - DAG(s) dict_keys(['example_sla_dag']) retrieved from /home/airflow/.local/lib/python3.7/site-packages/airflow/example_dags/example_sla_dag.py
[2023-07-11T23:41:35.673+0000] {logging_mixin.py:150} INFO - [2023-07-11T23:41:35.672+0000] {dag.py:2742} INFO - Sync 1 DAGs
[2023-07-11T23:41:35.695+0000] {logging_mixin.py:150} INFO - [2023-07-11T23:41:35.695+0000] {dag.py:3508} INFO - Setting next_dagrun for example_sla_dag to 2023-07-11T23:38:00+00:00, run_after=2023-07-11T23:40:00+00:00
[2023-07-11T23:41:35.709+0000] {processor.py:179} INFO - Processing /home/airflow/.local/lib/python3.7/site-packages/airflow/example_dags/example_sla_dag.py took 0.067 seconds
[2023-07-11T23:42:05.759+0000] {processor.py:157} INFO - Started process (PID=962) to work on /home/airflow/.local/lib/python3.7/site-packages/airflow/example_dags/example_sla_dag.py
[2023-07-11T23:42:05.759+0000] {processor.py:826} INFO - Processing file /home/airflow/.local/lib/python3.7/site-packages/airflow/example_dags/example_sla_dag.py for tasks to queue
[2023-07-11T23:42:05.760+0000] {logging_mixin.py:150} INFO - [2023-07-11T23:42:05.760+0000] {dagbag.py:541} INFO - Filling up the DagBag from /home/airflow/.local/lib/python3.7/site-packages/airflow/example_dags/example_sla_dag.py
[2023-07-11T23:42:05.765+0000] {processor.py:836} INFO - DAG(s) dict_keys(['example_sla_dag']) retrieved from /home/airflow/.local/lib/python3.7/site-packages/airflow/example_dags/example_sla_dag.py
[2023-07-11T23:42:05.780+0000] {logging_mixin.py:150} INFO - [2023-07-11T23:42:05.780+0000] {dag.py:2742} INFO - Sync 1 DAGs
[2023-07-11T23:42:05.801+0000] {logging_mixin.py:150} INFO - [2023-07-11T23:42:05.801+0000] {dag.py:3508} INFO - Setting next_dagrun for example_sla_dag to 2023-07-11T23:40:00+00:00, run_after=2023-07-11T23:42:00+00:00
[2023-07-11T23:42:05.816+0000] {processor.py:179} INFO - Processing /home/airflow/.local/lib/python3.7/site-packages/airflow/example_dags/example_sla_dag.py took 0.058 seconds
[2023-07-11T23:42:36.151+0000] {processor.py:157} INFO - Started process (PID=1032) to work on /home/airflow/.local/lib/python3.7/site-packages/airflow/example_dags/example_sla_dag.py
[2023-07-11T23:42:36.152+0000] {processor.py:826} INFO - Processing file /home/airflow/.local/lib/python3.7/site-packages/airflow/example_dags/example_sla_dag.py for tasks to queue
[2023-07-11T23:42:36.153+0000] {logging_mixin.py:150} INFO - [2023-07-11T23:42:36.153+0000] {dagbag.py:541} INFO - Filling up the DagBag from /home/airflow/.local/lib/python3.7/site-packages/airflow/example_dags/example_sla_dag.py
[2023-07-11T23:42:36.159+0000] {processor.py:836} INFO - DAG(s) dict_keys(['example_sla_dag']) retrieved from /home/airflow/.local/lib/python3.7/site-packages/airflow/example_dags/example_sla_dag.py
[2023-07-11T23:42:36.180+0000] {logging_mixin.py:150} INFO - [2023-07-11T23:42:36.180+0000] {dag.py:2742} INFO - Sync 1 DAGs
[2023-07-11T23:42:36.204+0000] {logging_mixin.py:150} INFO - [2023-07-11T23:42:36.204+0000] {dag.py:3508} INFO - Setting next_dagrun for example_sla_dag to 2023-07-11T23:40:00+00:00, run_after=2023-07-11T23:42:00+00:00
[2023-07-11T23:42:36.217+0000] {processor.py:179} INFO - Processing /home/airflow/.local/lib/python3.7/site-packages/airflow/example_dags/example_sla_dag.py took 0.068 seconds
[2023-07-11T23:43:07.216+0000] {processor.py:157} INFO - Started process (PID=1102) to work on /home/airflow/.local/lib/python3.7/site-packages/airflow/example_dags/example_sla_dag.py
[2023-07-11T23:43:07.218+0000] {processor.py:826} INFO - Processing file /home/airflow/.local/lib/python3.7/site-packages/airflow/example_dags/example_sla_dag.py for tasks to queue
[2023-07-11T23:43:07.219+0000] {logging_mixin.py:150} INFO - [2023-07-11T23:43:07.219+0000] {dagbag.py:541} INFO - Filling up the DagBag from /home/airflow/.local/lib/python3.7/site-packages/airflow/example_dags/example_sla_dag.py
[2023-07-11T23:43:07.224+0000] {processor.py:836} INFO - DAG(s) dict_keys(['example_sla_dag']) retrieved from /home/airflow/.local/lib/python3.7/site-packages/airflow/example_dags/example_sla_dag.py
[2023-07-11T23:43:07.238+0000] {logging_mixin.py:150} INFO - [2023-07-11T23:43:07.238+0000] {dag.py:2742} INFO - Sync 1 DAGs
[2023-07-11T23:43:07.256+0000] {logging_mixin.py:150} INFO - [2023-07-11T23:43:07.256+0000] {dag.py:3508} INFO - Setting next_dagrun for example_sla_dag to 2023-07-11T23:40:00+00:00, run_after=2023-07-11T23:42:00+00:00
[2023-07-11T23:43:07.266+0000] {processor.py:179} INFO - Processing /home/airflow/.local/lib/python3.7/site-packages/airflow/example_dags/example_sla_dag.py took 0.052 seconds
[2023-07-11T23:43:38.037+0000] {processor.py:157} INFO - Started process (PID=1172) to work on /home/airflow/.local/lib/python3.7/site-packages/airflow/example_dags/example_sla_dag.py
[2023-07-11T23:43:38.038+0000] {processor.py:826} INFO - Processing file /home/airflow/.local/lib/python3.7/site-packages/airflow/example_dags/example_sla_dag.py for tasks to queue
[2023-07-11T23:43:38.039+0000] {logging_mixin.py:150} INFO - [2023-07-11T23:43:38.038+0000] {dagbag.py:541} INFO - Filling up the DagBag from /home/airflow/.local/lib/python3.7/site-packages/airflow/example_dags/example_sla_dag.py
[2023-07-11T23:43:38.044+0000] {processor.py:836} INFO - DAG(s) dict_keys(['example_sla_dag']) retrieved from /home/airflow/.local/lib/python3.7/site-packages/airflow/example_dags/example_sla_dag.py
[2023-07-11T23:43:38.058+0000] {logging_mixin.py:150} INFO - [2023-07-11T23:43:38.058+0000] {dag.py:2742} INFO - Sync 1 DAGs
[2023-07-11T23:43:38.077+0000] {logging_mixin.py:150} INFO - [2023-07-11T23:43:38.077+0000] {dag.py:3508} INFO - Setting next_dagrun for example_sla_dag to 2023-07-11T23:40:00+00:00, run_after=2023-07-11T23:42:00+00:00
[2023-07-11T23:43:38.087+0000] {processor.py:179} INFO - Processing /home/airflow/.local/lib/python3.7/site-packages/airflow/example_dags/example_sla_dag.py took 0.052 seconds
[2023-07-11T23:44:08.215+0000] {processor.py:157} INFO - Started process (PID=1242) to work on /home/airflow/.local/lib/python3.7/site-packages/airflow/example_dags/example_sla_dag.py
[2023-07-11T23:44:08.216+0000] {processor.py:826} INFO - Processing file /home/airflow/.local/lib/python3.7/site-packages/airflow/example_dags/example_sla_dag.py for tasks to queue
[2023-07-11T23:44:08.216+0000] {logging_mixin.py:150} INFO - [2023-07-11T23:44:08.216+0000] {dagbag.py:541} INFO - Filling up the DagBag from /home/airflow/.local/lib/python3.7/site-packages/airflow/example_dags/example_sla_dag.py
[2023-07-11T23:44:08.222+0000] {processor.py:836} INFO - DAG(s) dict_keys(['example_sla_dag']) retrieved from /home/airflow/.local/lib/python3.7/site-packages/airflow/example_dags/example_sla_dag.py
[2023-07-11T23:44:08.236+0000] {logging_mixin.py:150} INFO - [2023-07-11T23:44:08.236+0000] {dag.py:2742} INFO - Sync 1 DAGs
[2023-07-11T23:44:08.256+0000] {logging_mixin.py:150} INFO - [2023-07-11T23:44:08.256+0000] {dag.py:3508} INFO - Setting next_dagrun for example_sla_dag to 2023-07-11T23:42:00+00:00, run_after=2023-07-11T23:44:00+00:00
[2023-07-11T23:44:08.268+0000] {processor.py:179} INFO - Processing /home/airflow/.local/lib/python3.7/site-packages/airflow/example_dags/example_sla_dag.py took 0.055 seconds
[2023-07-11T23:44:38.661+0000] {processor.py:157} INFO - Started process (PID=1312) to work on /home/airflow/.local/lib/python3.7/site-packages/airflow/example_dags/example_sla_dag.py
[2023-07-11T23:44:38.661+0000] {processor.py:826} INFO - Processing file /home/airflow/.local/lib/python3.7/site-packages/airflow/example_dags/example_sla_dag.py for tasks to queue
[2023-07-11T23:44:38.662+0000] {logging_mixin.py:150} INFO - [2023-07-11T23:44:38.661+0000] {dagbag.py:541} INFO - Filling up the DagBag from /home/airflow/.local/lib/python3.7/site-packages/airflow/example_dags/example_sla_dag.py
[2023-07-11T23:44:38.667+0000] {processor.py:836} INFO - DAG(s) dict_keys(['example_sla_dag']) retrieved from /home/airflow/.local/lib/python3.7/site-packages/airflow/example_dags/example_sla_dag.py
[2023-07-11T23:44:38.681+0000] {logging_mixin.py:150} INFO - [2023-07-11T23:44:38.681+0000] {dag.py:2742} INFO - Sync 1 DAGs
[2023-07-11T23:44:38.700+0000] {logging_mixin.py:150} INFO - [2023-07-11T23:44:38.700+0000] {dag.py:3508} INFO - Setting next_dagrun for example_sla_dag to 2023-07-11T23:42:00+00:00, run_after=2023-07-11T23:44:00+00:00
[2023-07-11T23:44:38.710+0000] {processor.py:179} INFO - Processing /home/airflow/.local/lib/python3.7/site-packages/airflow/example_dags/example_sla_dag.py took 0.051 seconds
[2023-07-11T23:45:09.114+0000] {processor.py:157} INFO - Started process (PID=1382) to work on /home/airflow/.local/lib/python3.7/site-packages/airflow/example_dags/example_sla_dag.py
[2023-07-11T23:45:09.115+0000] {processor.py:826} INFO - Processing file /home/airflow/.local/lib/python3.7/site-packages/airflow/example_dags/example_sla_dag.py for tasks to queue
[2023-07-11T23:45:09.115+0000] {logging_mixin.py:150} INFO - [2023-07-11T23:45:09.115+0000] {dagbag.py:541} INFO - Filling up the DagBag from /home/airflow/.local/lib/python3.7/site-packages/airflow/example_dags/example_sla_dag.py
[2023-07-11T23:45:09.120+0000] {processor.py:836} INFO - DAG(s) dict_keys(['example_sla_dag']) retrieved from /home/airflow/.local/lib/python3.7/site-packages/airflow/example_dags/example_sla_dag.py
[2023-07-11T23:45:09.135+0000] {logging_mixin.py:150} INFO - [2023-07-11T23:45:09.134+0000] {dag.py:2742} INFO - Sync 1 DAGs
[2023-07-11T23:45:09.154+0000] {logging_mixin.py:150} INFO - [2023-07-11T23:45:09.154+0000] {dag.py:3508} INFO - Setting next_dagrun for example_sla_dag to 2023-07-11T23:42:00+00:00, run_after=2023-07-11T23:44:00+00:00
[2023-07-11T23:45:09.166+0000] {processor.py:179} INFO - Processing /home/airflow/.local/lib/python3.7/site-packages/airflow/example_dags/example_sla_dag.py took 0.054 seconds
[2023-07-11T23:45:40.062+0000] {processor.py:157} INFO - Started process (PID=1452) to work on /home/airflow/.local/lib/python3.7/site-packages/airflow/example_dags/example_sla_dag.py
[2023-07-11T23:45:40.062+0000] {processor.py:826} INFO - Processing file /home/airflow/.local/lib/python3.7/site-packages/airflow/example_dags/example_sla_dag.py for tasks to queue
[2023-07-11T23:45:40.063+0000] {logging_mixin.py:150} INFO - [2023-07-11T23:45:40.062+0000] {dagbag.py:541} INFO - Filling up the DagBag from /home/airflow/.local/lib/python3.7/site-packages/airflow/example_dags/example_sla_dag.py
[2023-07-11T23:45:40.067+0000] {processor.py:836} INFO - DAG(s) dict_keys(['example_sla_dag']) retrieved from /home/airflow/.local/lib/python3.7/site-packages/airflow/example_dags/example_sla_dag.py
[2023-07-11T23:45:40.082+0000] {logging_mixin.py:150} INFO - [2023-07-11T23:45:40.081+0000] {dag.py:2742} INFO - Sync 1 DAGs
[2023-07-11T23:45:40.100+0000] {logging_mixin.py:150} INFO - [2023-07-11T23:45:40.100+0000] {dag.py:3508} INFO - Setting next_dagrun for example_sla_dag to 2023-07-11T23:42:00+00:00, run_after=2023-07-11T23:44:00+00:00
[2023-07-11T23:45:40.111+0000] {processor.py:179} INFO - Processing /home/airflow/.local/lib/python3.7/site-packages/airflow/example_dags/example_sla_dag.py took 0.051 seconds
[2023-07-11T23:46:10.251+0000] {processor.py:157} INFO - Started process (PID=1522) to work on /home/airflow/.local/lib/python3.7/site-packages/airflow/example_dags/example_sla_dag.py
[2023-07-11T23:46:10.251+0000] {processor.py:826} INFO - Processing file /home/airflow/.local/lib/python3.7/site-packages/airflow/example_dags/example_sla_dag.py for tasks to queue
[2023-07-11T23:46:10.252+0000] {logging_mixin.py:150} INFO - [2023-07-11T23:46:10.252+0000] {dagbag.py:541} INFO - Filling up the DagBag from /home/airflow/.local/lib/python3.7/site-packages/airflow/example_dags/example_sla_dag.py
[2023-07-11T23:46:10.259+0000] {processor.py:836} INFO - DAG(s) dict_keys(['example_sla_dag']) retrieved from /home/airflow/.local/lib/python3.7/site-packages/airflow/example_dags/example_sla_dag.py
[2023-07-11T23:46:10.279+0000] {logging_mixin.py:150} INFO - [2023-07-11T23:46:10.279+0000] {dag.py:2742} INFO - Sync 1 DAGs
[2023-07-11T23:46:10.303+0000] {logging_mixin.py:150} INFO - [2023-07-11T23:46:10.302+0000] {dag.py:3508} INFO - Setting next_dagrun for example_sla_dag to 2023-07-11T23:44:00+00:00, run_after=2023-07-11T23:46:00+00:00
[2023-07-11T23:46:10.316+0000] {processor.py:179} INFO - Processing /home/airflow/.local/lib/python3.7/site-packages/airflow/example_dags/example_sla_dag.py took 0.067 seconds
[2023-07-11T23:46:40.360+0000] {processor.py:157} INFO - Started process (PID=1592) to work on /home/airflow/.local/lib/python3.7/site-packages/airflow/example_dags/example_sla_dag.py
[2023-07-11T23:46:40.360+0000] {processor.py:826} INFO - Processing file /home/airflow/.local/lib/python3.7/site-packages/airflow/example_dags/example_sla_dag.py for tasks to queue
[2023-07-11T23:46:40.361+0000] {logging_mixin.py:150} INFO - [2023-07-11T23:46:40.361+0000] {dagbag.py:541} INFO - Filling up the DagBag from /home/airflow/.local/lib/python3.7/site-packages/airflow/example_dags/example_sla_dag.py
[2023-07-11T23:46:40.366+0000] {processor.py:836} INFO - DAG(s) dict_keys(['example_sla_dag']) retrieved from /home/airflow/.local/lib/python3.7/site-packages/airflow/example_dags/example_sla_dag.py
[2023-07-11T23:46:40.380+0000] {logging_mixin.py:150} INFO - [2023-07-11T23:46:40.380+0000] {dag.py:2742} INFO - Sync 1 DAGs
[2023-07-11T23:46:40.399+0000] {logging_mixin.py:150} INFO - [2023-07-11T23:46:40.399+0000] {dag.py:3508} INFO - Setting next_dagrun for example_sla_dag to 2023-07-11T23:44:00+00:00, run_after=2023-07-11T23:46:00+00:00
[2023-07-11T23:46:40.410+0000] {processor.py:179} INFO - Processing /home/airflow/.local/lib/python3.7/site-packages/airflow/example_dags/example_sla_dag.py took 0.052 seconds
[2023-07-11T23:47:10.710+0000] {processor.py:157} INFO - Started process (PID=1662) to work on /home/airflow/.local/lib/python3.7/site-packages/airflow/example_dags/example_sla_dag.py
[2023-07-11T23:47:10.711+0000] {processor.py:826} INFO - Processing file /home/airflow/.local/lib/python3.7/site-packages/airflow/example_dags/example_sla_dag.py for tasks to queue
[2023-07-11T23:47:10.711+0000] {logging_mixin.py:150} INFO - [2023-07-11T23:47:10.711+0000] {dagbag.py:541} INFO - Filling up the DagBag from /home/airflow/.local/lib/python3.7/site-packages/airflow/example_dags/example_sla_dag.py
[2023-07-11T23:47:10.716+0000] {processor.py:836} INFO - DAG(s) dict_keys(['example_sla_dag']) retrieved from /home/airflow/.local/lib/python3.7/site-packages/airflow/example_dags/example_sla_dag.py
[2023-07-11T23:47:10.731+0000] {logging_mixin.py:150} INFO - [2023-07-11T23:47:10.730+0000] {dag.py:2742} INFO - Sync 1 DAGs
[2023-07-11T23:47:10.749+0000] {logging_mixin.py:150} INFO - [2023-07-11T23:47:10.749+0000] {dag.py:3508} INFO - Setting next_dagrun for example_sla_dag to 2023-07-11T23:44:00+00:00, run_after=2023-07-11T23:46:00+00:00
[2023-07-11T23:47:10.760+0000] {processor.py:179} INFO - Processing /home/airflow/.local/lib/python3.7/site-packages/airflow/example_dags/example_sla_dag.py took 0.052 seconds
