[2023-07-11T23:35:33.598+0000] {processor.py:157} INFO - Started process (PID=71) to work on /home/airflow/.local/lib/python3.7/site-packages/airflow/example_dags/example_dag_decorator.py
[2023-07-11T23:35:33.599+0000] {processor.py:826} INFO - Processing file /home/airflow/.local/lib/python3.7/site-packages/airflow/example_dags/example_dag_decorator.py for tasks to queue
[2023-07-11T23:35:33.599+0000] {logging_mixin.py:150} INFO - [2023-07-11T23:35:33.599+0000] {dagbag.py:541} INFO - Filling up the DagBag from /home/airflow/.local/lib/python3.7/site-packages/airflow/example_dags/example_dag_decorator.py
[2023-07-11T23:35:33.612+0000] {processor.py:836} INFO - DAG(s) dict_keys(['example_dag_decorator']) retrieved from /home/airflow/.local/lib/python3.7/site-packages/airflow/example_dags/example_dag_decorator.py
[2023-07-11T23:35:33.622+0000] {logging_mixin.py:150} INFO - [2023-07-11T23:35:33.622+0000] {dag.py:2742} INFO - Sync 1 DAGs
[2023-07-11T23:35:33.645+0000] {logging_mixin.py:150} INFO - [2023-07-11T23:35:33.644+0000] {dag.py:3508} INFO - Setting next_dagrun for example_dag_decorator to None, run_after=None
[2023-07-11T23:35:33.667+0000] {processor.py:179} INFO - Processing /home/airflow/.local/lib/python3.7/site-packages/airflow/example_dags/example_dag_decorator.py took 0.072 seconds
[2023-07-11T23:36:04.748+0000] {processor.py:157} INFO - Started process (PID=141) to work on /home/airflow/.local/lib/python3.7/site-packages/airflow/example_dags/example_dag_decorator.py
[2023-07-11T23:36:04.748+0000] {processor.py:826} INFO - Processing file /home/airflow/.local/lib/python3.7/site-packages/airflow/example_dags/example_dag_decorator.py for tasks to queue
[2023-07-11T23:36:04.749+0000] {logging_mixin.py:150} INFO - [2023-07-11T23:36:04.748+0000] {dagbag.py:541} INFO - Filling up the DagBag from /home/airflow/.local/lib/python3.7/site-packages/airflow/example_dags/example_dag_decorator.py
[2023-07-11T23:36:04.756+0000] {processor.py:836} INFO - DAG(s) dict_keys(['example_dag_decorator']) retrieved from /home/airflow/.local/lib/python3.7/site-packages/airflow/example_dags/example_dag_decorator.py
[2023-07-11T23:36:04.837+0000] {logging_mixin.py:150} INFO - [2023-07-11T23:36:04.837+0000] {dag.py:2742} INFO - Sync 1 DAGs
[2023-07-11T23:36:04.852+0000] {logging_mixin.py:150} INFO - [2023-07-11T23:36:04.852+0000] {dag.py:3508} INFO - Setting next_dagrun for example_dag_decorator to None, run_after=None
[2023-07-11T23:36:04.868+0000] {processor.py:179} INFO - Processing /home/airflow/.local/lib/python3.7/site-packages/airflow/example_dags/example_dag_decorator.py took 0.122 seconds
[2023-07-11T23:36:35.891+0000] {processor.py:157} INFO - Started process (PID=211) to work on /home/airflow/.local/lib/python3.7/site-packages/airflow/example_dags/example_dag_decorator.py
[2023-07-11T23:36:35.892+0000] {processor.py:826} INFO - Processing file /home/airflow/.local/lib/python3.7/site-packages/airflow/example_dags/example_dag_decorator.py for tasks to queue
[2023-07-11T23:36:35.892+0000] {logging_mixin.py:150} INFO - [2023-07-11T23:36:35.892+0000] {dagbag.py:541} INFO - Filling up the DagBag from /home/airflow/.local/lib/python3.7/site-packages/airflow/example_dags/example_dag_decorator.py
[2023-07-11T23:36:35.901+0000] {processor.py:836} INFO - DAG(s) dict_keys(['example_dag_decorator']) retrieved from /home/airflow/.local/lib/python3.7/site-packages/airflow/example_dags/example_dag_decorator.py
[2023-07-11T23:36:35.994+0000] {logging_mixin.py:150} INFO - [2023-07-11T23:36:35.994+0000] {dag.py:2742} INFO - Sync 1 DAGs
[2023-07-11T23:36:36.011+0000] {logging_mixin.py:150} INFO - [2023-07-11T23:36:36.011+0000] {dag.py:3508} INFO - Setting next_dagrun for example_dag_decorator to None, run_after=None
[2023-07-11T23:36:36.024+0000] {processor.py:179} INFO - Processing /home/airflow/.local/lib/python3.7/site-packages/airflow/example_dags/example_dag_decorator.py took 0.134 seconds
[2023-07-11T23:37:07.033+0000] {processor.py:157} INFO - Started process (PID=281) to work on /home/airflow/.local/lib/python3.7/site-packages/airflow/example_dags/example_dag_decorator.py
[2023-07-11T23:37:07.033+0000] {processor.py:826} INFO - Processing file /home/airflow/.local/lib/python3.7/site-packages/airflow/example_dags/example_dag_decorator.py for tasks to queue
[2023-07-11T23:37:07.034+0000] {logging_mixin.py:150} INFO - [2023-07-11T23:37:07.034+0000] {dagbag.py:541} INFO - Filling up the DagBag from /home/airflow/.local/lib/python3.7/site-packages/airflow/example_dags/example_dag_decorator.py
[2023-07-11T23:37:07.042+0000] {processor.py:836} INFO - DAG(s) dict_keys(['example_dag_decorator']) retrieved from /home/airflow/.local/lib/python3.7/site-packages/airflow/example_dags/example_dag_decorator.py
[2023-07-11T23:37:07.124+0000] {logging_mixin.py:150} INFO - [2023-07-11T23:37:07.124+0000] {dag.py:2742} INFO - Sync 1 DAGs
[2023-07-11T23:37:07.141+0000] {logging_mixin.py:150} INFO - [2023-07-11T23:37:07.140+0000] {dag.py:3508} INFO - Setting next_dagrun for example_dag_decorator to None, run_after=None
[2023-07-11T23:37:07.154+0000] {processor.py:179} INFO - Processing /home/airflow/.local/lib/python3.7/site-packages/airflow/example_dags/example_dag_decorator.py took 0.123 seconds
[2023-07-11T23:37:38.270+0000] {processor.py:157} INFO - Started process (PID=351) to work on /home/airflow/.local/lib/python3.7/site-packages/airflow/example_dags/example_dag_decorator.py
[2023-07-11T23:37:38.270+0000] {processor.py:826} INFO - Processing file /home/airflow/.local/lib/python3.7/site-packages/airflow/example_dags/example_dag_decorator.py for tasks to queue
[2023-07-11T23:37:38.270+0000] {logging_mixin.py:150} INFO - [2023-07-11T23:37:38.270+0000] {dagbag.py:541} INFO - Filling up the DagBag from /home/airflow/.local/lib/python3.7/site-packages/airflow/example_dags/example_dag_decorator.py
[2023-07-11T23:37:38.279+0000] {processor.py:836} INFO - DAG(s) dict_keys(['example_dag_decorator']) retrieved from /home/airflow/.local/lib/python3.7/site-packages/airflow/example_dags/example_dag_decorator.py
[2023-07-11T23:37:38.376+0000] {logging_mixin.py:150} INFO - [2023-07-11T23:37:38.376+0000] {dag.py:2742} INFO - Sync 1 DAGs
[2023-07-11T23:37:38.393+0000] {logging_mixin.py:150} INFO - [2023-07-11T23:37:38.392+0000] {dag.py:3508} INFO - Setting next_dagrun for example_dag_decorator to None, run_after=None
[2023-07-11T23:37:38.407+0000] {processor.py:179} INFO - Processing /home/airflow/.local/lib/python3.7/site-packages/airflow/example_dags/example_dag_decorator.py took 0.139 seconds
[2023-07-11T23:38:09.381+0000] {processor.py:157} INFO - Started process (PID=421) to work on /home/airflow/.local/lib/python3.7/site-packages/airflow/example_dags/example_dag_decorator.py
[2023-07-11T23:38:09.381+0000] {processor.py:826} INFO - Processing file /home/airflow/.local/lib/python3.7/site-packages/airflow/example_dags/example_dag_decorator.py for tasks to queue
[2023-07-11T23:38:09.382+0000] {logging_mixin.py:150} INFO - [2023-07-11T23:38:09.381+0000] {dagbag.py:541} INFO - Filling up the DagBag from /home/airflow/.local/lib/python3.7/site-packages/airflow/example_dags/example_dag_decorator.py
[2023-07-11T23:38:09.391+0000] {processor.py:836} INFO - DAG(s) dict_keys(['example_dag_decorator']) retrieved from /home/airflow/.local/lib/python3.7/site-packages/airflow/example_dags/example_dag_decorator.py
[2023-07-11T23:38:09.503+0000] {logging_mixin.py:150} INFO - [2023-07-11T23:38:09.503+0000] {dag.py:2742} INFO - Sync 1 DAGs
[2023-07-11T23:38:09.522+0000] {logging_mixin.py:150} INFO - [2023-07-11T23:38:09.522+0000] {dag.py:3508} INFO - Setting next_dagrun for example_dag_decorator to None, run_after=None
[2023-07-11T23:38:09.536+0000] {processor.py:179} INFO - Processing /home/airflow/.local/lib/python3.7/site-packages/airflow/example_dags/example_dag_decorator.py took 0.158 seconds
[2023-07-11T23:38:39.845+0000] {processor.py:157} INFO - Started process (PID=491) to work on /home/airflow/.local/lib/python3.7/site-packages/airflow/example_dags/example_dag_decorator.py
[2023-07-11T23:38:39.846+0000] {processor.py:826} INFO - Processing file /home/airflow/.local/lib/python3.7/site-packages/airflow/example_dags/example_dag_decorator.py for tasks to queue
[2023-07-11T23:38:39.846+0000] {logging_mixin.py:150} INFO - [2023-07-11T23:38:39.846+0000] {dagbag.py:541} INFO - Filling up the DagBag from /home/airflow/.local/lib/python3.7/site-packages/airflow/example_dags/example_dag_decorator.py
[2023-07-11T23:38:39.854+0000] {processor.py:836} INFO - DAG(s) dict_keys(['example_dag_decorator']) retrieved from /home/airflow/.local/lib/python3.7/site-packages/airflow/example_dags/example_dag_decorator.py
[2023-07-11T23:38:39.957+0000] {logging_mixin.py:150} INFO - [2023-07-11T23:38:39.957+0000] {dag.py:2742} INFO - Sync 1 DAGs
[2023-07-11T23:38:39.975+0000] {logging_mixin.py:150} INFO - [2023-07-11T23:38:39.975+0000] {dag.py:3508} INFO - Setting next_dagrun for example_dag_decorator to None, run_after=None
[2023-07-11T23:38:39.989+0000] {processor.py:179} INFO - Processing /home/airflow/.local/lib/python3.7/site-packages/airflow/example_dags/example_dag_decorator.py took 0.145 seconds
[2023-07-11T23:39:10.230+0000] {processor.py:157} INFO - Started process (PID=561) to work on /home/airflow/.local/lib/python3.7/site-packages/airflow/example_dags/example_dag_decorator.py
[2023-07-11T23:39:10.230+0000] {processor.py:826} INFO - Processing file /home/airflow/.local/lib/python3.7/site-packages/airflow/example_dags/example_dag_decorator.py for tasks to queue
[2023-07-11T23:39:10.231+0000] {logging_mixin.py:150} INFO - [2023-07-11T23:39:10.231+0000] {dagbag.py:541} INFO - Filling up the DagBag from /home/airflow/.local/lib/python3.7/site-packages/airflow/example_dags/example_dag_decorator.py
[2023-07-11T23:39:10.239+0000] {processor.py:836} INFO - DAG(s) dict_keys(['example_dag_decorator']) retrieved from /home/airflow/.local/lib/python3.7/site-packages/airflow/example_dags/example_dag_decorator.py
[2023-07-11T23:39:10.324+0000] {logging_mixin.py:150} INFO - [2023-07-11T23:39:10.324+0000] {dag.py:2742} INFO - Sync 1 DAGs
[2023-07-11T23:39:10.340+0000] {logging_mixin.py:150} INFO - [2023-07-11T23:39:10.340+0000] {dag.py:3508} INFO - Setting next_dagrun for example_dag_decorator to None, run_after=None
[2023-07-11T23:39:10.354+0000] {processor.py:179} INFO - Processing /home/airflow/.local/lib/python3.7/site-packages/airflow/example_dags/example_dag_decorator.py took 0.126 seconds
[2023-07-11T23:39:41.278+0000] {processor.py:157} INFO - Started process (PID=631) to work on /home/airflow/.local/lib/python3.7/site-packages/airflow/example_dags/example_dag_decorator.py
[2023-07-11T23:39:41.279+0000] {processor.py:826} INFO - Processing file /home/airflow/.local/lib/python3.7/site-packages/airflow/example_dags/example_dag_decorator.py for tasks to queue
[2023-07-11T23:39:41.279+0000] {logging_mixin.py:150} INFO - [2023-07-11T23:39:41.279+0000] {dagbag.py:541} INFO - Filling up the DagBag from /home/airflow/.local/lib/python3.7/site-packages/airflow/example_dags/example_dag_decorator.py
[2023-07-11T23:39:41.288+0000] {processor.py:836} INFO - DAG(s) dict_keys(['example_dag_decorator']) retrieved from /home/airflow/.local/lib/python3.7/site-packages/airflow/example_dags/example_dag_decorator.py
[2023-07-11T23:39:41.384+0000] {logging_mixin.py:150} INFO - [2023-07-11T23:39:41.384+0000] {dag.py:2742} INFO - Sync 1 DAGs
[2023-07-11T23:39:41.403+0000] {logging_mixin.py:150} INFO - [2023-07-11T23:39:41.402+0000] {dag.py:3508} INFO - Setting next_dagrun for example_dag_decorator to None, run_after=None
[2023-07-11T23:39:41.416+0000] {processor.py:179} INFO - Processing /home/airflow/.local/lib/python3.7/site-packages/airflow/example_dags/example_dag_decorator.py took 0.139 seconds
[2023-07-11T23:40:11.586+0000] {processor.py:157} INFO - Started process (PID=701) to work on /home/airflow/.local/lib/python3.7/site-packages/airflow/example_dags/example_dag_decorator.py
[2023-07-11T23:40:11.587+0000] {processor.py:826} INFO - Processing file /home/airflow/.local/lib/python3.7/site-packages/airflow/example_dags/example_dag_decorator.py for tasks to queue
[2023-07-11T23:40:11.587+0000] {logging_mixin.py:150} INFO - [2023-07-11T23:40:11.587+0000] {dagbag.py:541} INFO - Filling up the DagBag from /home/airflow/.local/lib/python3.7/site-packages/airflow/example_dags/example_dag_decorator.py
[2023-07-11T23:40:11.597+0000] {processor.py:836} INFO - DAG(s) dict_keys(['example_dag_decorator']) retrieved from /home/airflow/.local/lib/python3.7/site-packages/airflow/example_dags/example_dag_decorator.py
[2023-07-11T23:40:11.696+0000] {logging_mixin.py:150} INFO - [2023-07-11T23:40:11.695+0000] {dag.py:2742} INFO - Sync 1 DAGs
[2023-07-11T23:40:11.714+0000] {logging_mixin.py:150} INFO - [2023-07-11T23:40:11.714+0000] {dag.py:3508} INFO - Setting next_dagrun for example_dag_decorator to None, run_after=None
[2023-07-11T23:40:11.732+0000] {processor.py:179} INFO - Processing /home/airflow/.local/lib/python3.7/site-packages/airflow/example_dags/example_dag_decorator.py took 0.148 seconds
[2023-07-11T23:40:42.155+0000] {processor.py:157} INFO - Started process (PID=771) to work on /home/airflow/.local/lib/python3.7/site-packages/airflow/example_dags/example_dag_decorator.py
[2023-07-11T23:40:42.156+0000] {processor.py:826} INFO - Processing file /home/airflow/.local/lib/python3.7/site-packages/airflow/example_dags/example_dag_decorator.py for tasks to queue
[2023-07-11T23:40:42.156+0000] {logging_mixin.py:150} INFO - [2023-07-11T23:40:42.156+0000] {dagbag.py:541} INFO - Filling up the DagBag from /home/airflow/.local/lib/python3.7/site-packages/airflow/example_dags/example_dag_decorator.py
[2023-07-11T23:40:42.166+0000] {processor.py:836} INFO - DAG(s) dict_keys(['example_dag_decorator']) retrieved from /home/airflow/.local/lib/python3.7/site-packages/airflow/example_dags/example_dag_decorator.py
[2023-07-11T23:40:42.263+0000] {logging_mixin.py:150} INFO - [2023-07-11T23:40:42.262+0000] {dag.py:2742} INFO - Sync 1 DAGs
[2023-07-11T23:40:42.280+0000] {logging_mixin.py:150} INFO - [2023-07-11T23:40:42.280+0000] {dag.py:3508} INFO - Setting next_dagrun for example_dag_decorator to None, run_after=None
[2023-07-11T23:40:42.294+0000] {processor.py:179} INFO - Processing /home/airflow/.local/lib/python3.7/site-packages/airflow/example_dags/example_dag_decorator.py took 0.141 seconds
[2023-07-11T23:41:12.468+0000] {processor.py:157} INFO - Started process (PID=841) to work on /home/airflow/.local/lib/python3.7/site-packages/airflow/example_dags/example_dag_decorator.py
[2023-07-11T23:41:12.469+0000] {processor.py:826} INFO - Processing file /home/airflow/.local/lib/python3.7/site-packages/airflow/example_dags/example_dag_decorator.py for tasks to queue
[2023-07-11T23:41:12.469+0000] {logging_mixin.py:150} INFO - [2023-07-11T23:41:12.469+0000] {dagbag.py:541} INFO - Filling up the DagBag from /home/airflow/.local/lib/python3.7/site-packages/airflow/example_dags/example_dag_decorator.py
[2023-07-11T23:41:12.477+0000] {processor.py:836} INFO - DAG(s) dict_keys(['example_dag_decorator']) retrieved from /home/airflow/.local/lib/python3.7/site-packages/airflow/example_dags/example_dag_decorator.py
[2023-07-11T23:41:12.572+0000] {logging_mixin.py:150} INFO - [2023-07-11T23:41:12.571+0000] {dag.py:2742} INFO - Sync 1 DAGs
[2023-07-11T23:41:12.587+0000] {logging_mixin.py:150} INFO - [2023-07-11T23:41:12.587+0000] {dag.py:3508} INFO - Setting next_dagrun for example_dag_decorator to None, run_after=None
[2023-07-11T23:41:12.600+0000] {processor.py:179} INFO - Processing /home/airflow/.local/lib/python3.7/site-packages/airflow/example_dags/example_dag_decorator.py took 0.134 seconds
[2023-07-11T23:41:43.633+0000] {processor.py:157} INFO - Started process (PID=911) to work on /home/airflow/.local/lib/python3.7/site-packages/airflow/example_dags/example_dag_decorator.py
[2023-07-11T23:41:43.634+0000] {processor.py:826} INFO - Processing file /home/airflow/.local/lib/python3.7/site-packages/airflow/example_dags/example_dag_decorator.py for tasks to queue
[2023-07-11T23:41:43.634+0000] {logging_mixin.py:150} INFO - [2023-07-11T23:41:43.634+0000] {dagbag.py:541} INFO - Filling up the DagBag from /home/airflow/.local/lib/python3.7/site-packages/airflow/example_dags/example_dag_decorator.py
[2023-07-11T23:41:43.642+0000] {processor.py:836} INFO - DAG(s) dict_keys(['example_dag_decorator']) retrieved from /home/airflow/.local/lib/python3.7/site-packages/airflow/example_dags/example_dag_decorator.py
[2023-07-11T23:41:43.732+0000] {logging_mixin.py:150} INFO - [2023-07-11T23:41:43.732+0000] {dag.py:2742} INFO - Sync 1 DAGs
[2023-07-11T23:41:43.748+0000] {logging_mixin.py:150} INFO - [2023-07-11T23:41:43.748+0000] {dag.py:3508} INFO - Setting next_dagrun for example_dag_decorator to None, run_after=None
[2023-07-11T23:41:43.761+0000] {processor.py:179} INFO - Processing /home/airflow/.local/lib/python3.7/site-packages/airflow/example_dags/example_dag_decorator.py took 0.129 seconds
[2023-07-11T23:42:14.958+0000] {processor.py:157} INFO - Started process (PID=981) to work on /home/airflow/.local/lib/python3.7/site-packages/airflow/example_dags/example_dag_decorator.py
[2023-07-11T23:42:14.959+0000] {processor.py:826} INFO - Processing file /home/airflow/.local/lib/python3.7/site-packages/airflow/example_dags/example_dag_decorator.py for tasks to queue
[2023-07-11T23:42:14.959+0000] {logging_mixin.py:150} INFO - [2023-07-11T23:42:14.959+0000] {dagbag.py:541} INFO - Filling up the DagBag from /home/airflow/.local/lib/python3.7/site-packages/airflow/example_dags/example_dag_decorator.py
[2023-07-11T23:42:14.968+0000] {processor.py:836} INFO - DAG(s) dict_keys(['example_dag_decorator']) retrieved from /home/airflow/.local/lib/python3.7/site-packages/airflow/example_dags/example_dag_decorator.py
[2023-07-11T23:42:15.062+0000] {logging_mixin.py:150} INFO - [2023-07-11T23:42:15.062+0000] {dag.py:2742} INFO - Sync 1 DAGs
[2023-07-11T23:42:15.078+0000] {logging_mixin.py:150} INFO - [2023-07-11T23:42:15.078+0000] {dag.py:3508} INFO - Setting next_dagrun for example_dag_decorator to None, run_after=None
[2023-07-11T23:42:15.091+0000] {processor.py:179} INFO - Processing /home/airflow/.local/lib/python3.7/site-packages/airflow/example_dags/example_dag_decorator.py took 0.134 seconds
[2023-07-11T23:42:45.292+0000] {processor.py:157} INFO - Started process (PID=1051) to work on /home/airflow/.local/lib/python3.7/site-packages/airflow/example_dags/example_dag_decorator.py
[2023-07-11T23:42:45.292+0000] {processor.py:826} INFO - Processing file /home/airflow/.local/lib/python3.7/site-packages/airflow/example_dags/example_dag_decorator.py for tasks to queue
[2023-07-11T23:42:45.293+0000] {logging_mixin.py:150} INFO - [2023-07-11T23:42:45.293+0000] {dagbag.py:541} INFO - Filling up the DagBag from /home/airflow/.local/lib/python3.7/site-packages/airflow/example_dags/example_dag_decorator.py
[2023-07-11T23:42:45.304+0000] {processor.py:836} INFO - DAG(s) dict_keys(['example_dag_decorator']) retrieved from /home/airflow/.local/lib/python3.7/site-packages/airflow/example_dags/example_dag_decorator.py
[2023-07-11T23:42:45.392+0000] {logging_mixin.py:150} INFO - [2023-07-11T23:42:45.392+0000] {dag.py:2742} INFO - Sync 1 DAGs
[2023-07-11T23:42:45.410+0000] {logging_mixin.py:150} INFO - [2023-07-11T23:42:45.409+0000] {dag.py:3508} INFO - Setting next_dagrun for example_dag_decorator to None, run_after=None
[2023-07-11T23:42:45.423+0000] {processor.py:179} INFO - Processing /home/airflow/.local/lib/python3.7/site-packages/airflow/example_dags/example_dag_decorator.py took 0.133 seconds
[2023-07-11T23:43:16.054+0000] {processor.py:157} INFO - Started process (PID=1121) to work on /home/airflow/.local/lib/python3.7/site-packages/airflow/example_dags/example_dag_decorator.py
[2023-07-11T23:43:16.055+0000] {processor.py:826} INFO - Processing file /home/airflow/.local/lib/python3.7/site-packages/airflow/example_dags/example_dag_decorator.py for tasks to queue
[2023-07-11T23:43:16.055+0000] {logging_mixin.py:150} INFO - [2023-07-11T23:43:16.055+0000] {dagbag.py:541} INFO - Filling up the DagBag from /home/airflow/.local/lib/python3.7/site-packages/airflow/example_dags/example_dag_decorator.py
[2023-07-11T23:43:16.063+0000] {processor.py:836} INFO - DAG(s) dict_keys(['example_dag_decorator']) retrieved from /home/airflow/.local/lib/python3.7/site-packages/airflow/example_dags/example_dag_decorator.py
[2023-07-11T23:43:16.144+0000] {logging_mixin.py:150} INFO - [2023-07-11T23:43:16.143+0000] {dag.py:2742} INFO - Sync 1 DAGs
[2023-07-11T23:43:16.160+0000] {logging_mixin.py:150} INFO - [2023-07-11T23:43:16.160+0000] {dag.py:3508} INFO - Setting next_dagrun for example_dag_decorator to None, run_after=None
[2023-07-11T23:43:16.172+0000] {processor.py:179} INFO - Processing /home/airflow/.local/lib/python3.7/site-packages/airflow/example_dags/example_dag_decorator.py took 0.120 seconds
[2023-07-11T23:43:46.897+0000] {processor.py:157} INFO - Started process (PID=1191) to work on /home/airflow/.local/lib/python3.7/site-packages/airflow/example_dags/example_dag_decorator.py
[2023-07-11T23:43:46.898+0000] {processor.py:826} INFO - Processing file /home/airflow/.local/lib/python3.7/site-packages/airflow/example_dags/example_dag_decorator.py for tasks to queue
[2023-07-11T23:43:46.898+0000] {logging_mixin.py:150} INFO - [2023-07-11T23:43:46.898+0000] {dagbag.py:541} INFO - Filling up the DagBag from /home/airflow/.local/lib/python3.7/site-packages/airflow/example_dags/example_dag_decorator.py
[2023-07-11T23:43:46.906+0000] {processor.py:836} INFO - DAG(s) dict_keys(['example_dag_decorator']) retrieved from /home/airflow/.local/lib/python3.7/site-packages/airflow/example_dags/example_dag_decorator.py
[2023-07-11T23:43:46.992+0000] {logging_mixin.py:150} INFO - [2023-07-11T23:43:46.992+0000] {dag.py:2742} INFO - Sync 1 DAGs
[2023-07-11T23:43:47.008+0000] {logging_mixin.py:150} INFO - [2023-07-11T23:43:47.008+0000] {dag.py:3508} INFO - Setting next_dagrun for example_dag_decorator to None, run_after=None
[2023-07-11T23:43:47.019+0000] {processor.py:179} INFO - Processing /home/airflow/.local/lib/python3.7/site-packages/airflow/example_dags/example_dag_decorator.py took 0.124 seconds
[2023-07-11T23:44:17.218+0000] {processor.py:157} INFO - Started process (PID=1262) to work on /home/airflow/.local/lib/python3.7/site-packages/airflow/example_dags/example_dag_decorator.py
[2023-07-11T23:44:17.219+0000] {processor.py:826} INFO - Processing file /home/airflow/.local/lib/python3.7/site-packages/airflow/example_dags/example_dag_decorator.py for tasks to queue
[2023-07-11T23:44:17.219+0000] {logging_mixin.py:150} INFO - [2023-07-11T23:44:17.219+0000] {dagbag.py:541} INFO - Filling up the DagBag from /home/airflow/.local/lib/python3.7/site-packages/airflow/example_dags/example_dag_decorator.py
[2023-07-11T23:44:17.228+0000] {processor.py:836} INFO - DAG(s) dict_keys(['example_dag_decorator']) retrieved from /home/airflow/.local/lib/python3.7/site-packages/airflow/example_dags/example_dag_decorator.py
[2023-07-11T23:44:17.333+0000] {logging_mixin.py:150} INFO - [2023-07-11T23:44:17.333+0000] {dag.py:2742} INFO - Sync 1 DAGs
[2023-07-11T23:44:17.351+0000] {logging_mixin.py:150} INFO - [2023-07-11T23:44:17.351+0000] {dag.py:3508} INFO - Setting next_dagrun for example_dag_decorator to None, run_after=None
[2023-07-11T23:44:17.364+0000] {processor.py:179} INFO - Processing /home/airflow/.local/lib/python3.7/site-packages/airflow/example_dags/example_dag_decorator.py took 0.148 seconds
[2023-07-11T23:44:47.636+0000] {processor.py:157} INFO - Started process (PID=1331) to work on /home/airflow/.local/lib/python3.7/site-packages/airflow/example_dags/example_dag_decorator.py
[2023-07-11T23:44:47.637+0000] {processor.py:826} INFO - Processing file /home/airflow/.local/lib/python3.7/site-packages/airflow/example_dags/example_dag_decorator.py for tasks to queue
[2023-07-11T23:44:47.638+0000] {logging_mixin.py:150} INFO - [2023-07-11T23:44:47.637+0000] {dagbag.py:541} INFO - Filling up the DagBag from /home/airflow/.local/lib/python3.7/site-packages/airflow/example_dags/example_dag_decorator.py
[2023-07-11T23:44:47.646+0000] {processor.py:836} INFO - DAG(s) dict_keys(['example_dag_decorator']) retrieved from /home/airflow/.local/lib/python3.7/site-packages/airflow/example_dags/example_dag_decorator.py
[2023-07-11T23:44:47.740+0000] {logging_mixin.py:150} INFO - [2023-07-11T23:44:47.740+0000] {dag.py:2742} INFO - Sync 1 DAGs
[2023-07-11T23:44:47.757+0000] {logging_mixin.py:150} INFO - [2023-07-11T23:44:47.757+0000] {dag.py:3508} INFO - Setting next_dagrun for example_dag_decorator to None, run_after=None
[2023-07-11T23:44:47.772+0000] {processor.py:179} INFO - Processing /home/airflow/.local/lib/python3.7/site-packages/airflow/example_dags/example_dag_decorator.py took 0.138 seconds
[2023-07-11T23:45:18.114+0000] {processor.py:157} INFO - Started process (PID=1401) to work on /home/airflow/.local/lib/python3.7/site-packages/airflow/example_dags/example_dag_decorator.py
[2023-07-11T23:45:18.114+0000] {processor.py:826} INFO - Processing file /home/airflow/.local/lib/python3.7/site-packages/airflow/example_dags/example_dag_decorator.py for tasks to queue
[2023-07-11T23:45:18.115+0000] {logging_mixin.py:150} INFO - [2023-07-11T23:45:18.115+0000] {dagbag.py:541} INFO - Filling up the DagBag from /home/airflow/.local/lib/python3.7/site-packages/airflow/example_dags/example_dag_decorator.py
[2023-07-11T23:45:18.123+0000] {processor.py:836} INFO - DAG(s) dict_keys(['example_dag_decorator']) retrieved from /home/airflow/.local/lib/python3.7/site-packages/airflow/example_dags/example_dag_decorator.py
[2023-07-11T23:45:18.236+0000] {logging_mixin.py:150} INFO - [2023-07-11T23:45:18.236+0000] {dag.py:2742} INFO - Sync 1 DAGs
[2023-07-11T23:45:18.252+0000] {logging_mixin.py:150} INFO - [2023-07-11T23:45:18.252+0000] {dag.py:3508} INFO - Setting next_dagrun for example_dag_decorator to None, run_after=None
[2023-07-11T23:45:18.265+0000] {processor.py:179} INFO - Processing /home/airflow/.local/lib/python3.7/site-packages/airflow/example_dags/example_dag_decorator.py took 0.153 seconds
[2023-07-11T23:45:48.933+0000] {processor.py:157} INFO - Started process (PID=1471) to work on /home/airflow/.local/lib/python3.7/site-packages/airflow/example_dags/example_dag_decorator.py
[2023-07-11T23:45:48.933+0000] {processor.py:826} INFO - Processing file /home/airflow/.local/lib/python3.7/site-packages/airflow/example_dags/example_dag_decorator.py for tasks to queue
[2023-07-11T23:45:48.934+0000] {logging_mixin.py:150} INFO - [2023-07-11T23:45:48.934+0000] {dagbag.py:541} INFO - Filling up the DagBag from /home/airflow/.local/lib/python3.7/site-packages/airflow/example_dags/example_dag_decorator.py
[2023-07-11T23:45:48.942+0000] {processor.py:836} INFO - DAG(s) dict_keys(['example_dag_decorator']) retrieved from /home/airflow/.local/lib/python3.7/site-packages/airflow/example_dags/example_dag_decorator.py
[2023-07-11T23:45:49.028+0000] {logging_mixin.py:150} INFO - [2023-07-11T23:45:49.028+0000] {dag.py:2742} INFO - Sync 1 DAGs
[2023-07-11T23:45:49.046+0000] {logging_mixin.py:150} INFO - [2023-07-11T23:45:49.045+0000] {dag.py:3508} INFO - Setting next_dagrun for example_dag_decorator to None, run_after=None
[2023-07-11T23:45:49.058+0000] {processor.py:179} INFO - Processing /home/airflow/.local/lib/python3.7/site-packages/airflow/example_dags/example_dag_decorator.py took 0.127 seconds
[2023-07-11T23:46:19.350+0000] {processor.py:157} INFO - Started process (PID=1541) to work on /home/airflow/.local/lib/python3.7/site-packages/airflow/example_dags/example_dag_decorator.py
[2023-07-11T23:46:19.351+0000] {processor.py:826} INFO - Processing file /home/airflow/.local/lib/python3.7/site-packages/airflow/example_dags/example_dag_decorator.py for tasks to queue
[2023-07-11T23:46:19.351+0000] {logging_mixin.py:150} INFO - [2023-07-11T23:46:19.351+0000] {dagbag.py:541} INFO - Filling up the DagBag from /home/airflow/.local/lib/python3.7/site-packages/airflow/example_dags/example_dag_decorator.py
[2023-07-11T23:46:19.360+0000] {processor.py:836} INFO - DAG(s) dict_keys(['example_dag_decorator']) retrieved from /home/airflow/.local/lib/python3.7/site-packages/airflow/example_dags/example_dag_decorator.py
[2023-07-11T23:46:19.465+0000] {logging_mixin.py:150} INFO - [2023-07-11T23:46:19.464+0000] {dag.py:2742} INFO - Sync 1 DAGs
[2023-07-11T23:46:19.484+0000] {logging_mixin.py:150} INFO - [2023-07-11T23:46:19.484+0000] {dag.py:3508} INFO - Setting next_dagrun for example_dag_decorator to None, run_after=None
[2023-07-11T23:46:19.499+0000] {processor.py:179} INFO - Processing /home/airflow/.local/lib/python3.7/site-packages/airflow/example_dags/example_dag_decorator.py took 0.150 seconds
[2023-07-11T23:46:50.329+0000] {processor.py:157} INFO - Started process (PID=1611) to work on /home/airflow/.local/lib/python3.7/site-packages/airflow/example_dags/example_dag_decorator.py
[2023-07-11T23:46:50.330+0000] {processor.py:826} INFO - Processing file /home/airflow/.local/lib/python3.7/site-packages/airflow/example_dags/example_dag_decorator.py for tasks to queue
[2023-07-11T23:46:50.330+0000] {logging_mixin.py:150} INFO - [2023-07-11T23:46:50.330+0000] {dagbag.py:541} INFO - Filling up the DagBag from /home/airflow/.local/lib/python3.7/site-packages/airflow/example_dags/example_dag_decorator.py
[2023-07-11T23:46:50.339+0000] {processor.py:836} INFO - DAG(s) dict_keys(['example_dag_decorator']) retrieved from /home/airflow/.local/lib/python3.7/site-packages/airflow/example_dags/example_dag_decorator.py
[2023-07-11T23:46:50.443+0000] {logging_mixin.py:150} INFO - [2023-07-11T23:46:50.443+0000] {dag.py:2742} INFO - Sync 1 DAGs
[2023-07-11T23:46:50.461+0000] {logging_mixin.py:150} INFO - [2023-07-11T23:46:50.461+0000] {dag.py:3508} INFO - Setting next_dagrun for example_dag_decorator to None, run_after=None
[2023-07-11T23:46:50.473+0000] {processor.py:179} INFO - Processing /home/airflow/.local/lib/python3.7/site-packages/airflow/example_dags/example_dag_decorator.py took 0.146 seconds
[2023-07-11T23:47:20.642+0000] {processor.py:157} INFO - Started process (PID=1681) to work on /home/airflow/.local/lib/python3.7/site-packages/airflow/example_dags/example_dag_decorator.py
[2023-07-11T23:47:20.643+0000] {processor.py:826} INFO - Processing file /home/airflow/.local/lib/python3.7/site-packages/airflow/example_dags/example_dag_decorator.py for tasks to queue
[2023-07-11T23:47:20.643+0000] {logging_mixin.py:150} INFO - [2023-07-11T23:47:20.643+0000] {dagbag.py:541} INFO - Filling up the DagBag from /home/airflow/.local/lib/python3.7/site-packages/airflow/example_dags/example_dag_decorator.py
[2023-07-11T23:47:20.652+0000] {processor.py:836} INFO - DAG(s) dict_keys(['example_dag_decorator']) retrieved from /home/airflow/.local/lib/python3.7/site-packages/airflow/example_dags/example_dag_decorator.py
[2023-07-11T23:47:20.738+0000] {logging_mixin.py:150} INFO - [2023-07-11T23:47:20.737+0000] {dag.py:2742} INFO - Sync 1 DAGs
[2023-07-11T23:47:20.755+0000] {logging_mixin.py:150} INFO - [2023-07-11T23:47:20.755+0000] {dag.py:3508} INFO - Setting next_dagrun for example_dag_decorator to None, run_after=None
[2023-07-11T23:47:20.767+0000] {processor.py:179} INFO - Processing /home/airflow/.local/lib/python3.7/site-packages/airflow/example_dags/example_dag_decorator.py took 0.126 seconds
