[2023-07-11T23:35:33.454+0000] {processor.py:157} INFO - Started process (PID=68) to work on /home/airflow/.local/lib/python3.7/site-packages/airflow/example_dags/example_xcomargs.py
[2023-07-11T23:35:33.454+0000] {processor.py:826} INFO - Processing file /home/airflow/.local/lib/python3.7/site-packages/airflow/example_dags/example_xcomargs.py for tasks to queue
[2023-07-11T23:35:33.454+0000] {logging_mixin.py:150} INFO - [2023-07-11T23:35:33.454+0000] {dagbag.py:541} INFO - Filling up the DagBag from /home/airflow/.local/lib/python3.7/site-packages/airflow/example_dags/example_xcomargs.py
[2023-07-11T23:35:33.462+0000] {processor.py:836} INFO - DAG(s) dict_keys(['example_xcom_args_with_operators', 'example_xcom_args']) retrieved from /home/airflow/.local/lib/python3.7/site-packages/airflow/example_dags/example_xcomargs.py
[2023-07-11T23:35:33.472+0000] {logging_mixin.py:150} INFO - [2023-07-11T23:35:33.471+0000] {dag.py:2742} INFO - Sync 2 DAGs
[2023-07-11T23:35:33.494+0000] {logging_mixin.py:150} INFO - [2023-07-11T23:35:33.494+0000] {dag.py:3508} INFO - Setting next_dagrun for example_xcom_args to None, run_after=None
[2023-07-11T23:35:33.497+0000] {logging_mixin.py:150} INFO - [2023-07-11T23:35:33.497+0000] {dag.py:3508} INFO - Setting next_dagrun for example_xcom_args_with_operators to None, run_after=None
[2023-07-11T23:35:33.511+0000] {processor.py:179} INFO - Processing /home/airflow/.local/lib/python3.7/site-packages/airflow/example_dags/example_xcomargs.py took 0.060 seconds
[2023-07-11T23:36:04.603+0000] {processor.py:157} INFO - Started process (PID=138) to work on /home/airflow/.local/lib/python3.7/site-packages/airflow/example_dags/example_xcomargs.py
[2023-07-11T23:36:04.603+0000] {processor.py:826} INFO - Processing file /home/airflow/.local/lib/python3.7/site-packages/airflow/example_dags/example_xcomargs.py for tasks to queue
[2023-07-11T23:36:04.604+0000] {logging_mixin.py:150} INFO - [2023-07-11T23:36:04.604+0000] {dagbag.py:541} INFO - Filling up the DagBag from /home/airflow/.local/lib/python3.7/site-packages/airflow/example_dags/example_xcomargs.py
[2023-07-11T23:36:04.608+0000] {processor.py:836} INFO - DAG(s) dict_keys(['example_xcom_args', 'example_xcom_args_with_operators']) retrieved from /home/airflow/.local/lib/python3.7/site-packages/airflow/example_dags/example_xcomargs.py
[2023-07-11T23:36:04.627+0000] {logging_mixin.py:150} INFO - [2023-07-11T23:36:04.626+0000] {dag.py:2742} INFO - Sync 2 DAGs
[2023-07-11T23:36:04.646+0000] {logging_mixin.py:150} INFO - [2023-07-11T23:36:04.645+0000] {dag.py:3508} INFO - Setting next_dagrun for example_xcom_args to None, run_after=None
[2023-07-11T23:36:04.648+0000] {logging_mixin.py:150} INFO - [2023-07-11T23:36:04.648+0000] {dag.py:3508} INFO - Setting next_dagrun for example_xcom_args_with_operators to None, run_after=None
[2023-07-11T23:36:04.659+0000] {processor.py:179} INFO - Processing /home/airflow/.local/lib/python3.7/site-packages/airflow/example_dags/example_xcomargs.py took 0.058 seconds
[2023-07-11T23:36:35.731+0000] {processor.py:157} INFO - Started process (PID=208) to work on /home/airflow/.local/lib/python3.7/site-packages/airflow/example_dags/example_xcomargs.py
[2023-07-11T23:36:35.731+0000] {processor.py:826} INFO - Processing file /home/airflow/.local/lib/python3.7/site-packages/airflow/example_dags/example_xcomargs.py for tasks to queue
[2023-07-11T23:36:35.732+0000] {logging_mixin.py:150} INFO - [2023-07-11T23:36:35.732+0000] {dagbag.py:541} INFO - Filling up the DagBag from /home/airflow/.local/lib/python3.7/site-packages/airflow/example_dags/example_xcomargs.py
[2023-07-11T23:36:35.739+0000] {processor.py:836} INFO - DAG(s) dict_keys(['example_xcom_args_with_operators', 'example_xcom_args']) retrieved from /home/airflow/.local/lib/python3.7/site-packages/airflow/example_dags/example_xcomargs.py
[2023-07-11T23:36:35.765+0000] {logging_mixin.py:150} INFO - [2023-07-11T23:36:35.764+0000] {dag.py:2742} INFO - Sync 2 DAGs
[2023-07-11T23:36:35.784+0000] {logging_mixin.py:150} INFO - [2023-07-11T23:36:35.783+0000] {dag.py:3508} INFO - Setting next_dagrun for example_xcom_args to None, run_after=None
[2023-07-11T23:36:35.786+0000] {logging_mixin.py:150} INFO - [2023-07-11T23:36:35.786+0000] {dag.py:3508} INFO - Setting next_dagrun for example_xcom_args_with_operators to None, run_after=None
[2023-07-11T23:36:35.798+0000] {processor.py:179} INFO - Processing /home/airflow/.local/lib/python3.7/site-packages/airflow/example_dags/example_xcomargs.py took 0.070 seconds
[2023-07-11T23:37:06.886+0000] {processor.py:157} INFO - Started process (PID=278) to work on /home/airflow/.local/lib/python3.7/site-packages/airflow/example_dags/example_xcomargs.py
[2023-07-11T23:37:06.886+0000] {processor.py:826} INFO - Processing file /home/airflow/.local/lib/python3.7/site-packages/airflow/example_dags/example_xcomargs.py for tasks to queue
[2023-07-11T23:37:06.887+0000] {logging_mixin.py:150} INFO - [2023-07-11T23:37:06.887+0000] {dagbag.py:541} INFO - Filling up the DagBag from /home/airflow/.local/lib/python3.7/site-packages/airflow/example_dags/example_xcomargs.py
[2023-07-11T23:37:06.891+0000] {processor.py:836} INFO - DAG(s) dict_keys(['example_xcom_args', 'example_xcom_args_with_operators']) retrieved from /home/airflow/.local/lib/python3.7/site-packages/airflow/example_dags/example_xcomargs.py
[2023-07-11T23:37:06.909+0000] {logging_mixin.py:150} INFO - [2023-07-11T23:37:06.909+0000] {dag.py:2742} INFO - Sync 2 DAGs
[2023-07-11T23:37:06.927+0000] {logging_mixin.py:150} INFO - [2023-07-11T23:37:06.926+0000] {dag.py:3508} INFO - Setting next_dagrun for example_xcom_args to None, run_after=None
[2023-07-11T23:37:06.929+0000] {logging_mixin.py:150} INFO - [2023-07-11T23:37:06.929+0000] {dag.py:3508} INFO - Setting next_dagrun for example_xcom_args_with_operators to None, run_after=None
[2023-07-11T23:37:06.940+0000] {processor.py:179} INFO - Processing /home/airflow/.local/lib/python3.7/site-packages/airflow/example_dags/example_xcomargs.py took 0.056 seconds
[2023-07-11T23:37:38.100+0000] {processor.py:157} INFO - Started process (PID=348) to work on /home/airflow/.local/lib/python3.7/site-packages/airflow/example_dags/example_xcomargs.py
[2023-07-11T23:37:38.100+0000] {processor.py:826} INFO - Processing file /home/airflow/.local/lib/python3.7/site-packages/airflow/example_dags/example_xcomargs.py for tasks to queue
[2023-07-11T23:37:38.101+0000] {logging_mixin.py:150} INFO - [2023-07-11T23:37:38.101+0000] {dagbag.py:541} INFO - Filling up the DagBag from /home/airflow/.local/lib/python3.7/site-packages/airflow/example_dags/example_xcomargs.py
[2023-07-11T23:37:38.108+0000] {processor.py:836} INFO - DAG(s) dict_keys(['example_xcom_args_with_operators', 'example_xcom_args']) retrieved from /home/airflow/.local/lib/python3.7/site-packages/airflow/example_dags/example_xcomargs.py
[2023-07-11T23:37:38.133+0000] {logging_mixin.py:150} INFO - [2023-07-11T23:37:38.132+0000] {dag.py:2742} INFO - Sync 2 DAGs
[2023-07-11T23:37:38.155+0000] {logging_mixin.py:150} INFO - [2023-07-11T23:37:38.155+0000] {dag.py:3508} INFO - Setting next_dagrun for example_xcom_args to None, run_after=None
[2023-07-11T23:37:38.159+0000] {logging_mixin.py:150} INFO - [2023-07-11T23:37:38.159+0000] {dag.py:3508} INFO - Setting next_dagrun for example_xcom_args_with_operators to None, run_after=None
[2023-07-11T23:37:38.172+0000] {processor.py:179} INFO - Processing /home/airflow/.local/lib/python3.7/site-packages/airflow/example_dags/example_xcomargs.py took 0.074 seconds
[2023-07-11T23:38:09.222+0000] {processor.py:157} INFO - Started process (PID=418) to work on /home/airflow/.local/lib/python3.7/site-packages/airflow/example_dags/example_xcomargs.py
[2023-07-11T23:38:09.223+0000] {processor.py:826} INFO - Processing file /home/airflow/.local/lib/python3.7/site-packages/airflow/example_dags/example_xcomargs.py for tasks to queue
[2023-07-11T23:38:09.223+0000] {logging_mixin.py:150} INFO - [2023-07-11T23:38:09.223+0000] {dagbag.py:541} INFO - Filling up the DagBag from /home/airflow/.local/lib/python3.7/site-packages/airflow/example_dags/example_xcomargs.py
[2023-07-11T23:38:09.228+0000] {processor.py:836} INFO - DAG(s) dict_keys(['example_xcom_args_with_operators', 'example_xcom_args']) retrieved from /home/airflow/.local/lib/python3.7/site-packages/airflow/example_dags/example_xcomargs.py
[2023-07-11T23:38:09.246+0000] {logging_mixin.py:150} INFO - [2023-07-11T23:38:09.246+0000] {dag.py:2742} INFO - Sync 2 DAGs
[2023-07-11T23:38:09.267+0000] {logging_mixin.py:150} INFO - [2023-07-11T23:38:09.267+0000] {dag.py:3508} INFO - Setting next_dagrun for example_xcom_args to None, run_after=None
[2023-07-11T23:38:09.269+0000] {logging_mixin.py:150} INFO - [2023-07-11T23:38:09.269+0000] {dag.py:3508} INFO - Setting next_dagrun for example_xcom_args_with_operators to None, run_after=None
[2023-07-11T23:38:09.281+0000] {processor.py:179} INFO - Processing /home/airflow/.local/lib/python3.7/site-packages/airflow/example_dags/example_xcomargs.py took 0.060 seconds
[2023-07-11T23:38:39.697+0000] {processor.py:157} INFO - Started process (PID=488) to work on /home/airflow/.local/lib/python3.7/site-packages/airflow/example_dags/example_xcomargs.py
[2023-07-11T23:38:39.697+0000] {processor.py:826} INFO - Processing file /home/airflow/.local/lib/python3.7/site-packages/airflow/example_dags/example_xcomargs.py for tasks to queue
[2023-07-11T23:38:39.698+0000] {logging_mixin.py:150} INFO - [2023-07-11T23:38:39.698+0000] {dagbag.py:541} INFO - Filling up the DagBag from /home/airflow/.local/lib/python3.7/site-packages/airflow/example_dags/example_xcomargs.py
[2023-07-11T23:38:39.703+0000] {processor.py:836} INFO - DAG(s) dict_keys(['example_xcom_args_with_operators', 'example_xcom_args']) retrieved from /home/airflow/.local/lib/python3.7/site-packages/airflow/example_dags/example_xcomargs.py
[2023-07-11T23:38:39.721+0000] {logging_mixin.py:150} INFO - [2023-07-11T23:38:39.721+0000] {dag.py:2742} INFO - Sync 2 DAGs
[2023-07-11T23:38:39.739+0000] {logging_mixin.py:150} INFO - [2023-07-11T23:38:39.738+0000] {dag.py:3508} INFO - Setting next_dagrun for example_xcom_args to None, run_after=None
[2023-07-11T23:38:39.741+0000] {logging_mixin.py:150} INFO - [2023-07-11T23:38:39.741+0000] {dag.py:3508} INFO - Setting next_dagrun for example_xcom_args_with_operators to None, run_after=None
[2023-07-11T23:38:39.751+0000] {processor.py:179} INFO - Processing /home/airflow/.local/lib/python3.7/site-packages/airflow/example_dags/example_xcomargs.py took 0.056 seconds
[2023-07-11T23:39:10.081+0000] {processor.py:157} INFO - Started process (PID=558) to work on /home/airflow/.local/lib/python3.7/site-packages/airflow/example_dags/example_xcomargs.py
[2023-07-11T23:39:10.081+0000] {processor.py:826} INFO - Processing file /home/airflow/.local/lib/python3.7/site-packages/airflow/example_dags/example_xcomargs.py for tasks to queue
[2023-07-11T23:39:10.082+0000] {logging_mixin.py:150} INFO - [2023-07-11T23:39:10.082+0000] {dagbag.py:541} INFO - Filling up the DagBag from /home/airflow/.local/lib/python3.7/site-packages/airflow/example_dags/example_xcomargs.py
[2023-07-11T23:39:10.087+0000] {processor.py:836} INFO - DAG(s) dict_keys(['example_xcom_args', 'example_xcom_args_with_operators']) retrieved from /home/airflow/.local/lib/python3.7/site-packages/airflow/example_dags/example_xcomargs.py
[2023-07-11T23:39:10.106+0000] {logging_mixin.py:150} INFO - [2023-07-11T23:39:10.106+0000] {dag.py:2742} INFO - Sync 2 DAGs
[2023-07-11T23:39:10.124+0000] {logging_mixin.py:150} INFO - [2023-07-11T23:39:10.124+0000] {dag.py:3508} INFO - Setting next_dagrun for example_xcom_args to None, run_after=None
[2023-07-11T23:39:10.126+0000] {logging_mixin.py:150} INFO - [2023-07-11T23:39:10.126+0000] {dag.py:3508} INFO - Setting next_dagrun for example_xcom_args_with_operators to None, run_after=None
[2023-07-11T23:39:10.139+0000] {processor.py:179} INFO - Processing /home/airflow/.local/lib/python3.7/site-packages/airflow/example_dags/example_xcomargs.py took 0.060 seconds
[2023-07-11T23:39:41.155+0000] {processor.py:157} INFO - Started process (PID=628) to work on /home/airflow/.local/lib/python3.7/site-packages/airflow/example_dags/example_xcomargs.py
[2023-07-11T23:39:41.155+0000] {processor.py:826} INFO - Processing file /home/airflow/.local/lib/python3.7/site-packages/airflow/example_dags/example_xcomargs.py for tasks to queue
[2023-07-11T23:39:41.156+0000] {logging_mixin.py:150} INFO - [2023-07-11T23:39:41.156+0000] {dagbag.py:541} INFO - Filling up the DagBag from /home/airflow/.local/lib/python3.7/site-packages/airflow/example_dags/example_xcomargs.py
[2023-07-11T23:39:41.161+0000] {processor.py:836} INFO - DAG(s) dict_keys(['example_xcom_args', 'example_xcom_args_with_operators']) retrieved from /home/airflow/.local/lib/python3.7/site-packages/airflow/example_dags/example_xcomargs.py
[2023-07-11T23:39:41.179+0000] {logging_mixin.py:150} INFO - [2023-07-11T23:39:41.179+0000] {dag.py:2742} INFO - Sync 2 DAGs
[2023-07-11T23:39:41.198+0000] {logging_mixin.py:150} INFO - [2023-07-11T23:39:41.198+0000] {dag.py:3508} INFO - Setting next_dagrun for example_xcom_args to None, run_after=None
[2023-07-11T23:39:41.201+0000] {logging_mixin.py:150} INFO - [2023-07-11T23:39:41.200+0000] {dag.py:3508} INFO - Setting next_dagrun for example_xcom_args_with_operators to None, run_after=None
[2023-07-11T23:39:41.211+0000] {processor.py:179} INFO - Processing /home/airflow/.local/lib/python3.7/site-packages/airflow/example_dags/example_xcomargs.py took 0.058 seconds
[2023-07-11T23:40:11.409+0000] {processor.py:157} INFO - Started process (PID=698) to work on /home/airflow/.local/lib/python3.7/site-packages/airflow/example_dags/example_xcomargs.py
[2023-07-11T23:40:11.410+0000] {processor.py:826} INFO - Processing file /home/airflow/.local/lib/python3.7/site-packages/airflow/example_dags/example_xcomargs.py for tasks to queue
[2023-07-11T23:40:11.410+0000] {logging_mixin.py:150} INFO - [2023-07-11T23:40:11.410+0000] {dagbag.py:541} INFO - Filling up the DagBag from /home/airflow/.local/lib/python3.7/site-packages/airflow/example_dags/example_xcomargs.py
[2023-07-11T23:40:11.416+0000] {processor.py:836} INFO - DAG(s) dict_keys(['example_xcom_args', 'example_xcom_args_with_operators']) retrieved from /home/airflow/.local/lib/python3.7/site-packages/airflow/example_dags/example_xcomargs.py
[2023-07-11T23:40:11.438+0000] {logging_mixin.py:150} INFO - [2023-07-11T23:40:11.438+0000] {dag.py:2742} INFO - Sync 2 DAGs
[2023-07-11T23:40:11.462+0000] {logging_mixin.py:150} INFO - [2023-07-11T23:40:11.462+0000] {dag.py:3508} INFO - Setting next_dagrun for example_xcom_args to None, run_after=None
[2023-07-11T23:40:11.464+0000] {logging_mixin.py:150} INFO - [2023-07-11T23:40:11.464+0000] {dag.py:3508} INFO - Setting next_dagrun for example_xcom_args_with_operators to None, run_after=None
[2023-07-11T23:40:11.478+0000] {processor.py:179} INFO - Processing /home/airflow/.local/lib/python3.7/site-packages/airflow/example_dags/example_xcomargs.py took 0.071 seconds
[2023-07-11T23:40:41.992+0000] {processor.py:157} INFO - Started process (PID=768) to work on /home/airflow/.local/lib/python3.7/site-packages/airflow/example_dags/example_xcomargs.py
[2023-07-11T23:40:41.992+0000] {processor.py:826} INFO - Processing file /home/airflow/.local/lib/python3.7/site-packages/airflow/example_dags/example_xcomargs.py for tasks to queue
[2023-07-11T23:40:41.993+0000] {logging_mixin.py:150} INFO - [2023-07-11T23:40:41.993+0000] {dagbag.py:541} INFO - Filling up the DagBag from /home/airflow/.local/lib/python3.7/site-packages/airflow/example_dags/example_xcomargs.py
[2023-07-11T23:40:41.998+0000] {processor.py:836} INFO - DAG(s) dict_keys(['example_xcom_args', 'example_xcom_args_with_operators']) retrieved from /home/airflow/.local/lib/python3.7/site-packages/airflow/example_dags/example_xcomargs.py
[2023-07-11T23:40:42.017+0000] {logging_mixin.py:150} INFO - [2023-07-11T23:40:42.016+0000] {dag.py:2742} INFO - Sync 2 DAGs
[2023-07-11T23:40:42.035+0000] {logging_mixin.py:150} INFO - [2023-07-11T23:40:42.035+0000] {dag.py:3508} INFO - Setting next_dagrun for example_xcom_args to None, run_after=None
[2023-07-11T23:40:42.038+0000] {logging_mixin.py:150} INFO - [2023-07-11T23:40:42.038+0000] {dag.py:3508} INFO - Setting next_dagrun for example_xcom_args_with_operators to None, run_after=None
[2023-07-11T23:40:42.049+0000] {processor.py:179} INFO - Processing /home/airflow/.local/lib/python3.7/site-packages/airflow/example_dags/example_xcomargs.py took 0.060 seconds
[2023-07-11T23:41:12.321+0000] {processor.py:157} INFO - Started process (PID=838) to work on /home/airflow/.local/lib/python3.7/site-packages/airflow/example_dags/example_xcomargs.py
[2023-07-11T23:41:12.321+0000] {processor.py:826} INFO - Processing file /home/airflow/.local/lib/python3.7/site-packages/airflow/example_dags/example_xcomargs.py for tasks to queue
[2023-07-11T23:41:12.322+0000] {logging_mixin.py:150} INFO - [2023-07-11T23:41:12.321+0000] {dagbag.py:541} INFO - Filling up the DagBag from /home/airflow/.local/lib/python3.7/site-packages/airflow/example_dags/example_xcomargs.py
[2023-07-11T23:41:12.326+0000] {processor.py:836} INFO - DAG(s) dict_keys(['example_xcom_args_with_operators', 'example_xcom_args']) retrieved from /home/airflow/.local/lib/python3.7/site-packages/airflow/example_dags/example_xcomargs.py
[2023-07-11T23:41:12.345+0000] {logging_mixin.py:150} INFO - [2023-07-11T23:41:12.344+0000] {dag.py:2742} INFO - Sync 2 DAGs
[2023-07-11T23:41:12.363+0000] {logging_mixin.py:150} INFO - [2023-07-11T23:41:12.362+0000] {dag.py:3508} INFO - Setting next_dagrun for example_xcom_args to None, run_after=None
[2023-07-11T23:41:12.365+0000] {logging_mixin.py:150} INFO - [2023-07-11T23:41:12.365+0000] {dag.py:3508} INFO - Setting next_dagrun for example_xcom_args_with_operators to None, run_after=None
[2023-07-11T23:41:12.376+0000] {processor.py:179} INFO - Processing /home/airflow/.local/lib/python3.7/site-packages/airflow/example_dags/example_xcomargs.py took 0.057 seconds
[2023-07-11T23:41:43.485+0000] {processor.py:157} INFO - Started process (PID=908) to work on /home/airflow/.local/lib/python3.7/site-packages/airflow/example_dags/example_xcomargs.py
[2023-07-11T23:41:43.485+0000] {processor.py:826} INFO - Processing file /home/airflow/.local/lib/python3.7/site-packages/airflow/example_dags/example_xcomargs.py for tasks to queue
[2023-07-11T23:41:43.486+0000] {logging_mixin.py:150} INFO - [2023-07-11T23:41:43.486+0000] {dagbag.py:541} INFO - Filling up the DagBag from /home/airflow/.local/lib/python3.7/site-packages/airflow/example_dags/example_xcomargs.py
[2023-07-11T23:41:43.491+0000] {processor.py:836} INFO - DAG(s) dict_keys(['example_xcom_args', 'example_xcom_args_with_operators']) retrieved from /home/airflow/.local/lib/python3.7/site-packages/airflow/example_dags/example_xcomargs.py
[2023-07-11T23:41:43.509+0000] {logging_mixin.py:150} INFO - [2023-07-11T23:41:43.509+0000] {dag.py:2742} INFO - Sync 2 DAGs
[2023-07-11T23:41:43.527+0000] {logging_mixin.py:150} INFO - [2023-07-11T23:41:43.527+0000] {dag.py:3508} INFO - Setting next_dagrun for example_xcom_args to None, run_after=None
[2023-07-11T23:41:43.530+0000] {logging_mixin.py:150} INFO - [2023-07-11T23:41:43.530+0000] {dag.py:3508} INFO - Setting next_dagrun for example_xcom_args_with_operators to None, run_after=None
[2023-07-11T23:41:43.541+0000] {processor.py:179} INFO - Processing /home/airflow/.local/lib/python3.7/site-packages/airflow/example_dags/example_xcomargs.py took 0.058 seconds
[2023-07-11T23:42:14.811+0000] {processor.py:157} INFO - Started process (PID=978) to work on /home/airflow/.local/lib/python3.7/site-packages/airflow/example_dags/example_xcomargs.py
[2023-07-11T23:42:14.811+0000] {processor.py:826} INFO - Processing file /home/airflow/.local/lib/python3.7/site-packages/airflow/example_dags/example_xcomargs.py for tasks to queue
[2023-07-11T23:42:14.812+0000] {logging_mixin.py:150} INFO - [2023-07-11T23:42:14.812+0000] {dagbag.py:541} INFO - Filling up the DagBag from /home/airflow/.local/lib/python3.7/site-packages/airflow/example_dags/example_xcomargs.py
[2023-07-11T23:42:14.817+0000] {processor.py:836} INFO - DAG(s) dict_keys(['example_xcom_args_with_operators', 'example_xcom_args']) retrieved from /home/airflow/.local/lib/python3.7/site-packages/airflow/example_dags/example_xcomargs.py
[2023-07-11T23:42:14.835+0000] {logging_mixin.py:150} INFO - [2023-07-11T23:42:14.835+0000] {dag.py:2742} INFO - Sync 2 DAGs
[2023-07-11T23:42:14.853+0000] {logging_mixin.py:150} INFO - [2023-07-11T23:42:14.853+0000] {dag.py:3508} INFO - Setting next_dagrun for example_xcom_args to None, run_after=None
[2023-07-11T23:42:14.855+0000] {logging_mixin.py:150} INFO - [2023-07-11T23:42:14.855+0000] {dag.py:3508} INFO - Setting next_dagrun for example_xcom_args_with_operators to None, run_after=None
[2023-07-11T23:42:14.866+0000] {processor.py:179} INFO - Processing /home/airflow/.local/lib/python3.7/site-packages/airflow/example_dags/example_xcomargs.py took 0.057 seconds
[2023-07-11T23:42:45.015+0000] {processor.py:157} INFO - Started process (PID=1048) to work on /home/airflow/.local/lib/python3.7/site-packages/airflow/example_dags/example_xcomargs.py
[2023-07-11T23:42:45.016+0000] {processor.py:826} INFO - Processing file /home/airflow/.local/lib/python3.7/site-packages/airflow/example_dags/example_xcomargs.py for tasks to queue
[2023-07-11T23:42:45.016+0000] {logging_mixin.py:150} INFO - [2023-07-11T23:42:45.016+0000] {dagbag.py:541} INFO - Filling up the DagBag from /home/airflow/.local/lib/python3.7/site-packages/airflow/example_dags/example_xcomargs.py
[2023-07-11T23:42:45.021+0000] {processor.py:836} INFO - DAG(s) dict_keys(['example_xcom_args', 'example_xcom_args_with_operators']) retrieved from /home/airflow/.local/lib/python3.7/site-packages/airflow/example_dags/example_xcomargs.py
[2023-07-11T23:42:45.039+0000] {logging_mixin.py:150} INFO - [2023-07-11T23:42:45.038+0000] {dag.py:2742} INFO - Sync 2 DAGs
[2023-07-11T23:42:45.058+0000] {logging_mixin.py:150} INFO - [2023-07-11T23:42:45.058+0000] {dag.py:3508} INFO - Setting next_dagrun for example_xcom_args to None, run_after=None
[2023-07-11T23:42:45.060+0000] {logging_mixin.py:150} INFO - [2023-07-11T23:42:45.060+0000] {dag.py:3508} INFO - Setting next_dagrun for example_xcom_args_with_operators to None, run_after=None
[2023-07-11T23:42:45.073+0000] {processor.py:179} INFO - Processing /home/airflow/.local/lib/python3.7/site-packages/airflow/example_dags/example_xcomargs.py took 0.060 seconds
[2023-07-11T23:43:15.919+0000] {processor.py:157} INFO - Started process (PID=1118) to work on /home/airflow/.local/lib/python3.7/site-packages/airflow/example_dags/example_xcomargs.py
[2023-07-11T23:43:15.920+0000] {processor.py:826} INFO - Processing file /home/airflow/.local/lib/python3.7/site-packages/airflow/example_dags/example_xcomargs.py for tasks to queue
[2023-07-11T23:43:15.920+0000] {logging_mixin.py:150} INFO - [2023-07-11T23:43:15.920+0000] {dagbag.py:541} INFO - Filling up the DagBag from /home/airflow/.local/lib/python3.7/site-packages/airflow/example_dags/example_xcomargs.py
[2023-07-11T23:43:15.925+0000] {processor.py:836} INFO - DAG(s) dict_keys(['example_xcom_args', 'example_xcom_args_with_operators']) retrieved from /home/airflow/.local/lib/python3.7/site-packages/airflow/example_dags/example_xcomargs.py
[2023-07-11T23:43:15.942+0000] {logging_mixin.py:150} INFO - [2023-07-11T23:43:15.942+0000] {dag.py:2742} INFO - Sync 2 DAGs
[2023-07-11T23:43:15.960+0000] {logging_mixin.py:150} INFO - [2023-07-11T23:43:15.959+0000] {dag.py:3508} INFO - Setting next_dagrun for example_xcom_args to None, run_after=None
[2023-07-11T23:43:15.962+0000] {logging_mixin.py:150} INFO - [2023-07-11T23:43:15.962+0000] {dag.py:3508} INFO - Setting next_dagrun for example_xcom_args_with_operators to None, run_after=None
[2023-07-11T23:43:15.972+0000] {processor.py:179} INFO - Processing /home/airflow/.local/lib/python3.7/site-packages/airflow/example_dags/example_xcomargs.py took 0.054 seconds
[2023-07-11T23:43:46.754+0000] {processor.py:157} INFO - Started process (PID=1188) to work on /home/airflow/.local/lib/python3.7/site-packages/airflow/example_dags/example_xcomargs.py
[2023-07-11T23:43:46.755+0000] {processor.py:826} INFO - Processing file /home/airflow/.local/lib/python3.7/site-packages/airflow/example_dags/example_xcomargs.py for tasks to queue
[2023-07-11T23:43:46.755+0000] {logging_mixin.py:150} INFO - [2023-07-11T23:43:46.755+0000] {dagbag.py:541} INFO - Filling up the DagBag from /home/airflow/.local/lib/python3.7/site-packages/airflow/example_dags/example_xcomargs.py
[2023-07-11T23:43:46.760+0000] {processor.py:836} INFO - DAG(s) dict_keys(['example_xcom_args', 'example_xcom_args_with_operators']) retrieved from /home/airflow/.local/lib/python3.7/site-packages/airflow/example_dags/example_xcomargs.py
[2023-07-11T23:43:46.777+0000] {logging_mixin.py:150} INFO - [2023-07-11T23:43:46.777+0000] {dag.py:2742} INFO - Sync 2 DAGs
[2023-07-11T23:43:46.794+0000] {logging_mixin.py:150} INFO - [2023-07-11T23:43:46.794+0000] {dag.py:3508} INFO - Setting next_dagrun for example_xcom_args to None, run_after=None
[2023-07-11T23:43:46.797+0000] {logging_mixin.py:150} INFO - [2023-07-11T23:43:46.797+0000] {dag.py:3508} INFO - Setting next_dagrun for example_xcom_args_with_operators to None, run_after=None
[2023-07-11T23:43:46.807+0000] {processor.py:179} INFO - Processing /home/airflow/.local/lib/python3.7/site-packages/airflow/example_dags/example_xcomargs.py took 0.054 seconds
[2023-07-11T23:44:17.055+0000] {processor.py:157} INFO - Started process (PID=1258) to work on /home/airflow/.local/lib/python3.7/site-packages/airflow/example_dags/example_xcomargs.py
[2023-07-11T23:44:17.056+0000] {processor.py:826} INFO - Processing file /home/airflow/.local/lib/python3.7/site-packages/airflow/example_dags/example_xcomargs.py for tasks to queue
[2023-07-11T23:44:17.056+0000] {logging_mixin.py:150} INFO - [2023-07-11T23:44:17.056+0000] {dagbag.py:541} INFO - Filling up the DagBag from /home/airflow/.local/lib/python3.7/site-packages/airflow/example_dags/example_xcomargs.py
[2023-07-11T23:44:17.061+0000] {processor.py:836} INFO - DAG(s) dict_keys(['example_xcom_args_with_operators', 'example_xcom_args']) retrieved from /home/airflow/.local/lib/python3.7/site-packages/airflow/example_dags/example_xcomargs.py
[2023-07-11T23:44:17.078+0000] {logging_mixin.py:150} INFO - [2023-07-11T23:44:17.078+0000] {dag.py:2742} INFO - Sync 2 DAGs
[2023-07-11T23:44:17.096+0000] {logging_mixin.py:150} INFO - [2023-07-11T23:44:17.096+0000] {dag.py:3508} INFO - Setting next_dagrun for example_xcom_args to None, run_after=None
[2023-07-11T23:44:17.099+0000] {logging_mixin.py:150} INFO - [2023-07-11T23:44:17.099+0000] {dag.py:3508} INFO - Setting next_dagrun for example_xcom_args_with_operators to None, run_after=None
[2023-07-11T23:44:17.109+0000] {processor.py:179} INFO - Processing /home/airflow/.local/lib/python3.7/site-packages/airflow/example_dags/example_xcomargs.py took 0.055 seconds
[2023-07-11T23:44:47.507+0000] {processor.py:157} INFO - Started process (PID=1328) to work on /home/airflow/.local/lib/python3.7/site-packages/airflow/example_dags/example_xcomargs.py
[2023-07-11T23:44:47.508+0000] {processor.py:826} INFO - Processing file /home/airflow/.local/lib/python3.7/site-packages/airflow/example_dags/example_xcomargs.py for tasks to queue
[2023-07-11T23:44:47.508+0000] {logging_mixin.py:150} INFO - [2023-07-11T23:44:47.508+0000] {dagbag.py:541} INFO - Filling up the DagBag from /home/airflow/.local/lib/python3.7/site-packages/airflow/example_dags/example_xcomargs.py
[2023-07-11T23:44:47.513+0000] {processor.py:836} INFO - DAG(s) dict_keys(['example_xcom_args_with_operators', 'example_xcom_args']) retrieved from /home/airflow/.local/lib/python3.7/site-packages/airflow/example_dags/example_xcomargs.py
[2023-07-11T23:44:47.530+0000] {logging_mixin.py:150} INFO - [2023-07-11T23:44:47.530+0000] {dag.py:2742} INFO - Sync 2 DAGs
[2023-07-11T23:44:47.547+0000] {logging_mixin.py:150} INFO - [2023-07-11T23:44:47.547+0000] {dag.py:3508} INFO - Setting next_dagrun for example_xcom_args to None, run_after=None
[2023-07-11T23:44:47.550+0000] {logging_mixin.py:150} INFO - [2023-07-11T23:44:47.550+0000] {dag.py:3508} INFO - Setting next_dagrun for example_xcom_args_with_operators to None, run_after=None
[2023-07-11T23:44:47.560+0000] {processor.py:179} INFO - Processing /home/airflow/.local/lib/python3.7/site-packages/airflow/example_dags/example_xcomargs.py took 0.055 seconds
[2023-07-11T23:45:17.966+0000] {processor.py:157} INFO - Started process (PID=1398) to work on /home/airflow/.local/lib/python3.7/site-packages/airflow/example_dags/example_xcomargs.py
[2023-07-11T23:45:17.967+0000] {processor.py:826} INFO - Processing file /home/airflow/.local/lib/python3.7/site-packages/airflow/example_dags/example_xcomargs.py for tasks to queue
[2023-07-11T23:45:17.967+0000] {logging_mixin.py:150} INFO - [2023-07-11T23:45:17.967+0000] {dagbag.py:541} INFO - Filling up the DagBag from /home/airflow/.local/lib/python3.7/site-packages/airflow/example_dags/example_xcomargs.py
[2023-07-11T23:45:17.972+0000] {processor.py:836} INFO - DAG(s) dict_keys(['example_xcom_args', 'example_xcom_args_with_operators']) retrieved from /home/airflow/.local/lib/python3.7/site-packages/airflow/example_dags/example_xcomargs.py
[2023-07-11T23:45:17.990+0000] {logging_mixin.py:150} INFO - [2023-07-11T23:45:17.990+0000] {dag.py:2742} INFO - Sync 2 DAGs
[2023-07-11T23:45:18.009+0000] {logging_mixin.py:150} INFO - [2023-07-11T23:45:18.009+0000] {dag.py:3508} INFO - Setting next_dagrun for example_xcom_args to None, run_after=None
[2023-07-11T23:45:18.012+0000] {logging_mixin.py:150} INFO - [2023-07-11T23:45:18.012+0000] {dag.py:3508} INFO - Setting next_dagrun for example_xcom_args_with_operators to None, run_after=None
[2023-07-11T23:45:18.023+0000] {processor.py:179} INFO - Processing /home/airflow/.local/lib/python3.7/site-packages/airflow/example_dags/example_xcomargs.py took 0.058 seconds
[2023-07-11T23:45:48.784+0000] {processor.py:157} INFO - Started process (PID=1468) to work on /home/airflow/.local/lib/python3.7/site-packages/airflow/example_dags/example_xcomargs.py
[2023-07-11T23:45:48.785+0000] {processor.py:826} INFO - Processing file /home/airflow/.local/lib/python3.7/site-packages/airflow/example_dags/example_xcomargs.py for tasks to queue
[2023-07-11T23:45:48.785+0000] {logging_mixin.py:150} INFO - [2023-07-11T23:45:48.785+0000] {dagbag.py:541} INFO - Filling up the DagBag from /home/airflow/.local/lib/python3.7/site-packages/airflow/example_dags/example_xcomargs.py
[2023-07-11T23:45:48.791+0000] {processor.py:836} INFO - DAG(s) dict_keys(['example_xcom_args', 'example_xcom_args_with_operators']) retrieved from /home/airflow/.local/lib/python3.7/site-packages/airflow/example_dags/example_xcomargs.py
[2023-07-11T23:45:48.809+0000] {logging_mixin.py:150} INFO - [2023-07-11T23:45:48.808+0000] {dag.py:2742} INFO - Sync 2 DAGs
[2023-07-11T23:45:48.827+0000] {logging_mixin.py:150} INFO - [2023-07-11T23:45:48.827+0000] {dag.py:3508} INFO - Setting next_dagrun for example_xcom_args to None, run_after=None
[2023-07-11T23:45:48.829+0000] {logging_mixin.py:150} INFO - [2023-07-11T23:45:48.829+0000] {dag.py:3508} INFO - Setting next_dagrun for example_xcom_args_with_operators to None, run_after=None
[2023-07-11T23:45:48.840+0000] {processor.py:179} INFO - Processing /home/airflow/.local/lib/python3.7/site-packages/airflow/example_dags/example_xcomargs.py took 0.058 seconds
[2023-07-11T23:46:19.156+0000] {processor.py:157} INFO - Started process (PID=1538) to work on /home/airflow/.local/lib/python3.7/site-packages/airflow/example_dags/example_xcomargs.py
[2023-07-11T23:46:19.157+0000] {processor.py:826} INFO - Processing file /home/airflow/.local/lib/python3.7/site-packages/airflow/example_dags/example_xcomargs.py for tasks to queue
[2023-07-11T23:46:19.158+0000] {logging_mixin.py:150} INFO - [2023-07-11T23:46:19.157+0000] {dagbag.py:541} INFO - Filling up the DagBag from /home/airflow/.local/lib/python3.7/site-packages/airflow/example_dags/example_xcomargs.py
[2023-07-11T23:46:19.165+0000] {processor.py:836} INFO - DAG(s) dict_keys(['example_xcom_args_with_operators', 'example_xcom_args']) retrieved from /home/airflow/.local/lib/python3.7/site-packages/airflow/example_dags/example_xcomargs.py
[2023-07-11T23:46:19.190+0000] {logging_mixin.py:150} INFO - [2023-07-11T23:46:19.189+0000] {dag.py:2742} INFO - Sync 2 DAGs
[2023-07-11T23:46:19.210+0000] {logging_mixin.py:150} INFO - [2023-07-11T23:46:19.210+0000] {dag.py:3508} INFO - Setting next_dagrun for example_xcom_args to None, run_after=None
[2023-07-11T23:46:19.213+0000] {logging_mixin.py:150} INFO - [2023-07-11T23:46:19.213+0000] {dag.py:3508} INFO - Setting next_dagrun for example_xcom_args_with_operators to None, run_after=None
[2023-07-11T23:46:19.224+0000] {processor.py:179} INFO - Processing /home/airflow/.local/lib/python3.7/site-packages/airflow/example_dags/example_xcomargs.py took 0.070 seconds
[2023-07-11T23:46:50.184+0000] {processor.py:157} INFO - Started process (PID=1608) to work on /home/airflow/.local/lib/python3.7/site-packages/airflow/example_dags/example_xcomargs.py
[2023-07-11T23:46:50.185+0000] {processor.py:826} INFO - Processing file /home/airflow/.local/lib/python3.7/site-packages/airflow/example_dags/example_xcomargs.py for tasks to queue
[2023-07-11T23:46:50.185+0000] {logging_mixin.py:150} INFO - [2023-07-11T23:46:50.185+0000] {dagbag.py:541} INFO - Filling up the DagBag from /home/airflow/.local/lib/python3.7/site-packages/airflow/example_dags/example_xcomargs.py
[2023-07-11T23:46:50.190+0000] {processor.py:836} INFO - DAG(s) dict_keys(['example_xcom_args', 'example_xcom_args_with_operators']) retrieved from /home/airflow/.local/lib/python3.7/site-packages/airflow/example_dags/example_xcomargs.py
[2023-07-11T23:46:50.208+0000] {logging_mixin.py:150} INFO - [2023-07-11T23:46:50.208+0000] {dag.py:2742} INFO - Sync 2 DAGs
[2023-07-11T23:46:50.226+0000] {logging_mixin.py:150} INFO - [2023-07-11T23:46:50.226+0000] {dag.py:3508} INFO - Setting next_dagrun for example_xcom_args to None, run_after=None
[2023-07-11T23:46:50.229+0000] {logging_mixin.py:150} INFO - [2023-07-11T23:46:50.229+0000] {dag.py:3508} INFO - Setting next_dagrun for example_xcom_args_with_operators to None, run_after=None
[2023-07-11T23:46:50.240+0000] {processor.py:179} INFO - Processing /home/airflow/.local/lib/python3.7/site-packages/airflow/example_dags/example_xcomargs.py took 0.058 seconds
[2023-07-11T23:47:20.499+0000] {processor.py:157} INFO - Started process (PID=1678) to work on /home/airflow/.local/lib/python3.7/site-packages/airflow/example_dags/example_xcomargs.py
[2023-07-11T23:47:20.499+0000] {processor.py:826} INFO - Processing file /home/airflow/.local/lib/python3.7/site-packages/airflow/example_dags/example_xcomargs.py for tasks to queue
[2023-07-11T23:47:20.500+0000] {logging_mixin.py:150} INFO - [2023-07-11T23:47:20.500+0000] {dagbag.py:541} INFO - Filling up the DagBag from /home/airflow/.local/lib/python3.7/site-packages/airflow/example_dags/example_xcomargs.py
[2023-07-11T23:47:20.505+0000] {processor.py:836} INFO - DAG(s) dict_keys(['example_xcom_args_with_operators', 'example_xcom_args']) retrieved from /home/airflow/.local/lib/python3.7/site-packages/airflow/example_dags/example_xcomargs.py
[2023-07-11T23:47:20.521+0000] {logging_mixin.py:150} INFO - [2023-07-11T23:47:20.521+0000] {dag.py:2742} INFO - Sync 2 DAGs
[2023-07-11T23:47:20.538+0000] {logging_mixin.py:150} INFO - [2023-07-11T23:47:20.538+0000] {dag.py:3508} INFO - Setting next_dagrun for example_xcom_args to None, run_after=None
[2023-07-11T23:47:20.541+0000] {logging_mixin.py:150} INFO - [2023-07-11T23:47:20.541+0000] {dag.py:3508} INFO - Setting next_dagrun for example_xcom_args_with_operators to None, run_after=None
[2023-07-11T23:47:20.552+0000] {processor.py:179} INFO - Processing /home/airflow/.local/lib/python3.7/site-packages/airflow/example_dags/example_xcomargs.py took 0.055 seconds
