[2023-07-11T23:35:31.606+0000] {processor.py:157} INFO - Started process (PID=38) to work on /home/airflow/.local/lib/python3.7/site-packages/airflow/example_dags/tutorial_taskflow_api.py
[2023-07-11T23:35:31.606+0000] {processor.py:826} INFO - Processing file /home/airflow/.local/lib/python3.7/site-packages/airflow/example_dags/tutorial_taskflow_api.py for tasks to queue
[2023-07-11T23:35:31.606+0000] {logging_mixin.py:150} INFO - [2023-07-11T23:35:31.606+0000] {dagbag.py:541} INFO - Filling up the DagBag from /home/airflow/.local/lib/python3.7/site-packages/airflow/example_dags/tutorial_taskflow_api.py
[2023-07-11T23:35:31.611+0000] {processor.py:836} INFO - DAG(s) dict_keys(['tutorial_taskflow_api']) retrieved from /home/airflow/.local/lib/python3.7/site-packages/airflow/example_dags/tutorial_taskflow_api.py
[2023-07-11T23:35:31.620+0000] {logging_mixin.py:150} INFO - [2023-07-11T23:35:31.620+0000] {dag.py:2742} INFO - Sync 1 DAGs
[2023-07-11T23:35:31.644+0000] {logging_mixin.py:150} INFO - [2023-07-11T23:35:31.644+0000] {dag.py:3508} INFO - Setting next_dagrun for tutorial_taskflow_api to None, run_after=None
[2023-07-11T23:35:31.667+0000] {processor.py:179} INFO - Processing /home/airflow/.local/lib/python3.7/site-packages/airflow/example_dags/tutorial_taskflow_api.py took 0.064 seconds
[2023-07-11T23:36:02.312+0000] {processor.py:157} INFO - Started process (PID=108) to work on /home/airflow/.local/lib/python3.7/site-packages/airflow/example_dags/tutorial_taskflow_api.py
[2023-07-11T23:36:02.313+0000] {processor.py:826} INFO - Processing file /home/airflow/.local/lib/python3.7/site-packages/airflow/example_dags/tutorial_taskflow_api.py for tasks to queue
[2023-07-11T23:36:02.313+0000] {logging_mixin.py:150} INFO - [2023-07-11T23:36:02.313+0000] {dagbag.py:541} INFO - Filling up the DagBag from /home/airflow/.local/lib/python3.7/site-packages/airflow/example_dags/tutorial_taskflow_api.py
[2023-07-11T23:36:02.318+0000] {processor.py:836} INFO - DAG(s) dict_keys(['tutorial_taskflow_api']) retrieved from /home/airflow/.local/lib/python3.7/site-packages/airflow/example_dags/tutorial_taskflow_api.py
[2023-07-11T23:36:02.338+0000] {logging_mixin.py:150} INFO - [2023-07-11T23:36:02.338+0000] {dag.py:2742} INFO - Sync 1 DAGs
[2023-07-11T23:36:02.358+0000] {logging_mixin.py:150} INFO - [2023-07-11T23:36:02.358+0000] {dag.py:3508} INFO - Setting next_dagrun for tutorial_taskflow_api to None, run_after=None
[2023-07-11T23:36:02.372+0000] {processor.py:179} INFO - Processing /home/airflow/.local/lib/python3.7/site-packages/airflow/example_dags/tutorial_taskflow_api.py took 0.063 seconds
[2023-07-11T23:36:32.435+0000] {processor.py:157} INFO - Started process (PID=178) to work on /home/airflow/.local/lib/python3.7/site-packages/airflow/example_dags/tutorial_taskflow_api.py
[2023-07-11T23:36:32.436+0000] {processor.py:826} INFO - Processing file /home/airflow/.local/lib/python3.7/site-packages/airflow/example_dags/tutorial_taskflow_api.py for tasks to queue
[2023-07-11T23:36:32.437+0000] {logging_mixin.py:150} INFO - [2023-07-11T23:36:32.436+0000] {dagbag.py:541} INFO - Filling up the DagBag from /home/airflow/.local/lib/python3.7/site-packages/airflow/example_dags/tutorial_taskflow_api.py
[2023-07-11T23:36:32.442+0000] {processor.py:836} INFO - DAG(s) dict_keys(['tutorial_taskflow_api']) retrieved from /home/airflow/.local/lib/python3.7/site-packages/airflow/example_dags/tutorial_taskflow_api.py
[2023-07-11T23:36:32.461+0000] {logging_mixin.py:150} INFO - [2023-07-11T23:36:32.461+0000] {dag.py:2742} INFO - Sync 1 DAGs
[2023-07-11T23:36:32.482+0000] {logging_mixin.py:150} INFO - [2023-07-11T23:36:32.481+0000] {dag.py:3508} INFO - Setting next_dagrun for tutorial_taskflow_api to None, run_after=None
[2023-07-11T23:36:32.497+0000] {processor.py:179} INFO - Processing /home/airflow/.local/lib/python3.7/site-packages/airflow/example_dags/tutorial_taskflow_api.py took 0.064 seconds
[2023-07-11T23:37:02.522+0000] {processor.py:157} INFO - Started process (PID=248) to work on /home/airflow/.local/lib/python3.7/site-packages/airflow/example_dags/tutorial_taskflow_api.py
[2023-07-11T23:37:02.523+0000] {processor.py:826} INFO - Processing file /home/airflow/.local/lib/python3.7/site-packages/airflow/example_dags/tutorial_taskflow_api.py for tasks to queue
[2023-07-11T23:37:02.523+0000] {logging_mixin.py:150} INFO - [2023-07-11T23:37:02.523+0000] {dagbag.py:541} INFO - Filling up the DagBag from /home/airflow/.local/lib/python3.7/site-packages/airflow/example_dags/tutorial_taskflow_api.py
[2023-07-11T23:37:02.527+0000] {processor.py:836} INFO - DAG(s) dict_keys(['tutorial_taskflow_api']) retrieved from /home/airflow/.local/lib/python3.7/site-packages/airflow/example_dags/tutorial_taskflow_api.py
[2023-07-11T23:37:02.543+0000] {logging_mixin.py:150} INFO - [2023-07-11T23:37:02.542+0000] {dag.py:2742} INFO - Sync 1 DAGs
[2023-07-11T23:37:02.560+0000] {logging_mixin.py:150} INFO - [2023-07-11T23:37:02.560+0000] {dag.py:3508} INFO - Setting next_dagrun for tutorial_taskflow_api to None, run_after=None
[2023-07-11T23:37:02.572+0000] {processor.py:179} INFO - Processing /home/airflow/.local/lib/python3.7/site-packages/airflow/example_dags/tutorial_taskflow_api.py took 0.052 seconds
[2023-07-11T23:37:32.614+0000] {processor.py:157} INFO - Started process (PID=318) to work on /home/airflow/.local/lib/python3.7/site-packages/airflow/example_dags/tutorial_taskflow_api.py
[2023-07-11T23:37:32.615+0000] {processor.py:826} INFO - Processing file /home/airflow/.local/lib/python3.7/site-packages/airflow/example_dags/tutorial_taskflow_api.py for tasks to queue
[2023-07-11T23:37:32.615+0000] {logging_mixin.py:150} INFO - [2023-07-11T23:37:32.615+0000] {dagbag.py:541} INFO - Filling up the DagBag from /home/airflow/.local/lib/python3.7/site-packages/airflow/example_dags/tutorial_taskflow_api.py
[2023-07-11T23:37:32.620+0000] {processor.py:836} INFO - DAG(s) dict_keys(['tutorial_taskflow_api']) retrieved from /home/airflow/.local/lib/python3.7/site-packages/airflow/example_dags/tutorial_taskflow_api.py
[2023-07-11T23:37:32.637+0000] {logging_mixin.py:150} INFO - [2023-07-11T23:37:32.637+0000] {dag.py:2742} INFO - Sync 1 DAGs
[2023-07-11T23:37:32.658+0000] {logging_mixin.py:150} INFO - [2023-07-11T23:37:32.657+0000] {dag.py:3508} INFO - Setting next_dagrun for tutorial_taskflow_api to None, run_after=None
[2023-07-11T23:37:32.673+0000] {processor.py:179} INFO - Processing /home/airflow/.local/lib/python3.7/site-packages/airflow/example_dags/tutorial_taskflow_api.py took 0.060 seconds
[2023-07-11T23:38:02.891+0000] {processor.py:157} INFO - Started process (PID=388) to work on /home/airflow/.local/lib/python3.7/site-packages/airflow/example_dags/tutorial_taskflow_api.py
[2023-07-11T23:38:02.891+0000] {processor.py:826} INFO - Processing file /home/airflow/.local/lib/python3.7/site-packages/airflow/example_dags/tutorial_taskflow_api.py for tasks to queue
[2023-07-11T23:38:02.892+0000] {logging_mixin.py:150} INFO - [2023-07-11T23:38:02.892+0000] {dagbag.py:541} INFO - Filling up the DagBag from /home/airflow/.local/lib/python3.7/site-packages/airflow/example_dags/tutorial_taskflow_api.py
[2023-07-11T23:38:02.896+0000] {processor.py:836} INFO - DAG(s) dict_keys(['tutorial_taskflow_api']) retrieved from /home/airflow/.local/lib/python3.7/site-packages/airflow/example_dags/tutorial_taskflow_api.py
[2023-07-11T23:38:02.911+0000] {logging_mixin.py:150} INFO - [2023-07-11T23:38:02.911+0000] {dag.py:2742} INFO - Sync 1 DAGs
[2023-07-11T23:38:02.930+0000] {logging_mixin.py:150} INFO - [2023-07-11T23:38:02.929+0000] {dag.py:3508} INFO - Setting next_dagrun for tutorial_taskflow_api to None, run_after=None
[2023-07-11T23:38:02.943+0000] {processor.py:179} INFO - Processing /home/airflow/.local/lib/python3.7/site-packages/airflow/example_dags/tutorial_taskflow_api.py took 0.054 seconds
[2023-07-11T23:38:33.328+0000] {processor.py:157} INFO - Started process (PID=458) to work on /home/airflow/.local/lib/python3.7/site-packages/airflow/example_dags/tutorial_taskflow_api.py
[2023-07-11T23:38:33.328+0000] {processor.py:826} INFO - Processing file /home/airflow/.local/lib/python3.7/site-packages/airflow/example_dags/tutorial_taskflow_api.py for tasks to queue
[2023-07-11T23:38:33.329+0000] {logging_mixin.py:150} INFO - [2023-07-11T23:38:33.329+0000] {dagbag.py:541} INFO - Filling up the DagBag from /home/airflow/.local/lib/python3.7/site-packages/airflow/example_dags/tutorial_taskflow_api.py
[2023-07-11T23:38:33.334+0000] {processor.py:836} INFO - DAG(s) dict_keys(['tutorial_taskflow_api']) retrieved from /home/airflow/.local/lib/python3.7/site-packages/airflow/example_dags/tutorial_taskflow_api.py
[2023-07-11T23:38:33.354+0000] {logging_mixin.py:150} INFO - [2023-07-11T23:38:33.354+0000] {dag.py:2742} INFO - Sync 1 DAGs
[2023-07-11T23:38:33.374+0000] {logging_mixin.py:150} INFO - [2023-07-11T23:38:33.374+0000] {dag.py:3508} INFO - Setting next_dagrun for tutorial_taskflow_api to None, run_after=None
[2023-07-11T23:38:33.388+0000] {processor.py:179} INFO - Processing /home/airflow/.local/lib/python3.7/site-packages/airflow/example_dags/tutorial_taskflow_api.py took 0.063 seconds
[2023-07-11T23:39:03.465+0000] {processor.py:157} INFO - Started process (PID=528) to work on /home/airflow/.local/lib/python3.7/site-packages/airflow/example_dags/tutorial_taskflow_api.py
[2023-07-11T23:39:03.466+0000] {processor.py:826} INFO - Processing file /home/airflow/.local/lib/python3.7/site-packages/airflow/example_dags/tutorial_taskflow_api.py for tasks to queue
[2023-07-11T23:39:03.466+0000] {logging_mixin.py:150} INFO - [2023-07-11T23:39:03.466+0000] {dagbag.py:541} INFO - Filling up the DagBag from /home/airflow/.local/lib/python3.7/site-packages/airflow/example_dags/tutorial_taskflow_api.py
[2023-07-11T23:39:03.470+0000] {processor.py:836} INFO - DAG(s) dict_keys(['tutorial_taskflow_api']) retrieved from /home/airflow/.local/lib/python3.7/site-packages/airflow/example_dags/tutorial_taskflow_api.py
[2023-07-11T23:39:03.487+0000] {logging_mixin.py:150} INFO - [2023-07-11T23:39:03.486+0000] {dag.py:2742} INFO - Sync 1 DAGs
[2023-07-11T23:39:03.505+0000] {logging_mixin.py:150} INFO - [2023-07-11T23:39:03.505+0000] {dag.py:3508} INFO - Setting next_dagrun for tutorial_taskflow_api to None, run_after=None
[2023-07-11T23:39:03.518+0000] {processor.py:179} INFO - Processing /home/airflow/.local/lib/python3.7/site-packages/airflow/example_dags/tutorial_taskflow_api.py took 0.055 seconds
[2023-07-11T23:39:33.793+0000] {processor.py:157} INFO - Started process (PID=598) to work on /home/airflow/.local/lib/python3.7/site-packages/airflow/example_dags/tutorial_taskflow_api.py
[2023-07-11T23:39:33.794+0000] {processor.py:826} INFO - Processing file /home/airflow/.local/lib/python3.7/site-packages/airflow/example_dags/tutorial_taskflow_api.py for tasks to queue
[2023-07-11T23:39:33.794+0000] {logging_mixin.py:150} INFO - [2023-07-11T23:39:33.794+0000] {dagbag.py:541} INFO - Filling up the DagBag from /home/airflow/.local/lib/python3.7/site-packages/airflow/example_dags/tutorial_taskflow_api.py
[2023-07-11T23:39:33.797+0000] {processor.py:836} INFO - DAG(s) dict_keys(['tutorial_taskflow_api']) retrieved from /home/airflow/.local/lib/python3.7/site-packages/airflow/example_dags/tutorial_taskflow_api.py
[2023-07-11T23:39:33.813+0000] {logging_mixin.py:150} INFO - [2023-07-11T23:39:33.813+0000] {dag.py:2742} INFO - Sync 1 DAGs
[2023-07-11T23:39:33.830+0000] {logging_mixin.py:150} INFO - [2023-07-11T23:39:33.829+0000] {dag.py:3508} INFO - Setting next_dagrun for tutorial_taskflow_api to None, run_after=None
[2023-07-11T23:39:33.842+0000] {processor.py:179} INFO - Processing /home/airflow/.local/lib/python3.7/site-packages/airflow/example_dags/tutorial_taskflow_api.py took 0.051 seconds
[2023-07-11T23:40:04.130+0000] {processor.py:157} INFO - Started process (PID=668) to work on /home/airflow/.local/lib/python3.7/site-packages/airflow/example_dags/tutorial_taskflow_api.py
[2023-07-11T23:40:04.131+0000] {processor.py:826} INFO - Processing file /home/airflow/.local/lib/python3.7/site-packages/airflow/example_dags/tutorial_taskflow_api.py for tasks to queue
[2023-07-11T23:40:04.131+0000] {logging_mixin.py:150} INFO - [2023-07-11T23:40:04.131+0000] {dagbag.py:541} INFO - Filling up the DagBag from /home/airflow/.local/lib/python3.7/site-packages/airflow/example_dags/tutorial_taskflow_api.py
[2023-07-11T23:40:04.135+0000] {processor.py:836} INFO - DAG(s) dict_keys(['tutorial_taskflow_api']) retrieved from /home/airflow/.local/lib/python3.7/site-packages/airflow/example_dags/tutorial_taskflow_api.py
[2023-07-11T23:40:04.152+0000] {logging_mixin.py:150} INFO - [2023-07-11T23:40:04.152+0000] {dag.py:2742} INFO - Sync 1 DAGs
[2023-07-11T23:40:04.172+0000] {logging_mixin.py:150} INFO - [2023-07-11T23:40:04.172+0000] {dag.py:3508} INFO - Setting next_dagrun for tutorial_taskflow_api to None, run_after=None
[2023-07-11T23:40:04.187+0000] {processor.py:179} INFO - Processing /home/airflow/.local/lib/python3.7/site-packages/airflow/example_dags/tutorial_taskflow_api.py took 0.059 seconds
[2023-07-11T23:40:34.558+0000] {processor.py:157} INFO - Started process (PID=738) to work on /home/airflow/.local/lib/python3.7/site-packages/airflow/example_dags/tutorial_taskflow_api.py
[2023-07-11T23:40:34.559+0000] {processor.py:826} INFO - Processing file /home/airflow/.local/lib/python3.7/site-packages/airflow/example_dags/tutorial_taskflow_api.py for tasks to queue
[2023-07-11T23:40:34.559+0000] {logging_mixin.py:150} INFO - [2023-07-11T23:40:34.559+0000] {dagbag.py:541} INFO - Filling up the DagBag from /home/airflow/.local/lib/python3.7/site-packages/airflow/example_dags/tutorial_taskflow_api.py
[2023-07-11T23:40:34.563+0000] {processor.py:836} INFO - DAG(s) dict_keys(['tutorial_taskflow_api']) retrieved from /home/airflow/.local/lib/python3.7/site-packages/airflow/example_dags/tutorial_taskflow_api.py
[2023-07-11T23:40:34.586+0000] {logging_mixin.py:150} INFO - [2023-07-11T23:40:34.585+0000] {dag.py:2742} INFO - Sync 1 DAGs
[2023-07-11T23:40:34.608+0000] {logging_mixin.py:150} INFO - [2023-07-11T23:40:34.607+0000] {dag.py:3508} INFO - Setting next_dagrun for tutorial_taskflow_api to None, run_after=None
[2023-07-11T23:40:34.623+0000] {processor.py:179} INFO - Processing /home/airflow/.local/lib/python3.7/site-packages/airflow/example_dags/tutorial_taskflow_api.py took 0.066 seconds
[2023-07-11T23:41:04.808+0000] {processor.py:157} INFO - Started process (PID=808) to work on /home/airflow/.local/lib/python3.7/site-packages/airflow/example_dags/tutorial_taskflow_api.py
[2023-07-11T23:41:04.809+0000] {processor.py:826} INFO - Processing file /home/airflow/.local/lib/python3.7/site-packages/airflow/example_dags/tutorial_taskflow_api.py for tasks to queue
[2023-07-11T23:41:04.809+0000] {logging_mixin.py:150} INFO - [2023-07-11T23:41:04.809+0000] {dagbag.py:541} INFO - Filling up the DagBag from /home/airflow/.local/lib/python3.7/site-packages/airflow/example_dags/tutorial_taskflow_api.py
[2023-07-11T23:41:04.815+0000] {processor.py:836} INFO - DAG(s) dict_keys(['tutorial_taskflow_api']) retrieved from /home/airflow/.local/lib/python3.7/site-packages/airflow/example_dags/tutorial_taskflow_api.py
[2023-07-11T23:41:04.835+0000] {logging_mixin.py:150} INFO - [2023-07-11T23:41:04.835+0000] {dag.py:2742} INFO - Sync 1 DAGs
[2023-07-11T23:41:04.855+0000] {logging_mixin.py:150} INFO - [2023-07-11T23:41:04.855+0000] {dag.py:3508} INFO - Setting next_dagrun for tutorial_taskflow_api to None, run_after=None
[2023-07-11T23:41:04.871+0000] {processor.py:179} INFO - Processing /home/airflow/.local/lib/python3.7/site-packages/airflow/example_dags/tutorial_taskflow_api.py took 0.065 seconds
[2023-07-11T23:41:35.052+0000] {processor.py:157} INFO - Started process (PID=878) to work on /home/airflow/.local/lib/python3.7/site-packages/airflow/example_dags/tutorial_taskflow_api.py
[2023-07-11T23:41:35.053+0000] {processor.py:826} INFO - Processing file /home/airflow/.local/lib/python3.7/site-packages/airflow/example_dags/tutorial_taskflow_api.py for tasks to queue
[2023-07-11T23:41:35.053+0000] {logging_mixin.py:150} INFO - [2023-07-11T23:41:35.053+0000] {dagbag.py:541} INFO - Filling up the DagBag from /home/airflow/.local/lib/python3.7/site-packages/airflow/example_dags/tutorial_taskflow_api.py
[2023-07-11T23:41:35.058+0000] {processor.py:836} INFO - DAG(s) dict_keys(['tutorial_taskflow_api']) retrieved from /home/airflow/.local/lib/python3.7/site-packages/airflow/example_dags/tutorial_taskflow_api.py
[2023-07-11T23:41:35.078+0000] {logging_mixin.py:150} INFO - [2023-07-11T23:41:35.078+0000] {dag.py:2742} INFO - Sync 1 DAGs
[2023-07-11T23:41:35.098+0000] {logging_mixin.py:150} INFO - [2023-07-11T23:41:35.097+0000] {dag.py:3508} INFO - Setting next_dagrun for tutorial_taskflow_api to None, run_after=None
[2023-07-11T23:41:35.112+0000] {processor.py:179} INFO - Processing /home/airflow/.local/lib/python3.7/site-packages/airflow/example_dags/tutorial_taskflow_api.py took 0.062 seconds
[2023-07-11T23:42:05.268+0000] {processor.py:157} INFO - Started process (PID=948) to work on /home/airflow/.local/lib/python3.7/site-packages/airflow/example_dags/tutorial_taskflow_api.py
[2023-07-11T23:42:05.269+0000] {processor.py:826} INFO - Processing file /home/airflow/.local/lib/python3.7/site-packages/airflow/example_dags/tutorial_taskflow_api.py for tasks to queue
[2023-07-11T23:42:05.269+0000] {logging_mixin.py:150} INFO - [2023-07-11T23:42:05.269+0000] {dagbag.py:541} INFO - Filling up the DagBag from /home/airflow/.local/lib/python3.7/site-packages/airflow/example_dags/tutorial_taskflow_api.py
[2023-07-11T23:42:05.273+0000] {processor.py:836} INFO - DAG(s) dict_keys(['tutorial_taskflow_api']) retrieved from /home/airflow/.local/lib/python3.7/site-packages/airflow/example_dags/tutorial_taskflow_api.py
[2023-07-11T23:42:05.290+0000] {logging_mixin.py:150} INFO - [2023-07-11T23:42:05.289+0000] {dag.py:2742} INFO - Sync 1 DAGs
[2023-07-11T23:42:05.308+0000] {logging_mixin.py:150} INFO - [2023-07-11T23:42:05.307+0000] {dag.py:3508} INFO - Setting next_dagrun for tutorial_taskflow_api to None, run_after=None
[2023-07-11T23:42:05.321+0000] {processor.py:179} INFO - Processing /home/airflow/.local/lib/python3.7/site-packages/airflow/example_dags/tutorial_taskflow_api.py took 0.055 seconds
[2023-07-11T23:42:35.535+0000] {processor.py:157} INFO - Started process (PID=1018) to work on /home/airflow/.local/lib/python3.7/site-packages/airflow/example_dags/tutorial_taskflow_api.py
[2023-07-11T23:42:35.535+0000] {processor.py:826} INFO - Processing file /home/airflow/.local/lib/python3.7/site-packages/airflow/example_dags/tutorial_taskflow_api.py for tasks to queue
[2023-07-11T23:42:35.536+0000] {logging_mixin.py:150} INFO - [2023-07-11T23:42:35.536+0000] {dagbag.py:541} INFO - Filling up the DagBag from /home/airflow/.local/lib/python3.7/site-packages/airflow/example_dags/tutorial_taskflow_api.py
[2023-07-11T23:42:35.541+0000] {processor.py:836} INFO - DAG(s) dict_keys(['tutorial_taskflow_api']) retrieved from /home/airflow/.local/lib/python3.7/site-packages/airflow/example_dags/tutorial_taskflow_api.py
[2023-07-11T23:42:35.560+0000] {logging_mixin.py:150} INFO - [2023-07-11T23:42:35.560+0000] {dag.py:2742} INFO - Sync 1 DAGs
[2023-07-11T23:42:35.581+0000] {logging_mixin.py:150} INFO - [2023-07-11T23:42:35.580+0000] {dag.py:3508} INFO - Setting next_dagrun for tutorial_taskflow_api to None, run_after=None
[2023-07-11T23:42:35.596+0000] {processor.py:179} INFO - Processing /home/airflow/.local/lib/python3.7/site-packages/airflow/example_dags/tutorial_taskflow_api.py took 0.064 seconds
[2023-07-11T23:43:05.766+0000] {processor.py:157} INFO - Started process (PID=1088) to work on /home/airflow/.local/lib/python3.7/site-packages/airflow/example_dags/tutorial_taskflow_api.py
[2023-07-11T23:43:05.767+0000] {processor.py:826} INFO - Processing file /home/airflow/.local/lib/python3.7/site-packages/airflow/example_dags/tutorial_taskflow_api.py for tasks to queue
[2023-07-11T23:43:05.767+0000] {logging_mixin.py:150} INFO - [2023-07-11T23:43:05.767+0000] {dagbag.py:541} INFO - Filling up the DagBag from /home/airflow/.local/lib/python3.7/site-packages/airflow/example_dags/tutorial_taskflow_api.py
[2023-07-11T23:43:05.770+0000] {processor.py:836} INFO - DAG(s) dict_keys(['tutorial_taskflow_api']) retrieved from /home/airflow/.local/lib/python3.7/site-packages/airflow/example_dags/tutorial_taskflow_api.py
[2023-07-11T23:43:05.785+0000] {logging_mixin.py:150} INFO - [2023-07-11T23:43:05.785+0000] {dag.py:2742} INFO - Sync 1 DAGs
[2023-07-11T23:43:05.802+0000] {logging_mixin.py:150} INFO - [2023-07-11T23:43:05.802+0000] {dag.py:3508} INFO - Setting next_dagrun for tutorial_taskflow_api to None, run_after=None
[2023-07-11T23:43:05.815+0000] {processor.py:179} INFO - Processing /home/airflow/.local/lib/python3.7/site-packages/airflow/example_dags/tutorial_taskflow_api.py took 0.051 seconds
[2023-07-11T23:43:36.533+0000] {processor.py:157} INFO - Started process (PID=1158) to work on /home/airflow/.local/lib/python3.7/site-packages/airflow/example_dags/tutorial_taskflow_api.py
[2023-07-11T23:43:36.534+0000] {processor.py:826} INFO - Processing file /home/airflow/.local/lib/python3.7/site-packages/airflow/example_dags/tutorial_taskflow_api.py for tasks to queue
[2023-07-11T23:43:36.535+0000] {logging_mixin.py:150} INFO - [2023-07-11T23:43:36.534+0000] {dagbag.py:541} INFO - Filling up the DagBag from /home/airflow/.local/lib/python3.7/site-packages/airflow/example_dags/tutorial_taskflow_api.py
[2023-07-11T23:43:36.538+0000] {processor.py:836} INFO - DAG(s) dict_keys(['tutorial_taskflow_api']) retrieved from /home/airflow/.local/lib/python3.7/site-packages/airflow/example_dags/tutorial_taskflow_api.py
[2023-07-11T23:43:36.555+0000] {logging_mixin.py:150} INFO - [2023-07-11T23:43:36.555+0000] {dag.py:2742} INFO - Sync 1 DAGs
[2023-07-11T23:43:36.573+0000] {logging_mixin.py:150} INFO - [2023-07-11T23:43:36.573+0000] {dag.py:3508} INFO - Setting next_dagrun for tutorial_taskflow_api to None, run_after=None
[2023-07-11T23:43:36.588+0000] {processor.py:179} INFO - Processing /home/airflow/.local/lib/python3.7/site-packages/airflow/example_dags/tutorial_taskflow_api.py took 0.057 seconds
[2023-07-11T23:44:06.704+0000] {processor.py:157} INFO - Started process (PID=1228) to work on /home/airflow/.local/lib/python3.7/site-packages/airflow/example_dags/tutorial_taskflow_api.py
[2023-07-11T23:44:06.705+0000] {processor.py:826} INFO - Processing file /home/airflow/.local/lib/python3.7/site-packages/airflow/example_dags/tutorial_taskflow_api.py for tasks to queue
[2023-07-11T23:44:06.705+0000] {logging_mixin.py:150} INFO - [2023-07-11T23:44:06.705+0000] {dagbag.py:541} INFO - Filling up the DagBag from /home/airflow/.local/lib/python3.7/site-packages/airflow/example_dags/tutorial_taskflow_api.py
[2023-07-11T23:44:06.709+0000] {processor.py:836} INFO - DAG(s) dict_keys(['tutorial_taskflow_api']) retrieved from /home/airflow/.local/lib/python3.7/site-packages/airflow/example_dags/tutorial_taskflow_api.py
[2023-07-11T23:44:06.724+0000] {logging_mixin.py:150} INFO - [2023-07-11T23:44:06.724+0000] {dag.py:2742} INFO - Sync 1 DAGs
[2023-07-11T23:44:06.743+0000] {logging_mixin.py:150} INFO - [2023-07-11T23:44:06.743+0000] {dag.py:3508} INFO - Setting next_dagrun for tutorial_taskflow_api to None, run_after=None
[2023-07-11T23:44:06.758+0000] {processor.py:179} INFO - Processing /home/airflow/.local/lib/python3.7/site-packages/airflow/example_dags/tutorial_taskflow_api.py took 0.056 seconds
[2023-07-11T23:44:37.185+0000] {processor.py:157} INFO - Started process (PID=1298) to work on /home/airflow/.local/lib/python3.7/site-packages/airflow/example_dags/tutorial_taskflow_api.py
[2023-07-11T23:44:37.187+0000] {processor.py:826} INFO - Processing file /home/airflow/.local/lib/python3.7/site-packages/airflow/example_dags/tutorial_taskflow_api.py for tasks to queue
[2023-07-11T23:44:37.187+0000] {logging_mixin.py:150} INFO - [2023-07-11T23:44:37.187+0000] {dagbag.py:541} INFO - Filling up the DagBag from /home/airflow/.local/lib/python3.7/site-packages/airflow/example_dags/tutorial_taskflow_api.py
[2023-07-11T23:44:37.191+0000] {processor.py:836} INFO - DAG(s) dict_keys(['tutorial_taskflow_api']) retrieved from /home/airflow/.local/lib/python3.7/site-packages/airflow/example_dags/tutorial_taskflow_api.py
[2023-07-11T23:44:37.206+0000] {logging_mixin.py:150} INFO - [2023-07-11T23:44:37.206+0000] {dag.py:2742} INFO - Sync 1 DAGs
[2023-07-11T23:44:37.222+0000] {logging_mixin.py:150} INFO - [2023-07-11T23:44:37.222+0000] {dag.py:3508} INFO - Setting next_dagrun for tutorial_taskflow_api to None, run_after=None
[2023-07-11T23:44:37.234+0000] {processor.py:179} INFO - Processing /home/airflow/.local/lib/python3.7/site-packages/airflow/example_dags/tutorial_taskflow_api.py took 0.050 seconds
[2023-07-11T23:45:07.515+0000] {processor.py:157} INFO - Started process (PID=1368) to work on /home/airflow/.local/lib/python3.7/site-packages/airflow/example_dags/tutorial_taskflow_api.py
[2023-07-11T23:45:07.516+0000] {processor.py:826} INFO - Processing file /home/airflow/.local/lib/python3.7/site-packages/airflow/example_dags/tutorial_taskflow_api.py for tasks to queue
[2023-07-11T23:45:07.516+0000] {logging_mixin.py:150} INFO - [2023-07-11T23:45:07.516+0000] {dagbag.py:541} INFO - Filling up the DagBag from /home/airflow/.local/lib/python3.7/site-packages/airflow/example_dags/tutorial_taskflow_api.py
[2023-07-11T23:45:07.520+0000] {processor.py:836} INFO - DAG(s) dict_keys(['tutorial_taskflow_api']) retrieved from /home/airflow/.local/lib/python3.7/site-packages/airflow/example_dags/tutorial_taskflow_api.py
[2023-07-11T23:45:07.537+0000] {logging_mixin.py:150} INFO - [2023-07-11T23:45:07.537+0000] {dag.py:2742} INFO - Sync 1 DAGs
[2023-07-11T23:45:07.556+0000] {logging_mixin.py:150} INFO - [2023-07-11T23:45:07.556+0000] {dag.py:3508} INFO - Setting next_dagrun for tutorial_taskflow_api to None, run_after=None
[2023-07-11T23:45:07.569+0000] {processor.py:179} INFO - Processing /home/airflow/.local/lib/python3.7/site-packages/airflow/example_dags/tutorial_taskflow_api.py took 0.056 seconds
[2023-07-11T23:45:37.649+0000] {processor.py:157} INFO - Started process (PID=1438) to work on /home/airflow/.local/lib/python3.7/site-packages/airflow/example_dags/tutorial_taskflow_api.py
[2023-07-11T23:45:37.649+0000] {processor.py:826} INFO - Processing file /home/airflow/.local/lib/python3.7/site-packages/airflow/example_dags/tutorial_taskflow_api.py for tasks to queue
[2023-07-11T23:45:37.650+0000] {logging_mixin.py:150} INFO - [2023-07-11T23:45:37.649+0000] {dagbag.py:541} INFO - Filling up the DagBag from /home/airflow/.local/lib/python3.7/site-packages/airflow/example_dags/tutorial_taskflow_api.py
[2023-07-11T23:45:37.653+0000] {processor.py:836} INFO - DAG(s) dict_keys(['tutorial_taskflow_api']) retrieved from /home/airflow/.local/lib/python3.7/site-packages/airflow/example_dags/tutorial_taskflow_api.py
[2023-07-11T23:45:37.667+0000] {logging_mixin.py:150} INFO - [2023-07-11T23:45:37.667+0000] {dag.py:2742} INFO - Sync 1 DAGs
[2023-07-11T23:45:37.686+0000] {logging_mixin.py:150} INFO - [2023-07-11T23:45:37.685+0000] {dag.py:3508} INFO - Setting next_dagrun for tutorial_taskflow_api to None, run_after=None
[2023-07-11T23:45:37.697+0000] {processor.py:179} INFO - Processing /home/airflow/.local/lib/python3.7/site-packages/airflow/example_dags/tutorial_taskflow_api.py took 0.051 seconds
[2023-07-11T23:46:07.822+0000] {processor.py:157} INFO - Started process (PID=1508) to work on /home/airflow/.local/lib/python3.7/site-packages/airflow/example_dags/tutorial_taskflow_api.py
[2023-07-11T23:46:07.822+0000] {processor.py:826} INFO - Processing file /home/airflow/.local/lib/python3.7/site-packages/airflow/example_dags/tutorial_taskflow_api.py for tasks to queue
[2023-07-11T23:46:07.823+0000] {logging_mixin.py:150} INFO - [2023-07-11T23:46:07.823+0000] {dagbag.py:541} INFO - Filling up the DagBag from /home/airflow/.local/lib/python3.7/site-packages/airflow/example_dags/tutorial_taskflow_api.py
[2023-07-11T23:46:07.826+0000] {processor.py:836} INFO - DAG(s) dict_keys(['tutorial_taskflow_api']) retrieved from /home/airflow/.local/lib/python3.7/site-packages/airflow/example_dags/tutorial_taskflow_api.py
[2023-07-11T23:46:07.841+0000] {logging_mixin.py:150} INFO - [2023-07-11T23:46:07.841+0000] {dag.py:2742} INFO - Sync 1 DAGs
[2023-07-11T23:46:07.858+0000] {logging_mixin.py:150} INFO - [2023-07-11T23:46:07.858+0000] {dag.py:3508} INFO - Setting next_dagrun for tutorial_taskflow_api to None, run_after=None
[2023-07-11T23:46:07.870+0000] {processor.py:179} INFO - Processing /home/airflow/.local/lib/python3.7/site-packages/airflow/example_dags/tutorial_taskflow_api.py took 0.050 seconds
[2023-07-11T23:46:37.912+0000] {processor.py:157} INFO - Started process (PID=1578) to work on /home/airflow/.local/lib/python3.7/site-packages/airflow/example_dags/tutorial_taskflow_api.py
[2023-07-11T23:46:37.913+0000] {processor.py:826} INFO - Processing file /home/airflow/.local/lib/python3.7/site-packages/airflow/example_dags/tutorial_taskflow_api.py for tasks to queue
[2023-07-11T23:46:37.913+0000] {logging_mixin.py:150} INFO - [2023-07-11T23:46:37.913+0000] {dagbag.py:541} INFO - Filling up the DagBag from /home/airflow/.local/lib/python3.7/site-packages/airflow/example_dags/tutorial_taskflow_api.py
[2023-07-11T23:46:37.918+0000] {processor.py:836} INFO - DAG(s) dict_keys(['tutorial_taskflow_api']) retrieved from /home/airflow/.local/lib/python3.7/site-packages/airflow/example_dags/tutorial_taskflow_api.py
[2023-07-11T23:46:37.932+0000] {logging_mixin.py:150} INFO - [2023-07-11T23:46:37.932+0000] {dag.py:2742} INFO - Sync 1 DAGs
[2023-07-11T23:46:37.949+0000] {logging_mixin.py:150} INFO - [2023-07-11T23:46:37.949+0000] {dag.py:3508} INFO - Setting next_dagrun for tutorial_taskflow_api to None, run_after=None
[2023-07-11T23:46:37.960+0000] {processor.py:179} INFO - Processing /home/airflow/.local/lib/python3.7/site-packages/airflow/example_dags/tutorial_taskflow_api.py took 0.050 seconds
[2023-07-11T23:47:08.272+0000] {processor.py:157} INFO - Started process (PID=1648) to work on /home/airflow/.local/lib/python3.7/site-packages/airflow/example_dags/tutorial_taskflow_api.py
[2023-07-11T23:47:08.272+0000] {processor.py:826} INFO - Processing file /home/airflow/.local/lib/python3.7/site-packages/airflow/example_dags/tutorial_taskflow_api.py for tasks to queue
[2023-07-11T23:47:08.273+0000] {logging_mixin.py:150} INFO - [2023-07-11T23:47:08.273+0000] {dagbag.py:541} INFO - Filling up the DagBag from /home/airflow/.local/lib/python3.7/site-packages/airflow/example_dags/tutorial_taskflow_api.py
[2023-07-11T23:47:08.276+0000] {processor.py:836} INFO - DAG(s) dict_keys(['tutorial_taskflow_api']) retrieved from /home/airflow/.local/lib/python3.7/site-packages/airflow/example_dags/tutorial_taskflow_api.py
[2023-07-11T23:47:08.291+0000] {logging_mixin.py:150} INFO - [2023-07-11T23:47:08.291+0000] {dag.py:2742} INFO - Sync 1 DAGs
[2023-07-11T23:47:08.309+0000] {logging_mixin.py:150} INFO - [2023-07-11T23:47:08.309+0000] {dag.py:3508} INFO - Setting next_dagrun for tutorial_taskflow_api to None, run_after=None
[2023-07-11T23:47:08.321+0000] {processor.py:179} INFO - Processing /home/airflow/.local/lib/python3.7/site-packages/airflow/example_dags/tutorial_taskflow_api.py took 0.051 seconds
