[2023-07-11T23:35:32.294+0000] {processor.py:157} INFO - Started process (PID=54) to work on /home/airflow/.local/lib/python3.7/site-packages/airflow/example_dags/tutorial.py
[2023-07-11T23:35:32.294+0000] {processor.py:826} INFO - Processing file /home/airflow/.local/lib/python3.7/site-packages/airflow/example_dags/tutorial.py for tasks to queue
[2023-07-11T23:35:32.295+0000] {logging_mixin.py:150} INFO - [2023-07-11T23:35:32.295+0000] {dagbag.py:541} INFO - Filling up the DagBag from /home/airflow/.local/lib/python3.7/site-packages/airflow/example_dags/tutorial.py
[2023-07-11T23:35:32.301+0000] {processor.py:836} INFO - DAG(s) dict_keys(['tutorial']) retrieved from /home/airflow/.local/lib/python3.7/site-packages/airflow/example_dags/tutorial.py
[2023-07-11T23:35:32.311+0000] {logging_mixin.py:150} INFO - [2023-07-11T23:35:32.310+0000] {dag.py:2742} INFO - Sync 1 DAGs
[2023-07-11T23:35:32.337+0000] {logging_mixin.py:150} INFO - [2023-07-11T23:35:32.336+0000] {dag.py:3508} INFO - Setting next_dagrun for tutorial to 2023-07-10T23:35:32.336586+00:00, run_after=2023-07-11T23:35:32.336586+00:00
[2023-07-11T23:35:32.355+0000] {processor.py:179} INFO - Processing /home/airflow/.local/lib/python3.7/site-packages/airflow/example_dags/tutorial.py took 0.063 seconds
[2023-07-11T23:36:02.812+0000] {processor.py:157} INFO - Started process (PID=123) to work on /home/airflow/.local/lib/python3.7/site-packages/airflow/example_dags/tutorial.py
[2023-07-11T23:36:02.813+0000] {processor.py:826} INFO - Processing file /home/airflow/.local/lib/python3.7/site-packages/airflow/example_dags/tutorial.py for tasks to queue
[2023-07-11T23:36:02.813+0000] {logging_mixin.py:150} INFO - [2023-07-11T23:36:02.813+0000] {dagbag.py:541} INFO - Filling up the DagBag from /home/airflow/.local/lib/python3.7/site-packages/airflow/example_dags/tutorial.py
[2023-07-11T23:36:02.817+0000] {processor.py:836} INFO - DAG(s) dict_keys(['tutorial']) retrieved from /home/airflow/.local/lib/python3.7/site-packages/airflow/example_dags/tutorial.py
[2023-07-11T23:36:02.832+0000] {logging_mixin.py:150} INFO - [2023-07-11T23:36:02.831+0000] {dag.py:2742} INFO - Sync 1 DAGs
[2023-07-11T23:36:02.849+0000] {logging_mixin.py:150} INFO - [2023-07-11T23:36:02.849+0000] {dag.py:3508} INFO - Setting next_dagrun for tutorial to 2023-07-10T23:36:02.849200+00:00, run_after=2023-07-11T23:36:02.849200+00:00
[2023-07-11T23:36:02.863+0000] {processor.py:179} INFO - Processing /home/airflow/.local/lib/python3.7/site-packages/airflow/example_dags/tutorial.py took 0.053 seconds
[2023-07-11T23:36:32.949+0000] {processor.py:157} INFO - Started process (PID=193) to work on /home/airflow/.local/lib/python3.7/site-packages/airflow/example_dags/tutorial.py
[2023-07-11T23:36:32.950+0000] {processor.py:826} INFO - Processing file /home/airflow/.local/lib/python3.7/site-packages/airflow/example_dags/tutorial.py for tasks to queue
[2023-07-11T23:36:32.950+0000] {logging_mixin.py:150} INFO - [2023-07-11T23:36:32.950+0000] {dagbag.py:541} INFO - Filling up the DagBag from /home/airflow/.local/lib/python3.7/site-packages/airflow/example_dags/tutorial.py
[2023-07-11T23:36:32.954+0000] {processor.py:836} INFO - DAG(s) dict_keys(['tutorial']) retrieved from /home/airflow/.local/lib/python3.7/site-packages/airflow/example_dags/tutorial.py
[2023-07-11T23:36:32.969+0000] {logging_mixin.py:150} INFO - [2023-07-11T23:36:32.969+0000] {dag.py:2742} INFO - Sync 1 DAGs
[2023-07-11T23:36:32.986+0000] {logging_mixin.py:150} INFO - [2023-07-11T23:36:32.986+0000] {dag.py:3508} INFO - Setting next_dagrun for tutorial to 2023-07-10T23:36:32.986642+00:00, run_after=2023-07-11T23:36:32.986642+00:00
[2023-07-11T23:36:33.000+0000] {processor.py:179} INFO - Processing /home/airflow/.local/lib/python3.7/site-packages/airflow/example_dags/tutorial.py took 0.052 seconds
[2023-07-11T23:37:03.185+0000] {processor.py:157} INFO - Started process (PID=263) to work on /home/airflow/.local/lib/python3.7/site-packages/airflow/example_dags/tutorial.py
[2023-07-11T23:37:03.185+0000] {processor.py:826} INFO - Processing file /home/airflow/.local/lib/python3.7/site-packages/airflow/example_dags/tutorial.py for tasks to queue
[2023-07-11T23:37:03.186+0000] {logging_mixin.py:150} INFO - [2023-07-11T23:37:03.185+0000] {dagbag.py:541} INFO - Filling up the DagBag from /home/airflow/.local/lib/python3.7/site-packages/airflow/example_dags/tutorial.py
[2023-07-11T23:37:03.189+0000] {processor.py:836} INFO - DAG(s) dict_keys(['tutorial']) retrieved from /home/airflow/.local/lib/python3.7/site-packages/airflow/example_dags/tutorial.py
[2023-07-11T23:37:03.205+0000] {logging_mixin.py:150} INFO - [2023-07-11T23:37:03.205+0000] {dag.py:2742} INFO - Sync 1 DAGs
[2023-07-11T23:37:03.222+0000] {logging_mixin.py:150} INFO - [2023-07-11T23:37:03.222+0000] {dag.py:3508} INFO - Setting next_dagrun for tutorial to 2023-07-10T23:37:03.222294+00:00, run_after=2023-07-11T23:37:03.222294+00:00
[2023-07-11T23:37:03.235+0000] {processor.py:179} INFO - Processing /home/airflow/.local/lib/python3.7/site-packages/airflow/example_dags/tutorial.py took 0.052 seconds
[2023-07-11T23:37:33.305+0000] {processor.py:157} INFO - Started process (PID=333) to work on /home/airflow/.local/lib/python3.7/site-packages/airflow/example_dags/tutorial.py
[2023-07-11T23:37:33.305+0000] {processor.py:826} INFO - Processing file /home/airflow/.local/lib/python3.7/site-packages/airflow/example_dags/tutorial.py for tasks to queue
[2023-07-11T23:37:33.306+0000] {logging_mixin.py:150} INFO - [2023-07-11T23:37:33.306+0000] {dagbag.py:541} INFO - Filling up the DagBag from /home/airflow/.local/lib/python3.7/site-packages/airflow/example_dags/tutorial.py
[2023-07-11T23:37:33.310+0000] {processor.py:836} INFO - DAG(s) dict_keys(['tutorial']) retrieved from /home/airflow/.local/lib/python3.7/site-packages/airflow/example_dags/tutorial.py
[2023-07-11T23:37:33.325+0000] {logging_mixin.py:150} INFO - [2023-07-11T23:37:33.325+0000] {dag.py:2742} INFO - Sync 1 DAGs
[2023-07-11T23:37:33.342+0000] {logging_mixin.py:150} INFO - [2023-07-11T23:37:33.342+0000] {dag.py:3508} INFO - Setting next_dagrun for tutorial to 2023-07-10T23:37:33.342242+00:00, run_after=2023-07-11T23:37:33.342242+00:00
[2023-07-11T23:37:33.354+0000] {processor.py:179} INFO - Processing /home/airflow/.local/lib/python3.7/site-packages/airflow/example_dags/tutorial.py took 0.051 seconds
[2023-07-11T23:38:03.401+0000] {processor.py:157} INFO - Started process (PID=403) to work on /home/airflow/.local/lib/python3.7/site-packages/airflow/example_dags/tutorial.py
[2023-07-11T23:38:03.402+0000] {processor.py:826} INFO - Processing file /home/airflow/.local/lib/python3.7/site-packages/airflow/example_dags/tutorial.py for tasks to queue
[2023-07-11T23:38:03.402+0000] {logging_mixin.py:150} INFO - [2023-07-11T23:38:03.402+0000] {dagbag.py:541} INFO - Filling up the DagBag from /home/airflow/.local/lib/python3.7/site-packages/airflow/example_dags/tutorial.py
[2023-07-11T23:38:03.406+0000] {processor.py:836} INFO - DAG(s) dict_keys(['tutorial']) retrieved from /home/airflow/.local/lib/python3.7/site-packages/airflow/example_dags/tutorial.py
[2023-07-11T23:38:03.422+0000] {logging_mixin.py:150} INFO - [2023-07-11T23:38:03.422+0000] {dag.py:2742} INFO - Sync 1 DAGs
[2023-07-11T23:38:03.440+0000] {logging_mixin.py:150} INFO - [2023-07-11T23:38:03.440+0000] {dag.py:3508} INFO - Setting next_dagrun for tutorial to 2023-07-10T23:38:03.440434+00:00, run_after=2023-07-11T23:38:03.440434+00:00
[2023-07-11T23:38:03.456+0000] {processor.py:179} INFO - Processing /home/airflow/.local/lib/python3.7/site-packages/airflow/example_dags/tutorial.py took 0.056 seconds
[2023-07-11T23:38:33.963+0000] {processor.py:157} INFO - Started process (PID=473) to work on /home/airflow/.local/lib/python3.7/site-packages/airflow/example_dags/tutorial.py
[2023-07-11T23:38:33.964+0000] {processor.py:826} INFO - Processing file /home/airflow/.local/lib/python3.7/site-packages/airflow/example_dags/tutorial.py for tasks to queue
[2023-07-11T23:38:33.964+0000] {logging_mixin.py:150} INFO - [2023-07-11T23:38:33.964+0000] {dagbag.py:541} INFO - Filling up the DagBag from /home/airflow/.local/lib/python3.7/site-packages/airflow/example_dags/tutorial.py
[2023-07-11T23:38:33.968+0000] {processor.py:836} INFO - DAG(s) dict_keys(['tutorial']) retrieved from /home/airflow/.local/lib/python3.7/site-packages/airflow/example_dags/tutorial.py
[2023-07-11T23:38:33.985+0000] {logging_mixin.py:150} INFO - [2023-07-11T23:38:33.985+0000] {dag.py:2742} INFO - Sync 1 DAGs
[2023-07-11T23:38:34.004+0000] {logging_mixin.py:150} INFO - [2023-07-11T23:38:34.004+0000] {dag.py:3508} INFO - Setting next_dagrun for tutorial to 2023-07-10T23:38:34.003849+00:00, run_after=2023-07-11T23:38:34.003849+00:00
[2023-07-11T23:38:34.017+0000] {processor.py:179} INFO - Processing /home/airflow/.local/lib/python3.7/site-packages/airflow/example_dags/tutorial.py took 0.056 seconds
[2023-07-11T23:39:04.065+0000] {processor.py:157} INFO - Started process (PID=543) to work on /home/airflow/.local/lib/python3.7/site-packages/airflow/example_dags/tutorial.py
[2023-07-11T23:39:04.066+0000] {processor.py:826} INFO - Processing file /home/airflow/.local/lib/python3.7/site-packages/airflow/example_dags/tutorial.py for tasks to queue
[2023-07-11T23:39:04.067+0000] {logging_mixin.py:150} INFO - [2023-07-11T23:39:04.066+0000] {dagbag.py:541} INFO - Filling up the DagBag from /home/airflow/.local/lib/python3.7/site-packages/airflow/example_dags/tutorial.py
[2023-07-11T23:39:04.072+0000] {processor.py:836} INFO - DAG(s) dict_keys(['tutorial']) retrieved from /home/airflow/.local/lib/python3.7/site-packages/airflow/example_dags/tutorial.py
[2023-07-11T23:39:04.092+0000] {logging_mixin.py:150} INFO - [2023-07-11T23:39:04.092+0000] {dag.py:2742} INFO - Sync 1 DAGs
[2023-07-11T23:39:04.114+0000] {logging_mixin.py:150} INFO - [2023-07-11T23:39:04.113+0000] {dag.py:3508} INFO - Setting next_dagrun for tutorial to 2023-07-10T23:39:04.113630+00:00, run_after=2023-07-11T23:39:04.113630+00:00
[2023-07-11T23:39:04.128+0000] {processor.py:179} INFO - Processing /home/airflow/.local/lib/python3.7/site-packages/airflow/example_dags/tutorial.py took 0.065 seconds
[2023-07-11T23:39:34.270+0000] {processor.py:157} INFO - Started process (PID=613) to work on /home/airflow/.local/lib/python3.7/site-packages/airflow/example_dags/tutorial.py
[2023-07-11T23:39:34.270+0000] {processor.py:826} INFO - Processing file /home/airflow/.local/lib/python3.7/site-packages/airflow/example_dags/tutorial.py for tasks to queue
[2023-07-11T23:39:34.271+0000] {logging_mixin.py:150} INFO - [2023-07-11T23:39:34.271+0000] {dagbag.py:541} INFO - Filling up the DagBag from /home/airflow/.local/lib/python3.7/site-packages/airflow/example_dags/tutorial.py
[2023-07-11T23:39:34.275+0000] {processor.py:836} INFO - DAG(s) dict_keys(['tutorial']) retrieved from /home/airflow/.local/lib/python3.7/site-packages/airflow/example_dags/tutorial.py
[2023-07-11T23:39:34.290+0000] {logging_mixin.py:150} INFO - [2023-07-11T23:39:34.290+0000] {dag.py:2742} INFO - Sync 1 DAGs
[2023-07-11T23:39:34.307+0000] {logging_mixin.py:150} INFO - [2023-07-11T23:39:34.307+0000] {dag.py:3508} INFO - Setting next_dagrun for tutorial to 2023-07-10T23:39:34.306935+00:00, run_after=2023-07-11T23:39:34.306935+00:00
[2023-07-11T23:39:34.320+0000] {processor.py:179} INFO - Processing /home/airflow/.local/lib/python3.7/site-packages/airflow/example_dags/tutorial.py took 0.052 seconds
[2023-07-11T23:40:04.645+0000] {processor.py:157} INFO - Started process (PID=683) to work on /home/airflow/.local/lib/python3.7/site-packages/airflow/example_dags/tutorial.py
[2023-07-11T23:40:04.646+0000] {processor.py:826} INFO - Processing file /home/airflow/.local/lib/python3.7/site-packages/airflow/example_dags/tutorial.py for tasks to queue
[2023-07-11T23:40:04.646+0000] {logging_mixin.py:150} INFO - [2023-07-11T23:40:04.646+0000] {dagbag.py:541} INFO - Filling up the DagBag from /home/airflow/.local/lib/python3.7/site-packages/airflow/example_dags/tutorial.py
[2023-07-11T23:40:04.650+0000] {processor.py:836} INFO - DAG(s) dict_keys(['tutorial']) retrieved from /home/airflow/.local/lib/python3.7/site-packages/airflow/example_dags/tutorial.py
[2023-07-11T23:40:04.666+0000] {logging_mixin.py:150} INFO - [2023-07-11T23:40:04.666+0000] {dag.py:2742} INFO - Sync 1 DAGs
[2023-07-11T23:40:04.685+0000] {logging_mixin.py:150} INFO - [2023-07-11T23:40:04.684+0000] {dag.py:3508} INFO - Setting next_dagrun for tutorial to 2023-07-10T23:40:04.684796+00:00, run_after=2023-07-11T23:40:04.684796+00:00
[2023-07-11T23:40:04.698+0000] {processor.py:179} INFO - Processing /home/airflow/.local/lib/python3.7/site-packages/airflow/example_dags/tutorial.py took 0.054 seconds
[2023-07-11T23:40:35.211+0000] {processor.py:157} INFO - Started process (PID=753) to work on /home/airflow/.local/lib/python3.7/site-packages/airflow/example_dags/tutorial.py
[2023-07-11T23:40:35.211+0000] {processor.py:826} INFO - Processing file /home/airflow/.local/lib/python3.7/site-packages/airflow/example_dags/tutorial.py for tasks to queue
[2023-07-11T23:40:35.212+0000] {logging_mixin.py:150} INFO - [2023-07-11T23:40:35.212+0000] {dagbag.py:541} INFO - Filling up the DagBag from /home/airflow/.local/lib/python3.7/site-packages/airflow/example_dags/tutorial.py
[2023-07-11T23:40:35.216+0000] {processor.py:836} INFO - DAG(s) dict_keys(['tutorial']) retrieved from /home/airflow/.local/lib/python3.7/site-packages/airflow/example_dags/tutorial.py
[2023-07-11T23:40:35.235+0000] {logging_mixin.py:150} INFO - [2023-07-11T23:40:35.235+0000] {dag.py:2742} INFO - Sync 1 DAGs
[2023-07-11T23:40:35.256+0000] {logging_mixin.py:150} INFO - [2023-07-11T23:40:35.256+0000] {dag.py:3508} INFO - Setting next_dagrun for tutorial to 2023-07-10T23:40:35.256124+00:00, run_after=2023-07-11T23:40:35.256124+00:00
[2023-07-11T23:40:35.272+0000] {processor.py:179} INFO - Processing /home/airflow/.local/lib/python3.7/site-packages/airflow/example_dags/tutorial.py took 0.063 seconds
[2023-07-11T23:41:05.433+0000] {processor.py:157} INFO - Started process (PID=823) to work on /home/airflow/.local/lib/python3.7/site-packages/airflow/example_dags/tutorial.py
[2023-07-11T23:41:05.434+0000] {processor.py:826} INFO - Processing file /home/airflow/.local/lib/python3.7/site-packages/airflow/example_dags/tutorial.py for tasks to queue
[2023-07-11T23:41:05.435+0000] {logging_mixin.py:150} INFO - [2023-07-11T23:41:05.434+0000] {dagbag.py:541} INFO - Filling up the DagBag from /home/airflow/.local/lib/python3.7/site-packages/airflow/example_dags/tutorial.py
[2023-07-11T23:41:05.442+0000] {processor.py:836} INFO - DAG(s) dict_keys(['tutorial']) retrieved from /home/airflow/.local/lib/python3.7/site-packages/airflow/example_dags/tutorial.py
[2023-07-11T23:41:05.460+0000] {logging_mixin.py:150} INFO - [2023-07-11T23:41:05.460+0000] {dag.py:2742} INFO - Sync 1 DAGs
[2023-07-11T23:41:05.479+0000] {logging_mixin.py:150} INFO - [2023-07-11T23:41:05.479+0000] {dag.py:3508} INFO - Setting next_dagrun for tutorial to 2023-07-10T23:41:05.478162+00:00, run_after=2023-07-11T23:41:05.478162+00:00
[2023-07-11T23:41:05.492+0000] {processor.py:179} INFO - Processing /home/airflow/.local/lib/python3.7/site-packages/airflow/example_dags/tutorial.py took 0.062 seconds
[2023-07-11T23:41:35.664+0000] {processor.py:157} INFO - Started process (PID=893) to work on /home/airflow/.local/lib/python3.7/site-packages/airflow/example_dags/tutorial.py
[2023-07-11T23:41:35.665+0000] {processor.py:826} INFO - Processing file /home/airflow/.local/lib/python3.7/site-packages/airflow/example_dags/tutorial.py for tasks to queue
[2023-07-11T23:41:35.666+0000] {logging_mixin.py:150} INFO - [2023-07-11T23:41:35.666+0000] {dagbag.py:541} INFO - Filling up the DagBag from /home/airflow/.local/lib/python3.7/site-packages/airflow/example_dags/tutorial.py
[2023-07-11T23:41:35.671+0000] {processor.py:836} INFO - DAG(s) dict_keys(['tutorial']) retrieved from /home/airflow/.local/lib/python3.7/site-packages/airflow/example_dags/tutorial.py
[2023-07-11T23:41:35.690+0000] {logging_mixin.py:150} INFO - [2023-07-11T23:41:35.690+0000] {dag.py:2742} INFO - Sync 1 DAGs
[2023-07-11T23:41:35.711+0000] {logging_mixin.py:150} INFO - [2023-07-11T23:41:35.710+0000] {dag.py:3508} INFO - Setting next_dagrun for tutorial to 2023-07-10T23:41:35.710640+00:00, run_after=2023-07-11T23:41:35.710640+00:00
[2023-07-11T23:41:35.726+0000] {processor.py:179} INFO - Processing /home/airflow/.local/lib/python3.7/site-packages/airflow/example_dags/tutorial.py took 0.065 seconds
[2023-07-11T23:42:05.830+0000] {processor.py:157} INFO - Started process (PID=963) to work on /home/airflow/.local/lib/python3.7/site-packages/airflow/example_dags/tutorial.py
[2023-07-11T23:42:05.831+0000] {processor.py:826} INFO - Processing file /home/airflow/.local/lib/python3.7/site-packages/airflow/example_dags/tutorial.py for tasks to queue
[2023-07-11T23:42:05.832+0000] {logging_mixin.py:150} INFO - [2023-07-11T23:42:05.831+0000] {dagbag.py:541} INFO - Filling up the DagBag from /home/airflow/.local/lib/python3.7/site-packages/airflow/example_dags/tutorial.py
[2023-07-11T23:42:05.836+0000] {processor.py:836} INFO - DAG(s) dict_keys(['tutorial']) retrieved from /home/airflow/.local/lib/python3.7/site-packages/airflow/example_dags/tutorial.py
[2023-07-11T23:42:05.854+0000] {logging_mixin.py:150} INFO - [2023-07-11T23:42:05.854+0000] {dag.py:2742} INFO - Sync 1 DAGs
[2023-07-11T23:42:05.876+0000] {logging_mixin.py:150} INFO - [2023-07-11T23:42:05.875+0000] {dag.py:3508} INFO - Setting next_dagrun for tutorial to 2023-07-10T23:42:05.875671+00:00, run_after=2023-07-11T23:42:05.875671+00:00
[2023-07-11T23:42:05.891+0000] {processor.py:179} INFO - Processing /home/airflow/.local/lib/python3.7/site-packages/airflow/example_dags/tutorial.py took 0.063 seconds
[2023-07-11T23:42:36.157+0000] {processor.py:157} INFO - Started process (PID=1033) to work on /home/airflow/.local/lib/python3.7/site-packages/airflow/example_dags/tutorial.py
[2023-07-11T23:42:36.157+0000] {processor.py:826} INFO - Processing file /home/airflow/.local/lib/python3.7/site-packages/airflow/example_dags/tutorial.py for tasks to queue
[2023-07-11T23:42:36.158+0000] {logging_mixin.py:150} INFO - [2023-07-11T23:42:36.158+0000] {dagbag.py:541} INFO - Filling up the DagBag from /home/airflow/.local/lib/python3.7/site-packages/airflow/example_dags/tutorial.py
[2023-07-11T23:42:36.163+0000] {processor.py:836} INFO - DAG(s) dict_keys(['tutorial']) retrieved from /home/airflow/.local/lib/python3.7/site-packages/airflow/example_dags/tutorial.py
[2023-07-11T23:42:36.182+0000] {logging_mixin.py:150} INFO - [2023-07-11T23:42:36.182+0000] {dag.py:2742} INFO - Sync 1 DAGs
[2023-07-11T23:42:36.203+0000] {logging_mixin.py:150} INFO - [2023-07-11T23:42:36.202+0000] {dag.py:3508} INFO - Setting next_dagrun for tutorial to 2023-07-10T23:42:36.202595+00:00, run_after=2023-07-11T23:42:36.202595+00:00
[2023-07-11T23:42:36.217+0000] {processor.py:179} INFO - Processing /home/airflow/.local/lib/python3.7/site-packages/airflow/example_dags/tutorial.py took 0.062 seconds
[2023-07-11T23:43:07.220+0000] {processor.py:157} INFO - Started process (PID=1103) to work on /home/airflow/.local/lib/python3.7/site-packages/airflow/example_dags/tutorial.py
[2023-07-11T23:43:07.221+0000] {processor.py:826} INFO - Processing file /home/airflow/.local/lib/python3.7/site-packages/airflow/example_dags/tutorial.py for tasks to queue
[2023-07-11T23:43:07.221+0000] {logging_mixin.py:150} INFO - [2023-07-11T23:43:07.221+0000] {dagbag.py:541} INFO - Filling up the DagBag from /home/airflow/.local/lib/python3.7/site-packages/airflow/example_dags/tutorial.py
[2023-07-11T23:43:07.225+0000] {processor.py:836} INFO - DAG(s) dict_keys(['tutorial']) retrieved from /home/airflow/.local/lib/python3.7/site-packages/airflow/example_dags/tutorial.py
[2023-07-11T23:43:07.238+0000] {logging_mixin.py:150} INFO - [2023-07-11T23:43:07.238+0000] {dag.py:2742} INFO - Sync 1 DAGs
[2023-07-11T23:43:07.254+0000] {logging_mixin.py:150} INFO - [2023-07-11T23:43:07.254+0000] {dag.py:3508} INFO - Setting next_dagrun for tutorial to 2023-07-10T23:43:07.254201+00:00, run_after=2023-07-11T23:43:07.254201+00:00
[2023-07-11T23:43:07.265+0000] {processor.py:179} INFO - Processing /home/airflow/.local/lib/python3.7/site-packages/airflow/example_dags/tutorial.py took 0.047 seconds
[2023-07-11T23:43:38.041+0000] {processor.py:157} INFO - Started process (PID=1173) to work on /home/airflow/.local/lib/python3.7/site-packages/airflow/example_dags/tutorial.py
[2023-07-11T23:43:38.041+0000] {processor.py:826} INFO - Processing file /home/airflow/.local/lib/python3.7/site-packages/airflow/example_dags/tutorial.py for tasks to queue
[2023-07-11T23:43:38.042+0000] {logging_mixin.py:150} INFO - [2023-07-11T23:43:38.042+0000] {dagbag.py:541} INFO - Filling up the DagBag from /home/airflow/.local/lib/python3.7/site-packages/airflow/example_dags/tutorial.py
[2023-07-11T23:43:38.045+0000] {processor.py:836} INFO - DAG(s) dict_keys(['tutorial']) retrieved from /home/airflow/.local/lib/python3.7/site-packages/airflow/example_dags/tutorial.py
[2023-07-11T23:43:38.058+0000] {logging_mixin.py:150} INFO - [2023-07-11T23:43:38.058+0000] {dag.py:2742} INFO - Sync 1 DAGs
[2023-07-11T23:43:38.075+0000] {logging_mixin.py:150} INFO - [2023-07-11T23:43:38.075+0000] {dag.py:3508} INFO - Setting next_dagrun for tutorial to 2023-07-10T23:43:38.075231+00:00, run_after=2023-07-11T23:43:38.075231+00:00
[2023-07-11T23:43:38.086+0000] {processor.py:179} INFO - Processing /home/airflow/.local/lib/python3.7/site-packages/airflow/example_dags/tutorial.py took 0.047 seconds
[2023-07-11T23:44:08.219+0000] {processor.py:157} INFO - Started process (PID=1243) to work on /home/airflow/.local/lib/python3.7/site-packages/airflow/example_dags/tutorial.py
[2023-07-11T23:44:08.219+0000] {processor.py:826} INFO - Processing file /home/airflow/.local/lib/python3.7/site-packages/airflow/example_dags/tutorial.py for tasks to queue
[2023-07-11T23:44:08.220+0000] {logging_mixin.py:150} INFO - [2023-07-11T23:44:08.219+0000] {dagbag.py:541} INFO - Filling up the DagBag from /home/airflow/.local/lib/python3.7/site-packages/airflow/example_dags/tutorial.py
[2023-07-11T23:44:08.223+0000] {processor.py:836} INFO - DAG(s) dict_keys(['tutorial']) retrieved from /home/airflow/.local/lib/python3.7/site-packages/airflow/example_dags/tutorial.py
[2023-07-11T23:44:08.236+0000] {logging_mixin.py:150} INFO - [2023-07-11T23:44:08.236+0000] {dag.py:2742} INFO - Sync 1 DAGs
[2023-07-11T23:44:08.254+0000] {logging_mixin.py:150} INFO - [2023-07-11T23:44:08.254+0000] {dag.py:3508} INFO - Setting next_dagrun for tutorial to 2023-07-10T23:44:08.254424+00:00, run_after=2023-07-11T23:44:08.254424+00:00
[2023-07-11T23:44:08.266+0000] {processor.py:179} INFO - Processing /home/airflow/.local/lib/python3.7/site-packages/airflow/example_dags/tutorial.py took 0.049 seconds
[2023-07-11T23:44:38.665+0000] {processor.py:157} INFO - Started process (PID=1313) to work on /home/airflow/.local/lib/python3.7/site-packages/airflow/example_dags/tutorial.py
[2023-07-11T23:44:38.665+0000] {processor.py:826} INFO - Processing file /home/airflow/.local/lib/python3.7/site-packages/airflow/example_dags/tutorial.py for tasks to queue
[2023-07-11T23:44:38.666+0000] {logging_mixin.py:150} INFO - [2023-07-11T23:44:38.665+0000] {dagbag.py:541} INFO - Filling up the DagBag from /home/airflow/.local/lib/python3.7/site-packages/airflow/example_dags/tutorial.py
[2023-07-11T23:44:38.669+0000] {processor.py:836} INFO - DAG(s) dict_keys(['tutorial']) retrieved from /home/airflow/.local/lib/python3.7/site-packages/airflow/example_dags/tutorial.py
[2023-07-11T23:44:38.682+0000] {logging_mixin.py:150} INFO - [2023-07-11T23:44:38.682+0000] {dag.py:2742} INFO - Sync 1 DAGs
[2023-07-11T23:44:38.698+0000] {logging_mixin.py:150} INFO - [2023-07-11T23:44:38.698+0000] {dag.py:3508} INFO - Setting next_dagrun for tutorial to 2023-07-10T23:44:38.698536+00:00, run_after=2023-07-11T23:44:38.698536+00:00
[2023-07-11T23:44:38.709+0000] {processor.py:179} INFO - Processing /home/airflow/.local/lib/python3.7/site-packages/airflow/example_dags/tutorial.py took 0.046 seconds
[2023-07-11T23:45:09.118+0000] {processor.py:157} INFO - Started process (PID=1383) to work on /home/airflow/.local/lib/python3.7/site-packages/airflow/example_dags/tutorial.py
[2023-07-11T23:45:09.118+0000] {processor.py:826} INFO - Processing file /home/airflow/.local/lib/python3.7/site-packages/airflow/example_dags/tutorial.py for tasks to queue
[2023-07-11T23:45:09.119+0000] {logging_mixin.py:150} INFO - [2023-07-11T23:45:09.119+0000] {dagbag.py:541} INFO - Filling up the DagBag from /home/airflow/.local/lib/python3.7/site-packages/airflow/example_dags/tutorial.py
[2023-07-11T23:45:09.122+0000] {processor.py:836} INFO - DAG(s) dict_keys(['tutorial']) retrieved from /home/airflow/.local/lib/python3.7/site-packages/airflow/example_dags/tutorial.py
[2023-07-11T23:45:09.135+0000] {logging_mixin.py:150} INFO - [2023-07-11T23:45:09.135+0000] {dag.py:2742} INFO - Sync 1 DAGs
[2023-07-11T23:45:09.152+0000] {logging_mixin.py:150} INFO - [2023-07-11T23:45:09.152+0000] {dag.py:3508} INFO - Setting next_dagrun for tutorial to 2023-07-10T23:45:09.152423+00:00, run_after=2023-07-11T23:45:09.152423+00:00
[2023-07-11T23:45:09.165+0000] {processor.py:179} INFO - Processing /home/airflow/.local/lib/python3.7/site-packages/airflow/example_dags/tutorial.py took 0.049 seconds
[2023-07-11T23:45:40.065+0000] {processor.py:157} INFO - Started process (PID=1453) to work on /home/airflow/.local/lib/python3.7/site-packages/airflow/example_dags/tutorial.py
[2023-07-11T23:45:40.066+0000] {processor.py:826} INFO - Processing file /home/airflow/.local/lib/python3.7/site-packages/airflow/example_dags/tutorial.py for tasks to queue
[2023-07-11T23:45:40.066+0000] {logging_mixin.py:150} INFO - [2023-07-11T23:45:40.066+0000] {dagbag.py:541} INFO - Filling up the DagBag from /home/airflow/.local/lib/python3.7/site-packages/airflow/example_dags/tutorial.py
[2023-07-11T23:45:40.070+0000] {processor.py:836} INFO - DAG(s) dict_keys(['tutorial']) retrieved from /home/airflow/.local/lib/python3.7/site-packages/airflow/example_dags/tutorial.py
[2023-07-11T23:45:40.083+0000] {logging_mixin.py:150} INFO - [2023-07-11T23:45:40.083+0000] {dag.py:2742} INFO - Sync 1 DAGs
[2023-07-11T23:45:40.100+0000] {logging_mixin.py:150} INFO - [2023-07-11T23:45:40.099+0000] {dag.py:3508} INFO - Setting next_dagrun for tutorial to 2023-07-10T23:45:40.099778+00:00, run_after=2023-07-11T23:45:40.099778+00:00
[2023-07-11T23:45:40.111+0000] {processor.py:179} INFO - Processing /home/airflow/.local/lib/python3.7/site-packages/airflow/example_dags/tutorial.py took 0.048 seconds
[2023-07-11T23:46:10.255+0000] {processor.py:157} INFO - Started process (PID=1523) to work on /home/airflow/.local/lib/python3.7/site-packages/airflow/example_dags/tutorial.py
[2023-07-11T23:46:10.256+0000] {processor.py:826} INFO - Processing file /home/airflow/.local/lib/python3.7/site-packages/airflow/example_dags/tutorial.py for tasks to queue
[2023-07-11T23:46:10.256+0000] {logging_mixin.py:150} INFO - [2023-07-11T23:46:10.256+0000] {dagbag.py:541} INFO - Filling up the DagBag from /home/airflow/.local/lib/python3.7/site-packages/airflow/example_dags/tutorial.py
[2023-07-11T23:46:10.261+0000] {processor.py:836} INFO - DAG(s) dict_keys(['tutorial']) retrieved from /home/airflow/.local/lib/python3.7/site-packages/airflow/example_dags/tutorial.py
[2023-07-11T23:46:10.279+0000] {logging_mixin.py:150} INFO - [2023-07-11T23:46:10.279+0000] {dag.py:2742} INFO - Sync 1 DAGs
[2023-07-11T23:46:10.300+0000] {logging_mixin.py:150} INFO - [2023-07-11T23:46:10.300+0000] {dag.py:3508} INFO - Setting next_dagrun for tutorial to 2023-07-10T23:46:10.300456+00:00, run_after=2023-07-11T23:46:10.300456+00:00
[2023-07-11T23:46:10.315+0000] {processor.py:179} INFO - Processing /home/airflow/.local/lib/python3.7/site-packages/airflow/example_dags/tutorial.py took 0.061 seconds
[2023-07-11T23:46:40.364+0000] {processor.py:157} INFO - Started process (PID=1593) to work on /home/airflow/.local/lib/python3.7/site-packages/airflow/example_dags/tutorial.py
[2023-07-11T23:46:40.364+0000] {processor.py:826} INFO - Processing file /home/airflow/.local/lib/python3.7/site-packages/airflow/example_dags/tutorial.py for tasks to queue
[2023-07-11T23:46:40.365+0000] {logging_mixin.py:150} INFO - [2023-07-11T23:46:40.364+0000] {dagbag.py:541} INFO - Filling up the DagBag from /home/airflow/.local/lib/python3.7/site-packages/airflow/example_dags/tutorial.py
[2023-07-11T23:46:40.368+0000] {processor.py:836} INFO - DAG(s) dict_keys(['tutorial']) retrieved from /home/airflow/.local/lib/python3.7/site-packages/airflow/example_dags/tutorial.py
[2023-07-11T23:46:40.382+0000] {logging_mixin.py:150} INFO - [2023-07-11T23:46:40.382+0000] {dag.py:2742} INFO - Sync 1 DAGs
[2023-07-11T23:46:40.398+0000] {logging_mixin.py:150} INFO - [2023-07-11T23:46:40.398+0000] {dag.py:3508} INFO - Setting next_dagrun for tutorial to 2023-07-10T23:46:40.398231+00:00, run_after=2023-07-11T23:46:40.398231+00:00
[2023-07-11T23:46:40.409+0000] {processor.py:179} INFO - Processing /home/airflow/.local/lib/python3.7/site-packages/airflow/example_dags/tutorial.py took 0.047 seconds
[2023-07-11T23:47:10.714+0000] {processor.py:157} INFO - Started process (PID=1663) to work on /home/airflow/.local/lib/python3.7/site-packages/airflow/example_dags/tutorial.py
[2023-07-11T23:47:10.715+0000] {processor.py:826} INFO - Processing file /home/airflow/.local/lib/python3.7/site-packages/airflow/example_dags/tutorial.py for tasks to queue
[2023-07-11T23:47:10.715+0000] {logging_mixin.py:150} INFO - [2023-07-11T23:47:10.715+0000] {dagbag.py:541} INFO - Filling up the DagBag from /home/airflow/.local/lib/python3.7/site-packages/airflow/example_dags/tutorial.py
[2023-07-11T23:47:10.719+0000] {processor.py:836} INFO - DAG(s) dict_keys(['tutorial']) retrieved from /home/airflow/.local/lib/python3.7/site-packages/airflow/example_dags/tutorial.py
[2023-07-11T23:47:10.732+0000] {logging_mixin.py:150} INFO - [2023-07-11T23:47:10.732+0000] {dag.py:2742} INFO - Sync 1 DAGs
[2023-07-11T23:47:10.748+0000] {logging_mixin.py:150} INFO - [2023-07-11T23:47:10.748+0000] {dag.py:3508} INFO - Setting next_dagrun for tutorial to 2023-07-10T23:47:10.748438+00:00, run_after=2023-07-11T23:47:10.748438+00:00
[2023-07-11T23:47:10.759+0000] {processor.py:179} INFO - Processing /home/airflow/.local/lib/python3.7/site-packages/airflow/example_dags/tutorial.py took 0.047 seconds
