[2023-07-11T23:35:31.755+0000] {processor.py:157} INFO - Started process (PID=41) to work on /home/airflow/.local/lib/python3.7/site-packages/airflow/example_dags/tutorial_dag.py
[2023-07-11T23:35:31.756+0000] {processor.py:826} INFO - Processing file /home/airflow/.local/lib/python3.7/site-packages/airflow/example_dags/tutorial_dag.py for tasks to queue
[2023-07-11T23:35:31.757+0000] {logging_mixin.py:150} INFO - [2023-07-11T23:35:31.756+0000] {dagbag.py:541} INFO - Filling up the DagBag from /home/airflow/.local/lib/python3.7/site-packages/airflow/example_dags/tutorial_dag.py
[2023-07-11T23:35:31.767+0000] {processor.py:836} INFO - DAG(s) dict_keys(['tutorial_dag']) retrieved from /home/airflow/.local/lib/python3.7/site-packages/airflow/example_dags/tutorial_dag.py
[2023-07-11T23:35:31.781+0000] {logging_mixin.py:150} INFO - [2023-07-11T23:35:31.781+0000] {dag.py:2742} INFO - Sync 1 DAGs
[2023-07-11T23:35:31.814+0000] {logging_mixin.py:150} INFO - [2023-07-11T23:35:31.813+0000] {dag.py:3508} INFO - Setting next_dagrun for tutorial_dag to None, run_after=None
[2023-07-11T23:35:31.833+0000] {processor.py:179} INFO - Processing /home/airflow/.local/lib/python3.7/site-packages/airflow/example_dags/tutorial_dag.py took 0.080 seconds
[2023-07-11T23:36:02.423+0000] {processor.py:157} INFO - Started process (PID=111) to work on /home/airflow/.local/lib/python3.7/site-packages/airflow/example_dags/tutorial_dag.py
[2023-07-11T23:36:02.424+0000] {processor.py:826} INFO - Processing file /home/airflow/.local/lib/python3.7/site-packages/airflow/example_dags/tutorial_dag.py for tasks to queue
[2023-07-11T23:36:02.424+0000] {logging_mixin.py:150} INFO - [2023-07-11T23:36:02.424+0000] {dagbag.py:541} INFO - Filling up the DagBag from /home/airflow/.local/lib/python3.7/site-packages/airflow/example_dags/tutorial_dag.py
[2023-07-11T23:36:02.428+0000] {processor.py:836} INFO - DAG(s) dict_keys(['tutorial_dag']) retrieved from /home/airflow/.local/lib/python3.7/site-packages/airflow/example_dags/tutorial_dag.py
[2023-07-11T23:36:02.445+0000] {logging_mixin.py:150} INFO - [2023-07-11T23:36:02.444+0000] {dag.py:2742} INFO - Sync 1 DAGs
[2023-07-11T23:36:02.461+0000] {logging_mixin.py:150} INFO - [2023-07-11T23:36:02.461+0000] {dag.py:3508} INFO - Setting next_dagrun for tutorial_dag to None, run_after=None
[2023-07-11T23:36:02.474+0000] {processor.py:179} INFO - Processing /home/airflow/.local/lib/python3.7/site-packages/airflow/example_dags/tutorial_dag.py took 0.054 seconds
[2023-07-11T23:36:32.565+0000] {processor.py:157} INFO - Started process (PID=181) to work on /home/airflow/.local/lib/python3.7/site-packages/airflow/example_dags/tutorial_dag.py
[2023-07-11T23:36:32.565+0000] {processor.py:826} INFO - Processing file /home/airflow/.local/lib/python3.7/site-packages/airflow/example_dags/tutorial_dag.py for tasks to queue
[2023-07-11T23:36:32.566+0000] {logging_mixin.py:150} INFO - [2023-07-11T23:36:32.566+0000] {dagbag.py:541} INFO - Filling up the DagBag from /home/airflow/.local/lib/python3.7/site-packages/airflow/example_dags/tutorial_dag.py
[2023-07-11T23:36:32.569+0000] {processor.py:836} INFO - DAG(s) dict_keys(['tutorial_dag']) retrieved from /home/airflow/.local/lib/python3.7/site-packages/airflow/example_dags/tutorial_dag.py
[2023-07-11T23:36:32.585+0000] {logging_mixin.py:150} INFO - [2023-07-11T23:36:32.584+0000] {dag.py:2742} INFO - Sync 1 DAGs
[2023-07-11T23:36:32.603+0000] {logging_mixin.py:150} INFO - [2023-07-11T23:36:32.603+0000] {dag.py:3508} INFO - Setting next_dagrun for tutorial_dag to None, run_after=None
[2023-07-11T23:36:32.615+0000] {processor.py:179} INFO - Processing /home/airflow/.local/lib/python3.7/site-packages/airflow/example_dags/tutorial_dag.py took 0.052 seconds
[2023-07-11T23:37:02.657+0000] {processor.py:157} INFO - Started process (PID=251) to work on /home/airflow/.local/lib/python3.7/site-packages/airflow/example_dags/tutorial_dag.py
[2023-07-11T23:37:02.657+0000] {processor.py:826} INFO - Processing file /home/airflow/.local/lib/python3.7/site-packages/airflow/example_dags/tutorial_dag.py for tasks to queue
[2023-07-11T23:37:02.658+0000] {logging_mixin.py:150} INFO - [2023-07-11T23:37:02.658+0000] {dagbag.py:541} INFO - Filling up the DagBag from /home/airflow/.local/lib/python3.7/site-packages/airflow/example_dags/tutorial_dag.py
[2023-07-11T23:37:02.660+0000] {processor.py:836} INFO - DAG(s) dict_keys(['tutorial_dag']) retrieved from /home/airflow/.local/lib/python3.7/site-packages/airflow/example_dags/tutorial_dag.py
[2023-07-11T23:37:02.675+0000] {logging_mixin.py:150} INFO - [2023-07-11T23:37:02.675+0000] {dag.py:2742} INFO - Sync 1 DAGs
[2023-07-11T23:37:02.692+0000] {logging_mixin.py:150} INFO - [2023-07-11T23:37:02.692+0000] {dag.py:3508} INFO - Setting next_dagrun for tutorial_dag to None, run_after=None
[2023-07-11T23:37:02.705+0000] {processor.py:179} INFO - Processing /home/airflow/.local/lib/python3.7/site-packages/airflow/example_dags/tutorial_dag.py took 0.050 seconds
[2023-07-11T23:37:32.746+0000] {processor.py:157} INFO - Started process (PID=321) to work on /home/airflow/.local/lib/python3.7/site-packages/airflow/example_dags/tutorial_dag.py
[2023-07-11T23:37:32.746+0000] {processor.py:826} INFO - Processing file /home/airflow/.local/lib/python3.7/site-packages/airflow/example_dags/tutorial_dag.py for tasks to queue
[2023-07-11T23:37:32.747+0000] {logging_mixin.py:150} INFO - [2023-07-11T23:37:32.747+0000] {dagbag.py:541} INFO - Filling up the DagBag from /home/airflow/.local/lib/python3.7/site-packages/airflow/example_dags/tutorial_dag.py
[2023-07-11T23:37:32.750+0000] {processor.py:836} INFO - DAG(s) dict_keys(['tutorial_dag']) retrieved from /home/airflow/.local/lib/python3.7/site-packages/airflow/example_dags/tutorial_dag.py
[2023-07-11T23:37:32.767+0000] {logging_mixin.py:150} INFO - [2023-07-11T23:37:32.767+0000] {dag.py:2742} INFO - Sync 1 DAGs
[2023-07-11T23:37:32.785+0000] {logging_mixin.py:150} INFO - [2023-07-11T23:37:32.785+0000] {dag.py:3508} INFO - Setting next_dagrun for tutorial_dag to None, run_after=None
[2023-07-11T23:37:32.800+0000] {processor.py:179} INFO - Processing /home/airflow/.local/lib/python3.7/site-packages/airflow/example_dags/tutorial_dag.py took 0.056 seconds
[2023-07-11T23:38:03.005+0000] {processor.py:157} INFO - Started process (PID=391) to work on /home/airflow/.local/lib/python3.7/site-packages/airflow/example_dags/tutorial_dag.py
[2023-07-11T23:38:03.005+0000] {processor.py:826} INFO - Processing file /home/airflow/.local/lib/python3.7/site-packages/airflow/example_dags/tutorial_dag.py for tasks to queue
[2023-07-11T23:38:03.006+0000] {logging_mixin.py:150} INFO - [2023-07-11T23:38:03.006+0000] {dagbag.py:541} INFO - Filling up the DagBag from /home/airflow/.local/lib/python3.7/site-packages/airflow/example_dags/tutorial_dag.py
[2023-07-11T23:38:03.009+0000] {processor.py:836} INFO - DAG(s) dict_keys(['tutorial_dag']) retrieved from /home/airflow/.local/lib/python3.7/site-packages/airflow/example_dags/tutorial_dag.py
[2023-07-11T23:38:03.026+0000] {logging_mixin.py:150} INFO - [2023-07-11T23:38:03.025+0000] {dag.py:2742} INFO - Sync 1 DAGs
[2023-07-11T23:38:03.043+0000] {logging_mixin.py:150} INFO - [2023-07-11T23:38:03.043+0000] {dag.py:3508} INFO - Setting next_dagrun for tutorial_dag to None, run_after=None
[2023-07-11T23:38:03.056+0000] {processor.py:179} INFO - Processing /home/airflow/.local/lib/python3.7/site-packages/airflow/example_dags/tutorial_dag.py took 0.053 seconds
[2023-07-11T23:38:33.468+0000] {processor.py:157} INFO - Started process (PID=461) to work on /home/airflow/.local/lib/python3.7/site-packages/airflow/example_dags/tutorial_dag.py
[2023-07-11T23:38:33.469+0000] {processor.py:826} INFO - Processing file /home/airflow/.local/lib/python3.7/site-packages/airflow/example_dags/tutorial_dag.py for tasks to queue
[2023-07-11T23:38:33.469+0000] {logging_mixin.py:150} INFO - [2023-07-11T23:38:33.469+0000] {dagbag.py:541} INFO - Filling up the DagBag from /home/airflow/.local/lib/python3.7/site-packages/airflow/example_dags/tutorial_dag.py
[2023-07-11T23:38:33.474+0000] {processor.py:836} INFO - DAG(s) dict_keys(['tutorial_dag']) retrieved from /home/airflow/.local/lib/python3.7/site-packages/airflow/example_dags/tutorial_dag.py
[2023-07-11T23:38:33.495+0000] {logging_mixin.py:150} INFO - [2023-07-11T23:38:33.495+0000] {dag.py:2742} INFO - Sync 1 DAGs
[2023-07-11T23:38:33.516+0000] {logging_mixin.py:150} INFO - [2023-07-11T23:38:33.516+0000] {dag.py:3508} INFO - Setting next_dagrun for tutorial_dag to None, run_after=None
[2023-07-11T23:38:33.530+0000] {processor.py:179} INFO - Processing /home/airflow/.local/lib/python3.7/site-packages/airflow/example_dags/tutorial_dag.py took 0.064 seconds
[2023-07-11T23:39:03.600+0000] {processor.py:157} INFO - Started process (PID=531) to work on /home/airflow/.local/lib/python3.7/site-packages/airflow/example_dags/tutorial_dag.py
[2023-07-11T23:39:03.600+0000] {processor.py:826} INFO - Processing file /home/airflow/.local/lib/python3.7/site-packages/airflow/example_dags/tutorial_dag.py for tasks to queue
[2023-07-11T23:39:03.601+0000] {logging_mixin.py:150} INFO - [2023-07-11T23:39:03.601+0000] {dagbag.py:541} INFO - Filling up the DagBag from /home/airflow/.local/lib/python3.7/site-packages/airflow/example_dags/tutorial_dag.py
[2023-07-11T23:39:03.604+0000] {processor.py:836} INFO - DAG(s) dict_keys(['tutorial_dag']) retrieved from /home/airflow/.local/lib/python3.7/site-packages/airflow/example_dags/tutorial_dag.py
[2023-07-11T23:39:03.620+0000] {logging_mixin.py:150} INFO - [2023-07-11T23:39:03.620+0000] {dag.py:2742} INFO - Sync 1 DAGs
[2023-07-11T23:39:03.639+0000] {logging_mixin.py:150} INFO - [2023-07-11T23:39:03.638+0000] {dag.py:3508} INFO - Setting next_dagrun for tutorial_dag to None, run_after=None
[2023-07-11T23:39:03.653+0000] {processor.py:179} INFO - Processing /home/airflow/.local/lib/python3.7/site-packages/airflow/example_dags/tutorial_dag.py took 0.055 seconds
[2023-07-11T23:39:33.903+0000] {processor.py:157} INFO - Started process (PID=601) to work on /home/airflow/.local/lib/python3.7/site-packages/airflow/example_dags/tutorial_dag.py
[2023-07-11T23:39:33.904+0000] {processor.py:826} INFO - Processing file /home/airflow/.local/lib/python3.7/site-packages/airflow/example_dags/tutorial_dag.py for tasks to queue
[2023-07-11T23:39:33.904+0000] {logging_mixin.py:150} INFO - [2023-07-11T23:39:33.904+0000] {dagbag.py:541} INFO - Filling up the DagBag from /home/airflow/.local/lib/python3.7/site-packages/airflow/example_dags/tutorial_dag.py
[2023-07-11T23:39:33.907+0000] {processor.py:836} INFO - DAG(s) dict_keys(['tutorial_dag']) retrieved from /home/airflow/.local/lib/python3.7/site-packages/airflow/example_dags/tutorial_dag.py
[2023-07-11T23:39:33.923+0000] {logging_mixin.py:150} INFO - [2023-07-11T23:39:33.922+0000] {dag.py:2742} INFO - Sync 1 DAGs
[2023-07-11T23:39:33.940+0000] {logging_mixin.py:150} INFO - [2023-07-11T23:39:33.940+0000] {dag.py:3508} INFO - Setting next_dagrun for tutorial_dag to None, run_after=None
[2023-07-11T23:39:33.952+0000] {processor.py:179} INFO - Processing /home/airflow/.local/lib/python3.7/site-packages/airflow/example_dags/tutorial_dag.py took 0.051 seconds
[2023-07-11T23:40:04.257+0000] {processor.py:157} INFO - Started process (PID=671) to work on /home/airflow/.local/lib/python3.7/site-packages/airflow/example_dags/tutorial_dag.py
[2023-07-11T23:40:04.257+0000] {processor.py:826} INFO - Processing file /home/airflow/.local/lib/python3.7/site-packages/airflow/example_dags/tutorial_dag.py for tasks to queue
[2023-07-11T23:40:04.258+0000] {logging_mixin.py:150} INFO - [2023-07-11T23:40:04.258+0000] {dagbag.py:541} INFO - Filling up the DagBag from /home/airflow/.local/lib/python3.7/site-packages/airflow/example_dags/tutorial_dag.py
[2023-07-11T23:40:04.262+0000] {processor.py:836} INFO - DAG(s) dict_keys(['tutorial_dag']) retrieved from /home/airflow/.local/lib/python3.7/site-packages/airflow/example_dags/tutorial_dag.py
[2023-07-11T23:40:04.279+0000] {logging_mixin.py:150} INFO - [2023-07-11T23:40:04.279+0000] {dag.py:2742} INFO - Sync 1 DAGs
[2023-07-11T23:40:04.297+0000] {logging_mixin.py:150} INFO - [2023-07-11T23:40:04.297+0000] {dag.py:3508} INFO - Setting next_dagrun for tutorial_dag to None, run_after=None
[2023-07-11T23:40:04.310+0000] {processor.py:179} INFO - Processing /home/airflow/.local/lib/python3.7/site-packages/airflow/example_dags/tutorial_dag.py took 0.055 seconds
[2023-07-11T23:40:34.702+0000] {processor.py:157} INFO - Started process (PID=741) to work on /home/airflow/.local/lib/python3.7/site-packages/airflow/example_dags/tutorial_dag.py
[2023-07-11T23:40:34.702+0000] {processor.py:826} INFO - Processing file /home/airflow/.local/lib/python3.7/site-packages/airflow/example_dags/tutorial_dag.py for tasks to queue
[2023-07-11T23:40:34.703+0000] {logging_mixin.py:150} INFO - [2023-07-11T23:40:34.703+0000] {dagbag.py:541} INFO - Filling up the DagBag from /home/airflow/.local/lib/python3.7/site-packages/airflow/example_dags/tutorial_dag.py
[2023-07-11T23:40:34.706+0000] {processor.py:836} INFO - DAG(s) dict_keys(['tutorial_dag']) retrieved from /home/airflow/.local/lib/python3.7/site-packages/airflow/example_dags/tutorial_dag.py
[2023-07-11T23:40:34.723+0000] {logging_mixin.py:150} INFO - [2023-07-11T23:40:34.723+0000] {dag.py:2742} INFO - Sync 1 DAGs
[2023-07-11T23:40:34.743+0000] {logging_mixin.py:150} INFO - [2023-07-11T23:40:34.743+0000] {dag.py:3508} INFO - Setting next_dagrun for tutorial_dag to None, run_after=None
[2023-07-11T23:40:34.758+0000] {processor.py:179} INFO - Processing /home/airflow/.local/lib/python3.7/site-packages/airflow/example_dags/tutorial_dag.py took 0.058 seconds
[2023-07-11T23:41:04.948+0000] {processor.py:157} INFO - Started process (PID=811) to work on /home/airflow/.local/lib/python3.7/site-packages/airflow/example_dags/tutorial_dag.py
[2023-07-11T23:41:04.949+0000] {processor.py:826} INFO - Processing file /home/airflow/.local/lib/python3.7/site-packages/airflow/example_dags/tutorial_dag.py for tasks to queue
[2023-07-11T23:41:04.950+0000] {logging_mixin.py:150} INFO - [2023-07-11T23:41:04.949+0000] {dagbag.py:541} INFO - Filling up the DagBag from /home/airflow/.local/lib/python3.7/site-packages/airflow/example_dags/tutorial_dag.py
[2023-07-11T23:41:04.954+0000] {processor.py:836} INFO - DAG(s) dict_keys(['tutorial_dag']) retrieved from /home/airflow/.local/lib/python3.7/site-packages/airflow/example_dags/tutorial_dag.py
[2023-07-11T23:41:04.975+0000] {logging_mixin.py:150} INFO - [2023-07-11T23:41:04.975+0000] {dag.py:2742} INFO - Sync 1 DAGs
[2023-07-11T23:41:04.996+0000] {logging_mixin.py:150} INFO - [2023-07-11T23:41:04.996+0000] {dag.py:3508} INFO - Setting next_dagrun for tutorial_dag to None, run_after=None
[2023-07-11T23:41:05.011+0000] {processor.py:179} INFO - Processing /home/airflow/.local/lib/python3.7/site-packages/airflow/example_dags/tutorial_dag.py took 0.065 seconds
[2023-07-11T23:41:35.191+0000] {processor.py:157} INFO - Started process (PID=881) to work on /home/airflow/.local/lib/python3.7/site-packages/airflow/example_dags/tutorial_dag.py
[2023-07-11T23:41:35.191+0000] {processor.py:826} INFO - Processing file /home/airflow/.local/lib/python3.7/site-packages/airflow/example_dags/tutorial_dag.py for tasks to queue
[2023-07-11T23:41:35.192+0000] {logging_mixin.py:150} INFO - [2023-07-11T23:41:35.192+0000] {dagbag.py:541} INFO - Filling up the DagBag from /home/airflow/.local/lib/python3.7/site-packages/airflow/example_dags/tutorial_dag.py
[2023-07-11T23:41:35.196+0000] {processor.py:836} INFO - DAG(s) dict_keys(['tutorial_dag']) retrieved from /home/airflow/.local/lib/python3.7/site-packages/airflow/example_dags/tutorial_dag.py
[2023-07-11T23:41:35.217+0000] {logging_mixin.py:150} INFO - [2023-07-11T23:41:35.217+0000] {dag.py:2742} INFO - Sync 1 DAGs
[2023-07-11T23:41:35.238+0000] {logging_mixin.py:150} INFO - [2023-07-11T23:41:35.237+0000] {dag.py:3508} INFO - Setting next_dagrun for tutorial_dag to None, run_after=None
[2023-07-11T23:41:35.251+0000] {processor.py:179} INFO - Processing /home/airflow/.local/lib/python3.7/site-packages/airflow/example_dags/tutorial_dag.py took 0.063 seconds
[2023-07-11T23:42:05.384+0000] {processor.py:157} INFO - Started process (PID=951) to work on /home/airflow/.local/lib/python3.7/site-packages/airflow/example_dags/tutorial_dag.py
[2023-07-11T23:42:05.385+0000] {processor.py:826} INFO - Processing file /home/airflow/.local/lib/python3.7/site-packages/airflow/example_dags/tutorial_dag.py for tasks to queue
[2023-07-11T23:42:05.385+0000] {logging_mixin.py:150} INFO - [2023-07-11T23:42:05.385+0000] {dagbag.py:541} INFO - Filling up the DagBag from /home/airflow/.local/lib/python3.7/site-packages/airflow/example_dags/tutorial_dag.py
[2023-07-11T23:42:05.388+0000] {processor.py:836} INFO - DAG(s) dict_keys(['tutorial_dag']) retrieved from /home/airflow/.local/lib/python3.7/site-packages/airflow/example_dags/tutorial_dag.py
[2023-07-11T23:42:05.404+0000] {logging_mixin.py:150} INFO - [2023-07-11T23:42:05.404+0000] {dag.py:2742} INFO - Sync 1 DAGs
[2023-07-11T23:42:05.423+0000] {logging_mixin.py:150} INFO - [2023-07-11T23:42:05.422+0000] {dag.py:3508} INFO - Setting next_dagrun for tutorial_dag to None, run_after=None
[2023-07-11T23:42:05.436+0000] {processor.py:179} INFO - Processing /home/airflow/.local/lib/python3.7/site-packages/airflow/example_dags/tutorial_dag.py took 0.053 seconds
[2023-07-11T23:42:35.669+0000] {processor.py:157} INFO - Started process (PID=1021) to work on /home/airflow/.local/lib/python3.7/site-packages/airflow/example_dags/tutorial_dag.py
[2023-07-11T23:42:35.670+0000] {processor.py:826} INFO - Processing file /home/airflow/.local/lib/python3.7/site-packages/airflow/example_dags/tutorial_dag.py for tasks to queue
[2023-07-11T23:42:35.671+0000] {logging_mixin.py:150} INFO - [2023-07-11T23:42:35.670+0000] {dagbag.py:541} INFO - Filling up the DagBag from /home/airflow/.local/lib/python3.7/site-packages/airflow/example_dags/tutorial_dag.py
[2023-07-11T23:42:35.675+0000] {processor.py:836} INFO - DAG(s) dict_keys(['tutorial_dag']) retrieved from /home/airflow/.local/lib/python3.7/site-packages/airflow/example_dags/tutorial_dag.py
[2023-07-11T23:42:35.696+0000] {logging_mixin.py:150} INFO - [2023-07-11T23:42:35.695+0000] {dag.py:2742} INFO - Sync 1 DAGs
[2023-07-11T23:42:35.716+0000] {logging_mixin.py:150} INFO - [2023-07-11T23:42:35.716+0000] {dag.py:3508} INFO - Setting next_dagrun for tutorial_dag to None, run_after=None
[2023-07-11T23:42:35.731+0000] {processor.py:179} INFO - Processing /home/airflow/.local/lib/python3.7/site-packages/airflow/example_dags/tutorial_dag.py took 0.064 seconds
[2023-07-11T23:43:05.877+0000] {processor.py:157} INFO - Started process (PID=1091) to work on /home/airflow/.local/lib/python3.7/site-packages/airflow/example_dags/tutorial_dag.py
[2023-07-11T23:43:05.878+0000] {processor.py:826} INFO - Processing file /home/airflow/.local/lib/python3.7/site-packages/airflow/example_dags/tutorial_dag.py for tasks to queue
[2023-07-11T23:43:05.878+0000] {logging_mixin.py:150} INFO - [2023-07-11T23:43:05.878+0000] {dagbag.py:541} INFO - Filling up the DagBag from /home/airflow/.local/lib/python3.7/site-packages/airflow/example_dags/tutorial_dag.py
[2023-07-11T23:43:05.881+0000] {processor.py:836} INFO - DAG(s) dict_keys(['tutorial_dag']) retrieved from /home/airflow/.local/lib/python3.7/site-packages/airflow/example_dags/tutorial_dag.py
[2023-07-11T23:43:05.896+0000] {logging_mixin.py:150} INFO - [2023-07-11T23:43:05.896+0000] {dag.py:2742} INFO - Sync 1 DAGs
[2023-07-11T23:43:05.914+0000] {logging_mixin.py:150} INFO - [2023-07-11T23:43:05.914+0000] {dag.py:3508} INFO - Setting next_dagrun for tutorial_dag to None, run_after=None
[2023-07-11T23:43:05.925+0000] {processor.py:179} INFO - Processing /home/airflow/.local/lib/python3.7/site-packages/airflow/example_dags/tutorial_dag.py took 0.050 seconds
[2023-07-11T23:43:36.645+0000] {processor.py:157} INFO - Started process (PID=1161) to work on /home/airflow/.local/lib/python3.7/site-packages/airflow/example_dags/tutorial_dag.py
[2023-07-11T23:43:36.645+0000] {processor.py:826} INFO - Processing file /home/airflow/.local/lib/python3.7/site-packages/airflow/example_dags/tutorial_dag.py for tasks to queue
[2023-07-11T23:43:36.646+0000] {logging_mixin.py:150} INFO - [2023-07-11T23:43:36.645+0000] {dagbag.py:541} INFO - Filling up the DagBag from /home/airflow/.local/lib/python3.7/site-packages/airflow/example_dags/tutorial_dag.py
[2023-07-11T23:43:36.648+0000] {processor.py:836} INFO - DAG(s) dict_keys(['tutorial_dag']) retrieved from /home/airflow/.local/lib/python3.7/site-packages/airflow/example_dags/tutorial_dag.py
[2023-07-11T23:43:36.663+0000] {logging_mixin.py:150} INFO - [2023-07-11T23:43:36.663+0000] {dag.py:2742} INFO - Sync 1 DAGs
[2023-07-11T23:43:36.680+0000] {logging_mixin.py:150} INFO - [2023-07-11T23:43:36.680+0000] {dag.py:3508} INFO - Setting next_dagrun for tutorial_dag to None, run_after=None
[2023-07-11T23:43:36.692+0000] {processor.py:179} INFO - Processing /home/airflow/.local/lib/python3.7/site-packages/airflow/example_dags/tutorial_dag.py took 0.049 seconds
[2023-07-11T23:44:06.823+0000] {processor.py:157} INFO - Started process (PID=1231) to work on /home/airflow/.local/lib/python3.7/site-packages/airflow/example_dags/tutorial_dag.py
[2023-07-11T23:44:06.824+0000] {processor.py:826} INFO - Processing file /home/airflow/.local/lib/python3.7/site-packages/airflow/example_dags/tutorial_dag.py for tasks to queue
[2023-07-11T23:44:06.824+0000] {logging_mixin.py:150} INFO - [2023-07-11T23:44:06.824+0000] {dagbag.py:541} INFO - Filling up the DagBag from /home/airflow/.local/lib/python3.7/site-packages/airflow/example_dags/tutorial_dag.py
[2023-07-11T23:44:06.827+0000] {processor.py:836} INFO - DAG(s) dict_keys(['tutorial_dag']) retrieved from /home/airflow/.local/lib/python3.7/site-packages/airflow/example_dags/tutorial_dag.py
[2023-07-11T23:44:06.843+0000] {logging_mixin.py:150} INFO - [2023-07-11T23:44:06.842+0000] {dag.py:2742} INFO - Sync 1 DAGs
[2023-07-11T23:44:06.863+0000] {logging_mixin.py:150} INFO - [2023-07-11T23:44:06.862+0000] {dag.py:3508} INFO - Setting next_dagrun for tutorial_dag to None, run_after=None
[2023-07-11T23:44:06.877+0000] {processor.py:179} INFO - Processing /home/airflow/.local/lib/python3.7/site-packages/airflow/example_dags/tutorial_dag.py took 0.056 seconds
[2023-07-11T23:44:37.299+0000] {processor.py:157} INFO - Started process (PID=1301) to work on /home/airflow/.local/lib/python3.7/site-packages/airflow/example_dags/tutorial_dag.py
[2023-07-11T23:44:37.300+0000] {processor.py:826} INFO - Processing file /home/airflow/.local/lib/python3.7/site-packages/airflow/example_dags/tutorial_dag.py for tasks to queue
[2023-07-11T23:44:37.300+0000] {logging_mixin.py:150} INFO - [2023-07-11T23:44:37.300+0000] {dagbag.py:541} INFO - Filling up the DagBag from /home/airflow/.local/lib/python3.7/site-packages/airflow/example_dags/tutorial_dag.py
[2023-07-11T23:44:37.303+0000] {processor.py:836} INFO - DAG(s) dict_keys(['tutorial_dag']) retrieved from /home/airflow/.local/lib/python3.7/site-packages/airflow/example_dags/tutorial_dag.py
[2023-07-11T23:44:37.318+0000] {logging_mixin.py:150} INFO - [2023-07-11T23:44:37.317+0000] {dag.py:2742} INFO - Sync 1 DAGs
[2023-07-11T23:44:37.334+0000] {logging_mixin.py:150} INFO - [2023-07-11T23:44:37.334+0000] {dag.py:3508} INFO - Setting next_dagrun for tutorial_dag to None, run_after=None
[2023-07-11T23:44:37.345+0000] {processor.py:179} INFO - Processing /home/airflow/.local/lib/python3.7/site-packages/airflow/example_dags/tutorial_dag.py took 0.048 seconds
[2023-07-11T23:45:07.641+0000] {processor.py:157} INFO - Started process (PID=1371) to work on /home/airflow/.local/lib/python3.7/site-packages/airflow/example_dags/tutorial_dag.py
[2023-07-11T23:45:07.642+0000] {processor.py:826} INFO - Processing file /home/airflow/.local/lib/python3.7/site-packages/airflow/example_dags/tutorial_dag.py for tasks to queue
[2023-07-11T23:45:07.642+0000] {logging_mixin.py:150} INFO - [2023-07-11T23:45:07.642+0000] {dagbag.py:541} INFO - Filling up the DagBag from /home/airflow/.local/lib/python3.7/site-packages/airflow/example_dags/tutorial_dag.py
[2023-07-11T23:45:07.645+0000] {processor.py:836} INFO - DAG(s) dict_keys(['tutorial_dag']) retrieved from /home/airflow/.local/lib/python3.7/site-packages/airflow/example_dags/tutorial_dag.py
[2023-07-11T23:45:07.663+0000] {logging_mixin.py:150} INFO - [2023-07-11T23:45:07.662+0000] {dag.py:2742} INFO - Sync 1 DAGs
[2023-07-11T23:45:07.684+0000] {logging_mixin.py:150} INFO - [2023-07-11T23:45:07.684+0000] {dag.py:3508} INFO - Setting next_dagrun for tutorial_dag to None, run_after=None
[2023-07-11T23:45:07.700+0000] {processor.py:179} INFO - Processing /home/airflow/.local/lib/python3.7/site-packages/airflow/example_dags/tutorial_dag.py took 0.062 seconds
[2023-07-11T23:45:37.752+0000] {processor.py:157} INFO - Started process (PID=1441) to work on /home/airflow/.local/lib/python3.7/site-packages/airflow/example_dags/tutorial_dag.py
[2023-07-11T23:45:37.752+0000] {processor.py:826} INFO - Processing file /home/airflow/.local/lib/python3.7/site-packages/airflow/example_dags/tutorial_dag.py for tasks to queue
[2023-07-11T23:45:37.753+0000] {logging_mixin.py:150} INFO - [2023-07-11T23:45:37.752+0000] {dagbag.py:541} INFO - Filling up the DagBag from /home/airflow/.local/lib/python3.7/site-packages/airflow/example_dags/tutorial_dag.py
[2023-07-11T23:45:37.756+0000] {processor.py:836} INFO - DAG(s) dict_keys(['tutorial_dag']) retrieved from /home/airflow/.local/lib/python3.7/site-packages/airflow/example_dags/tutorial_dag.py
[2023-07-11T23:45:37.770+0000] {logging_mixin.py:150} INFO - [2023-07-11T23:45:37.770+0000] {dag.py:2742} INFO - Sync 1 DAGs
[2023-07-11T23:45:37.788+0000] {logging_mixin.py:150} INFO - [2023-07-11T23:45:37.788+0000] {dag.py:3508} INFO - Setting next_dagrun for tutorial_dag to None, run_after=None
[2023-07-11T23:45:37.799+0000] {processor.py:179} INFO - Processing /home/airflow/.local/lib/python3.7/site-packages/airflow/example_dags/tutorial_dag.py took 0.049 seconds
[2023-07-11T23:46:07.932+0000] {processor.py:157} INFO - Started process (PID=1511) to work on /home/airflow/.local/lib/python3.7/site-packages/airflow/example_dags/tutorial_dag.py
[2023-07-11T23:46:07.932+0000] {processor.py:826} INFO - Processing file /home/airflow/.local/lib/python3.7/site-packages/airflow/example_dags/tutorial_dag.py for tasks to queue
[2023-07-11T23:46:07.933+0000] {logging_mixin.py:150} INFO - [2023-07-11T23:46:07.932+0000] {dagbag.py:541} INFO - Filling up the DagBag from /home/airflow/.local/lib/python3.7/site-packages/airflow/example_dags/tutorial_dag.py
[2023-07-11T23:46:07.936+0000] {processor.py:836} INFO - DAG(s) dict_keys(['tutorial_dag']) retrieved from /home/airflow/.local/lib/python3.7/site-packages/airflow/example_dags/tutorial_dag.py
[2023-07-11T23:46:07.950+0000] {logging_mixin.py:150} INFO - [2023-07-11T23:46:07.949+0000] {dag.py:2742} INFO - Sync 1 DAGs
[2023-07-11T23:46:07.966+0000] {logging_mixin.py:150} INFO - [2023-07-11T23:46:07.966+0000] {dag.py:3508} INFO - Setting next_dagrun for tutorial_dag to None, run_after=None
[2023-07-11T23:46:07.977+0000] {processor.py:179} INFO - Processing /home/airflow/.local/lib/python3.7/site-packages/airflow/example_dags/tutorial_dag.py took 0.047 seconds
[2023-07-11T23:46:38.029+0000] {processor.py:157} INFO - Started process (PID=1581) to work on /home/airflow/.local/lib/python3.7/site-packages/airflow/example_dags/tutorial_dag.py
[2023-07-11T23:46:38.029+0000] {processor.py:826} INFO - Processing file /home/airflow/.local/lib/python3.7/site-packages/airflow/example_dags/tutorial_dag.py for tasks to queue
[2023-07-11T23:46:38.030+0000] {logging_mixin.py:150} INFO - [2023-07-11T23:46:38.030+0000] {dagbag.py:541} INFO - Filling up the DagBag from /home/airflow/.local/lib/python3.7/site-packages/airflow/example_dags/tutorial_dag.py
[2023-07-11T23:46:38.033+0000] {processor.py:836} INFO - DAG(s) dict_keys(['tutorial_dag']) retrieved from /home/airflow/.local/lib/python3.7/site-packages/airflow/example_dags/tutorial_dag.py
[2023-07-11T23:46:38.048+0000] {logging_mixin.py:150} INFO - [2023-07-11T23:46:38.047+0000] {dag.py:2742} INFO - Sync 1 DAGs
[2023-07-11T23:46:38.064+0000] {logging_mixin.py:150} INFO - [2023-07-11T23:46:38.064+0000] {dag.py:3508} INFO - Setting next_dagrun for tutorial_dag to None, run_after=None
[2023-07-11T23:46:38.076+0000] {processor.py:179} INFO - Processing /home/airflow/.local/lib/python3.7/site-packages/airflow/example_dags/tutorial_dag.py took 0.049 seconds
[2023-07-11T23:47:08.386+0000] {processor.py:157} INFO - Started process (PID=1651) to work on /home/airflow/.local/lib/python3.7/site-packages/airflow/example_dags/tutorial_dag.py
[2023-07-11T23:47:08.386+0000] {processor.py:826} INFO - Processing file /home/airflow/.local/lib/python3.7/site-packages/airflow/example_dags/tutorial_dag.py for tasks to queue
[2023-07-11T23:47:08.387+0000] {logging_mixin.py:150} INFO - [2023-07-11T23:47:08.387+0000] {dagbag.py:541} INFO - Filling up the DagBag from /home/airflow/.local/lib/python3.7/site-packages/airflow/example_dags/tutorial_dag.py
[2023-07-11T23:47:08.390+0000] {processor.py:836} INFO - DAG(s) dict_keys(['tutorial_dag']) retrieved from /home/airflow/.local/lib/python3.7/site-packages/airflow/example_dags/tutorial_dag.py
[2023-07-11T23:47:08.404+0000] {logging_mixin.py:150} INFO - [2023-07-11T23:47:08.404+0000] {dag.py:2742} INFO - Sync 1 DAGs
[2023-07-11T23:47:08.421+0000] {logging_mixin.py:150} INFO - [2023-07-11T23:47:08.421+0000] {dag.py:3508} INFO - Setting next_dagrun for tutorial_dag to None, run_after=None
[2023-07-11T23:47:08.432+0000] {processor.py:179} INFO - Processing /home/airflow/.local/lib/python3.7/site-packages/airflow/example_dags/tutorial_dag.py took 0.048 seconds
